<?xml version="1.0" encoding="UTF-8"?>
<!-- Generated by org.testng.reporters.JUnitXMLReporter -->
<testsuite hostname="LT-MRADFORD01" ignored="0" name="Default test" tests="5" failures="0" timestamp="2023-08-29T16:38:22 PDT" time="0.076" errors="0">
  <testcase name="@BeforeTest beforeTest" time="-1.693352301975E9" classname="automationFramework.TSCheckoutDomain">
    <failure type="org.testng.TestNGException" message="
Parameter &amp;apos;Glob.gsEnv&amp;apos; is required by BeforeTest on method beforeTest but has not been marked @Optional or defined
in C:\Users\mradford\AppData\Local\Temp\testng-eclipse--254859884\testng-customsuite.xml">
      <![CDATA[org.testng.TestNGException: 
Parameter 'Glob.gsEnv' is required by BeforeTest on method beforeTest but has not been marked @Optional or defined
in C:\Users\mradford\AppData\Local\Temp\testng-eclipse--254859884\testng-customsuite.xml
at org.testng.internal.Parameters.createParams(Parameters.java:289)
at org.testng.internal.Parameters.createParametersForMethod(Parameters.java:377)
at org.testng.internal.Parameters.createParameters(Parameters.java:721)
at org.testng.internal.Parameters.createConfigurationParameters(Parameters.java:164)
at org.testng.internal.ConfigInvoker.invokeConfigurations(ConfigInvoker.java:275)
at org.testng.TestRunner.invokeTestConfigurations(TestRunner.java:623)
at org.testng.TestRunner.beforeRun(TestRunner.java:613)
at org.testng.TestRunner.run(TestRunner.java:584)
at org.testng.SuiteRunner.runTest(SuiteRunner.java:402)
at org.testng.SuiteRunner.runSequentially(SuiteRunner.java:396)
at org.testng.SuiteRunner.privateRun(SuiteRunner.java:355)
at org.testng.SuiteRunner.run(SuiteRunner.java:304)
at org.testng.SuiteRunnerWorker.runSuite(SuiteRunnerWorker.java:53)
at org.testng.SuiteRunnerWorker.run(SuiteRunnerWorker.java:96)
at org.testng.TestNG.runSuitesSequentially(TestNG.java:1180)
at org.testng.TestNG.runSuitesLocally(TestNG.java:1102)
at org.testng.TestNG.runSuites(TestNG.java:1032)
at org.testng.TestNG.run(TestNG.java:1000)
at org.testng.remote.AbstractRemoteTestNG.run(AbstractRemoteTestNG.java:115)
at org.testng.remote.RemoteTestNG.initAndRun(RemoteTestNG.java:251)
at org.testng.remote.RemoteTestNG.main(RemoteTestNG.java:77)
]]>
    </failure>
  </testcase> <!-- @BeforeTest beforeTest -->
  <testcase name="@BeforeClass beforeClass" time="-1.693352301998E9" classname="automationFramework.TSCheckoutDomain">
    <skipped/>
  </testcase> <!-- @BeforeClass beforeClass -->
  <testcase name="@AfterTest afterTest" time="0.002" classname="automationFramework.TSCheckoutDomain">
    <failure type="java.lang.NullPointerException">
      <![CDATA[java.lang.NullPointerException
at automationFramework.TSCheckoutDomain.afterTest(TSCheckoutDomain.java:257)
at sun.reflect.NativeMethodAccessorImpl.invoke0(Native Method)
at sun.reflect.NativeMethodAccessorImpl.invoke(NativeMethodAccessorImpl.java:62)
at sun.reflect.DelegatingMethodAccessorImpl.invoke(DelegatingMethodAccessorImpl.java:43)
at java.lang.reflect.Method.invoke(Method.java:498)
at org.testng.internal.MethodInvocationHelper.invokeMethod(MethodInvocationHelper.java:133)
at org.testng.internal.MethodInvocationHelper.invokeMethodConsideringTimeout(MethodInvocationHelper.java:62)
at org.testng.internal.ConfigInvoker.invokeConfigurationMethod(ConfigInvoker.java:340)
at org.testng.internal.ConfigInvoker.invokeConfigurations(ConfigInvoker.java:294)
at org.testng.TestRunner.invokeTestConfigurations(TestRunner.java:623)
at org.testng.TestRunner.afterRun(TestRunner.java:853)
at org.testng.TestRunner.run(TestRunner.java:594)
at org.testng.SuiteRunner.runTest(SuiteRunner.java:402)
at org.testng.SuiteRunner.runSequentially(SuiteRunner.java:396)
at org.testng.SuiteRunner.privateRun(SuiteRunner.java:355)
at org.testng.SuiteRunner.run(SuiteRunner.java:304)
at org.testng.SuiteRunnerWorker.runSuite(SuiteRunnerWorker.java:53)
at org.testng.SuiteRunnerWorker.run(SuiteRunnerWorker.java:96)
at org.testng.TestNG.runSuitesSequentially(TestNG.java:1180)
at org.testng.TestNG.runSuitesLocally(TestNG.java:1102)
at org.testng.TestNG.runSuites(TestNG.java:1032)
at org.testng.TestNG.run(TestNG.java:1000)
at org.testng.remote.AbstractRemoteTestNG.run(AbstractRemoteTestNG.java:115)
at org.testng.remote.RemoteTestNG.initAndRun(RemoteTestNG.java:251)
at org.testng.remote.RemoteTestNG.main(RemoteTestNG.java:77)
]]>
    </failure>
  </testcase> <!-- @AfterTest afterTest -->
  <testcase name="AddDomainToCart" time="0.0" classname="automationFramework.TSCheckoutDomain">
    <skipped/>
  </testcase> <!-- AddDomainToCart -->
  <testcase name="AddDomainToCart" time="0.0" classname="automationFramework.TSCheckoutDomain">
    <skipped/>
  </testcase> <!-- AddDomainToCart -->
  <testcase name="PurchaseDomain" time="0.0" classname="automationFramework.TSCheckoutDomain">
    <skipped/>
  </testcase> <!-- PurchaseDomain -->
  <testcase name="PurchaseDomain" time="0.0" classname="automationFramework.TSCheckoutDomain">
    <skipped/>
  </testcase> <!-- PurchaseDomain -->
  <testcase name="VerifyPrivacyData" time="0.0" classname="automationFramework.TSCheckoutDomain">
    <skipped/>
  </testcase> <!-- VerifyPrivacyData -->
</testsuite> <!-- Default test -->
