<?xml version="1.0" encoding="UTF-8"?>
<!-- Generated by org.testng.reporters.JUnitXMLReporter -->
<testsuite hostname="LT-MRADFORD01" ignored="0" name="prod ie Testing" tests="38" failures="2" timestamp="2020-08-06T06:08:58 PDT" time="233.943" errors="0">
  <testcase name="Search" time="15.837" classname="automationFramework.TSSearch"/>
  <testcase name="SearchFilterValues" time="16.324" classname="automationFramework.TSSearch"/>
  <testcase name="SearchSpellCommunity" time="10.526" classname="automationFramework.TSSearch"/>
  <testcase name="SearchSpellCommunity" time="6.03" classname="automationFramework.TSSearch"/>
  <testcase name="SearchSpellCommunity" time="6.447" classname="automationFramework.TSSearch"/>
  <testcase name="SearchSpellCommunity" time="6.463" classname="automationFramework.TSSearch"/>
  <testcase name="SearchSpellCommunity" time="6.214" classname="automationFramework.TSSearch"/>
  <testcase name="Add_org" time="73.911" classname="automationFramework.TSAddOrg"/>
  <testcase name="SearchSpellCommunity" time="6.434" classname="automationFramework.TSSearch"/>
  <testcase name="SearchSpellCommunity" time="7.832" classname="automationFramework.TSSearch"/>
  <testcase name="SearchSpellCommunity" time="5.612" classname="automationFramework.TSSearch"/>
  <testcase name="SearchSpellCommunity" time="6.391" classname="automationFramework.TSSearch"/>
  <testcase name="SearchSpellCommunity" time="6.456" classname="automationFramework.TSSearch"/>
  <testcase name="SearchSpellCommunity" time="7.417" classname="automationFramework.TSSearch"/>
  <testcase name="SearchSpellCommunity" time="5.001" classname="automationFramework.TSSearch"/>
  <testcase name="SearchSpellCommunity" time="5.339" classname="automationFramework.TSSearch"/>
  <testcase name="SearchSpellCommunity" time="6.852" classname="automationFramework.TSSearch"/>
  <testcase name="SearchSpellCommunity" time="6.741" classname="automationFramework.TSSearch"/>
  <testcase name="SearchSpellCommunity" time="6.467" classname="automationFramework.TSSearch"/>
  <testcase name="Add_org" time="69.783" classname="automationFramework.TSAddOrg"/>
  <testcase name="SearchSpellSP" time="6.687" classname="automationFramework.TSSearch"/>
  <testcase name="SearchSpellSP" time="7.324" classname="automationFramework.TSSearch"/>
  <testcase name="SearchSpellSP" time="4.249" classname="automationFramework.TSSearch"/>
  <testcase name="SearchSpellSP" time="5.308" classname="automationFramework.TSSearch"/>
  <testcase name="SearchSpellSP" time="5.31" classname="automationFramework.TSSearch"/>
  <testcase name="SearchSpellSP" time="3.704" classname="automationFramework.TSSearch"/>
  <testcase name="SearchSpellSP" time="5.173" classname="automationFramework.TSSearch"/>
  <testcase name="Add_org" time="33.612" classname="automationFramework.TSAddOrg">
    <failure type="org.openqa.selenium.NoSuchElementException" message="Unable to locate element: #ctl00_PlaceHolderMain_ctl02_OrgName
For documentation on this error, please visit: https://www.seleniumhq.org/exceptions/no_such_element.html
Build info: version: &amp;apos;3.141.59&amp;apos;, revision: &amp;apos;e82be7d358&amp;apos;, time: &amp;apos;2018-11-14T08:25:48&amp;apos;
System info: host: &amp;apos;LT-MRADFORD01&amp;apos;, ip: &amp;apos;192.168.0.22&amp;apos;, os.name: &amp;apos;Windows 10&amp;apos;, os.arch: &amp;apos;amd64&amp;apos;, os.version: &amp;apos;10.0&amp;apos;, java.version: &amp;apos;1.8.0_242&amp;apos;
Driver info: org.openqa.selenium.firefox.FirefoxDriver
Capabilities {acceptInsecureCerts: true, browserName: firefox, browserVersion: 78.0.2, javascriptEnabled: true, moz:accessibilityChecks: false, moz:buildID: 20200708170202, moz:geckodriverVersion: 0.27.0, moz:headless: false, moz:processID: 21936, moz:profile: C:\Users\mradford\AppData\L..., moz:shutdownTimeout: 60000, moz:useNonSpecCompliantPointerOrigin: false, moz:webdriverClick: true, pageLoadStrategy: normal, platform: WINDOWS, platformName: WINDOWS, platformVersion: 10.0, rotatable: false, setWindowRect: true, strictFileInteractability: false, timeouts: {implicit: 0, pageLoad: 300000, script: 30000}, unhandledPromptBehavior: dismiss and notify}
Session ID: 69f280c0-164b-4a5a-90f7-733bcc4a82cf
*** Element info: {Using=css selector, value=#ctl00_PlaceHolderMain_ctl02_OrgName}">
      <![CDATA[org.openqa.selenium.NoSuchElementException: Unable to locate element: #ctl00_PlaceHolderMain_ctl02_OrgName
For documentation on this error, please visit: https://www.seleniumhq.org/exceptions/no_such_element.html
Build info: version: '3.141.59', revision: 'e82be7d358', time: '2018-11-14T08:25:48'
System info: host: 'LT-MRADFORD01', ip: '192.168.0.22', os.name: 'Windows 10', os.arch: 'amd64', os.version: '10.0', java.version: '1.8.0_242'
Driver info: org.openqa.selenium.firefox.FirefoxDriver
Capabilities {acceptInsecureCerts: true, browserName: firefox, browserVersion: 78.0.2, javascriptEnabled: true, moz:accessibilityChecks: false, moz:buildID: 20200708170202, moz:geckodriverVersion: 0.27.0, moz:headless: false, moz:processID: 21936, moz:profile: C:\Users\mradford\AppData\L..., moz:shutdownTimeout: 60000, moz:useNonSpecCompliantPointerOrigin: false, moz:webdriverClick: true, pageLoadStrategy: normal, platform: WINDOWS, platformName: WINDOWS, platformVersion: 10.0, rotatable: false, setWindowRect: true, strictFileInteractability: false, timeouts: {implicit: 0, pageLoad: 300000, script: 30000}, unhandledPromptBehavior: dismiss and notify}
Session ID: 69f280c0-164b-4a5a-90f7-733bcc4a82cf
*** Element info: {Using=css selector, value=#ctl00_PlaceHolderMain_ctl02_OrgName}
at org.openqa.selenium.remote.http.W3CHttpResponseCodec.createException(W3CHttpResponseCodec.java:187)
at org.openqa.selenium.remote.http.W3CHttpResponseCodec.decode(W3CHttpResponseCodec.java:122)
at org.openqa.selenium.remote.http.W3CHttpResponseCodec.decode(W3CHttpResponseCodec.java:49)
at org.openqa.selenium.remote.HttpCommandExecutor.execute(HttpCommandExecutor.java:158)
at org.openqa.selenium.remote.service.DriverCommandExecutor.execute(DriverCommandExecutor.java:83)
at org.openqa.selenium.remote.RemoteWebDriver.execute(RemoteWebDriver.java:552)
at org.openqa.selenium.remote.RemoteWebDriver.findElement(RemoteWebDriver.java:323)
at org.openqa.selenium.remote.RemoteWebDriver.findElementByCssSelector(RemoteWebDriver.java:420)
at org.openqa.selenium.By$ByCssSelector.findElement(By.java:431)
at org.openqa.selenium.remote.RemoteWebDriver.findElement(RemoteWebDriver.java:315)
at pageObjects.OrgPage.txtLegalName(OrgPage.java:52)
at pageObjects.OrgPage.createOrg(OrgPage.java:549)
at automationFramework.TSAddOrg.Add_org(TSAddOrg.java:148)
at java.util.concurrent.ThreadPoolExecutor.runWorker(ThreadPoolExecutor.java:1149)
at java.util.concurrent.ThreadPoolExecutor$Worker.run(ThreadPoolExecutor.java:624)
at java.lang.Thread.run(Thread.java:748)
... Removed 16 stack frames]]>
    </failure>
  </testcase> <!-- Add_org -->
  <testcase name="Add_org" time="179.447" classname="automationFramework.TSAddOrg">
    <failure type="java.lang.NullPointerException">
      <![CDATA[java.lang.NullPointerException
at appModule.Listeners.onTestFailure(Listeners.java:51)
at java.util.concurrent.ThreadPoolExecutor.runWorker(ThreadPoolExecutor.java:1149)
at java.util.concurrent.ThreadPoolExecutor$Worker.run(ThreadPoolExecutor.java:624)
at java.lang.Thread.run(Thread.java:748)
... Removed 9 stack frames]]>
    </failure>
  </testcase> <!-- Add_org -->
  <testcase name="SearchSpellSP" time="4.743" classname="automationFramework.TSSearch"/>
  <testcase name="SearchSpellSP" time="3.89" classname="automationFramework.TSSearch"/>
  <testcase name="SearchSpellSP" time="3.758" classname="automationFramework.TSSearch"/>
  <testcase name="SearchSpellSP" time="4.266" classname="automationFramework.TSSearch"/>
  <testcase name="SearchSpellSP" time="3.339" classname="automationFramework.TSSearch"/>
  <testcase name="SearchSpellSP" time="3.159" classname="automationFramework.TSSearch"/>
  <testcase name="SearchSpellSP" time="3.819" classname="automationFramework.TSSearch"/>
  <testcase name="SearchSpellSP" time="4.148" classname="automationFramework.TSSearch"/>
  <testcase name="SearchSpellSP" time="3.236" classname="automationFramework.TSSearch"/>
</testsuite> <!-- prod ie Testing -->
