<?xml version="1.0" encoding="UTF-8"?>
<!-- Generated by org.testng.reporters.JUnitXMLReporter -->
<testsuite hostname="LT-MRADFORD01" ignored="0" name="Stage post Ned updates" tests="7" failures="2" timestamp="2020-07-19T13:10:08 PDT" time="489.018" errors="0">
  <testcase name="MyAccount_Edit" time="89.753" classname="automationFramework.TSMyAccount"/>
  <testcase name="MyAccount_Edit" time="66.396" classname="automationFramework.TSMyAccount"/>
  <testcase name="MyAccount_Edit" time="73.1" classname="automationFramework.TSMyAccount"/>
  <testcase name="MyAccount_Edit" time="95.012" classname="automationFramework.TSMyAccount"/>
  <testcase name="MyAccount_Edit" time="81.739" classname="automationFramework.TSMyAccount"/>
  <testcase name="MyAccount_EditEmail" time="61.949" classname="automationFramework.TSMyAccount">
    <failure type="java.lang.AssertionError" message="****ERROR****Should be home page expected [https://www-stage.techsoup.org/] but found [https://www-stage.techsoup.org/joining-techsoup/Organization]">
      <![CDATA[java.lang.AssertionError: ****ERROR****Should be home page expected [https://www-stage.techsoup.org/] but found [https://www-stage.techsoup.org/joining-techsoup/Organization]
at automationFramework.TSMyAccount.MyAccount_EditEmail(TSMyAccount.java:118)
at java.util.concurrent.ThreadPoolExecutor.runWorker(ThreadPoolExecutor.java:1149)
at java.util.concurrent.ThreadPoolExecutor$Worker.run(ThreadPoolExecutor.java:624)
at java.lang.Thread.run(Thread.java:748)
... Removed 16 stack frames]]>
    </failure>
  </testcase> <!-- MyAccount_EditEmail -->
  <testcase name="MyAccount_EditEmail" time="63.129" classname="automationFramework.TSMyAccount">
    <failure type="java.lang.NullPointerException">
      <![CDATA[java.lang.NullPointerException
at appModule.Listeners.onTestFailure(Listeners.java:51)
at java.util.concurrent.ThreadPoolExecutor.runWorker(ThreadPoolExecutor.java:1149)
at java.util.concurrent.ThreadPoolExecutor$Worker.run(ThreadPoolExecutor.java:624)
at java.lang.Thread.run(Thread.java:748)
... Removed 9 stack frames]]>
    </failure>
  </testcase> <!-- MyAccount_EditEmail -->
</testsuite> <!-- Stage post Ned updates -->
