<html>
<head>
<title>TestNG:  Stage post Ned updates</title>
<link href="../testng.css" rel="stylesheet" type="text/css" />
<link href="../my-testng.css" rel="stylesheet" type="text/css" />

<style type="text/css">
.log { display: none;} 
.stack-trace { display: none;} 
</style>
<script type="text/javascript">
<!--
function flip(e) {
  current = e.style.display;
  if (current == 'block') {
    e.style.display = 'none';
    return 0;
  }
  else {
    e.style.display = 'block';
    return 1;
  }
}

function toggleBox(szDivId, elem, msg1, msg2)
{
  var res = -1;  if (document.getElementById) {
    res = flip(document.getElementById(szDivId));
  }
  else if (document.all) {
    // this is the way old msie versions work
    res = flip(document.all[szDivId]);
  }
  if(elem) {
    if(res == 0) elem.innerHTML = msg1; else elem.innerHTML = msg2;
  }

}

function toggleAllBoxes() {
  if (document.getElementsByTagName) {
    d = document.getElementsByTagName('div');
    for (i = 0; i < d.length; i++) {
      if (d[i].className == 'log') {
        flip(d[i]);
      }
    }
  }
}

// -->
</script>

</head>
<body>
<h2 align='center'>Stage post Ned updates</h2><table border='1' align="center">
<tr>
<td>Tests passed/Failed/Skipped:</td><td>5/0/0</td>
</tr><tr>
<td>Started on:</td><td>Sun Jul 19 13:01:59 PDT 2020</td>
</tr>
<tr><td>Total time:</td><td>489 seconds (489018 ms)</td>
</tr><tr>
<td>Included groups:</td><td></td>
</tr><tr>
<td>Excluded groups:</td><td></td>
</tr>
</table><p/>
<small><i>(Hover the method name to see the test class name)</i></small><p/>
<table width='100%' border='1' class='invocation-failed'>
<tr><td colspan='4' align='center'><b>FAILED TESTS</b></td></tr>
<tr><td><b>Test method</b></td>
<td width="30%"><b>Exception</b></td>
<td width="10%"><b>Time (seconds)</b></td>
<td><b>Instance</b></td>
</tr>
<tr>
<td title='automationFramework.TSMyAccount.MyAccount_EditEmail()'><b>MyAccount_EditEmail</b><br>Test class: automationFramework.TSMyAccount</td>
<td><div><pre>java.lang.AssertionError: ****ERROR****Should be home page expected [https://www-stage.techsoup.org/] but found [https://www-stage.techsoup.org/joining-techsoup/Organization]
	at automationFramework.TSMyAccount.MyAccount_EditEmail(TSMyAccount.java:118)
	at java.util.concurrent.ThreadPoolExecutor.runWorker(ThreadPoolExecutor.java:1149)
	at java.util.concurrent.ThreadPoolExecutor$Worker.run(ThreadPoolExecutor.java:624)
	at java.lang.Thread.run(Thread.java:748)
... Removed 16 stack frames</pre></div><a href='#' onClick='toggleBox("stack-trace2050339061", this, "Click to show all stack frames", "Click to hide stack frames")'>Click to show all stack frames</a>
<div class='stack-trace' id='stack-trace2050339061'><pre>java.lang.AssertionError: ****ERROR****Should be home page expected [https://www-stage.techsoup.org/] but found [https://www-stage.techsoup.org/joining-techsoup/Organization]
	at org.testng.Assert.fail(Assert.java:97)
	at org.testng.Assert.assertEqualsImpl(Assert.java:136)
	at org.testng.Assert.assertEquals(Assert.java:118)
	at org.testng.Assert.assertEquals(Assert.java:575)
	at automationFramework.TSMyAccount.MyAccount_EditEmail(TSMyAccount.java:118)
	at sun.reflect.NativeMethodAccessorImpl.invoke0(Native Method)
	at sun.reflect.NativeMethodAccessorImpl.invoke(NativeMethodAccessorImpl.java:62)
	at sun.reflect.DelegatingMethodAccessorImpl.invoke(DelegatingMethodAccessorImpl.java:43)
	at java.lang.reflect.Method.invoke(Method.java:498)
	at org.testng.internal.MethodInvocationHelper.invokeMethod(MethodInvocationHelper.java:133)
	at org.testng.internal.TestInvoker.invokeMethod(TestInvoker.java:584)
	at org.testng.internal.TestInvoker.invokeTestMethod(TestInvoker.java:172)
	at org.testng.internal.MethodRunner.runInSequence(MethodRunner.java:46)
	at org.testng.internal.TestInvoker$MethodInvocationAgent.invoke(TestInvoker.java:804)
	at org.testng.internal.TestInvoker.invokeTestMethods(TestInvoker.java:145)
	at org.testng.internal.TestMethodWorker.invokeTestMethods(TestMethodWorker.java:146)
	at org.testng.internal.TestMethodWorker.run(TestMethodWorker.java:128)
	at java.util.concurrent.ThreadPoolExecutor.runWorker(ThreadPoolExecutor.java:1149)
	at java.util.concurrent.ThreadPoolExecutor$Worker.run(ThreadPoolExecutor.java:624)
	at java.lang.Thread.run(Thread.java:748)
</pre></div></td>
<td>61</td>
<td>automationFramework.TSMyAccount@5bc79255</td></tr>
<tr>
<td title='automationFramework.TSMyAccount.MyAccount_EditEmail()'><b>MyAccount_EditEmail</b><br>Test class: automationFramework.TSMyAccount</td>
<td><div><pre>java.lang.NullPointerException
	at appModule.Listeners.onTestFailure(Listeners.java:51)
	at java.util.concurrent.ThreadPoolExecutor.runWorker(ThreadPoolExecutor.java:1149)
	at java.util.concurrent.ThreadPoolExecutor$Worker.run(ThreadPoolExecutor.java:624)
	at java.lang.Thread.run(Thread.java:748)
... Removed 9 stack frames</pre></div><a href='#' onClick='toggleBox("stack-trace214187874", this, "Click to show all stack frames", "Click to hide stack frames")'>Click to show all stack frames</a>
<div class='stack-trace' id='stack-trace214187874'><pre>java.lang.NullPointerException
	at appModule.Listeners.onTestFailure(Listeners.java:51)
	at org.testng.internal.TestListenerHelper.runTestListeners(TestListenerHelper.java:66)
	at org.testng.internal.TestInvoker.runTestResultListener(TestInvoker.java:210)
	at org.testng.internal.TestInvoker.invokeMethod(TestInvoker.java:638)
	at org.testng.internal.TestInvoker.invokeTestMethod(TestInvoker.java:172)
	at org.testng.internal.MethodRunner.runInSequence(MethodRunner.java:46)
	at org.testng.internal.TestInvoker$MethodInvocationAgent.invoke(TestInvoker.java:804)
	at org.testng.internal.TestInvoker.invokeTestMethods(TestInvoker.java:145)
	at org.testng.internal.TestMethodWorker.invokeTestMethods(TestMethodWorker.java:146)
	at org.testng.internal.TestMethodWorker.run(TestMethodWorker.java:128)
	at java.util.concurrent.ThreadPoolExecutor.runWorker(ThreadPoolExecutor.java:1149)
	at java.util.concurrent.ThreadPoolExecutor$Worker.run(ThreadPoolExecutor.java:624)
	at java.lang.Thread.run(Thread.java:748)
</pre></div></td>
<td>63</td>
<td>automationFramework.TSMyAccount@5bc79255</td></tr>
</table><p>
<table width='100%' border='1' class='invocation-passed'>
<tr><td colspan='4' align='center'><b>PASSED TESTS</b></td></tr>
<tr><td><b>Test method</b></td>
<td width="30%"><b>Exception</b></td>
<td width="10%"><b>Time (seconds)</b></td>
<td><b>Instance</b></td>
</tr>
<tr>
<td title='automationFramework.TSMyAccount.MyAccount_Edit()'><b>MyAccount_Edit</b><br>Test class: automationFramework.TSMyAccount<br>Parameters: This is first name but with lots of characters, This is the last name but with lots of characters</td>
<td></td>
<td>89</td>
<td>automationFramework.TSMyAccount@5bc79255</td></tr>
<tr>
<td title='automationFramework.TSMyAccount.MyAccount_Edit()'><b>MyAccount_Edit</b><br>Test class: automationFramework.TSMyAccount<br>Parameters: This is first name but with lots of numbers 123456, This is the last name but lots of numbers 12345678</td>
<td></td>
<td>66</td>
<td>automationFramework.TSMyAccount@5bc79255</td></tr>
<tr>
<td title='automationFramework.TSMyAccount.MyAccount_Edit()'><b>MyAccount_Edit</b><br>Test class: automationFramework.TSMyAccount<br>Parameters: This is first name with special chars !@#$%^&*()?+, This is last name with special chars !@#$%^&*()?+</td>
<td></td>
<td>73</td>
<td>automationFramework.TSMyAccount@5bc79255</td></tr>
<tr>
<td title='automationFramework.TSMyAccount.MyAccount_Edit()'><b>MyAccount_Edit</b><br>Test class: automationFramework.TSMyAccount<br>Parameters: MaxCharactersFirstNameshouldbethenumberfiftywwwww, MaxCharacterslastNameshouldbethenumberfiftywwwwww</td>
<td></td>
<td>95</td>
<td>automationFramework.TSMyAccount@5bc79255</td></tr>
<tr>
<td title='automationFramework.TSMyAccount.MyAccount_Edit()'><b>MyAccount_Edit</b><br>Test class: automationFramework.TSMyAccount<br>Parameters: Automation Edit First Name, Automation Edit Last Name</td>
<td></td>
<td>81</td>
<td>automationFramework.TSMyAccount@5bc79255</td></tr>
</table><p>
</body>
</html>