<?xml version="1.0" encoding="UTF-8"?>
<!-- Generated by org.testng.reporters.JUnitXMLReporter -->
<testsuite hostname="LT-MRADFORD2" ignored="0" name="three" tests="125" failures="8" timestamp="15 Oct 2019 00:14:01 GMT" time="1120.518" errors="0">
  <testcase name="checkBoostPages" time="8.019" classname="automationFramework.TSVerifyPages"/>
  <testcase name="checkBoostPages" time="3.724" classname="automationFramework.TSVerifyPages"/>
  <testcase name="checkBoostPages" time="3.694" classname="automationFramework.TSVerifyPages"/>
  <testcase name="checkBoostPages" time="2.051" classname="automationFramework.TSVerifyPages"/>
  <testcase name="TSEligQuiz" time="21.595" classname="automationFramework.TSEligibilityQuiz"/>
  <testcase name="checkBoostPages" time="4.806" classname="automationFramework.TSVerifyPages"/>
  <testcase name="checkBoostPages" time="4.572" classname="automationFramework.TSVerifyPages"/>
  <testcase name="checkCategoryPages" time="5.069" classname="automationFramework.TSVerifyPages"/>
  <testcase name="TestProductPageDetails" time="35.645" classname="automationFramework.TSProductDetailsTest"/>
  <testcase name="checkCategoryPages" time="3.93" classname="automationFramework.TSVerifyPages"/>
  <testcase name="TSEligQuiz" time="16.178" classname="automationFramework.TSEligibilityQuiz">
    <failure type="org.openqa.selenium.NoSuchElementException" message="no such element: Unable to locate element: {&amp;quot;method&amp;quot;:&amp;quot;css selector&amp;quot;,&amp;quot;selector&amp;quot;:&amp;quot;#ctl00_PlaceHolderMain_RegisteredOrgsWebPart_ctl00_orgsDropDownList&amp;quot;}
  (Session info: chrome=77.0.3865.120)
  (Driver info: chromedriver=2.43.600210 (68dcf5eebde37173d4027fa8635e332711d2874a),platform=Windows NT 6.1.7601 SP1 x86_64) (WARNING: The server did not provide any stacktrace information)
Command duration or timeout: 0 milliseconds
For documentation on this error, please visit: https://www.seleniumhq.org/exceptions/no_such_element.html
Build info: version: &amp;apos;3.141.59&amp;apos;, revision: &amp;apos;e82be7d358&amp;apos;, time: &amp;apos;2018-11-14T08:25:48&amp;apos;
System info: host: &amp;apos;LT-MRADFORD2&amp;apos;, ip: &amp;apos;10.200.25.82&amp;apos;, os.name: &amp;apos;Windows 7&amp;apos;, os.arch: &amp;apos;amd64&amp;apos;, os.version: &amp;apos;6.1&amp;apos;, java.version: &amp;apos;1.8.0_211&amp;apos;
Driver info: org.openqa.selenium.chrome.ChromeDriver
Capabilities {acceptInsecureCerts: false, acceptSslCerts: false, applicationCacheEnabled: false, browserConnectionEnabled: false, browserName: chrome, chrome: {chromedriverVersion: 2.43.600210 (68dcf5eebde371..., userDataDir: C:\Users\mradford\AppData\L...}, cssSelectorsEnabled: true, databaseEnabled: false, goog:chromeOptions: {debuggerAddress: localhost:46615}, handlesAlerts: true, hasTouchScreen: false, javascriptEnabled: true, locationContextEnabled: true, mobileEmulationEnabled: false, nativeEvents: true, networkConnectionEnabled: false, pageLoadStrategy: normal, platform: XP, platformName: XP, rotatable: false, setWindowRect: true, takesHeapSnapshot: true, takesScreenshot: true, unexpectedAlertBehaviour: , unhandledPromptBehavior: , version: 77.0.3865.120, webStorageEnabled: true}
Session ID: 233e971aa040bb9f3dcf604d846c639f
*** Element info: {Using=css selector, value=#ctl00_PlaceHolderMain_RegisteredOrgsWebPart_ctl00_orgsDropDownList}">
      <![CDATA[org.openqa.selenium.NoSuchElementException: no such element: Unable to locate element: {"method":"css selector","selector":"#ctl00_PlaceHolderMain_RegisteredOrgsWebPart_ctl00_orgsDropDownList"}
  (Session info: chrome=77.0.3865.120)
  (Driver info: chromedriver=2.43.600210 (68dcf5eebde37173d4027fa8635e332711d2874a),platform=Windows NT 6.1.7601 SP1 x86_64) (WARNING: The server did not provide any stacktrace information)
Command duration or timeout: 0 milliseconds
For documentation on this error, please visit: https://www.seleniumhq.org/exceptions/no_such_element.html
Build info: version: '3.141.59', revision: 'e82be7d358', time: '2018-11-14T08:25:48'
System info: host: 'LT-MRADFORD2', ip: '10.200.25.82', os.name: 'Windows 7', os.arch: 'amd64', os.version: '6.1', java.version: '1.8.0_211'
Driver info: org.openqa.selenium.chrome.ChromeDriver
Capabilities {acceptInsecureCerts: false, acceptSslCerts: false, applicationCacheEnabled: false, browserConnectionEnabled: false, browserName: chrome, chrome: {chromedriverVersion: 2.43.600210 (68dcf5eebde371..., userDataDir: C:\Users\mradford\AppData\L...}, cssSelectorsEnabled: true, databaseEnabled: false, goog:chromeOptions: {debuggerAddress: localhost:46615}, handlesAlerts: true, hasTouchScreen: false, javascriptEnabled: true, locationContextEnabled: true, mobileEmulationEnabled: false, nativeEvents: true, networkConnectionEnabled: false, pageLoadStrategy: normal, platform: XP, platformName: XP, rotatable: false, setWindowRect: true, takesHeapSnapshot: true, takesScreenshot: true, unexpectedAlertBehaviour: , unhandledPromptBehavior: , version: 77.0.3865.120, webStorageEnabled: true}
Session ID: 233e971aa040bb9f3dcf604d846c639f
*** Element info: {Using=css selector, value=#ctl00_PlaceHolderMain_RegisteredOrgsWebPart_ctl00_orgsDropDownList}
at org.openqa.selenium.remote.ErrorHandler.createThrowable(ErrorHandler.java:214)
at org.openqa.selenium.remote.ErrorHandler.throwIfResponseFailed(ErrorHandler.java:166)
at org.openqa.selenium.remote.http.JsonHttpResponseCodec.reconstructValue(JsonHttpResponseCodec.java:40)
at org.openqa.selenium.remote.http.AbstractHttpResponseCodec.decode(AbstractHttpResponseCodec.java:80)
at org.openqa.selenium.remote.http.AbstractHttpResponseCodec.decode(AbstractHttpResponseCodec.java:44)
at org.openqa.selenium.remote.HttpCommandExecutor.execute(HttpCommandExecutor.java:158)
at org.openqa.selenium.remote.service.DriverCommandExecutor.execute(DriverCommandExecutor.java:83)
at org.openqa.selenium.remote.RemoteWebDriver.execute(RemoteWebDriver.java:552)
at org.openqa.selenium.remote.RemoteWebDriver.findElement(RemoteWebDriver.java:323)
at org.openqa.selenium.remote.RemoteWebDriver.findElementByCssSelector(RemoteWebDriver.java:420)
at org.openqa.selenium.By$ByCssSelector.findElement(By.java:431)
at org.openqa.selenium.remote.RemoteWebDriver.findElement(RemoteWebDriver.java:315)
at pageObjects.EligibilityPage.lstOrgs(EligibilityPage.java:119)
at pageObjects.EligibilityPage.CheckEligibility(EligibilityPage.java:147)
at automationFramework.TSEligibilityQuiz.TSEligQuiz(TSEligibilityQuiz.java:48)
at java.util.concurrent.ThreadPoolExecutor.runWorker(Unknown Source)
at java.util.concurrent.ThreadPoolExecutor$Worker.run(Unknown Source)
at java.lang.Thread.run(Unknown Source)
... Removed 14 stack frames]]>
    </failure>
  </testcase> <!-- TSEligQuiz -->
  <testcase name="TSEligQuiz" time="38.841" classname="automationFramework.TSEligibilityQuiz">
    <failure type="java.lang.NullPointerException">
      <![CDATA[java.lang.NullPointerException
at appModule.Listeners.onTestFailure(Listeners.java:51)
at java.util.concurrent.ThreadPoolExecutor.runWorker(Unknown Source)
at java.util.concurrent.ThreadPoolExecutor$Worker.run(Unknown Source)
at java.lang.Thread.run(Unknown Source)
... Removed 7 stack frames]]>
    </failure>
  </testcase> <!-- TSEligQuiz -->
  <testcase name="checkCategoryPages" time="3.359" classname="automationFramework.TSVerifyPages"/>
  <testcase name="checkCategoryPages" time="4.096" classname="automationFramework.TSVerifyPages"/>
  <testcase name="checkCategoryPages" time="3.309" classname="automationFramework.TSVerifyPages"/>
  <testcase name="checkCategoryPages" time="3.517" classname="automationFramework.TSVerifyPages"/>
  <testcase name="checkCategoryPages" time="3.157" classname="automationFramework.TSVerifyPages"/>
  <testcase name="MyAccount_Edit" time="14.086" classname="automationFramework.TSMyAccount">
    <failure type="org.openqa.selenium.NoSuchElementException" message="no such element: Unable to locate element: {&amp;quot;method&amp;quot;:&amp;quot;css selector&amp;quot;,&amp;quot;selector&amp;quot;:&amp;quot;#DeltaPlaceHolderMain &amp;gt; header &amp;gt; div &amp;gt; div &amp;gt; div &amp;gt; h1&amp;quot;}
  (Session info: chrome=77.0.3865.120)
  (Driver info: chromedriver=2.43.600210 (68dcf5eebde37173d4027fa8635e332711d2874a),platform=Windows NT 6.1.7601 SP1 x86_64) (WARNING: The server did not provide any stacktrace information)
Command duration or timeout: 0 milliseconds
For documentation on this error, please visit: https://www.seleniumhq.org/exceptions/no_such_element.html
Build info: version: &amp;apos;3.141.59&amp;apos;, revision: &amp;apos;e82be7d358&amp;apos;, time: &amp;apos;2018-11-14T08:25:48&amp;apos;
System info: host: &amp;apos;LT-MRADFORD2&amp;apos;, ip: &amp;apos;10.200.25.82&amp;apos;, os.name: &amp;apos;Windows 7&amp;apos;, os.arch: &amp;apos;amd64&amp;apos;, os.version: &amp;apos;6.1&amp;apos;, java.version: &amp;apos;1.8.0_211&amp;apos;
Driver info: org.openqa.selenium.chrome.ChromeDriver
Capabilities {acceptInsecureCerts: false, acceptSslCerts: false, applicationCacheEnabled: false, browserConnectionEnabled: false, browserName: chrome, chrome: {chromedriverVersion: 2.43.600210 (68dcf5eebde371..., userDataDir: C:\Users\mradford\AppData\L...}, cssSelectorsEnabled: true, databaseEnabled: false, goog:chromeOptions: {debuggerAddress: localhost:46673}, handlesAlerts: true, hasTouchScreen: false, javascriptEnabled: true, locationContextEnabled: true, mobileEmulationEnabled: false, nativeEvents: true, networkConnectionEnabled: false, pageLoadStrategy: normal, platform: XP, platformName: XP, rotatable: false, setWindowRect: true, takesHeapSnapshot: true, takesScreenshot: true, unexpectedAlertBehaviour: , unhandledPromptBehavior: , version: 77.0.3865.120, webStorageEnabled: true}
Session ID: 920523d25815f2290d0e9bff0f5d6a4b
*** Element info: {Using=css selector, value=#DeltaPlaceHolderMain &amp;gt; header &amp;gt; div &amp;gt; div &amp;gt; div &amp;gt; h1}">
      <![CDATA[org.openqa.selenium.NoSuchElementException: no such element: Unable to locate element: {"method":"css selector","selector":"#DeltaPlaceHolderMain > header > div > div > div > h1"}
  (Session info: chrome=77.0.3865.120)
  (Driver info: chromedriver=2.43.600210 (68dcf5eebde37173d4027fa8635e332711d2874a),platform=Windows NT 6.1.7601 SP1 x86_64) (WARNING: The server did not provide any stacktrace information)
Command duration or timeout: 0 milliseconds
For documentation on this error, please visit: https://www.seleniumhq.org/exceptions/no_such_element.html
Build info: version: '3.141.59', revision: 'e82be7d358', time: '2018-11-14T08:25:48'
System info: host: 'LT-MRADFORD2', ip: '10.200.25.82', os.name: 'Windows 7', os.arch: 'amd64', os.version: '6.1', java.version: '1.8.0_211'
Driver info: org.openqa.selenium.chrome.ChromeDriver
Capabilities {acceptInsecureCerts: false, acceptSslCerts: false, applicationCacheEnabled: false, browserConnectionEnabled: false, browserName: chrome, chrome: {chromedriverVersion: 2.43.600210 (68dcf5eebde371..., userDataDir: C:\Users\mradford\AppData\L...}, cssSelectorsEnabled: true, databaseEnabled: false, goog:chromeOptions: {debuggerAddress: localhost:46673}, handlesAlerts: true, hasTouchScreen: false, javascriptEnabled: true, locationContextEnabled: true, mobileEmulationEnabled: false, nativeEvents: true, networkConnectionEnabled: false, pageLoadStrategy: normal, platform: XP, platformName: XP, rotatable: false, setWindowRect: true, takesHeapSnapshot: true, takesScreenshot: true, unexpectedAlertBehaviour: , unhandledPromptBehavior: , version: 77.0.3865.120, webStorageEnabled: true}
Session ID: 920523d25815f2290d0e9bff0f5d6a4b
*** Element info: {Using=css selector, value=#DeltaPlaceHolderMain > header > div > div > div > h1}
at org.openqa.selenium.remote.ErrorHandler.createThrowable(ErrorHandler.java:214)
at org.openqa.selenium.remote.ErrorHandler.throwIfResponseFailed(ErrorHandler.java:166)
at org.openqa.selenium.remote.http.JsonHttpResponseCodec.reconstructValue(JsonHttpResponseCodec.java:40)
at org.openqa.selenium.remote.http.AbstractHttpResponseCodec.decode(AbstractHttpResponseCodec.java:80)
at org.openqa.selenium.remote.http.AbstractHttpResponseCodec.decode(AbstractHttpResponseCodec.java:44)
at org.openqa.selenium.remote.HttpCommandExecutor.execute(HttpCommandExecutor.java:158)
at org.openqa.selenium.remote.service.DriverCommandExecutor.execute(DriverCommandExecutor.java:83)
at org.openqa.selenium.remote.RemoteWebDriver.execute(RemoteWebDriver.java:552)
at org.openqa.selenium.remote.RemoteWebDriver.findElement(RemoteWebDriver.java:323)
at org.openqa.selenium.remote.RemoteWebDriver.findElementByCssSelector(RemoteWebDriver.java:420)
at org.openqa.selenium.By$ByCssSelector.findElement(By.java:431)
at org.openqa.selenium.remote.RemoteWebDriver.findElement(RemoteWebDriver.java:315)
at pageObjects.MyAccountPage.lblAccountPageTitle(MyAccountPage.java:23)
at pageObjects.MemberDetailsPage.EditMember(MemberDetailsPage.java:84)
at automationFramework.TSMyAccount.MyAccount_Edit(TSMyAccount.java:62)
at java.util.concurrent.ThreadPoolExecutor.runWorker(Unknown Source)
at java.util.concurrent.ThreadPoolExecutor$Worker.run(Unknown Source)
at java.lang.Thread.run(Unknown Source)
... Removed 14 stack frames]]>
    </failure>
  </testcase> <!-- MyAccount_Edit -->
  <testcase name="MyAccount_Edit" time="16.615" classname="automationFramework.TSMyAccount">
    <failure type="java.lang.NullPointerException">
      <![CDATA[java.lang.NullPointerException
at appModule.Listeners.onTestFailure(Listeners.java:51)
at java.util.concurrent.ThreadPoolExecutor.runWorker(Unknown Source)
at java.util.concurrent.ThreadPoolExecutor$Worker.run(Unknown Source)
at java.lang.Thread.run(Unknown Source)
... Removed 7 stack frames]]>
    </failure>
  </testcase> <!-- MyAccount_Edit -->
  <testcase name="checkCategoryPages" time="3.326" classname="automationFramework.TSVerifyPages"/>
  <testcase name="checkCategoryPages" time="3.478" classname="automationFramework.TSVerifyPages"/>
  <testcase name="checkCategoryPages" time="3.57" classname="automationFramework.TSVerifyPages"/>
  <testcase name="checkCategoryPages" time="2.795" classname="automationFramework.TSVerifyPages"/>
  <testcase name="checkCategoryPages" time="2.706" classname="automationFramework.TSVerifyPages"/>
  <testcase name="checkCategoryPages" time="3.125" classname="automationFramework.TSVerifyPages"/>
  <testcase name="checkCategoryPages" time="2.91" classname="automationFramework.TSVerifyPages"/>
  <testcase name="checkCategoryPages" time="2.751" classname="automationFramework.TSVerifyPages"/>
  <testcase name="checkCategoryPages" time="2.874" classname="automationFramework.TSVerifyPages"/>
  <testcase name="checkCategoryPages" time="1.558" classname="automationFramework.TSVerifyPages"/>
  <testcase name="checkCategoryPages" time="3.42" classname="automationFramework.TSVerifyPages"/>
  <testcase name="checkCategoryPages" time="3.019" classname="automationFramework.TSVerifyPages"/>
  <testcase name="checkCategoryPages" time="3.23" classname="automationFramework.TSVerifyPages"/>
  <testcase name="checkCategoryPages" time="3.303" classname="automationFramework.TSVerifyPages"/>
  <testcase name="checkCategoryPages" time="2.907" classname="automationFramework.TSVerifyPages"/>
  <testcase name="checkDonorPages" time="3.428" classname="automationFramework.TSVerifyPages"/>
  <testcase name="checkDonorPages" time="3.42" classname="automationFramework.TSVerifyPages"/>
  <testcase name="checkDonorPages" time="2.603" classname="automationFramework.TSVerifyPages"/>
  <testcase name="checkDonorPages" time="3.23" classname="automationFramework.TSVerifyPages"/>
  <testcase name="checkDonorPages" time="3.272" classname="automationFramework.TSVerifyPages"/>
  <testcase name="checkDonorPages" time="3.322" classname="automationFramework.TSVerifyPages"/>
  <testcase name="checkDonorPages" time="2.986" classname="automationFramework.TSVerifyPages"/>
  <testcase name="checkDonorPages" time="3.324" classname="automationFramework.TSVerifyPages"/>
  <testcase name="checkDonorPages" time="3.133" classname="automationFramework.TSVerifyPages"/>
  <testcase name="checkDonorPages" time="3.154" classname="automationFramework.TSVerifyPages"/>
  <testcase name="checkDonorPages" time="3.163" classname="automationFramework.TSVerifyPages"/>
  <testcase name="checkDonorPages" time="3.244" classname="automationFramework.TSVerifyPages"/>
  <testcase name="checkDonorPages" time="3.282" classname="automationFramework.TSVerifyPages"/>
  <testcase name="checkDonorPages" time="3.678" classname="automationFramework.TSVerifyPages"/>
  <testcase name="checkDonorPages" time="1.88" classname="automationFramework.TSVerifyPages"/>
  <testcase name="checkDonorPages" time="3.347" classname="automationFramework.TSVerifyPages"/>
  <testcase name="checkDonorPages" time="3.277" classname="automationFramework.TSVerifyPages"/>
  <testcase name="checkDonorPages" time="3.74" classname="automationFramework.TSVerifyPages"/>
  <testcase name="checkDonorPages" time="2.901" classname="automationFramework.TSVerifyPages"/>
  <testcase name="checkDonorPages" time="3.017" classname="automationFramework.TSVerifyPages"/>
  <testcase name="checkDonorPages" time="3.138" classname="automationFramework.TSVerifyPages"/>
  <testcase name="checkDonorPages" time="3.295" classname="automationFramework.TSVerifyPages"/>
  <testcase name="checkDonorPages" time="3.439" classname="automationFramework.TSVerifyPages"/>
  <testcase name="checkDonorPages" time="3.327" classname="automationFramework.TSVerifyPages"/>
  <testcase name="checkDonorPages" time="3.207" classname="automationFramework.TSVerifyPages"/>
  <testcase name="checkDonorPages" time="3.211" classname="automationFramework.TSVerifyPages"/>
  <testcase name="checkDonorPages" time="3.276" classname="automationFramework.TSVerifyPages"/>
  <testcase name="checkDonorPages" time="3.343" classname="automationFramework.TSVerifyPages"/>
  <testcase name="checkDonorPages" time="3.261" classname="automationFramework.TSVerifyPages"/>
  <testcase name="checkDonorPages" time="3.522" classname="automationFramework.TSVerifyPages"/>
  <testcase name="checkDonorPages" time="2.851" classname="automationFramework.TSVerifyPages"/>
  <testcase name="checkDonorPages" time="3.357" classname="automationFramework.TSVerifyPages"/>
  <testcase name="checkDonorPages" time="2.043" classname="automationFramework.TSVerifyPages"/>
  <testcase name="checkDonorPages" time="3.383" classname="automationFramework.TSVerifyPages"/>
  <testcase name="checkDonorPages" time="3.129" classname="automationFramework.TSVerifyPages"/>
  <testcase name="checkDonorPages" time="3.407" classname="automationFramework.TSVerifyPages"/>
  <testcase name="checkDonorPages" time="2.866" classname="automationFramework.TSVerifyPages"/>
  <testcase name="checkDonorPages" time="3.128" classname="automationFramework.TSVerifyPages"/>
  <testcase name="checkDonorPages" time="3.315" classname="automationFramework.TSVerifyPages"/>
  <testcase name="checkDonorPages" time="3.442" classname="automationFramework.TSVerifyPages"/>
  <testcase name="checkDonorPages" time="3.154" classname="automationFramework.TSVerifyPages"/>
  <testcase name="checkDonorPages" time="2.602" classname="automationFramework.TSVerifyPages"/>
  <testcase name="checkDonorPages" time="3.132" classname="automationFramework.TSVerifyPages"/>
  <testcase name="checkDonorPages" time="3.187" classname="automationFramework.TSVerifyPages"/>
  <testcase name="checkDonorPages" time="2.778" classname="automationFramework.TSVerifyPages"/>
  <testcase name="checkDonorPages" time="3.255" classname="automationFramework.TSVerifyPages"/>
  <testcase name="checkDonorPages" time="3.961" classname="automationFramework.TSVerifyPages"/>
  <testcase name="checkDonorPages" time="4.113" classname="automationFramework.TSVerifyPages"/>
  <testcase name="checkDonorPages" time="3.146" classname="automationFramework.TSVerifyPages"/>
  <testcase name="checkDonorPages" time="2.717" classname="automationFramework.TSVerifyPages"/>
  <testcase name="checkDonorPages" time="3.255" classname="automationFramework.TSVerifyPages"/>
  <testcase name="checkDonorPages" time="3.186" classname="automationFramework.TSVerifyPages"/>
  <testcase name="checkDonorPages" time="2.816" classname="automationFramework.TSVerifyPages"/>
  <testcase name="checkDonorPages" time="2.486" classname="automationFramework.TSVerifyPages"/>
  <testcase name="checkDonorPages" time="3.288" classname="automationFramework.TSVerifyPages"/>
  <testcase name="checkDonorPages" time="2.888" classname="automationFramework.TSVerifyPages"/>
  <testcase name="checkDonorPages" time="2.823" classname="automationFramework.TSVerifyPages"/>
  <testcase name="checkDonorPages" time="3.192" classname="automationFramework.TSVerifyPages"/>
  <testcase name="checkDonorPages" time="3.136" classname="automationFramework.TSVerifyPages"/>
  <testcase name="checkDonorPages" time="8.148" classname="automationFramework.TSVerifyPages"/>
  <testcase name="checkDonorPages" time="2.915" classname="automationFramework.TSVerifyPages"/>
  <testcase name="checkDonorPages" time="3.195" classname="automationFramework.TSVerifyPages"/>
  <testcase name="checkDonorPages" time="3.117" classname="automationFramework.TSVerifyPages"/>
  <testcase name="checkDonorPages" time="3.113" classname="automationFramework.TSVerifyPages"/>
  <testcase name="checkDonorPages" time="3.165" classname="automationFramework.TSVerifyPages"/>
  <testcase name="checkDonorPages" time="3.527" classname="automationFramework.TSVerifyPages"/>
  <testcase name="checkDonorPages" time="3.697" classname="automationFramework.TSVerifyPages"/>
  <testcase name="checkDonorPages" time="2.877" classname="automationFramework.TSVerifyPages"/>
  <testcase name="checkDonorPages" time="3.277" classname="automationFramework.TSVerifyPages"/>
  <testcase name="checkDonorPages" time="3.338" classname="automationFramework.TSVerifyPages"/>
  <testcase name="checkDonorPages" time="3.176" classname="automationFramework.TSVerifyPages"/>
  <testcase name="checkDonorPages" time="3.331" classname="automationFramework.TSVerifyPages"/>
  <testcase name="checkDonorPages" time="2.918" classname="automationFramework.TSVerifyPages"/>
  <testcase name="checkDonorPages" time="3.342" classname="automationFramework.TSVerifyPages"/>
  <testcase name="checkDonorPages" time="3.202" classname="automationFramework.TSVerifyPages"/>
  <testcase name="checkDonorPages" time="4.163" classname="automationFramework.TSVerifyPages"/>
  <testcase name="checkDonorPages" time="3.163" classname="automationFramework.TSVerifyPages"/>
  <testcase name="checkDonorPages" time="3.386" classname="automationFramework.TSVerifyPages"/>
  <testcase name="checkDonorPages" time="3.344" classname="automationFramework.TSVerifyPages"/>
  <testcase name="checkDonorPages" time="2.787" classname="automationFramework.TSVerifyPages"/>
  <testcase name="checkDonorPages" time="3.07" classname="automationFramework.TSVerifyPages"/>
  <testcase name="checkDonorPages" time="4.498" classname="automationFramework.TSVerifyPages"/>
  <testcase name="checkDonorPages" time="2.761" classname="automationFramework.TSVerifyPages"/>
  <testcase name="checkDonorPages" time="3.279" classname="automationFramework.TSVerifyPages"/>
  <testcase name="checkDonorPages" time="3.287" classname="automationFramework.TSVerifyPages"/>
  <testcase name="checkDonorPages" time="3.27" classname="automationFramework.TSVerifyPages"/>
  <testcase name="TestProductPageDetails" time="343.032" classname="automationFramework.TSProductDetailsTest">
    <failure type="org.openqa.selenium.NoSuchElementException" message="no such element: Unable to locate element: {&amp;quot;method&amp;quot;:&amp;quot;css selector&amp;quot;,&amp;quot;selector&amp;quot;:&amp;quot;#AddProducts&amp;quot;}
  (Session info: chrome=77.0.3865.120)
  (Driver info: chromedriver=2.43.600210 (68dcf5eebde37173d4027fa8635e332711d2874a),platform=Windows NT 6.1.7601 SP1 x86_64) (WARNING: The server did not provide any stacktrace information)
Command duration or timeout: 0 milliseconds
For documentation on this error, please visit: https://www.seleniumhq.org/exceptions/no_such_element.html
Build info: version: &amp;apos;3.141.59&amp;apos;, revision: &amp;apos;e82be7d358&amp;apos;, time: &amp;apos;2018-11-14T08:25:48&amp;apos;
System info: host: &amp;apos;LT-MRADFORD2&amp;apos;, ip: &amp;apos;10.200.25.82&amp;apos;, os.name: &amp;apos;Windows 7&amp;apos;, os.arch: &amp;apos;amd64&amp;apos;, os.version: &amp;apos;6.1&amp;apos;, java.version: &amp;apos;1.8.0_211&amp;apos;
Driver info: org.openqa.selenium.chrome.ChromeDriver
Capabilities {acceptInsecureCerts: false, acceptSslCerts: false, applicationCacheEnabled: false, browserConnectionEnabled: false, browserName: chrome, chrome: {chromedriverVersion: 2.43.600210 (68dcf5eebde371..., userDataDir: C:\Users\mradford\AppData\L...}, cssSelectorsEnabled: true, databaseEnabled: false, goog:chromeOptions: {debuggerAddress: localhost:46728}, handlesAlerts: true, hasTouchScreen: false, javascriptEnabled: true, locationContextEnabled: true, mobileEmulationEnabled: false, nativeEvents: true, networkConnectionEnabled: false, pageLoadStrategy: normal, platform: XP, platformName: XP, rotatable: false, setWindowRect: true, takesHeapSnapshot: true, takesScreenshot: true, unexpectedAlertBehaviour: , unhandledPromptBehavior: , version: 77.0.3865.120, webStorageEnabled: true}
Session ID: 6d4ba1a181b0d154cc21c8084f4c0699
*** Element info: {Using=css selector, value=#AddProducts}">
      <![CDATA[org.openqa.selenium.NoSuchElementException: no such element: Unable to locate element: {"method":"css selector","selector":"#AddProducts"}
  (Session info: chrome=77.0.3865.120)
  (Driver info: chromedriver=2.43.600210 (68dcf5eebde37173d4027fa8635e332711d2874a),platform=Windows NT 6.1.7601 SP1 x86_64) (WARNING: The server did not provide any stacktrace information)
Command duration or timeout: 0 milliseconds
For documentation on this error, please visit: https://www.seleniumhq.org/exceptions/no_such_element.html
Build info: version: '3.141.59', revision: 'e82be7d358', time: '2018-11-14T08:25:48'
System info: host: 'LT-MRADFORD2', ip: '10.200.25.82', os.name: 'Windows 7', os.arch: 'amd64', os.version: '6.1', java.version: '1.8.0_211'
Driver info: org.openqa.selenium.chrome.ChromeDriver
Capabilities {acceptInsecureCerts: false, acceptSslCerts: false, applicationCacheEnabled: false, browserConnectionEnabled: false, browserName: chrome, chrome: {chromedriverVersion: 2.43.600210 (68dcf5eebde371..., userDataDir: C:\Users\mradford\AppData\L...}, cssSelectorsEnabled: true, databaseEnabled: false, goog:chromeOptions: {debuggerAddress: localhost:46728}, handlesAlerts: true, hasTouchScreen: false, javascriptEnabled: true, locationContextEnabled: true, mobileEmulationEnabled: false, nativeEvents: true, networkConnectionEnabled: false, pageLoadStrategy: normal, platform: XP, platformName: XP, rotatable: false, setWindowRect: true, takesHeapSnapshot: true, takesScreenshot: true, unexpectedAlertBehaviour: , unhandledPromptBehavior: , version: 77.0.3865.120, webStorageEnabled: true}
Session ID: 6d4ba1a181b0d154cc21c8084f4c0699
*** Element info: {Using=css selector, value=#AddProducts}
at org.openqa.selenium.remote.ErrorHandler.createThrowable(ErrorHandler.java:214)
at org.openqa.selenium.remote.ErrorHandler.throwIfResponseFailed(ErrorHandler.java:166)
at org.openqa.selenium.remote.http.JsonHttpResponseCodec.reconstructValue(JsonHttpResponseCodec.java:40)
at org.openqa.selenium.remote.http.AbstractHttpResponseCodec.decode(AbstractHttpResponseCodec.java:80)
at org.openqa.selenium.remote.http.AbstractHttpResponseCodec.decode(AbstractHttpResponseCodec.java:44)
at org.openqa.selenium.remote.HttpCommandExecutor.execute(HttpCommandExecutor.java:158)
at org.openqa.selenium.remote.service.DriverCommandExecutor.execute(DriverCommandExecutor.java:83)
at org.openqa.selenium.remote.RemoteWebDriver.execute(RemoteWebDriver.java:552)
at org.openqa.selenium.remote.RemoteWebDriver.findElement(RemoteWebDriver.java:323)
at org.openqa.selenium.remote.RemoteWebDriver.findElementByCssSelector(RemoteWebDriver.java:420)
at org.openqa.selenium.By$ByCssSelector.findElement(By.java:431)
at org.openqa.selenium.remote.RemoteWebDriver.findElement(RemoteWebDriver.java:315)
at pageObjects.ProductPage.btnAddToCart(ProductPage.java:85)
at automationFramework.TSProductDetailsTest.TestProductPageDetails(TSProductDetailsTest.java:115)
at java.util.concurrent.ThreadPoolExecutor.runWorker(Unknown Source)
at java.util.concurrent.ThreadPoolExecutor$Worker.run(Unknown Source)
at java.lang.Thread.run(Unknown Source)
... Removed 14 stack frames]]>
    </failure>
  </testcase> <!-- TestProductPageDetails -->
  <testcase name="TestProductPageDetails" time="379.045" classname="automationFramework.TSProductDetailsTest">
    <failure type="java.lang.NullPointerException">
      <![CDATA[java.lang.NullPointerException
at appModule.Listeners.onTestFailure(Listeners.java:51)
at java.util.concurrent.ThreadPoolExecutor.runWorker(Unknown Source)
at java.util.concurrent.ThreadPoolExecutor$Worker.run(Unknown Source)
at java.lang.Thread.run(Unknown Source)
... Removed 7 stack frames]]>
    </failure>
  </testcase> <!-- TestProductPageDetails -->
  <testcase name="BoostCheckoutBoostMember" time="744.092" classname="automationFramework.TSBoostCheckOut"/>
  <testcase name="BoostCheckoutNotBoostMember" time="285.938" classname="automationFramework.TSBoostCheckOut">
    <failure type="org.openqa.selenium.NoSuchElementException" message="no such element: Unable to locate element: {&amp;quot;method&amp;quot;:&amp;quot;css selector&amp;quot;,&amp;quot;selector&amp;quot;:&amp;quot;#navCart &amp;gt; span.glyphicon.glyphicon-shopping-cart&amp;quot;}
  (Session info: chrome=77.0.3865.120)
  (Driver info: chromedriver=2.43.600210 (68dcf5eebde37173d4027fa8635e332711d2874a),platform=Windows NT 6.1.7601 SP1 x86_64) (WARNING: The server did not provide any stacktrace information)
Command duration or timeout: 0 milliseconds
For documentation on this error, please visit: https://www.seleniumhq.org/exceptions/no_such_element.html
Build info: version: &amp;apos;3.141.59&amp;apos;, revision: &amp;apos;e82be7d358&amp;apos;, time: &amp;apos;2018-11-14T08:25:48&amp;apos;
System info: host: &amp;apos;LT-MRADFORD2&amp;apos;, ip: &amp;apos;10.200.25.82&amp;apos;, os.name: &amp;apos;Windows 7&amp;apos;, os.arch: &amp;apos;amd64&amp;apos;, os.version: &amp;apos;6.1&amp;apos;, java.version: &amp;apos;1.8.0_211&amp;apos;
Driver info: org.openqa.selenium.chrome.ChromeDriver
Capabilities {acceptInsecureCerts: false, acceptSslCerts: false, applicationCacheEnabled: false, browserConnectionEnabled: false, browserName: chrome, chrome: {chromedriverVersion: 2.43.600210 (68dcf5eebde371..., userDataDir: C:\Users\mradford\AppData\L...}, cssSelectorsEnabled: true, databaseEnabled: false, goog:chromeOptions: {debuggerAddress: localhost:46557}, handlesAlerts: true, hasTouchScreen: false, javascriptEnabled: true, locationContextEnabled: true, mobileEmulationEnabled: false, nativeEvents: true, networkConnectionEnabled: false, pageLoadStrategy: normal, platform: XP, platformName: XP, rotatable: false, setWindowRect: true, takesHeapSnapshot: true, takesScreenshot: true, unexpectedAlertBehaviour: , unhandledPromptBehavior: , version: 77.0.3865.120, webStorageEnabled: true}
Session ID: 0c3c12c71e4c4c775e39e39370be89fa
*** Element info: {Using=css selector, value=#navCart &amp;gt; span.glyphicon.glyphicon-shopping-cart}">
      <![CDATA[org.openqa.selenium.NoSuchElementException: no such element: Unable to locate element: {"method":"css selector","selector":"#navCart > span.glyphicon.glyphicon-shopping-cart"}
  (Session info: chrome=77.0.3865.120)
  (Driver info: chromedriver=2.43.600210 (68dcf5eebde37173d4027fa8635e332711d2874a),platform=Windows NT 6.1.7601 SP1 x86_64) (WARNING: The server did not provide any stacktrace information)
Command duration or timeout: 0 milliseconds
For documentation on this error, please visit: https://www.seleniumhq.org/exceptions/no_such_element.html
Build info: version: '3.141.59', revision: 'e82be7d358', time: '2018-11-14T08:25:48'
System info: host: 'LT-MRADFORD2', ip: '10.200.25.82', os.name: 'Windows 7', os.arch: 'amd64', os.version: '6.1', java.version: '1.8.0_211'
Driver info: org.openqa.selenium.chrome.ChromeDriver
Capabilities {acceptInsecureCerts: false, acceptSslCerts: false, applicationCacheEnabled: false, browserConnectionEnabled: false, browserName: chrome, chrome: {chromedriverVersion: 2.43.600210 (68dcf5eebde371..., userDataDir: C:\Users\mradford\AppData\L...}, cssSelectorsEnabled: true, databaseEnabled: false, goog:chromeOptions: {debuggerAddress: localhost:46557}, handlesAlerts: true, hasTouchScreen: false, javascriptEnabled: true, locationContextEnabled: true, mobileEmulationEnabled: false, nativeEvents: true, networkConnectionEnabled: false, pageLoadStrategy: normal, platform: XP, platformName: XP, rotatable: false, setWindowRect: true, takesHeapSnapshot: true, takesScreenshot: true, unexpectedAlertBehaviour: , unhandledPromptBehavior: , version: 77.0.3865.120, webStorageEnabled: true}
Session ID: 0c3c12c71e4c4c775e39e39370be89fa
*** Element info: {Using=css selector, value=#navCart > span.glyphicon.glyphicon-shopping-cart}
at org.openqa.selenium.remote.ErrorHandler.createThrowable(ErrorHandler.java:214)
at org.openqa.selenium.remote.ErrorHandler.throwIfResponseFailed(ErrorHandler.java:166)
at org.openqa.selenium.remote.http.JsonHttpResponseCodec.reconstructValue(JsonHttpResponseCodec.java:40)
at org.openqa.selenium.remote.http.AbstractHttpResponseCodec.decode(AbstractHttpResponseCodec.java:80)
at org.openqa.selenium.remote.http.AbstractHttpResponseCodec.decode(AbstractHttpResponseCodec.java:44)
at org.openqa.selenium.remote.HttpCommandExecutor.execute(HttpCommandExecutor.java:158)
at org.openqa.selenium.remote.service.DriverCommandExecutor.execute(DriverCommandExecutor.java:83)
at org.openqa.selenium.remote.RemoteWebDriver.execute(RemoteWebDriver.java:552)
at org.openqa.selenium.remote.RemoteWebDriver.findElement(RemoteWebDriver.java:323)
at org.openqa.selenium.remote.RemoteWebDriver.findElementByCssSelector(RemoteWebDriver.java:420)
at org.openqa.selenium.By$ByCssSelector.findElement(By.java:431)
at org.openqa.selenium.remote.RemoteWebDriver.findElement(RemoteWebDriver.java:315)
at pageObjects.HomePage.lnk_Cart(HomePage.java:413)
at pageObjects.cartPage.EmptyCart(cartPage.java:387)
at pageObjects.cartPage.AddItemToCart(cartPage.java:400)
at pageObjects.cartPage.CheckOut(cartPage.java:496)
at automationFramework.TSBoostCheckOut.BoostCheckoutNotBoostMember(TSBoostCheckOut.java:67)
at java.util.concurrent.ThreadPoolExecutor.runWorker(Unknown Source)
at java.util.concurrent.ThreadPoolExecutor$Worker.run(Unknown Source)
at java.lang.Thread.run(Unknown Source)
... Removed 14 stack frames]]>
    </failure>
  </testcase> <!-- BoostCheckoutNotBoostMember -->
  <testcase name="BoostCheckoutNotBoostMember" time="286.647" classname="automationFramework.TSBoostCheckOut">
    <failure type="java.lang.NullPointerException">
      <![CDATA[java.lang.NullPointerException
at appModule.Listeners.onTestFailure(Listeners.java:51)
at java.util.concurrent.ThreadPoolExecutor.runWorker(Unknown Source)
at java.util.concurrent.ThreadPoolExecutor$Worker.run(Unknown Source)
at java.lang.Thread.run(Unknown Source)
... Removed 7 stack frames]]>
    </failure>
  </testcase> <!-- BoostCheckoutNotBoostMember -->
</testsuite> <!-- three -->
