<html>
<head>
<title>TestNG:  two</title>
<link href="../testng.css" rel="stylesheet" type="text/css" />
<link href="../my-testng.css" rel="stylesheet" type="text/css" />

<style type="text/css">
.log { display: none;} 
.stack-trace { display: none;} 
</style>
<script type="text/javascript">
<!--
function flip(e) {
  current = e.style.display;
  if (current == 'block') {
    e.style.display = 'none';
    return 0;
  }
  else {
    e.style.display = 'block';
    return 1;
  }
}

function toggleBox(szDivId, elem, msg1, msg2)
{
  var res = -1;  if (document.getElementById) {
    res = flip(document.getElementById(szDivId));
  }
  else if (document.all) {
    // this is the way old msie versions work
    res = flip(document.all[szDivId]);
  }
  if(elem) {
    if(res == 0) elem.innerHTML = msg1; else elem.innerHTML = msg2;
  }

}

function toggleAllBoxes() {
  if (document.getElementsByTagName) {
    d = document.getElementsByTagName('div');
    for (i = 0; i < d.length; i++) {
      if (d[i].className == 'log') {
        flip(d[i]);
      }
    }
  }
}

// -->
</script>

</head>
<body>
<h2 align='center'>two</h2><table border='1' align="center">
<tr>
<td>Tests passed/Failed/Skipped:</td><td>27/0/0</td>
</tr><tr>
<td>Started on:</td><td>Mon Oct 14 16:44:08 PDT 2019</td>
</tr>
<tr><td>Total time:</td><td>671 seconds (671719 ms)</td>
</tr><tr>
<td>Included groups:</td><td></td>
</tr><tr>
<td>Excluded groups:</td><td></td>
</tr>
</table><p/>
<small><i>(Hover the method name to see the test class name)</i></small><p/>
<table width='100%' border='1' class='invocation-failed'>
<tr><td colspan='4' align='center'><b>FAILED TESTS</b></td></tr>
<tr><td><b>Test method</b></td>
<td width="30%"><b>Exception</b></td>
<td width="10%"><b>Time (seconds)</b></td>
<td><b>Instance</b></td>
</tr>
<tr>
<td title='automationFramework.TSCheckout.BasicCheckout()'><b>BasicCheckout</b><br>Test class: automationFramework.TSCheckout</td>
<td><div><pre>org.openqa.selenium.NoSuchElementException: no such element: Unable to locate element: {&quot;method&quot;:&quot;css selector&quot;,&quot;selector&quot;:&quot;#navCart &gt; span.glyphicon.glyphicon-shopping-cart&quot;}
  (Session info: chrome=77.0.3865.120)
  (Driver info: chromedriver=2.43.600210 (68dcf5eebde37173d4027fa8635e332711d2874a),platform=Windows NT 6.1.7601 SP1 x86_64) (WARNING: The server did not provide any stacktrace information)
Command duration or timeout: 0 milliseconds
For documentation on this error, please visit: https://www.seleniumhq.org/exceptions/no_such_element.html
Build info: version: &apos;3.141.59&apos;, revision: &apos;e82be7d358&apos;, time: &apos;2018-11-14T08:25:48&apos;
System info: host: &apos;LT-MRADFORD2&apos;, ip: &apos;10.200.25.82&apos;, os.name: &apos;Windows 7&apos;, os.arch: &apos;amd64&apos;, os.version: &apos;6.1&apos;, java.version: &apos;1.8.0_211&apos;
Driver info: org.openqa.selenium.chrome.ChromeDriver
Capabilities {acceptInsecureCerts: false, acceptSslCerts: false, applicationCacheEnabled: false, browserConnectionEnabled: false, browserName: chrome, chrome: {chromedriverVersion: 2.43.600210 (68dcf5eebde371..., userDataDir: C:\Users\mradford\AppData\L...}, cssSelectorsEnabled: true, databaseEnabled: false, goog:chromeOptions: {debuggerAddress: localhost:43645}, handlesAlerts: true, hasTouchScreen: false, javascriptEnabled: true, locationContextEnabled: true, mobileEmulationEnabled: false, nativeEvents: true, networkConnectionEnabled: false, pageLoadStrategy: normal, platform: XP, platformName: XP, rotatable: false, setWindowRect: true, takesHeapSnapshot: true, takesScreenshot: true, unexpectedAlertBehaviour: , unhandledPromptBehavior: , version: 77.0.3865.120, webStorageEnabled: true}
Session ID: 22060bf3b24b4d8f6b6a824f724ba76b
*** Element info: {Using=css selector, value=#navCart &gt; span.glyphicon.glyphicon-shopping-cart}
	at org.openqa.selenium.remote.ErrorHandler.createThrowable(ErrorHandler.java:214)
	at org.openqa.selenium.remote.ErrorHandler.throwIfResponseFailed(ErrorHandler.java:166)
	at org.openqa.selenium.remote.http.JsonHttpResponseCodec.reconstructValue(JsonHttpResponseCodec.java:40)
	at org.openqa.selenium.remote.http.AbstractHttpResponseCodec.decode(AbstractHttpResponseCodec.java:80)
	at org.openqa.selenium.remote.http.AbstractHttpResponseCodec.decode(AbstractHttpResponseCodec.java:44)
	at org.openqa.selenium.remote.HttpCommandExecutor.execute(HttpCommandExecutor.java:158)
	at org.openqa.selenium.remote.service.DriverCommandExecutor.execute(DriverCommandExecutor.java:83)
	at org.openqa.selenium.remote.RemoteWebDriver.execute(RemoteWebDriver.java:552)
	at org.openqa.selenium.remote.RemoteWebDriver.findElement(RemoteWebDriver.java:323)
	at org.openqa.selenium.remote.RemoteWebDriver.findElementByCssSelector(RemoteWebDriver.java:420)
	at org.openqa.selenium.By$ByCssSelector.findElement(By.java:431)
	at org.openqa.selenium.remote.RemoteWebDriver.findElement(RemoteWebDriver.java:315)
	at pageObjects.HomePage.lnk_Cart(HomePage.java:413)
	at pageObjects.cartPage.EmptyCart(cartPage.java:387)
	at pageObjects.cartPage.AddItemToCart(cartPage.java:400)
	at pageObjects.cartPage.CheckOut(cartPage.java:496)
	at automationFramework.TSCheckout.BasicCheckout(TSCheckout.java:57)
	at java.util.concurrent.ThreadPoolExecutor.runWorker(Unknown Source)
	at java.util.concurrent.ThreadPoolExecutor$Worker.run(Unknown Source)
	at java.lang.Thread.run(Unknown Source)
... Removed 14 stack frames</pre></div><a href='#' onClick='toggleBox("stack-trace653515020", this, "Click to show all stack frames", "Click to hide stack frames")'>Click to show all stack frames</a>
<div class='stack-trace' id='stack-trace653515020'><pre>org.openqa.selenium.NoSuchElementException: no such element: Unable to locate element: {&quot;method&quot;:&quot;css selector&quot;,&quot;selector&quot;:&quot;#navCart &gt; span.glyphicon.glyphicon-shopping-cart&quot;}
  (Session info: chrome=77.0.3865.120)
  (Driver info: chromedriver=2.43.600210 (68dcf5eebde37173d4027fa8635e332711d2874a),platform=Windows NT 6.1.7601 SP1 x86_64) (WARNING: The server did not provide any stacktrace information)
Command duration or timeout: 0 milliseconds
For documentation on this error, please visit: https://www.seleniumhq.org/exceptions/no_such_element.html
Build info: version: &apos;3.141.59&apos;, revision: &apos;e82be7d358&apos;, time: &apos;2018-11-14T08:25:48&apos;
System info: host: &apos;LT-MRADFORD2&apos;, ip: &apos;10.200.25.82&apos;, os.name: &apos;Windows 7&apos;, os.arch: &apos;amd64&apos;, os.version: &apos;6.1&apos;, java.version: &apos;1.8.0_211&apos;
Driver info: org.openqa.selenium.chrome.ChromeDriver
Capabilities {acceptInsecureCerts: false, acceptSslCerts: false, applicationCacheEnabled: false, browserConnectionEnabled: false, browserName: chrome, chrome: {chromedriverVersion: 2.43.600210 (68dcf5eebde371..., userDataDir: C:\Users\mradford\AppData\L...}, cssSelectorsEnabled: true, databaseEnabled: false, goog:chromeOptions: {debuggerAddress: localhost:43645}, handlesAlerts: true, hasTouchScreen: false, javascriptEnabled: true, locationContextEnabled: true, mobileEmulationEnabled: false, nativeEvents: true, networkConnectionEnabled: false, pageLoadStrategy: normal, platform: XP, platformName: XP, rotatable: false, setWindowRect: true, takesHeapSnapshot: true, takesScreenshot: true, unexpectedAlertBehaviour: , unhandledPromptBehavior: , version: 77.0.3865.120, webStorageEnabled: true}
Session ID: 22060bf3b24b4d8f6b6a824f724ba76b
*** Element info: {Using=css selector, value=#navCart &gt; span.glyphicon.glyphicon-shopping-cart}
	at sun.reflect.NativeConstructorAccessorImpl.newInstance0(Native Method)
	at sun.reflect.NativeConstructorAccessorImpl.newInstance(Unknown Source)
	at sun.reflect.DelegatingConstructorAccessorImpl.newInstance(Unknown Source)
	at java.lang.reflect.Constructor.newInstance(Unknown Source)
	at org.openqa.selenium.remote.ErrorHandler.createThrowable(ErrorHandler.java:214)
	at org.openqa.selenium.remote.ErrorHandler.throwIfResponseFailed(ErrorHandler.java:166)
	at org.openqa.selenium.remote.http.JsonHttpResponseCodec.reconstructValue(JsonHttpResponseCodec.java:40)
	at org.openqa.selenium.remote.http.AbstractHttpResponseCodec.decode(AbstractHttpResponseCodec.java:80)
	at org.openqa.selenium.remote.http.AbstractHttpResponseCodec.decode(AbstractHttpResponseCodec.java:44)
	at org.openqa.selenium.remote.HttpCommandExecutor.execute(HttpCommandExecutor.java:158)
	at org.openqa.selenium.remote.service.DriverCommandExecutor.execute(DriverCommandExecutor.java:83)
	at org.openqa.selenium.remote.RemoteWebDriver.execute(RemoteWebDriver.java:552)
	at org.openqa.selenium.remote.RemoteWebDriver.findElement(RemoteWebDriver.java:323)
	at org.openqa.selenium.remote.RemoteWebDriver.findElementByCssSelector(RemoteWebDriver.java:420)
	at org.openqa.selenium.By$ByCssSelector.findElement(By.java:431)
	at org.openqa.selenium.remote.RemoteWebDriver.findElement(RemoteWebDriver.java:315)
	at pageObjects.HomePage.lnk_Cart(HomePage.java:413)
	at pageObjects.cartPage.EmptyCart(cartPage.java:387)
	at pageObjects.cartPage.AddItemToCart(cartPage.java:400)
	at pageObjects.cartPage.CheckOut(cartPage.java:496)
	at automationFramework.TSCheckout.BasicCheckout(TSCheckout.java:57)
	at sun.reflect.NativeMethodAccessorImpl.invoke0(Native Method)
	at sun.reflect.NativeMethodAccessorImpl.invoke(Unknown Source)
	at sun.reflect.DelegatingMethodAccessorImpl.invoke(Unknown Source)
	at java.lang.reflect.Method.invoke(Unknown Source)
	at org.testng.internal.MethodInvocationHelper.invokeMethod(MethodInvocationHelper.java:124)
	at org.testng.internal.Invoker.invokeMethod(Invoker.java:583)
	at org.testng.internal.Invoker.invokeTestMethod(Invoker.java:719)
	at org.testng.internal.Invoker.invokeTestMethods(Invoker.java:989)
	at org.testng.internal.TestMethodWorker.invokeTestMethods(TestMethodWorker.java:125)
	at org.testng.internal.TestMethodWorker.run(TestMethodWorker.java:109)
	at java.util.concurrent.ThreadPoolExecutor.runWorker(Unknown Source)
	at java.util.concurrent.ThreadPoolExecutor$Worker.run(Unknown Source)
	at java.lang.Thread.run(Unknown Source)
</pre></div></td>
<td>12</td>
<td>automationFramework.TSCheckout@589838eb</td></tr>
<tr>
<td title='automationFramework.TSCheckout.BasicCheckout()'><b>BasicCheckout</b><br>Test class: automationFramework.TSCheckout</td>
<td><div><pre>java.lang.NullPointerException
	at appModule.Listeners.onTestFailure(Listeners.java:51)
	at java.util.concurrent.ThreadPoolExecutor.runWorker(Unknown Source)
	at java.util.concurrent.ThreadPoolExecutor$Worker.run(Unknown Source)
	at java.lang.Thread.run(Unknown Source)
... Removed 7 stack frames</pre></div><a href='#' onClick='toggleBox("stack-trace1011481270", this, "Click to show all stack frames", "Click to hide stack frames")'>Click to show all stack frames</a>
<div class='stack-trace' id='stack-trace1011481270'><pre>java.lang.NullPointerException
	at appModule.Listeners.onTestFailure(Listeners.java:51)
	at org.testng.internal.TestListenerHelper.runTestListeners(TestListenerHelper.java:67)
	at org.testng.internal.Invoker.runTestListeners(Invoker.java:1389)
	at org.testng.internal.Invoker.invokeMethod(Invoker.java:636)
	at org.testng.internal.Invoker.invokeTestMethod(Invoker.java:719)
	at org.testng.internal.Invoker.invokeTestMethods(Invoker.java:989)
	at org.testng.internal.TestMethodWorker.invokeTestMethods(TestMethodWorker.java:125)
	at org.testng.internal.TestMethodWorker.run(TestMethodWorker.java:109)
	at java.util.concurrent.ThreadPoolExecutor.runWorker(Unknown Source)
	at java.util.concurrent.ThreadPoolExecutor$Worker.run(Unknown Source)
	at java.lang.Thread.run(Unknown Source)
</pre></div></td>
<td>12</td>
<td>automationFramework.TSCheckout@589838eb</td></tr>
<tr>
<td title='automationFramework.TSChangePassword.ChangePassword()'><b>ChangePassword</b><br>Test class: automationFramework.TSChangePassword</td>
<td><div><pre>java.lang.AssertionError: expected [true] but found [false]
	at automationFramework.TSChangePassword.ChangePassword(TSChangePassword.java:69)
	at java.util.concurrent.ThreadPoolExecutor.runWorker(Unknown Source)
	at java.util.concurrent.ThreadPoolExecutor$Worker.run(Unknown Source)
	at java.lang.Thread.run(Unknown Source)
... Removed 16 stack frames</pre></div><a href='#' onClick='toggleBox("stack-trace1365197105", this, "Click to show all stack frames", "Click to hide stack frames")'>Click to show all stack frames</a>
<div class='stack-trace' id='stack-trace1365197105'><pre>java.lang.AssertionError: expected [true] but found [false]
	at org.testng.Assert.fail(Assert.java:96)
	at org.testng.Assert.failNotEquals(Assert.java:776)
	at org.testng.Assert.assertEqualsImpl(Assert.java:137)
	at org.testng.Assert.assertEquals(Assert.java:118)
	at org.testng.Assert.assertEquals(Assert.java:568)
	at org.testng.Assert.assertEquals(Assert.java:578)
	at automationFramework.TSChangePassword.ChangePassword(TSChangePassword.java:69)
	at sun.reflect.NativeMethodAccessorImpl.invoke0(Native Method)
	at sun.reflect.NativeMethodAccessorImpl.invoke(Unknown Source)
	at sun.reflect.DelegatingMethodAccessorImpl.invoke(Unknown Source)
	at java.lang.reflect.Method.invoke(Unknown Source)
	at org.testng.internal.MethodInvocationHelper.invokeMethod(MethodInvocationHelper.java:124)
	at org.testng.internal.Invoker.invokeMethod(Invoker.java:583)
	at org.testng.internal.Invoker.invokeTestMethod(Invoker.java:719)
	at org.testng.internal.Invoker.invokeTestMethods(Invoker.java:989)
	at org.testng.internal.TestMethodWorker.invokeTestMethods(TestMethodWorker.java:125)
	at org.testng.internal.TestMethodWorker.run(TestMethodWorker.java:109)
	at java.util.concurrent.ThreadPoolExecutor.runWorker(Unknown Source)
	at java.util.concurrent.ThreadPoolExecutor$Worker.run(Unknown Source)
	at java.lang.Thread.run(Unknown Source)
</pre></div></td>
<td>368</td>
<td>automationFramework.TSChangePassword@3c0ecd4b</td></tr>
<tr>
<td title='automationFramework.TSChangePassword.ChangePassword()'><b>ChangePassword</b><br>Test class: automationFramework.TSChangePassword</td>
<td><div><pre>java.lang.NullPointerException
	at appModule.Listeners.onTestFailure(Listeners.java:51)
	at java.util.concurrent.ThreadPoolExecutor.runWorker(Unknown Source)
	at java.util.concurrent.ThreadPoolExecutor$Worker.run(Unknown Source)
	at java.lang.Thread.run(Unknown Source)
... Removed 7 stack frames</pre></div><a href='#' onClick='toggleBox("stack-trace1951500432", this, "Click to show all stack frames", "Click to hide stack frames")'>Click to show all stack frames</a>
<div class='stack-trace' id='stack-trace1951500432'><pre>java.lang.NullPointerException
	at appModule.Listeners.onTestFailure(Listeners.java:51)
	at org.testng.internal.TestListenerHelper.runTestListeners(TestListenerHelper.java:67)
	at org.testng.internal.Invoker.runTestListeners(Invoker.java:1389)
	at org.testng.internal.Invoker.invokeMethod(Invoker.java:636)
	at org.testng.internal.Invoker.invokeTestMethod(Invoker.java:719)
	at org.testng.internal.Invoker.invokeTestMethods(Invoker.java:989)
	at org.testng.internal.TestMethodWorker.invokeTestMethods(TestMethodWorker.java:125)
	at org.testng.internal.TestMethodWorker.run(TestMethodWorker.java:109)
	at java.util.concurrent.ThreadPoolExecutor.runWorker(Unknown Source)
	at java.util.concurrent.ThreadPoolExecutor$Worker.run(Unknown Source)
	at java.lang.Thread.run(Unknown Source)
</pre></div></td>
<td>369</td>
<td>automationFramework.TSChangePassword@3c0ecd4b</td></tr>
</table><p>
<table width='100%' border='1' class='invocation-passed'>
<tr><td colspan='4' align='center'><b>PASSED TESTS</b></td></tr>
<tr><td><b>Test method</b></td>
<td width="30%"><b>Exception</b></td>
<td width="10%"><b>Time (seconds)</b></td>
<td><b>Instance</b></td>
</tr>
<tr>
<td title='automationFramework.TSRestrictionCheck.BasicRestrictionCheck()'><b>BasicRestrictionCheck</b><br>Test class: automationFramework.TSRestrictionCheck</td>
<td></td>
<td>354</td>
<td>automationFramework.TSRestrictionCheck@5f341870</td></tr>
<tr>
<td title='automationFramework.TSCatalogTest.CatalogTest()'><b>CatalogTest</b><br>Test class: automationFramework.TSCatalogTest</td>
<td></td>
<td>10</td>
<td>automationFramework.TSCatalogTest@42dafa95</td></tr>
<tr>
<td title='automationFramework.TSArticle.CheckArticlePage()'><b>CheckArticlePage</b><br>Test class: automationFramework.TSArticle</td>
<td></td>
<td>15</td>
<td>automationFramework.TSArticle@4f7d0008</td></tr>
<tr>
<td title='automationFramework.TSLogin.CheckLoginError()'><b>CheckLoginError</b><br>Test class: automationFramework.TSLogin<br>Parameters: matttest@foobar, B00ker99!, false, The email address or password you entered doesn't match our records. Please re-enter your information and try again.</td>
<td></td>
<td>6</td>
<td>automationFramework.TSLogin@271053e1</td></tr>
<tr>
<td title='automationFramework.TSLogin.CheckLoginError()'><b>CheckLoginError</b><br>Test class: automationFramework.TSLogin<br>Parameters: matttest@foobar.net, Somepassword, false, The email address or password you entered doesn't match our records. Please re-enter your information and try again.</td>
<td></td>
<td>182</td>
<td>automationFramework.TSLogin@271053e1</td></tr>
<tr>
<td title='automationFramework.TSLogin.CheckLoginError()'><b>CheckLoginError</b><br>Test class: automationFramework.TSLogin<br>Parameters: , Somepassword, false, Please enter your email address.</td>
<td></td>
<td>99</td>
<td>automationFramework.TSLogin@271053e1</td></tr>
<tr>
<td title='automationFramework.TSLogin.CheckLoginError()'><b>CheckLoginError</b><br>Test class: automationFramework.TSLogin<br>Parameters: matttest@foobar.net, , false, Please enter your password.</td>
<td></td>
<td>33</td>
<td>automationFramework.TSLogin@271053e1</td></tr>
<tr>
<td title='automationFramework.TSEditOrg.EditOrg()'><b>EditOrg</b><br>Test class: automationFramework.TSEditOrg</td>
<td></td>
<td>221</td>
<td>automationFramework.TSEditOrg@14bf9759</td></tr>
<tr>
<td title='automationFramework.TSJoin.Join_TS()'><b>Join_TS</b><br>Test class: automationFramework.TSJoin</td>
<td></td>
<td>10</td>
<td>automationFramework.TSJoin@553f17c</td></tr>
<tr>
<td title='automationFramework.TSJoin.VerifyJoinErrorMessages()'><b>VerifyJoinErrorMessages</b><br>Test class: automationFramework.TSJoin</td>
<td></td>
<td>2</td>
<td>automationFramework.TSJoin@553f17c</td></tr>
<tr>
<td title='automationFramework.TSJoin.VerifyJoinTS()'><b>VerifyJoinTS</b><br>Test class: automationFramework.TSJoin</td>
<td></td>
<td>5</td>
<td>automationFramework.TSJoin@553f17c</td></tr>
<tr>
<td title='automationFramework.TSJoin.VerifyPWMessages()'><b>VerifyPWMessages</b><br>Test class: automationFramework.TSJoin<br>Parameters: Hash #, XLOW3RSx#</td>
<td></td>
<td>3</td>
<td>automationFramework.TSJoin@553f17c</td></tr>
<tr>
<td title='automationFramework.TSJoin.VerifyPWMessages()'><b>VerifyPWMessages</b><br>Test class: automationFramework.TSJoin<br>Parameters: back slash /, XLOW3RSx/</td>
<td></td>
<td>2</td>
<td>automationFramework.TSJoin@553f17c</td></tr>
<tr>
<td title='automationFramework.TSJoin.VerifyPWMessages()'><b>VerifyPWMessages</b><br>Test class: automationFramework.TSJoin<br>Parameters: ampersand &, XLOW3RSx&</td>
<td></td>
<td>2</td>
<td>automationFramework.TSJoin@553f17c</td></tr>
<tr>
<td title='automationFramework.TSJoin.VerifyPWMessages()'><b>VerifyPWMessages</b><br>Test class: automationFramework.TSJoin<br>Parameters: less than <, XLOW3RSx<</td>
<td></td>
<td>1</td>
<td>automationFramework.TSJoin@553f17c</td></tr>
<tr>
<td title='automationFramework.TSJoin.VerifyPWMessages()'><b>VerifyPWMessages</b><br>Test class: automationFramework.TSJoin<br>Parameters: greater than >, XLOW3RSx3></td>
<td></td>
<td>2</td>
<td>automationFramework.TSJoin@553f17c</td></tr>
<tr>
<td title='automationFramework.TSJoin.VerifyPWMessages()'><b>VerifyPWMessages</b><br>Test class: automationFramework.TSJoin<br>Parameters: All disallowed chars, XLOW3RSx3<>/&#</td>
<td></td>
<td>2</td>
<td>automationFramework.TSJoin@553f17c</td></tr>
<tr>
<td title='automationFramework.TSJoin.VerifyPWMessages()'><b>VerifyPWMessages</b><br>Test class: automationFramework.TSJoin<br>Parameters: no lower case, XLOW3RSE</td>
<td></td>
<td>2</td>
<td>automationFramework.TSJoin@553f17c</td></tr>
<tr>
<td title='automationFramework.TSJoin.VerifyValidPW()'><b>VerifyValidPW</b><br>Test class: automationFramework.TSJoin<br>Parameters: Carat ^, XLOW3RSx^</td>
<td></td>
<td>2</td>
<td>automationFramework.TSJoin@553f17c</td></tr>
<tr>
<td title='automationFramework.TSJoin.VerifyValidPW()'><b>VerifyValidPW</b><br>Test class: automationFramework.TSJoin<br>Parameters: Exclamation point, !, XLOW3RSx!</td>
<td></td>
<td>2</td>
<td>automationFramework.TSJoin@553f17c</td></tr>
<tr>
<td title='automationFramework.TSJoin.VerifyValidPW()'><b>VerifyValidPW</b><br>Test class: automationFramework.TSJoin<br>Parameters: At sign @, XLOW3RSx@</td>
<td></td>
<td>3</td>
<td>automationFramework.TSJoin@553f17c</td></tr>
<tr>
<td title='automationFramework.TSJoin.VerifyValidPW()'><b>VerifyValidPW</b><br>Test class: automationFramework.TSJoin<br>Parameters: Dollar $, XLOW3RSx$</td>
<td></td>
<td>2</td>
<td>automationFramework.TSJoin@553f17c</td></tr>
<tr>
<td title='automationFramework.TSJoin.VerifyValidPW()'><b>VerifyValidPW</b><br>Test class: automationFramework.TSJoin<br>Parameters: Percent %, XLOW3RSx3%</td>
<td></td>
<td>2</td>
<td>automationFramework.TSJoin@553f17c</td></tr>
<tr>
<td title='automationFramework.TSJoin.VerifyValidPW()'><b>VerifyValidPW</b><br>Test class: automationFramework.TSJoin<br>Parameters: Open Paren (, XLOW3RSx3(</td>
<td></td>
<td>2</td>
<td>automationFramework.TSJoin@553f17c</td></tr>
<tr>
<td title='automationFramework.TSJoin.VerifyValidPW()'><b>VerifyValidPW</b><br>Test class: automationFramework.TSJoin<br>Parameters: Close Paren ), XLOW3RSx3)</td>
<td></td>
<td>2</td>
<td>automationFramework.TSJoin@553f17c</td></tr>
<tr>
<td title='automationFramework.TSJoin.VerifyValidPW()'><b>VerifyValidPW</b><br>Test class: automationFramework.TSJoin<br>Parameters: Dash/hyphen -, XLOW3RSx3-</td>
<td></td>
<td>2</td>
<td>automationFramework.TSJoin@553f17c</td></tr>
<tr>
<td title='automationFramework.TSJoin.VerifyValidPW()'><b>VerifyValidPW</b><br>Test class: automationFramework.TSJoin<br>Parameters: Under_Score _ , XLOW3RSx3_</td>
<td></td>
<td>2</td>
<td>automationFramework.TSJoin@553f17c</td></tr>
</table><p>
</body>
</html>