<?xml version="1.0" encoding="UTF-8"?>
<!-- Generated by org.testng.reporters.JUnitXMLReporter -->
<testsuite hostname="LT-MRADFORD2" ignored="0" name="two" tests="31" failures="4" timestamp="14 Oct 2019 23:55:20 GMT" time="671.719" errors="0">
  <testcase name="EditOrg" time="221.64" classname="automationFramework.TSEditOrg"/>
  <testcase name="Join_TS" time="10.215" classname="automationFramework.TSJoin"/>
  <testcase name="VerifyJoinErrorMessages" time="2.764" classname="automationFramework.TSJoin"/>
  <testcase name="VerifyJoinTS" time="5.44" classname="automationFramework.TSJoin"/>
  <testcase name="VerifyPWMessages" time="3.052" classname="automationFramework.TSJoin"/>
  <testcase name="VerifyPWMessages" time="2.084" classname="automationFramework.TSJoin"/>
  <testcase name="VerifyPWMessages" time="2.531" classname="automationFramework.TSJoin"/>
  <testcase name="VerifyPWMessages" time="1.848" classname="automationFramework.TSJoin"/>
  <testcase name="VerifyPWMessages" time="2.331" classname="automationFramework.TSJoin"/>
  <testcase name="VerifyPWMessages" time="2.036" classname="automationFramework.TSJoin"/>
  <testcase name="VerifyPWMessages" time="2.542" classname="automationFramework.TSJoin"/>
  <testcase name="VerifyValidPW" time="2.087" classname="automationFramework.TSJoin"/>
  <testcase name="VerifyValidPW" time="2.116" classname="automationFramework.TSJoin"/>
  <testcase name="VerifyValidPW" time="3.018" classname="automationFramework.TSJoin"/>
  <testcase name="VerifyValidPW" time="2.556" classname="automationFramework.TSJoin"/>
  <testcase name="VerifyValidPW" time="2.26" classname="automationFramework.TSJoin"/>
  <testcase name="VerifyValidPW" time="2.017" classname="automationFramework.TSJoin"/>
  <testcase name="VerifyValidPW" time="2.388" classname="automationFramework.TSJoin"/>
  <testcase name="VerifyValidPW" time="2.036" classname="automationFramework.TSJoin"/>
  <testcase name="VerifyValidPW" time="2.349" classname="automationFramework.TSJoin"/>
  <testcase name="CheckArticlePage" time="15.129" classname="automationFramework.TSArticle"/>
  <testcase name="CheckLoginError" time="6.908" classname="automationFramework.TSLogin"/>
  <testcase name="BasicRestrictionCheck" time="354.215" classname="automationFramework.TSRestrictionCheck"/>
  <testcase name="BasicCheckout" time="12.164" classname="automationFramework.TSCheckout">
    <failure type="org.openqa.selenium.NoSuchElementException" message="no such element: Unable to locate element: {&amp;quot;method&amp;quot;:&amp;quot;css selector&amp;quot;,&amp;quot;selector&amp;quot;:&amp;quot;#navCart &amp;gt; span.glyphicon.glyphicon-shopping-cart&amp;quot;}
  (Session info: chrome=77.0.3865.120)
  (Driver info: chromedriver=2.43.600210 (68dcf5eebde37173d4027fa8635e332711d2874a),platform=Windows NT 6.1.7601 SP1 x86_64) (WARNING: The server did not provide any stacktrace information)
Command duration or timeout: 0 milliseconds
For documentation on this error, please visit: https://www.seleniumhq.org/exceptions/no_such_element.html
Build info: version: &amp;apos;3.141.59&amp;apos;, revision: &amp;apos;e82be7d358&amp;apos;, time: &amp;apos;2018-11-14T08:25:48&amp;apos;
System info: host: &amp;apos;LT-MRADFORD2&amp;apos;, ip: &amp;apos;10.200.25.82&amp;apos;, os.name: &amp;apos;Windows 7&amp;apos;, os.arch: &amp;apos;amd64&amp;apos;, os.version: &amp;apos;6.1&amp;apos;, java.version: &amp;apos;1.8.0_211&amp;apos;
Driver info: org.openqa.selenium.chrome.ChromeDriver
Capabilities {acceptInsecureCerts: false, acceptSslCerts: false, applicationCacheEnabled: false, browserConnectionEnabled: false, browserName: chrome, chrome: {chromedriverVersion: 2.43.600210 (68dcf5eebde371..., userDataDir: C:\Users\mradford\AppData\L...}, cssSelectorsEnabled: true, databaseEnabled: false, goog:chromeOptions: {debuggerAddress: localhost:43645}, handlesAlerts: true, hasTouchScreen: false, javascriptEnabled: true, locationContextEnabled: true, mobileEmulationEnabled: false, nativeEvents: true, networkConnectionEnabled: false, pageLoadStrategy: normal, platform: XP, platformName: XP, rotatable: false, setWindowRect: true, takesHeapSnapshot: true, takesScreenshot: true, unexpectedAlertBehaviour: , unhandledPromptBehavior: , version: 77.0.3865.120, webStorageEnabled: true}
Session ID: 22060bf3b24b4d8f6b6a824f724ba76b
*** Element info: {Using=css selector, value=#navCart &amp;gt; span.glyphicon.glyphicon-shopping-cart}">
      <![CDATA[org.openqa.selenium.NoSuchElementException: no such element: Unable to locate element: {"method":"css selector","selector":"#navCart > span.glyphicon.glyphicon-shopping-cart"}
  (Session info: chrome=77.0.3865.120)
  (Driver info: chromedriver=2.43.600210 (68dcf5eebde37173d4027fa8635e332711d2874a),platform=Windows NT 6.1.7601 SP1 x86_64) (WARNING: The server did not provide any stacktrace information)
Command duration or timeout: 0 milliseconds
For documentation on this error, please visit: https://www.seleniumhq.org/exceptions/no_such_element.html
Build info: version: '3.141.59', revision: 'e82be7d358', time: '2018-11-14T08:25:48'
System info: host: 'LT-MRADFORD2', ip: '10.200.25.82', os.name: 'Windows 7', os.arch: 'amd64', os.version: '6.1', java.version: '1.8.0_211'
Driver info: org.openqa.selenium.chrome.ChromeDriver
Capabilities {acceptInsecureCerts: false, acceptSslCerts: false, applicationCacheEnabled: false, browserConnectionEnabled: false, browserName: chrome, chrome: {chromedriverVersion: 2.43.600210 (68dcf5eebde371..., userDataDir: C:\Users\mradford\AppData\L...}, cssSelectorsEnabled: true, databaseEnabled: false, goog:chromeOptions: {debuggerAddress: localhost:43645}, handlesAlerts: true, hasTouchScreen: false, javascriptEnabled: true, locationContextEnabled: true, mobileEmulationEnabled: false, nativeEvents: true, networkConnectionEnabled: false, pageLoadStrategy: normal, platform: XP, platformName: XP, rotatable: false, setWindowRect: true, takesHeapSnapshot: true, takesScreenshot: true, unexpectedAlertBehaviour: , unhandledPromptBehavior: , version: 77.0.3865.120, webStorageEnabled: true}
Session ID: 22060bf3b24b4d8f6b6a824f724ba76b
*** Element info: {Using=css selector, value=#navCart > span.glyphicon.glyphicon-shopping-cart}
at org.openqa.selenium.remote.ErrorHandler.createThrowable(ErrorHandler.java:214)
at org.openqa.selenium.remote.ErrorHandler.throwIfResponseFailed(ErrorHandler.java:166)
at org.openqa.selenium.remote.http.JsonHttpResponseCodec.reconstructValue(JsonHttpResponseCodec.java:40)
at org.openqa.selenium.remote.http.AbstractHttpResponseCodec.decode(AbstractHttpResponseCodec.java:80)
at org.openqa.selenium.remote.http.AbstractHttpResponseCodec.decode(AbstractHttpResponseCodec.java:44)
at org.openqa.selenium.remote.HttpCommandExecutor.execute(HttpCommandExecutor.java:158)
at org.openqa.selenium.remote.service.DriverCommandExecutor.execute(DriverCommandExecutor.java:83)
at org.openqa.selenium.remote.RemoteWebDriver.execute(RemoteWebDriver.java:552)
at org.openqa.selenium.remote.RemoteWebDriver.findElement(RemoteWebDriver.java:323)
at org.openqa.selenium.remote.RemoteWebDriver.findElementByCssSelector(RemoteWebDriver.java:420)
at org.openqa.selenium.By$ByCssSelector.findElement(By.java:431)
at org.openqa.selenium.remote.RemoteWebDriver.findElement(RemoteWebDriver.java:315)
at pageObjects.HomePage.lnk_Cart(HomePage.java:413)
at pageObjects.cartPage.EmptyCart(cartPage.java:387)
at pageObjects.cartPage.AddItemToCart(cartPage.java:400)
at pageObjects.cartPage.CheckOut(cartPage.java:496)
at automationFramework.TSCheckout.BasicCheckout(TSCheckout.java:57)
at java.util.concurrent.ThreadPoolExecutor.runWorker(Unknown Source)
at java.util.concurrent.ThreadPoolExecutor$Worker.run(Unknown Source)
at java.lang.Thread.run(Unknown Source)
... Removed 14 stack frames]]>
    </failure>
  </testcase> <!-- BasicCheckout -->
  <testcase name="BasicCheckout" time="12.902" classname="automationFramework.TSCheckout">
    <failure type="java.lang.NullPointerException">
      <![CDATA[java.lang.NullPointerException
at appModule.Listeners.onTestFailure(Listeners.java:51)
at java.util.concurrent.ThreadPoolExecutor.runWorker(Unknown Source)
at java.util.concurrent.ThreadPoolExecutor$Worker.run(Unknown Source)
at java.lang.Thread.run(Unknown Source)
... Removed 7 stack frames]]>
    </failure>
  </testcase> <!-- BasicCheckout -->
  <testcase name="ChangePassword" time="368.998" classname="automationFramework.TSChangePassword">
    <failure type="java.lang.AssertionError" message="expected [true] but found [false]">
      <![CDATA[java.lang.AssertionError: expected [true] but found [false]
at automationFramework.TSChangePassword.ChangePassword(TSChangePassword.java:69)
at java.util.concurrent.ThreadPoolExecutor.runWorker(Unknown Source)
at java.util.concurrent.ThreadPoolExecutor$Worker.run(Unknown Source)
at java.lang.Thread.run(Unknown Source)
... Removed 16 stack frames]]>
    </failure>
  </testcase> <!-- ChangePassword -->
  <testcase name="ChangePassword" time="369.621" classname="automationFramework.TSChangePassword">
    <failure type="java.lang.NullPointerException">
      <![CDATA[java.lang.NullPointerException
at appModule.Listeners.onTestFailure(Listeners.java:51)
at java.util.concurrent.ThreadPoolExecutor.runWorker(Unknown Source)
at java.util.concurrent.ThreadPoolExecutor$Worker.run(Unknown Source)
at java.lang.Thread.run(Unknown Source)
... Removed 7 stack frames]]>
    </failure>
  </testcase> <!-- ChangePassword -->
  <testcase name="CatalogTest" time="10.505" classname="automationFramework.TSCatalogTest"/>
  <testcase name="CheckLoginError" time="182.294" classname="automationFramework.TSLogin"/>
  <testcase name="CheckLoginError" time="99.327" classname="automationFramework.TSLogin"/>
  <testcase name="CheckLoginError" time="33.082" classname="automationFramework.TSLogin"/>
</testsuite> <!-- two -->
