<?xml version="1.0" encoding="UTF-8"?>
<!-- Generated by org.testng.reporters.JUnitXMLReporter -->
<testsuite hostname="LT-MRADFORD01" ignored="0" name="Prod Verification 11/15 os patch" tests="20" failures="2" timestamp="2021-11-15T15:38:00 PST" time="88.886" errors="0">
  <testcase name="AmpSearchForums" time="5.155" classname="automationFramework.TSSearch"/>
  <testcase name="AmpSearchForums" time="3.723" classname="automationFramework.TSSearch"/>
  <testcase name="AmpSearchForums" time="3.38" classname="automationFramework.TSSearch"/>
  <testcase name="AmpSearchForums" time="3.746" classname="automationFramework.TSSearch"/>
  <testcase name="AmpSearchForums" time="4.179" classname="automationFramework.TSSearch"/>
  <testcase name="AmpSearchForums" time="3.489" classname="automationFramework.TSSearch"/>
  <testcase name="AmpSearchForums" time="4.047" classname="automationFramework.TSSearch"/>
  <testcase name="AmpSearchForums" time="3.211" classname="automationFramework.TSSearch"/>
  <testcase name="AmpSearchForums" time="3.431" classname="automationFramework.TSSearch"/>
  <testcase name="AmpSearchForums" time="3.296" classname="automationFramework.TSSearch"/>
  <testcase name="AmpSearchForums" time="3.675" classname="automationFramework.TSSearch"/>
  <testcase name="AmpSearchForums" time="3.549" classname="automationFramework.TSSearch"/>
  <testcase name="AmpSearchForums" time="3.361" classname="automationFramework.TSSearch"/>
  <testcase name="AmpSearchForums" time="3.752" classname="automationFramework.TSSearch"/>
  <testcase name="AmpSearchForums" time="3.878" classname="automationFramework.TSSearch"/>
  <testcase name="AmpSearchForums" time="3.335" classname="automationFramework.TSSearch"/>
  <testcase name="AmpSearchForums" time="3.853" classname="automationFramework.TSSearch"/>
  <testcase name="AmpSearchForums" time="3.246" classname="automationFramework.TSSearch"/>
  <testcase name="Search" time="13.176" classname="automationFramework.TSSearch">
    <failure type="org.openqa.selenium.NoSuchElementException" message="Unable to locate element: #productSummary &amp;gt; div &amp;gt; div.row.imagecontainer &amp;gt; div &amp;gt; span &amp;gt; dl &amp;gt; ul &amp;gt; li:nth-child(4) &amp;gt; span.prod-value
For documentation on this error, please visit: https://www.seleniumhq.org/exceptions/no_such_element.html
Build info: version: &amp;apos;3.141.59&amp;apos;, revision: &amp;apos;e82be7d358&amp;apos;, time: &amp;apos;2018-11-14T08:25:48&amp;apos;
System info: host: &amp;apos;LT-MRADFORD01&amp;apos;, ip: &amp;apos;10.110.254.26&amp;apos;, os.name: &amp;apos;Windows 10&amp;apos;, os.arch: &amp;apos;amd64&amp;apos;, os.version: &amp;apos;10.0&amp;apos;, java.version: &amp;apos;1.8.0_242&amp;apos;
Driver info: org.openqa.selenium.firefox.FirefoxDriver
Capabilities {acceptInsecureCerts: true, browserName: firefox, browserVersion: 93.0, javascriptEnabled: true, moz:accessibilityChecks: false, moz:buildID: 20210927210923, moz:geckodriverVersion: 0.27.0, moz:headless: false, moz:processID: 30636, moz:profile: C:\Users\mradford\AppData\L..., moz:shutdownTimeout: 60000, moz:useNonSpecCompliantPointerOrigin: false, moz:webdriverClick: true, pageLoadStrategy: normal, platform: WINDOWS, platformName: WINDOWS, platformVersion: 10.0, proxy: Proxy(), setWindowRect: true, strictFileInteractability: false, timeouts: {implicit: 0, pageLoad: 300000, script: 30000}, unhandledPromptBehavior: dismiss and notify}
Session ID: 5f3a5e87-7f88-4ad5-acf9-e4aa9d382c02
*** Element info: {Using=css selector, value=#productSummary &amp;gt; div &amp;gt; div.row.imagecontainer &amp;gt; div &amp;gt; span &amp;gt; dl &amp;gt; ul &amp;gt; li:nth-child(4) &amp;gt; span.prod-value}">
      <![CDATA[org.openqa.selenium.NoSuchElementException: Unable to locate element: #productSummary > div > div.row.imagecontainer > div > span > dl > ul > li:nth-child(4) > span.prod-value
For documentation on this error, please visit: https://www.seleniumhq.org/exceptions/no_such_element.html
Build info: version: '3.141.59', revision: 'e82be7d358', time: '2018-11-14T08:25:48'
System info: host: 'LT-MRADFORD01', ip: '10.110.254.26', os.name: 'Windows 10', os.arch: 'amd64', os.version: '10.0', java.version: '1.8.0_242'
Driver info: org.openqa.selenium.firefox.FirefoxDriver
Capabilities {acceptInsecureCerts: true, browserName: firefox, browserVersion: 93.0, javascriptEnabled: true, moz:accessibilityChecks: false, moz:buildID: 20210927210923, moz:geckodriverVersion: 0.27.0, moz:headless: false, moz:processID: 30636, moz:profile: C:\Users\mradford\AppData\L..., moz:shutdownTimeout: 60000, moz:useNonSpecCompliantPointerOrigin: false, moz:webdriverClick: true, pageLoadStrategy: normal, platform: WINDOWS, platformName: WINDOWS, platformVersion: 10.0, proxy: Proxy(), setWindowRect: true, strictFileInteractability: false, timeouts: {implicit: 0, pageLoad: 300000, script: 30000}, unhandledPromptBehavior: dismiss and notify}
Session ID: 5f3a5e87-7f88-4ad5-acf9-e4aa9d382c02
*** Element info: {Using=css selector, value=#productSummary > div > div.row.imagecontainer > div > span > dl > ul > li:nth-child(4) > span.prod-value}
at org.openqa.selenium.remote.http.W3CHttpResponseCodec.createException(W3CHttpResponseCodec.java:187)
at org.openqa.selenium.remote.http.W3CHttpResponseCodec.decode(W3CHttpResponseCodec.java:122)
at org.openqa.selenium.remote.http.W3CHttpResponseCodec.decode(W3CHttpResponseCodec.java:49)
at org.openqa.selenium.remote.HttpCommandExecutor.execute(HttpCommandExecutor.java:158)
at org.openqa.selenium.remote.service.DriverCommandExecutor.execute(DriverCommandExecutor.java:83)
at org.openqa.selenium.remote.RemoteWebDriver.execute(RemoteWebDriver.java:552)
at org.openqa.selenium.remote.RemoteWebDriver.findElement(RemoteWebDriver.java:323)
at org.openqa.selenium.remote.RemoteWebDriver.findElementByCssSelector(RemoteWebDriver.java:420)
at org.openqa.selenium.By$ByCssSelector.findElement(By.java:431)
at org.openqa.selenium.remote.RemoteWebDriver.findElement(RemoteWebDriver.java:315)
at pageObjects.ProductPage.lblProductID(ProductPage.java:82)
at automationFramework.TSSearch.Search(TSSearch.java:82)
at java.util.ArrayList.forEach(ArrayList.java:1257)
... Removed 31 stack frames]]>
    </failure>
  </testcase> <!-- Search -->
  <testcase name="Search" time="13.331" classname="automationFramework.TSSearch">
    <failure type="java.lang.NullPointerException">
      <![CDATA[java.lang.NullPointerException
at appModule.Listeners.onTestFailure(Listeners.java:51)
at java.util.ArrayList.forEach(ArrayList.java:1257)
... Removed 24 stack frames]]>
    </failure>
  </testcase> <!-- Search -->
</testsuite> <!-- Prod Verification 11/15 os patch -->
