<?xml version="1.0" encoding="UTF-8"?>
<!-- Generated by org.testng.reporters.JUnitXMLReporter -->
<testsuite hostname="LT-MRADFORD01" ignored="0" name="Move to AWS Check" tests="20" failures="2" timestamp="2021-05-07T12:57:53 PDT" time="149.634" errors="0">
  <testcase name="AmpSearchForums" time="25.177" classname="automationFramework.TSSearch"/>
  <testcase name="AmpSearchForums" time="3.93" classname="automationFramework.TSSearch"/>
  <testcase name="AmpSearchForums" time="4.435" classname="automationFramework.TSSearch"/>
  <testcase name="AmpSearchForums" time="4.598" classname="automationFramework.TSSearch"/>
  <testcase name="AmpSearchForums" time="3.929" classname="automationFramework.TSSearch"/>
  <testcase name="AmpSearchForums" time="3.78" classname="automationFramework.TSSearch"/>
  <testcase name="AmpSearchForums" time="4.461" classname="automationFramework.TSSearch"/>
  <testcase name="AmpSearchForums" time="3.405" classname="automationFramework.TSSearch"/>
  <testcase name="AmpSearchForums" time="3.561" classname="automationFramework.TSSearch"/>
  <testcase name="AmpSearchForums" time="3.495" classname="automationFramework.TSSearch"/>
  <testcase name="AmpSearchForums" time="3.606" classname="automationFramework.TSSearch"/>
  <testcase name="AmpSearchForums" time="5.74" classname="automationFramework.TSSearch"/>
  <testcase name="AmpSearchForums" time="3.501" classname="automationFramework.TSSearch"/>
  <testcase name="AmpSearchForums" time="3.615" classname="automationFramework.TSSearch"/>
  <testcase name="AmpSearchForums" time="4.565" classname="automationFramework.TSSearch"/>
  <testcase name="AmpSearchForums" time="3.257" classname="automationFramework.TSSearch"/>
  <testcase name="AmpSearchForums" time="3.792" classname="automationFramework.TSSearch"/>
  <testcase name="AmpSearchForums" time="3.188" classname="automationFramework.TSSearch"/>
  <testcase name="Search" time="8.426" classname="automationFramework.TSSearch">
    <failure type="org.openqa.selenium.NoSuchElementException" message="no such element: Unable to locate element: {&amp;quot;method&amp;quot;:&amp;quot;css selector&amp;quot;,&amp;quot;selector&amp;quot;:&amp;quot;#olProdResults &amp;gt; li:nth-child(1) &amp;gt; a &amp;gt; div&amp;quot;}
  (Session info: chrome=90.0.4430.93)
  (Driver info: chromedriver=2.43.600210 (68dcf5eebde37173d4027fa8635e332711d2874a),platform=Windows NT 10.0.19041 x86_64) (WARNING: The server did not provide any stacktrace information)
Command duration or timeout: 0 milliseconds
For documentation on this error, please visit: https://www.seleniumhq.org/exceptions/no_such_element.html
Build info: version: &amp;apos;3.141.59&amp;apos;, revision: &amp;apos;e82be7d358&amp;apos;, time: &amp;apos;2018-11-14T08:25:48&amp;apos;
System info: host: &amp;apos;LT-MRADFORD01&amp;apos;, ip: &amp;apos;10.35.254.26&amp;apos;, os.name: &amp;apos;Windows 10&amp;apos;, os.arch: &amp;apos;amd64&amp;apos;, os.version: &amp;apos;10.0&amp;apos;, java.version: &amp;apos;1.8.0_242&amp;apos;
Driver info: org.openqa.selenium.chrome.ChromeDriver
Capabilities {acceptInsecureCerts: false, acceptSslCerts: false, applicationCacheEnabled: false, browserConnectionEnabled: false, browserName: chrome, chrome: {chromedriverVersion: 2.43.600210 (68dcf5eebde371..., userDataDir: C:\Users\mradford\AppData\L...}, cssSelectorsEnabled: true, databaseEnabled: false, goog:chromeOptions: {debuggerAddress: localhost:57006}, handlesAlerts: true, hasTouchScreen: false, javascriptEnabled: true, locationContextEnabled: true, mobileEmulationEnabled: false, nativeEvents: true, networkConnectionEnabled: false, pageLoadStrategy: normal, platform: XP, platformName: XP, rotatable: false, setWindowRect: true, takesHeapSnapshot: true, takesScreenshot: true, unexpectedAlertBehaviour: , unhandledPromptBehavior: , version: 90.0.4430.93, webStorageEnabled: true}
Session ID: 653ed3c87f275d0148585cd6db5d6047
*** Element info: {Using=css selector, value=#olProdResults &amp;gt; li:nth-child(1) &amp;gt; a &amp;gt; div}">
      <![CDATA[org.openqa.selenium.NoSuchElementException: no such element: Unable to locate element: {"method":"css selector","selector":"#olProdResults > li:nth-child(1) > a > div"}
  (Session info: chrome=90.0.4430.93)
  (Driver info: chromedriver=2.43.600210 (68dcf5eebde37173d4027fa8635e332711d2874a),platform=Windows NT 10.0.19041 x86_64) (WARNING: The server did not provide any stacktrace information)
Command duration or timeout: 0 milliseconds
For documentation on this error, please visit: https://www.seleniumhq.org/exceptions/no_such_element.html
Build info: version: '3.141.59', revision: 'e82be7d358', time: '2018-11-14T08:25:48'
System info: host: 'LT-MRADFORD01', ip: '10.35.254.26', os.name: 'Windows 10', os.arch: 'amd64', os.version: '10.0', java.version: '1.8.0_242'
Driver info: org.openqa.selenium.chrome.ChromeDriver
Capabilities {acceptInsecureCerts: false, acceptSslCerts: false, applicationCacheEnabled: false, browserConnectionEnabled: false, browserName: chrome, chrome: {chromedriverVersion: 2.43.600210 (68dcf5eebde371..., userDataDir: C:\Users\mradford\AppData\L...}, cssSelectorsEnabled: true, databaseEnabled: false, goog:chromeOptions: {debuggerAddress: localhost:57006}, handlesAlerts: true, hasTouchScreen: false, javascriptEnabled: true, locationContextEnabled: true, mobileEmulationEnabled: false, nativeEvents: true, networkConnectionEnabled: false, pageLoadStrategy: normal, platform: XP, platformName: XP, rotatable: false, setWindowRect: true, takesHeapSnapshot: true, takesScreenshot: true, unexpectedAlertBehaviour: , unhandledPromptBehavior: , version: 90.0.4430.93, webStorageEnabled: true}
Session ID: 653ed3c87f275d0148585cd6db5d6047
*** Element info: {Using=css selector, value=#olProdResults > li:nth-child(1) > a > div}
at org.openqa.selenium.remote.ErrorHandler.createThrowable(ErrorHandler.java:214)
at org.openqa.selenium.remote.ErrorHandler.throwIfResponseFailed(ErrorHandler.java:166)
at org.openqa.selenium.remote.http.JsonHttpResponseCodec.reconstructValue(JsonHttpResponseCodec.java:40)
at org.openqa.selenium.remote.http.AbstractHttpResponseCodec.decode(AbstractHttpResponseCodec.java:80)
at org.openqa.selenium.remote.http.AbstractHttpResponseCodec.decode(AbstractHttpResponseCodec.java:44)
at org.openqa.selenium.remote.HttpCommandExecutor.execute(HttpCommandExecutor.java:158)
at org.openqa.selenium.remote.service.DriverCommandExecutor.execute(DriverCommandExecutor.java:83)
at org.openqa.selenium.remote.RemoteWebDriver.execute(RemoteWebDriver.java:552)
at org.openqa.selenium.remote.RemoteWebDriver.findElement(RemoteWebDriver.java:323)
at org.openqa.selenium.remote.RemoteWebDriver.findElementByCssSelector(RemoteWebDriver.java:420)
at org.openqa.selenium.By$ByCssSelector.findElement(By.java:431)
at org.openqa.selenium.remote.RemoteWebDriver.findElement(RemoteWebDriver.java:315)
at automationFramework.TSSearch.Search(TSSearch.java:81)
at java.util.ArrayList.forEach(ArrayList.java:1257)
... Removed 31 stack frames]]>
    </failure>
  </testcase> <!-- Search -->
  <testcase name="Search" time="8.598" classname="automationFramework.TSSearch">
    <failure type="java.lang.NullPointerException">
      <![CDATA[java.lang.NullPointerException
at appModule.Listeners.onTestFailure(Listeners.java:51)
at java.util.ArrayList.forEach(ArrayList.java:1257)
... Removed 24 stack frames]]>
    </failure>
  </testcase> <!-- Search -->
</testsuite> <!-- Move to AWS Check -->
