<?xml version="1.0" encoding="UTF-8"?>
<!-- Generated by org.testng.reporters.JUnitXMLReporter -->
<testsuite hostname="LT-MRADFORD01" ignored="0" name="Post release Sanity Check" tests="4" failures="2" timestamp="2020-09-03T10:02:38 PDT" time="70.467" errors="0">
  <testcase name="Search" time="22.746" classname="automationFramework.TSSearch"/>
  <testcase name="SearchFilterValues" time="18.401" classname="automationFramework.TSSearch"/>
  <testcase name="SearchRelatedValues" time="5.393" classname="automationFramework.TSSearch">
    <failure type="java.lang.AssertionError" message="expected [TechSoup Boost
boost-sign-up
cat_boost
Test Boost page
cat_boost_discount
The TechSoup Boost Subscription Program
cat_boost_training
cat_boost_zero] but found []">
      <![CDATA[java.lang.AssertionError: expected [TechSoup Boost
boost-sign-up
cat_boost
Test Boost page
cat_boost_discount
The TechSoup Boost Subscription Program
cat_boost_training
cat_boost_zero] but found []
at automationFramework.TSSearch.SearchRelatedValues(TSSearch.java:148)
at java.util.ArrayList.forEach(ArrayList.java:1257)
... Removed 32 stack frames]]>
    </failure>
  </testcase> <!-- SearchRelatedValues -->
  <testcase name="SearchRelatedValues" time="5.778" classname="automationFramework.TSSearch">
    <failure type="java.lang.NullPointerException">
      <![CDATA[java.lang.NullPointerException
at appModule.Listeners.onTestFailure(Listeners.java:51)
at java.util.ArrayList.forEach(ArrayList.java:1257)
... Removed 24 stack frames]]>
    </failure>
  </testcase> <!-- SearchRelatedValues -->
</testsuite> <!-- Post release Sanity Check -->
