<?xml version="1.0" encoding="UTF-8"?>
<!-- Generated by org.testng.reporters.JUnitXMLReporter -->
<testsuite hostname="LT-MRADFORD01" ignored="0" name="prod test" tests="4" failures="2" timestamp="2020-12-15T16:57:09 PST" time="356.754" errors="0">
  <testcase name="BasicCheckout" time="172.391" classname="automationFramework.TSCheckout"/>
  <testcase name="CCCheckout" time="150.76" classname="automationFramework.TSCheckout"/>
  <testcase name="CheckoutUpdatePayment" time="19.028" classname="automationFramework.TSCheckout">
    <failure type="java.lang.IllegalArgumentException" message="Keys to send should be a not null CharSequence">
      <![CDATA[java.lang.IllegalArgumentException: Keys to send should be a not null CharSequence
at org.openqa.selenium.remote.RemoteWebElement.sendKeys(RemoteWebElement.java:97)
at appModule.Glob.FindOrder(Glob.java:392)
at appModule.Glob.ModifyPayment(Glob.java:484)
at automationFramework.TSCheckout.CheckoutUpdatePayment(TSCheckout.java:199)
at java.util.ArrayList.forEach(ArrayList.java:1257)
... Removed 27 stack frames]]>
    </failure>
  </testcase> <!-- CheckoutUpdatePayment -->
  <testcase name="CheckoutUpdatePayment" time="19.44" classname="automationFramework.TSCheckout">
    <failure type="java.lang.NullPointerException">
      <![CDATA[java.lang.NullPointerException
at appModule.Listeners.onTestFailure(Listeners.java:51)
at java.util.ArrayList.forEach(ArrayList.java:1257)
... Removed 24 stack frames]]>
    </failure>
  </testcase> <!-- CheckoutUpdatePayment -->
</testsuite> <!-- prod test -->
