<?xml version="1.0" encoding="UTF-8"?>
<!-- Generated by org.testng.reporters.JUnitXMLReporter -->
<testsuite hostname="LT-MRADFORD01" ignored="4" name="QA test search page " tests="2" failures="2" timestamp="2020-08-27T13:36:17 PDT" time="23.755" errors="0">
  <testcase name="SearchRelatedValues" time="5.971" classname="automationFramework.TSSearch">
    <failure type="java.lang.AssertionError" message="expected [TechSoup Boost
boost-sign-up
cat_boost
Test Boost page
cat_boost_discount
The TechSoup Boost Subscription Program
cat_boost_training
cat_boost_zero] but found [TechSoup Boost
cat_boost
boost-sign-up
cat_boost_discount
The TechSoup Boost Subscription Program
cat_boost_training
The TechSoup Boost Catalog Offer Details
cat_boost_zero]">
      <![CDATA[java.lang.AssertionError: expected [TechSoup Boost
boost-sign-up
cat_boost
Test Boost page
cat_boost_discount
The TechSoup Boost Subscription Program
cat_boost_training
cat_boost_zero] but found [TechSoup Boost
cat_boost
boost-sign-up
cat_boost_discount
The TechSoup Boost Subscription Program
cat_boost_training
The TechSoup Boost Catalog Offer Details
cat_boost_zero]
at automationFramework.TSSearch.SearchRelatedValues(TSSearch.java:148)
at java.util.ArrayList.forEach(ArrayList.java:1257)
... Removed 32 stack frames]]>
    </failure>
  </testcase> <!-- SearchRelatedValues -->
  <testcase name="SearchRelatedValues" time="6.373" classname="automationFramework.TSSearch">
    <failure type="java.lang.NullPointerException">
      <![CDATA[java.lang.NullPointerException
at appModule.Listeners.onTestFailure(Listeners.java:51)
at java.util.ArrayList.forEach(ArrayList.java:1257)
... Removed 24 stack frames]]>
    </failure>
  </testcase> <!-- SearchRelatedValues -->
  <testcase name="SearchFilterValues" time="0.0" classname="automationFramework.TSSearch">
    <ignored/>
  </testcase> <!-- SearchFilterValues -->
  <testcase name="Search" time="0.0" classname="automationFramework.TSSearch">
    <ignored/>
  </testcase> <!-- Search -->
  <testcase name="SearchSpellCommunity" time="0.0" classname="automationFramework.TSSearch">
    <ignored/>
  </testcase> <!-- SearchSpellCommunity -->
  <testcase name="SearchSpellSP" time="0.0" classname="automationFramework.TSSearch">
    <ignored/>
  </testcase> <!-- SearchSpellSP -->
</testsuite> <!-- QA test search page  -->
