<?xml version="1.0" encoding="UTF-8"?>
<!-- Generated by org.testng.reporters.JUnitXMLReporter -->
<testsuite hostname="LT-MRADFORD01" ignored="1" name="QA tests " tests="2" failures="2" timestamp="2020-08-17T12:55:06 PDT" time="30.562" errors="0">
  <testcase name="MyAccount_EditEmail" time="16.932" classname="automationFramework.TSMyAccount">
    <failure type="java.lang.AssertionError" message="****ERROR****Should be home page expected [https://www-qa.techsoup.org/] but found [https://www-qa.techsoup.org/joining-techsoup/Organization]">
      <![CDATA[java.lang.AssertionError: ****ERROR****Should be home page expected [https://www-qa.techsoup.org/] but found [https://www-qa.techsoup.org/joining-techsoup/Organization]
at automationFramework.TSMyAccount.MyAccount_EditEmail(TSMyAccount.java:118)
at java.util.ArrayList.forEach(ArrayList.java:1257)
... Removed 31 stack frames]]>
    </failure>
  </testcase> <!-- MyAccount_EditEmail -->
  <testcase name="MyAccount_EditEmail" time="17.307" classname="automationFramework.TSMyAccount">
    <failure type="java.lang.NullPointerException">
      <![CDATA[java.lang.NullPointerException
at appModule.Listeners.onTestFailure(Listeners.java:51)
at java.util.ArrayList.forEach(ArrayList.java:1257)
... Removed 24 stack frames]]>
    </failure>
  </testcase> <!-- MyAccount_EditEmail -->
  <testcase name="MyAccount_Edit" time="0.0" classname="automationFramework.TSMyAccount">
    <ignored/>
  </testcase> <!-- MyAccount_Edit -->
</testsuite> <!-- QA tests  -->
