<?xml version="1.0" encoding="UTF-8"?>
<!-- Generated by org.testng.reporters.JUnitXMLReporter -->
<testsuite hostname="LT-MRADFORD01" ignored="0" name="Random Testing " tests="2" failures="2" timestamp="2020-08-14T07:17:45 PDT" time="56.031" errors="0">
  <testcase name="BasicCheckout" time="41.766" classname="automationFramework.TSCheckoutSpecialChars">
    <failure type="java.lang.AssertionError" message="did not expect to find [true] but found [false]">
      <![CDATA[java.lang.AssertionError: did not expect to find [true] but found [false]
at pageObjects.cartPage.CheckOut(cartPage.java:714)
at automationFramework.TSCheckoutSpecialChars.BasicCheckout(TSCheckoutSpecialChars.java:87)
at java.util.ArrayList.forEach(ArrayList.java:1257)
... Removed 31 stack frames]]>
    </failure>
  </testcase> <!-- BasicCheckout -->
  <testcase name="BasicCheckout" time="42.27" classname="automationFramework.TSCheckoutSpecialChars">
    <failure type="java.lang.NullPointerException">
      <![CDATA[java.lang.NullPointerException
at appModule.Listeners.onTestFailure(Listeners.java:51)
at java.util.ArrayList.forEach(ArrayList.java:1257)
... Removed 24 stack frames]]>
    </failure>
  </testcase> <!-- BasicCheckout -->
</testsuite> <!-- Random Testing  -->
