<?xml version="1.0" encoding="UTF-8"?>
<!-- Generated by org.testng.reporters.JUnitXMLReporter -->
<testsuite hostname="LT-MRADFORD01" ignored="0" name="Search and Sort Updates" tests="21" failures="2" timestamp="2021-01-29T19:34:38 PST" time="173.811" errors="0">
  <testcase name="AmpSearchForums" time="6.365" classname="automationFramework.TSSearch"/>
  <testcase name="AmpSearchForums" time="6.116" classname="automationFramework.TSSearch"/>
  <testcase name="AmpSearchForums" time="6.94" classname="automationFramework.TSSearch"/>
  <testcase name="AmpSearchForums" time="7.01" classname="automationFramework.TSSearch"/>
  <testcase name="AmpSearchForums" time="9.825" classname="automationFramework.TSSearch"/>
  <testcase name="AmpSearchForums" time="6.456" classname="automationFramework.TSSearch"/>
  <testcase name="AmpSearchForums" time="6.915" classname="automationFramework.TSSearch"/>
  <testcase name="AmpSearchForums" time="5.627" classname="automationFramework.TSSearch"/>
  <testcase name="AmpSearchForums" time="5.638" classname="automationFramework.TSSearch"/>
  <testcase name="AmpSearchForums" time="5.685" classname="automationFramework.TSSearch"/>
  <testcase name="AmpSearchForums" time="6.171" classname="automationFramework.TSSearch"/>
  <testcase name="AmpSearchForums" time="6.949" classname="automationFramework.TSSearch"/>
  <testcase name="AmpSearchForums" time="5.735" classname="automationFramework.TSSearch"/>
  <testcase name="AmpSearchForums" time="6.257" classname="automationFramework.TSSearch"/>
  <testcase name="AmpSearchForums" time="6.646" classname="automationFramework.TSSearch"/>
  <testcase name="AmpSearchForums" time="5.69" classname="automationFramework.TSSearch"/>
  <testcase name="AmpSearchForums" time="7.487" classname="automationFramework.TSSearch"/>
  <testcase name="AmpSearchForums" time="6.241" classname="automationFramework.TSSearch"/>
  <testcase name="Search" time="20.109" classname="automationFramework.TSSearch"/>
  <testcase name="SearchAndSort" time="14.084" classname="automationFramework.TSSearch">
    <failure type="java.lang.AssertionError" message="expected [https://www.techsoup.org/search/products/office/sort-name-desc/] but found [https://www.techsoup.org/search/products/office/sort-name-asc/]">
      <![CDATA[java.lang.AssertionError: expected [https://www.techsoup.org/search/products/office/sort-name-desc/] but found [https://www.techsoup.org/search/products/office/sort-name-asc/]
at automationFramework.TSSearch.SearchAndSort(TSSearch.java:63)
at java.util.ArrayList.forEach(ArrayList.java:1257)
... Removed 32 stack frames]]>
    </failure>
  </testcase> <!-- SearchAndSort -->
  <testcase name="SearchAndSort" time="14.486" classname="automationFramework.TSSearch">
    <failure type="java.lang.NullPointerException">
      <![CDATA[java.lang.NullPointerException
at appModule.Listeners.onTestFailure(Listeners.java:51)
at java.util.ArrayList.forEach(ArrayList.java:1257)
... Removed 24 stack frames]]>
    </failure>
  </testcase> <!-- SearchAndSort -->
</testsuite> <!-- Search and Sort Updates -->
