<?xml version="1.0" encoding="UTF-8"?>
<!-- Generated by org.testng.reporters.JUnitXMLReporter -->
<testsuite hostname="LT-MRADFORD01" ignored="0" name="Stage Release check" tests="23" failures="2" timestamp="2021-02-10T15:49:12 PST" time="186.065" errors="0">
  <testcase name="AmpSearchForums" time="8.38" classname="automationFramework.TSSearch"/>
  <testcase name="AmpSearchForums" time="6.236" classname="automationFramework.TSSearch"/>
  <testcase name="AmpSearchForums" time="5.718" classname="automationFramework.TSSearch"/>
  <testcase name="AmpSearchForums" time="6.516" classname="automationFramework.TSSearch"/>
  <testcase name="AmpSearchForums" time="6.68" classname="automationFramework.TSSearch"/>
  <testcase name="AmpSearchForums" time="5.563" classname="automationFramework.TSSearch"/>
  <testcase name="AmpSearchForums" time="6.693" classname="automationFramework.TSSearch"/>
  <testcase name="AmpSearchForums" time="5.339" classname="automationFramework.TSSearch"/>
  <testcase name="AmpSearchForums" time="5.849" classname="automationFramework.TSSearch"/>
  <testcase name="AmpSearchForums" time="5.282" classname="automationFramework.TSSearch"/>
  <testcase name="AmpSearchForums" time="5.921" classname="automationFramework.TSSearch"/>
  <testcase name="AmpSearchForums" time="6.164" classname="automationFramework.TSSearch"/>
  <testcase name="AmpSearchForums" time="5.172" classname="automationFramework.TSSearch"/>
  <testcase name="AmpSearchForums" time="5.821" classname="automationFramework.TSSearch"/>
  <testcase name="AmpSearchForums" time="6.358" classname="automationFramework.TSSearch"/>
  <testcase name="AmpSearchForums" time="4.872" classname="automationFramework.TSSearch"/>
  <testcase name="AmpSearchForums" time="6.259" classname="automationFramework.TSSearch"/>
  <testcase name="AmpSearchForums" time="5.127" classname="automationFramework.TSSearch"/>
  <testcase name="Search" time="16.002" classname="automationFramework.TSSearch"/>
  <testcase name="SearchAndSort" time="20.51" classname="automationFramework.TSSearch"/>
  <testcase name="SearchFilterValues" time="18.285" classname="automationFramework.TSSearch"/>
  <testcase name="SearchRelatedValues" time="5.394" classname="automationFramework.TSSearch">
    <failure type="java.lang.AssertionError" message="expected [TechSoup Boost
The TechSoup Boost Catalog
boost-sign-up
boost
Test Boost page
TechSoup Boost Discounted Products
The TechSoup Boost Catalog Offer Details
TechSoup Boost Training and Consultants] but found [TechSoup Boost
The TechSoup Boost Catalog
boost-sign-up
boost
TechSoup Boost Discounted Products
The TechSoup Boost Catalog Offer Details
TechSoup Boost Training and Consultants
The TechSoup Boost Subscription Program Offer Details]">
      <![CDATA[java.lang.AssertionError: expected [TechSoup Boost
The TechSoup Boost Catalog
boost-sign-up
boost
Test Boost page
TechSoup Boost Discounted Products
The TechSoup Boost Catalog Offer Details
TechSoup Boost Training and Consultants] but found [TechSoup Boost
The TechSoup Boost Catalog
boost-sign-up
boost
TechSoup Boost Discounted Products
The TechSoup Boost Catalog Offer Details
TechSoup Boost Training and Consultants
The TechSoup Boost Subscription Program Offer Details]
at automationFramework.TSSearch.SearchRelatedValues(TSSearch.java:193)
at java.util.ArrayList.forEach(ArrayList.java:1257)
... Removed 32 stack frames]]>
    </failure>
  </testcase> <!-- SearchRelatedValues -->
  <testcase name="SearchRelatedValues" time="5.822" classname="automationFramework.TSSearch">
    <failure type="java.lang.NullPointerException">
      <![CDATA[java.lang.NullPointerException
at appModule.Listeners.onTestFailure(Listeners.java:51)
at java.util.ArrayList.forEach(ArrayList.java:1257)
... Removed 24 stack frames]]>
    </failure>
  </testcase> <!-- SearchRelatedValues -->
</testsuite> <!-- Stage Release check -->
