<?xml version="1.0" encoding="UTF-8"?>
<!-- Generated by org.testng.reporters.JUnitXMLReporter -->
<testsuite hostname="LT-MRADFORD01" ignored="0" name="Stage Sanity Check" tests="23" failures="2" timestamp="10 Feb 2021 14:48:07 GMT" time="241.979" errors="0">
  <testcase name="AmpSearchForums" time="13.679" classname="automationFramework.TSSearch"/>
  <testcase name="AmpSearchForums" time="6.375" classname="automationFramework.TSSearch"/>
  <testcase name="AmpSearchForums" time="6.019" classname="automationFramework.TSSearch"/>
  <testcase name="AmpSearchForums" time="6.788" classname="automationFramework.TSSearch"/>
  <testcase name="AmpSearchForums" time="7.625" classname="automationFramework.TSSearch"/>
  <testcase name="AmpSearchForums" time="6.498" classname="automationFramework.TSSearch"/>
  <testcase name="AmpSearchForums" time="7.733" classname="automationFramework.TSSearch"/>
  <testcase name="AmpSearchForums" time="5.854" classname="automationFramework.TSSearch"/>
  <testcase name="AmpSearchForums" time="6.768" classname="automationFramework.TSSearch"/>
  <testcase name="AmpSearchForums" time="5.78" classname="automationFramework.TSSearch"/>
  <testcase name="AmpSearchForums" time="7.008" classname="automationFramework.TSSearch"/>
  <testcase name="AmpSearchForums" time="6.719" classname="automationFramework.TSSearch"/>
  <testcase name="AmpSearchForums" time="5.635" classname="automationFramework.TSSearch"/>
  <testcase name="AmpSearchForums" time="7.366" classname="automationFramework.TSSearch"/>
  <testcase name="AmpSearchForums" time="8.117" classname="automationFramework.TSSearch"/>
  <testcase name="AmpSearchForums" time="5.413" classname="automationFramework.TSSearch"/>
  <testcase name="AmpSearchForums" time="7.659" classname="automationFramework.TSSearch"/>
  <testcase name="AmpSearchForums" time="5.829" classname="automationFramework.TSSearch"/>
  <testcase name="Search" time="32.503" classname="automationFramework.TSSearch"/>
  <testcase name="SearchAndSort" time="24.895" classname="automationFramework.TSSearch"/>
  <testcase name="SearchFilterValues" time="21.225" classname="automationFramework.TSSearch"/>
  <testcase name="SearchRelatedValues" time="5.916" classname="automationFramework.TSSearch">
    <failure type="java.lang.AssertionError" message="expected [TechSoup Boost
The TechSoup Boost Catalog
boost-sign-up
boost
Test Boost page
TechSoup Boost Discounted Products
The TechSoup Boost Catalog Offer Details
TechSoup Boost Training and Consultants] but found [TechSoup Boost
The TechSoup Boost Catalog
boost-sign-up
boost
TechSoup Boost Discounted Products
The TechSoup Boost Catalog Offer Details
TechSoup Boost Training and Consultants
The TechSoup Boost Subscription Program Offer Details]">
      <![CDATA[java.lang.AssertionError: expected [TechSoup Boost
The TechSoup Boost Catalog
boost-sign-up
boost
Test Boost page
TechSoup Boost Discounted Products
The TechSoup Boost Catalog Offer Details
TechSoup Boost Training and Consultants] but found [TechSoup Boost
The TechSoup Boost Catalog
boost-sign-up
boost
TechSoup Boost Discounted Products
The TechSoup Boost Catalog Offer Details
TechSoup Boost Training and Consultants
The TechSoup Boost Subscription Program Offer Details]
at automationFramework.TSSearch.SearchRelatedValues(TSSearch.java:193)
... Removed 30 stack frames]]>
    </failure>
  </testcase> <!-- SearchRelatedValues -->
  <testcase name="SearchRelatedValues" time="6.207" classname="automationFramework.TSSearch">
    <failure type="java.lang.NullPointerException">
      <![CDATA[java.lang.NullPointerException
at appModule.Listeners.onTestFailure(Listeners.java:51)
... Removed 21 stack frames]]>
    </failure>
  </testcase> <!-- SearchRelatedValues -->
</testsuite> <!-- Stage Sanity Check -->
