<html>
<head>
<title>TestNG:  Stage Release check</title>
<link href="../testng.css" rel="stylesheet" type="text/css" />
<link href="../my-testng.css" rel="stylesheet" type="text/css" />

<style type="text/css">
.log { display: none;} 
.stack-trace { display: none;} 
</style>
<script type="text/javascript">
<!--
function flip(e) {
  current = e.style.display;
  if (current == 'block') {
    e.style.display = 'none';
    return 0;
  }
  else {
    e.style.display = 'block';
    return 1;
  }
}

function toggleBox(szDivId, elem, msg1, msg2)
{
  var res = -1;  if (document.getElementById) {
    res = flip(document.getElementById(szDivId));
  }
  else if (document.all) {
    // this is the way old msie versions work
    res = flip(document.all[szDivId]);
  }
  if(elem) {
    if(res == 0) elem.innerHTML = msg1; else elem.innerHTML = msg2;
  }

}

function toggleAllBoxes() {
  if (document.getElementsByTagName) {
    d = document.getElementsByTagName('div');
    for (i = 0; i < d.length; i++) {
      if (d[i].className == 'log') {
        flip(d[i]);
      }
    }
  }
}

// -->
</script>

</head>
<body>
<h2 align='center'>Stage Release check</h2><table border='1' align="center">
<tr>
<td>Tests passed/Failed/Skipped:</td><td>21/0/0</td>
</tr><tr>
<td>Started on:</td><td>Wed Feb 10 15:46:06 PST 2021</td>
</tr>
<tr><td>Total time:</td><td>186 seconds (186065 ms)</td>
</tr><tr>
<td>Included groups:</td><td></td>
</tr><tr>
<td>Excluded groups:</td><td></td>
</tr>
</table><p/>
<small><i>(Hover the method name to see the test class name)</i></small><p/>
<table width='100%' border='1' class='invocation-failed'>
<tr><td colspan='4' align='center'><b>FAILED TESTS</b></td></tr>
<tr><td><b>Test method</b></td>
<td width="30%"><b>Exception</b></td>
<td width="10%"><b>Time (seconds)</b></td>
<td><b>Instance</b></td>
</tr>
<tr>
<td title='automationFramework.TSSearch.SearchRelatedValues()'><b>SearchRelatedValues</b><br>Test class: automationFramework.TSSearch<br>Parameters: boost, 35, , , TechSoup Boost
The TechSoup Boost Catalog
boost-sign-up
boost
Test Boost page
TechSoup Boost Discounted Products
The TechSoup Boost Catalog Offer Details
TechSoup Boost Training and Consultants</td>
<td><div><pre>java.lang.AssertionError: expected [TechSoup Boost
The TechSoup Boost Catalog
boost-sign-up
boost
Test Boost page
TechSoup Boost Discounted Products
The TechSoup Boost Catalog Offer Details
TechSoup Boost Training and Consultants] but found [TechSoup Boost
The TechSoup Boost Catalog
boost-sign-up
boost
TechSoup Boost Discounted Products
The TechSoup Boost Catalog Offer Details
TechSoup Boost Training and Consultants
The TechSoup Boost Subscription Program Offer Details]
	at automationFramework.TSSearch.SearchRelatedValues(TSSearch.java:193)
	at java.util.ArrayList.forEach(ArrayList.java:1257)
... Removed 32 stack frames</pre></div><a href='#' onClick='toggleBox("stack-trace454424866", this, "Click to show all stack frames", "Click to hide stack frames")'>Click to show all stack frames</a>
<div class='stack-trace' id='stack-trace454424866'><pre>java.lang.AssertionError: expected [TechSoup Boost
The TechSoup Boost Catalog
boost-sign-up
boost
Test Boost page
TechSoup Boost Discounted Products
The TechSoup Boost Catalog Offer Details
TechSoup Boost Training and Consultants] but found [TechSoup Boost
The TechSoup Boost Catalog
boost-sign-up
boost
TechSoup Boost Discounted Products
The TechSoup Boost Catalog Offer Details
TechSoup Boost Training and Consultants
The TechSoup Boost Subscription Program Offer Details]
	at org.testng.Assert.fail(Assert.java:97)
	at org.testng.Assert.assertEqualsImpl(Assert.java:136)
	at org.testng.Assert.assertEquals(Assert.java:118)
	at org.testng.Assert.assertEquals(Assert.java:575)
	at org.testng.Assert.assertEquals(Assert.java:585)
	at automationFramework.TSSearch.SearchRelatedValues(TSSearch.java:193)
	at sun.reflect.NativeMethodAccessorImpl.invoke0(Native Method)
	at sun.reflect.NativeMethodAccessorImpl.invoke(NativeMethodAccessorImpl.java:62)
	at sun.reflect.DelegatingMethodAccessorImpl.invoke(DelegatingMethodAccessorImpl.java:43)
	at java.lang.reflect.Method.invoke(Method.java:498)
	at org.testng.internal.MethodInvocationHelper.invokeMethod(MethodInvocationHelper.java:133)
	at org.testng.internal.TestInvoker.invokeMethod(TestInvoker.java:584)
	at org.testng.internal.TestInvoker.invokeTestMethod(TestInvoker.java:172)
	at org.testng.internal.MethodRunner.runInSequence(MethodRunner.java:46)
	at org.testng.internal.TestInvoker$MethodInvocationAgent.invoke(TestInvoker.java:804)
	at org.testng.internal.TestInvoker.invokeTestMethods(TestInvoker.java:145)
	at org.testng.internal.TestMethodWorker.invokeTestMethods(TestMethodWorker.java:146)
	at org.testng.internal.TestMethodWorker.run(TestMethodWorker.java:128)
	at java.util.ArrayList.forEach(ArrayList.java:1257)
	at org.testng.TestRunner.privateRun(TestRunner.java:770)
	at org.testng.TestRunner.run(TestRunner.java:591)
	at org.testng.SuiteRunner.runTest(SuiteRunner.java:402)
	at org.testng.SuiteRunner.runSequentially(SuiteRunner.java:396)
	at org.testng.SuiteRunner.privateRun(SuiteRunner.java:355)
	at org.testng.SuiteRunner.run(SuiteRunner.java:304)
	at org.testng.SuiteRunnerWorker.runSuite(SuiteRunnerWorker.java:53)
	at org.testng.SuiteRunnerWorker.run(SuiteRunnerWorker.java:96)
	at org.testng.TestNG.runSuitesSequentially(TestNG.java:1180)
	at org.testng.TestNG.runSuitesLocally(TestNG.java:1102)
	at org.testng.TestNG.runSuites(TestNG.java:1032)
	at org.testng.TestNG.run(TestNG.java:1000)
	at org.testng.remote.AbstractRemoteTestNG.run(AbstractRemoteTestNG.java:115)
	at org.testng.remote.RemoteTestNG.initAndRun(RemoteTestNG.java:251)
	at org.testng.remote.RemoteTestNG.main(RemoteTestNG.java:77)
</pre></div></td>
<td>5</td>
<td>automationFramework.TSSearch@47ef968d</td></tr>
<tr>
<td title='automationFramework.TSSearch.SearchRelatedValues()'><b>SearchRelatedValues</b><br>Test class: automationFramework.TSSearch</td>
<td><div><pre>java.lang.NullPointerException
	at appModule.Listeners.onTestFailure(Listeners.java:51)
	at java.util.ArrayList.forEach(ArrayList.java:1257)
... Removed 24 stack frames</pre></div><a href='#' onClick='toggleBox("stack-trace939625314", this, "Click to show all stack frames", "Click to hide stack frames")'>Click to show all stack frames</a>
<div class='stack-trace' id='stack-trace939625314'><pre>java.lang.NullPointerException
	at appModule.Listeners.onTestFailure(Listeners.java:51)
	at org.testng.internal.TestListenerHelper.runTestListeners(TestListenerHelper.java:66)
	at org.testng.internal.TestInvoker.runTestResultListener(TestInvoker.java:210)
	at org.testng.internal.TestInvoker.invokeMethod(TestInvoker.java:638)
	at org.testng.internal.TestInvoker.invokeTestMethod(TestInvoker.java:172)
	at org.testng.internal.MethodRunner.runInSequence(MethodRunner.java:46)
	at org.testng.internal.TestInvoker$MethodInvocationAgent.invoke(TestInvoker.java:804)
	at org.testng.internal.TestInvoker.invokeTestMethods(TestInvoker.java:145)
	at org.testng.internal.TestMethodWorker.invokeTestMethods(TestMethodWorker.java:146)
	at org.testng.internal.TestMethodWorker.run(TestMethodWorker.java:128)
	at java.util.ArrayList.forEach(ArrayList.java:1257)
	at org.testng.TestRunner.privateRun(TestRunner.java:770)
	at org.testng.TestRunner.run(TestRunner.java:591)
	at org.testng.SuiteRunner.runTest(SuiteRunner.java:402)
	at org.testng.SuiteRunner.runSequentially(SuiteRunner.java:396)
	at org.testng.SuiteRunner.privateRun(SuiteRunner.java:355)
	at org.testng.SuiteRunner.run(SuiteRunner.java:304)
	at org.testng.SuiteRunnerWorker.runSuite(SuiteRunnerWorker.java:53)
	at org.testng.SuiteRunnerWorker.run(SuiteRunnerWorker.java:96)
	at org.testng.TestNG.runSuitesSequentially(TestNG.java:1180)
	at org.testng.TestNG.runSuitesLocally(TestNG.java:1102)
	at org.testng.TestNG.runSuites(TestNG.java:1032)
	at org.testng.TestNG.run(TestNG.java:1000)
	at org.testng.remote.AbstractRemoteTestNG.run(AbstractRemoteTestNG.java:115)
	at org.testng.remote.RemoteTestNG.initAndRun(RemoteTestNG.java:251)
	at org.testng.remote.RemoteTestNG.main(RemoteTestNG.java:77)
</pre></div></td>
<td>5</td>
<td>automationFramework.TSSearch@47ef968d</td></tr>
</table><p>
<table width='100%' border='1' class='invocation-passed'>
<tr><td colspan='4' align='center'><b>PASSED TESTS</b></td></tr>
<tr><td><b>Test method</b></td>
<td width="30%"><b>Exception</b></td>
<td width="10%"><b>Time (seconds)</b></td>
<td><b>Instance</b></td>
</tr>
<tr>
<td title='automationFramework.TSSearch.AmpSearchForums()'><b>AmpSearchForums</b><br>Test class: automationFramework.TSSearch<br>Parameters: veritas</td>
<td></td>
<td>8</td>
<td>automationFramework.TSSearch@47ef968d</td></tr>
<tr>
<td title='automationFramework.TSSearch.AmpSearchForums()'><b>AmpSearchForums</b><br>Test class: automationFramework.TSSearch<br>Parameters: Amazon</td>
<td></td>
<td>6</td>
<td>automationFramework.TSSearch@47ef968d</td></tr>
<tr>
<td title='automationFramework.TSSearch.AmpSearchForums()'><b>AmpSearchForums</b><br>Test class: automationFramework.TSSearch<br>Parameters: autodesk</td>
<td></td>
<td>5</td>
<td>automationFramework.TSSearch@47ef968d</td></tr>
<tr>
<td title='automationFramework.TSSearch.AmpSearchForums()'><b>AmpSearchForums</b><br>Test class: automationFramework.TSSearch<br>Parameters: adobe</td>
<td></td>
<td>6</td>
<td>automationFramework.TSSearch@47ef968d</td></tr>
<tr>
<td title='automationFramework.TSSearch.AmpSearchForums()'><b>AmpSearchForums</b><br>Test class: automationFramework.TSSearch<br>Parameters: cisco</td>
<td></td>
<td>6</td>
<td>automationFramework.TSSearch@47ef968d</td></tr>
<tr>
<td title='automationFramework.TSSearch.AmpSearchForums()'><b>AmpSearchForums</b><br>Test class: automationFramework.TSSearch<br>Parameters: acrobat</td>
<td></td>
<td>5</td>
<td>automationFramework.TSSearch@47ef968d</td></tr>
<tr>
<td title='automationFramework.TSSearch.AmpSearchForums()'><b>AmpSearchForums</b><br>Test class: automationFramework.TSSearch<br>Parameters: office</td>
<td></td>
<td>6</td>
<td>automationFramework.TSSearch@47ef968d</td></tr>
<tr>
<td title='automationFramework.TSSearch.AmpSearchForums()'><b>AmpSearchForums</b><br>Test class: automationFramework.TSSearch<br>Parameters: dharma</td>
<td></td>
<td>5</td>
<td>automationFramework.TSSearch@47ef968d</td></tr>
<tr>
<td title='automationFramework.TSSearch.AmpSearchForums()'><b>AmpSearchForums</b><br>Test class: automationFramework.TSSearch<br>Parameters: chrome</td>
<td></td>
<td>5</td>
<td>automationFramework.TSSearch@47ef968d</td></tr>
<tr>
<td title='automationFramework.TSSearch.AmpSearchForums()'><b>AmpSearchForums</b><br>Test class: automationFramework.TSSearch<br>Parameters: Avast Business</td>
<td></td>
<td>5</td>
<td>automationFramework.TSSearch@47ef968d</td></tr>
<tr>
<td title='automationFramework.TSSearch.AmpSearchForums()'><b>AmpSearchForums</b><br>Test class: automationFramework.TSSearch<br>Parameters: zoom</td>
<td></td>
<td>5</td>
<td>automationFramework.TSSearch@47ef968d</td></tr>
<tr>
<td title='automationFramework.TSSearch.AmpSearchForums()'><b>AmpSearchForums</b><br>Test class: automationFramework.TSSearch<br>Parameters: intuit</td>
<td></td>
<td>6</td>
<td>automationFramework.TSSearch@47ef968d</td></tr>
<tr>
<td title='automationFramework.TSSearch.AmpSearchForums()'><b>AmpSearchForums</b><br>Test class: automationFramework.TSSearch<br>Parameters: docusign</td>
<td></td>
<td>5</td>
<td>automationFramework.TSSearch@47ef968d</td></tr>
<tr>
<td title='automationFramework.TSSearch.AmpSearchForums()'><b>AmpSearchForums</b><br>Test class: automationFramework.TSSearch<br>Parameters: sql server</td>
<td></td>
<td>5</td>
<td>automationFramework.TSSearch@47ef968d</td></tr>
<tr>
<td title='automationFramework.TSSearch.AmpSearchForums()'><b>AmpSearchForums</b><br>Test class: automationFramework.TSSearch<br>Parameters: microsoft</td>
<td></td>
<td>6</td>
<td>automationFramework.TSSearch@47ef968d</td></tr>
<tr>
<td title='automationFramework.TSSearch.AmpSearchForums()'><b>AmpSearchForums</b><br>Test class: automationFramework.TSSearch<br>Parameters: tableau</td>
<td></td>
<td>4</td>
<td>automationFramework.TSSearch@47ef968d</td></tr>
<tr>
<td title='automationFramework.TSSearch.AmpSearchForums()'><b>AmpSearchForums</b><br>Test class: automationFramework.TSSearch<br>Parameters: Google for Nonprofits</td>
<td></td>
<td>6</td>
<td>automationFramework.TSSearch@47ef968d</td></tr>
<tr>
<td title='automationFramework.TSSearch.AmpSearchForums()'><b>AmpSearchForums</b><br>Test class: automationFramework.TSSearch<br>Parameters: cloudflare</td>
<td></td>
<td>5</td>
<td>automationFramework.TSSearch@47ef968d</td></tr>
<tr>
<td title='automationFramework.TSSearch.Search()'><b>Search</b><br>Test class: automationFramework.TSSearch</td>
<td></td>
<td>16</td>
<td>automationFramework.TSSearch@47ef968d</td></tr>
<tr>
<td title='automationFramework.TSSearch.SearchAndSort()'><b>SearchAndSort</b><br>Test class: automationFramework.TSSearch</td>
<td></td>
<td>20</td>
<td>automationFramework.TSSearch@47ef968d</td></tr>
<tr>
<td title='automationFramework.TSSearch.SearchFilterValues()'><b>SearchFilterValues</b><br>Test class: automationFramework.TSSearch</td>
<td></td>
<td>18</td>
<td>automationFramework.TSSearch@47ef968d</td></tr>
</table><p>
</body>
</html>