<html>
<head>
<title>TestNG:  Testing for load balancers </title>
<link href="../testng.css" rel="stylesheet" type="text/css" />
<link href="../my-testng.css" rel="stylesheet" type="text/css" />

<style type="text/css">
.log { display: none;} 
.stack-trace { display: none;} 
</style>
<script type="text/javascript">
<!--
function flip(e) {
  current = e.style.display;
  if (current == 'block') {
    e.style.display = 'none';
    return 0;
  }
  else {
    e.style.display = 'block';
    return 1;
  }
}

function toggleBox(szDivId, elem, msg1, msg2)
{
  var res = -1;  if (document.getElementById) {
    res = flip(document.getElementById(szDivId));
  }
  else if (document.all) {
    // this is the way old msie versions work
    res = flip(document.all[szDivId]);
  }
  if(elem) {
    if(res == 0) elem.innerHTML = msg1; else elem.innerHTML = msg2;
  }

}

function toggleAllBoxes() {
  if (document.getElementsByTagName) {
    d = document.getElementsByTagName('div');
    for (i = 0; i < d.length; i++) {
      if (d[i].className == 'log') {
        flip(d[i]);
      }
    }
  }
}

// -->
</script>

</head>
<body>
<h2 align='center'>Testing for load balancers </h2><table border='1' align="center">
<tr>
<td>Tests passed/Failed/Skipped:</td><td>16/0/0</td>
</tr><tr>
<td>Started on:</td><td>Mon Aug 17 14:17:38 PDT 2020</td>
</tr>
<tr><td>Total time:</td><td>181 seconds (181821 ms)</td>
</tr><tr>
<td>Included groups:</td><td></td>
</tr><tr>
<td>Excluded groups:</td><td></td>
</tr>
</table><p/>
<small><i>(Hover the method name to see the test class name)</i></small><p/>
<table width='100%' border='1' class='invocation-failed'>
<tr><td colspan='4' align='center'><b>FAILED TESTS</b></td></tr>
<tr><td><b>Test method</b></td>
<td width="30%"><b>Exception</b></td>
<td width="10%"><b>Time (seconds)</b></td>
<td><b>Instance</b></td>
</tr>
<tr>
<td title='automationFramework.TSSearch.SearchSpellCommunity()'><b>SearchSpellCommunity</b><br>Test class: automationFramework.TSSearch<br>Parameters: microsoft, 184, null, null</td>
<td><div><pre>org.openqa.selenium.WebDriverException: unknown error: Element &lt;span class=&quot;desktop-title&quot;&gt;...&lt;/span&gt; is not clickable at point (848, 179). Other element would receive the click: &lt;div class=&quot;topContent noindex&quot;&gt;...&lt;/div&gt;
  (Session info: chrome=84.0.4147.125)
  (Driver info: chromedriver=2.43.600210 (68dcf5eebde37173d4027fa8635e332711d2874a),platform=Windows NT 10.0.18362 x86_64) (WARNING: The server did not provide any stacktrace information)
Command duration or timeout: 0 milliseconds
Build info: version: &apos;3.141.59&apos;, revision: &apos;e82be7d358&apos;, time: &apos;2018-11-14T08:25:48&apos;
System info: host: &apos;LT-MRADFORD01&apos;, ip: &apos;192.168.0.22&apos;, os.name: &apos;Windows 10&apos;, os.arch: &apos;amd64&apos;, os.version: &apos;10.0&apos;, java.version: &apos;1.8.0_242&apos;
Driver info: org.openqa.selenium.chrome.ChromeDriver
Capabilities {acceptInsecureCerts: false, acceptSslCerts: false, applicationCacheEnabled: false, browserConnectionEnabled: false, browserName: chrome, chrome: {chromedriverVersion: 2.43.600210 (68dcf5eebde371..., userDataDir: C:\Users\mradford\AppData\L...}, cssSelectorsEnabled: true, databaseEnabled: false, goog:chromeOptions: {debuggerAddress: localhost:59596}, handlesAlerts: true, hasTouchScreen: false, javascriptEnabled: true, locationContextEnabled: true, mobileEmulationEnabled: false, nativeEvents: true, networkConnectionEnabled: false, pageLoadStrategy: normal, platform: XP, platformName: XP, rotatable: false, setWindowRect: true, takesHeapSnapshot: true, takesScreenshot: true, unexpectedAlertBehaviour: , unhandledPromptBehavior: , version: 84.0.4147.125, webStorageEnabled: true}
Session ID: ea1e6068763d39eb9578bfcffcd2ee7b
	at org.openqa.selenium.remote.ErrorHandler.createThrowable(ErrorHandler.java:214)
	at org.openqa.selenium.remote.ErrorHandler.throwIfResponseFailed(ErrorHandler.java:166)
	at org.openqa.selenium.remote.http.JsonHttpResponseCodec.reconstructValue(JsonHttpResponseCodec.java:40)
	at org.openqa.selenium.remote.http.AbstractHttpResponseCodec.decode(AbstractHttpResponseCodec.java:80)
	at org.openqa.selenium.remote.http.AbstractHttpResponseCodec.decode(AbstractHttpResponseCodec.java:44)
	at org.openqa.selenium.remote.HttpCommandExecutor.execute(HttpCommandExecutor.java:158)
	at org.openqa.selenium.remote.service.DriverCommandExecutor.execute(DriverCommandExecutor.java:83)
	at org.openqa.selenium.remote.RemoteWebDriver.execute(RemoteWebDriver.java:552)
	at org.openqa.selenium.remote.RemoteWebElement.execute(RemoteWebElement.java:285)
	at org.openqa.selenium.remote.RemoteWebElement.click(RemoteWebElement.java:84)
	at appModule.SearchAction.Search(SearchAction.java:23)
	at automationFramework.TSSearch.SearchSpellCommunity(TSSearch.java:94)
	at java.util.ArrayList.forEach(ArrayList.java:1257)
... Removed 31 stack frames</pre></div><a href='#' onClick='toggleBox("stack-trace623131585", this, "Click to show all stack frames", "Click to hide stack frames")'>Click to show all stack frames</a>
<div class='stack-trace' id='stack-trace623131585'><pre>org.openqa.selenium.WebDriverException: unknown error: Element &lt;span class=&quot;desktop-title&quot;&gt;...&lt;/span&gt; is not clickable at point (848, 179). Other element would receive the click: &lt;div class=&quot;topContent noindex&quot;&gt;...&lt;/div&gt;
  (Session info: chrome=84.0.4147.125)
  (Driver info: chromedriver=2.43.600210 (68dcf5eebde37173d4027fa8635e332711d2874a),platform=Windows NT 10.0.18362 x86_64) (WARNING: The server did not provide any stacktrace information)
Command duration or timeout: 0 milliseconds
Build info: version: &apos;3.141.59&apos;, revision: &apos;e82be7d358&apos;, time: &apos;2018-11-14T08:25:48&apos;
System info: host: &apos;LT-MRADFORD01&apos;, ip: &apos;192.168.0.22&apos;, os.name: &apos;Windows 10&apos;, os.arch: &apos;amd64&apos;, os.version: &apos;10.0&apos;, java.version: &apos;1.8.0_242&apos;
Driver info: org.openqa.selenium.chrome.ChromeDriver
Capabilities {acceptInsecureCerts: false, acceptSslCerts: false, applicationCacheEnabled: false, browserConnectionEnabled: false, browserName: chrome, chrome: {chromedriverVersion: 2.43.600210 (68dcf5eebde371..., userDataDir: C:\Users\mradford\AppData\L...}, cssSelectorsEnabled: true, databaseEnabled: false, goog:chromeOptions: {debuggerAddress: localhost:59596}, handlesAlerts: true, hasTouchScreen: false, javascriptEnabled: true, locationContextEnabled: true, mobileEmulationEnabled: false, nativeEvents: true, networkConnectionEnabled: false, pageLoadStrategy: normal, platform: XP, platformName: XP, rotatable: false, setWindowRect: true, takesHeapSnapshot: true, takesScreenshot: true, unexpectedAlertBehaviour: , unhandledPromptBehavior: , version: 84.0.4147.125, webStorageEnabled: true}
Session ID: ea1e6068763d39eb9578bfcffcd2ee7b
	at sun.reflect.NativeConstructorAccessorImpl.newInstance0(Native Method)
	at sun.reflect.NativeConstructorAccessorImpl.newInstance(NativeConstructorAccessorImpl.java:62)
	at sun.reflect.DelegatingConstructorAccessorImpl.newInstance(DelegatingConstructorAccessorImpl.java:45)
	at java.lang.reflect.Constructor.newInstance(Constructor.java:423)
	at org.openqa.selenium.remote.ErrorHandler.createThrowable(ErrorHandler.java:214)
	at org.openqa.selenium.remote.ErrorHandler.throwIfResponseFailed(ErrorHandler.java:166)
	at org.openqa.selenium.remote.http.JsonHttpResponseCodec.reconstructValue(JsonHttpResponseCodec.java:40)
	at org.openqa.selenium.remote.http.AbstractHttpResponseCodec.decode(AbstractHttpResponseCodec.java:80)
	at org.openqa.selenium.remote.http.AbstractHttpResponseCodec.decode(AbstractHttpResponseCodec.java:44)
	at org.openqa.selenium.remote.HttpCommandExecutor.execute(HttpCommandExecutor.java:158)
	at org.openqa.selenium.remote.service.DriverCommandExecutor.execute(DriverCommandExecutor.java:83)
	at org.openqa.selenium.remote.RemoteWebDriver.execute(RemoteWebDriver.java:552)
	at org.openqa.selenium.remote.RemoteWebElement.execute(RemoteWebElement.java:285)
	at org.openqa.selenium.remote.RemoteWebElement.click(RemoteWebElement.java:84)
	at appModule.SearchAction.Search(SearchAction.java:23)
	at automationFramework.TSSearch.SearchSpellCommunity(TSSearch.java:94)
	at sun.reflect.NativeMethodAccessorImpl.invoke0(Native Method)
	at sun.reflect.NativeMethodAccessorImpl.invoke(NativeMethodAccessorImpl.java:62)
	at sun.reflect.DelegatingMethodAccessorImpl.invoke(DelegatingMethodAccessorImpl.java:43)
	at java.lang.reflect.Method.invoke(Method.java:498)
	at org.testng.internal.MethodInvocationHelper.invokeMethod(MethodInvocationHelper.java:133)
	at org.testng.internal.TestInvoker.invokeMethod(TestInvoker.java:584)
	at org.testng.internal.TestInvoker.invokeTestMethod(TestInvoker.java:172)
	at org.testng.internal.MethodRunner.runInSequence(MethodRunner.java:46)
	at org.testng.internal.TestInvoker$MethodInvocationAgent.invoke(TestInvoker.java:804)
	at org.testng.internal.TestInvoker.invokeTestMethods(TestInvoker.java:145)
	at org.testng.internal.TestMethodWorker.invokeTestMethods(TestMethodWorker.java:146)
	at org.testng.internal.TestMethodWorker.run(TestMethodWorker.java:128)
	at java.util.ArrayList.forEach(ArrayList.java:1257)
	at org.testng.TestRunner.privateRun(TestRunner.java:770)
	at org.testng.TestRunner.run(TestRunner.java:591)
	at org.testng.SuiteRunner.runTest(SuiteRunner.java:402)
	at org.testng.SuiteRunner.runSequentially(SuiteRunner.java:396)
	at org.testng.SuiteRunner.privateRun(SuiteRunner.java:355)
	at org.testng.SuiteRunner.run(SuiteRunner.java:304)
	at org.testng.SuiteRunnerWorker.runSuite(SuiteRunnerWorker.java:53)
	at org.testng.SuiteRunnerWorker.run(SuiteRunnerWorker.java:96)
	at org.testng.TestNG.runSuitesSequentially(TestNG.java:1180)
	at org.testng.TestNG.runSuitesLocally(TestNG.java:1102)
	at org.testng.TestNG.runSuites(TestNG.java:1032)
	at org.testng.TestNG.run(TestNG.java:1000)
	at org.testng.remote.AbstractRemoteTestNG.run(AbstractRemoteTestNG.java:115)
	at org.testng.remote.RemoteTestNG.initAndRun(RemoteTestNG.java:251)
	at org.testng.remote.RemoteTestNG.main(RemoteTestNG.java:77)
</pre></div></td>
<td>9</td>
<td>automationFramework.TSSearch@47ef968d</td></tr>
<tr>
<td title='automationFramework.TSSearch.SearchSpellCommunity()'><b>SearchSpellCommunity</b><br>Test class: automationFramework.TSSearch</td>
<td><div><pre>java.lang.NullPointerException
	at appModule.Listeners.onTestFailure(Listeners.java:51)
	at java.util.ArrayList.forEach(ArrayList.java:1257)
... Removed 24 stack frames</pre></div><a href='#' onClick='toggleBox("stack-trace1107404311", this, "Click to show all stack frames", "Click to hide stack frames")'>Click to show all stack frames</a>
<div class='stack-trace' id='stack-trace1107404311'><pre>java.lang.NullPointerException
	at appModule.Listeners.onTestFailure(Listeners.java:51)
	at org.testng.internal.TestListenerHelper.runTestListeners(TestListenerHelper.java:66)
	at org.testng.internal.TestInvoker.runTestResultListener(TestInvoker.java:210)
	at org.testng.internal.TestInvoker.invokeMethod(TestInvoker.java:638)
	at org.testng.internal.TestInvoker.invokeTestMethod(TestInvoker.java:172)
	at org.testng.internal.MethodRunner.runInSequence(MethodRunner.java:46)
	at org.testng.internal.TestInvoker$MethodInvocationAgent.invoke(TestInvoker.java:804)
	at org.testng.internal.TestInvoker.invokeTestMethods(TestInvoker.java:145)
	at org.testng.internal.TestMethodWorker.invokeTestMethods(TestMethodWorker.java:146)
	at org.testng.internal.TestMethodWorker.run(TestMethodWorker.java:128)
	at java.util.ArrayList.forEach(ArrayList.java:1257)
	at org.testng.TestRunner.privateRun(TestRunner.java:770)
	at org.testng.TestRunner.run(TestRunner.java:591)
	at org.testng.SuiteRunner.runTest(SuiteRunner.java:402)
	at org.testng.SuiteRunner.runSequentially(SuiteRunner.java:396)
	at org.testng.SuiteRunner.privateRun(SuiteRunner.java:355)
	at org.testng.SuiteRunner.run(SuiteRunner.java:304)
	at org.testng.SuiteRunnerWorker.runSuite(SuiteRunnerWorker.java:53)
	at org.testng.SuiteRunnerWorker.run(SuiteRunnerWorker.java:96)
	at org.testng.TestNG.runSuitesSequentially(TestNG.java:1180)
	at org.testng.TestNG.runSuitesLocally(TestNG.java:1102)
	at org.testng.TestNG.runSuites(TestNG.java:1032)
	at org.testng.TestNG.run(TestNG.java:1000)
	at org.testng.remote.AbstractRemoteTestNG.run(AbstractRemoteTestNG.java:115)
	at org.testng.remote.RemoteTestNG.initAndRun(RemoteTestNG.java:251)
	at org.testng.remote.RemoteTestNG.main(RemoteTestNG.java:77)
</pre></div></td>
<td>128</td>
<td>automationFramework.TSSearch@47ef968d</td></tr>
</table><p>
<table width='100%' border='1' class='invocation-passed'>
<tr><td colspan='4' align='center'><b>PASSED TESTS</b></td></tr>
<tr><td><b>Test method</b></td>
<td width="30%"><b>Exception</b></td>
<td width="10%"><b>Time (seconds)</b></td>
<td><b>Instance</b></td>
</tr>
<tr>
<td title='automationFramework.TSSearch.Search()'><b>Search</b><br>Test class: automationFramework.TSSearch</td>
<td></td>
<td>20</td>
<td>automationFramework.TSSearch@47ef968d</td></tr>
<tr>
<td title='automationFramework.TSSearch.SearchFilterValues()'><b>SearchFilterValues</b><br>Test class: automationFramework.TSSearch</td>
<td></td>
<td>18</td>
<td>automationFramework.TSSearch@47ef968d</td></tr>
<tr>
<td title='automationFramework.TSSearch.SearchSpellCommunity()'><b>SearchSpellCommunity</b><br>Test class: automationFramework.TSSearch<br>Parameters: vritas, 2, veritas, vritas</td>
<td></td>
<td>13</td>
<td>automationFramework.TSSearch@47ef968d</td></tr>
<tr>
<td title='automationFramework.TSSearch.SearchSpellCommunity()'><b>SearchSpellCommunity</b><br>Test class: automationFramework.TSSearch<br>Parameters: AmZon, 6, amazon, AmZon</td>
<td></td>
<td>8</td>
<td>automationFramework.TSSearch@47ef968d</td></tr>
<tr>
<td title='automationFramework.TSSearch.SearchSpellCommunity()'><b>SearchSpellCommunity</b><br>Test class: automationFramework.TSSearch<br>Parameters: maZon, 6, amazon, maZon</td>
<td></td>
<td>7</td>
<td>automationFramework.TSSearch@47ef968d</td></tr>
<tr>
<td title='automationFramework.TSSearch.SearchSpellCommunity()'><b>SearchSpellCommunity</b><br>Test class: automationFramework.TSSearch<br>Parameters: adoble, 6, adobe, adoble</td>
<td></td>
<td>7</td>
<td>automationFramework.TSSearch@47ef968d</td></tr>
<tr>
<td title='automationFramework.TSSearch.SearchSpellCommunity()'><b>SearchSpellCommunity</b><br>Test class: automationFramework.TSSearch<br>Parameters: daobe, 6, adobe, daobe</td>
<td></td>
<td>8</td>
<td>automationFramework.TSSearch@47ef968d</td></tr>
<tr>
<td title='automationFramework.TSSearch.SearchSpellCommunity()'><b>SearchSpellCommunity</b><br>Test class: automationFramework.TSSearch<br>Parameters: acrobt, 4, acrobat, acrobt</td>
<td></td>
<td>7</td>
<td>automationFramework.TSSearch@47ef968d</td></tr>
<tr>
<td title='automationFramework.TSSearch.SearchSpellCommunity()'><b>SearchSpellCommunity</b><br>Test class: automationFramework.TSSearch<br>Parameters: offic3, 147, office, offic3</td>
<td></td>
<td>9</td>
<td>automationFramework.TSSearch@47ef968d</td></tr>
<tr>
<td title='automationFramework.TSSearch.SearchSpellCommunity()'><b>SearchSpellCommunity</b><br>Test class: automationFramework.TSSearch<br>Parameters: dhrma, 1, dharma, dhrma</td>
<td></td>
<td>7</td>
<td>automationFramework.TSSearch@47ef968d</td></tr>
<tr>
<td title='automationFramework.TSSearch.SearchSpellCommunity()'><b>SearchSpellCommunity</b><br>Test class: automationFramework.TSSearch<br>Parameters: cr0me, 6, chrome, cr0me</td>
<td></td>
<td>7</td>
<td>automationFramework.TSSearch@47ef968d</td></tr>
<tr>
<td title='automationFramework.TSSearch.SearchSpellCommunity()'><b>SearchSpellCommunity</b><br>Test class: automationFramework.TSSearch<br>Parameters: chrme, 6, chrome, chrme</td>
<td></td>
<td>8</td>
<td>automationFramework.TSSearch@47ef968d</td></tr>
<tr>
<td title='automationFramework.TSSearch.SearchSpellCommunity()'><b>SearchSpellCommunity</b><br>Test class: automationFramework.TSSearch<br>Parameters: zo0m, 11, zoom, zo0m</td>
<td></td>
<td>8</td>
<td>automationFramework.TSSearch@47ef968d</td></tr>
<tr>
<td title='automationFramework.TSSearch.SearchSpellCommunity()'><b>SearchSpellCommunity</b><br>Test class: automationFramework.TSSearch<br>Parameters: zmoo, 0, zmodo, zmoo</td>
<td></td>
<td>8</td>
<td>automationFramework.TSSearch@47ef968d</td></tr>
<tr>
<td title='automationFramework.TSSearch.SearchSpellCommunity()'><b>SearchSpellCommunity</b><br>Test class: automationFramework.TSSearch<br>Parameters: wewok, 0, wework, wewok</td>
<td></td>
<td>8</td>
<td>automationFramework.TSSearch@47ef968d</td></tr>
<tr>
<td title='automationFramework.TSSearch.SearchSpellCommunity()'><b>SearchSpellCommunity</b><br>Test class: automationFramework.TSSearch<br>Parameters: sq server, 33, sql server, sq server</td>
<td></td>
<td>8</td>
<td>automationFramework.TSSearch@47ef968d</td></tr>
</table><p>
</body>
</html>