<?xml version="1.0" encoding="UTF-8"?>
<!-- Generated by org.testng.reporters.JUnitXMLReporter -->
<testsuite hostname="LT-MRADFORD01" ignored="0" name="Testing special " tests="4" failures="2" timestamp="2020-08-12T14:14:00 PDT" time="198.76" errors="0">
  <testcase name="BasicCheckout" time="79.376" classname="automationFramework.TSCheckoutSpecialChars"/>
  <testcase name="BasicCheckout" time="68.504" classname="automationFramework.TSCheckoutSpecialChars"/>
  <testcase name="BasicCheckout" time="36.613" classname="automationFramework.TSCheckoutSpecialChars">
    <failure type="org.openqa.selenium.WebDriverException" message="unknown error: Element &amp;lt;button id=&amp;quot;update&amp;quot; value=&amp;quot;Update Payment&amp;quot; class=&amp;quot;btn btn-primary btn-xs-full-width&amp;quot; ng-show=&amp;quot;(content == &amp;apos;mailacheck&amp;apos;)&amp;quot; ng-click=&amp;quot;updatePayment($event)&amp;quot;&amp;gt;...&amp;lt;/button&amp;gt; is not clickable at point (685, 907). Other element would receive the click: &amp;lt;button id=&amp;quot;submitECbtn&amp;quot; disabled=&amp;quot;disabled&amp;quot; value=&amp;quot;submitECbtn&amp;quot; class=&amp;quot;btn btn-primary btn-xs-full-width&amp;quot; ng-show=&amp;quot;(content == &amp;apos;echeck&amp;apos;)&amp;quot; ng-click=&amp;quot;submitECData($event)&amp;quot;&amp;gt;...&amp;lt;/button&amp;gt;
  (Session info: chrome=84.0.4147.125)
  (Driver info: chromedriver=2.43.600210 (68dcf5eebde37173d4027fa8635e332711d2874a),platform=Windows NT 10.0.18362 x86_64) (WARNING: The server did not provide any stacktrace information)
Command duration or timeout: 0 milliseconds
Build info: version: &amp;apos;3.141.59&amp;apos;, revision: &amp;apos;e82be7d358&amp;apos;, time: &amp;apos;2018-11-14T08:25:48&amp;apos;
System info: host: &amp;apos;LT-MRADFORD01&amp;apos;, ip: &amp;apos;192.168.0.22&amp;apos;, os.name: &amp;apos;Windows 10&amp;apos;, os.arch: &amp;apos;amd64&amp;apos;, os.version: &amp;apos;10.0&amp;apos;, java.version: &amp;apos;1.8.0_242&amp;apos;
Driver info: org.openqa.selenium.chrome.ChromeDriver
Capabilities {acceptInsecureCerts: false, acceptSslCerts: false, applicationCacheEnabled: false, browserConnectionEnabled: false, browserName: chrome, chrome: {chromedriverVersion: 2.43.600210 (68dcf5eebde371..., userDataDir: C:\Users\mradford\AppData\L...}, cssSelectorsEnabled: true, databaseEnabled: false, goog:chromeOptions: {debuggerAddress: localhost:53724}, handlesAlerts: true, hasTouchScreen: false, javascriptEnabled: true, locationContextEnabled: true, mobileEmulationEnabled: false, nativeEvents: true, networkConnectionEnabled: false, pageLoadStrategy: normal, platform: XP, platformName: XP, rotatable: false, setWindowRect: true, takesHeapSnapshot: true, takesScreenshot: true, unexpectedAlertBehaviour: , unhandledPromptBehavior: , version: 84.0.4147.125, webStorageEnabled: true}
Session ID: cd8741240231608121a6ddd4cdec9888">
      <![CDATA[org.openqa.selenium.WebDriverException: unknown error: Element <button id="update" value="Update Payment" class="btn btn-primary btn-xs-full-width" ng-show="(content == 'mailacheck')" ng-click="updatePayment($event)">...</button> is not clickable at point (685, 907). Other element would receive the click: <button id="submitECbtn" disabled="disabled" value="submitECbtn" class="btn btn-primary btn-xs-full-width" ng-show="(content == 'echeck')" ng-click="submitECData($event)">...</button>
  (Session info: chrome=84.0.4147.125)
  (Driver info: chromedriver=2.43.600210 (68dcf5eebde37173d4027fa8635e332711d2874a),platform=Windows NT 10.0.18362 x86_64) (WARNING: The server did not provide any stacktrace information)
Command duration or timeout: 0 milliseconds
Build info: version: '3.141.59', revision: 'e82be7d358', time: '2018-11-14T08:25:48'
System info: host: 'LT-MRADFORD01', ip: '192.168.0.22', os.name: 'Windows 10', os.arch: 'amd64', os.version: '10.0', java.version: '1.8.0_242'
Driver info: org.openqa.selenium.chrome.ChromeDriver
Capabilities {acceptInsecureCerts: false, acceptSslCerts: false, applicationCacheEnabled: false, browserConnectionEnabled: false, browserName: chrome, chrome: {chromedriverVersion: 2.43.600210 (68dcf5eebde371..., userDataDir: C:\Users\mradford\AppData\L...}, cssSelectorsEnabled: true, databaseEnabled: false, goog:chromeOptions: {debuggerAddress: localhost:53724}, handlesAlerts: true, hasTouchScreen: false, javascriptEnabled: true, locationContextEnabled: true, mobileEmulationEnabled: false, nativeEvents: true, networkConnectionEnabled: false, pageLoadStrategy: normal, platform: XP, platformName: XP, rotatable: false, setWindowRect: true, takesHeapSnapshot: true, takesScreenshot: true, unexpectedAlertBehaviour: , unhandledPromptBehavior: , version: 84.0.4147.125, webStorageEnabled: true}
Session ID: cd8741240231608121a6ddd4cdec9888
at org.openqa.selenium.remote.ErrorHandler.createThrowable(ErrorHandler.java:214)
at org.openqa.selenium.remote.ErrorHandler.throwIfResponseFailed(ErrorHandler.java:166)
at org.openqa.selenium.remote.http.JsonHttpResponseCodec.reconstructValue(JsonHttpResponseCodec.java:40)
at org.openqa.selenium.remote.http.AbstractHttpResponseCodec.decode(AbstractHttpResponseCodec.java:80)
at org.openqa.selenium.remote.http.AbstractHttpResponseCodec.decode(AbstractHttpResponseCodec.java:44)
at org.openqa.selenium.remote.HttpCommandExecutor.execute(HttpCommandExecutor.java:158)
at org.openqa.selenium.remote.service.DriverCommandExecutor.execute(DriverCommandExecutor.java:83)
at org.openqa.selenium.remote.RemoteWebDriver.execute(RemoteWebDriver.java:552)
at org.openqa.selenium.remote.RemoteWebElement.execute(RemoteWebElement.java:285)
at org.openqa.selenium.remote.RemoteWebElement.click(RemoteWebElement.java:84)
at pageObjects.cartPage.CheckOut(cartPage.java:706)
at automationFramework.TSCheckoutSpecialChars.BasicCheckout(TSCheckoutSpecialChars.java:84)
at java.util.ArrayList.forEach(ArrayList.java:1257)
... Removed 31 stack frames]]>
    </failure>
  </testcase> <!-- BasicCheckout -->
  <testcase name="BasicCheckout" time="184.926" classname="automationFramework.TSCheckoutSpecialChars">
    <failure type="java.lang.NullPointerException">
      <![CDATA[java.lang.NullPointerException
at appModule.Listeners.onTestFailure(Listeners.java:51)
at java.util.ArrayList.forEach(ArrayList.java:1257)
... Removed 24 stack frames]]>
    </failure>
  </testcase> <!-- BasicCheckout -->
</testsuite> <!-- Testing special  -->
