<?xml version="1.0" encoding="UTF-8"?>
<!-- Generated by org.testng.reporters.JUnitXMLReporter -->
<testsuite hostname="LT-MRADFORD01" ignored="0" name="Testing Prod Daily" tests="4" failures="2" timestamp="2020-08-24T08:52:00 PDT" time="277.544" errors="0">
  <testcase name="BasicCheckout" time="73.217" classname="automationFramework.TSCheckout"/>
  <testcase name="CCCheckout" time="172.528" classname="automationFramework.TSCheckout"/>
  <testcase name="CheckoutUpdatePayment" time="17.743" classname="automationFramework.TSCheckout">
    <failure type="java.lang.IllegalArgumentException" message="Keys to send should be a not null CharSequence">
      <![CDATA[java.lang.IllegalArgumentException: Keys to send should be a not null CharSequence
at org.openqa.selenium.remote.RemoteWebElement.sendKeys(RemoteWebElement.java:97)
at appModule.Glob.FindOrder(Glob.java:392)
at appModule.Glob.ModifyPayment(Glob.java:484)
at automationFramework.TSCheckout.CheckoutUpdatePayment(TSCheckout.java:199)
at java.util.ArrayList.forEach(ArrayList.java:1257)
... Removed 27 stack frames]]>
    </failure>
  </testcase> <!-- CheckoutUpdatePayment -->
  <testcase name="CheckoutUpdatePayment" time="18.386" classname="automationFramework.TSCheckout">
    <failure type="java.lang.NullPointerException">
      <![CDATA[java.lang.NullPointerException
at appModule.Listeners.onTestFailure(Listeners.java:51)
at java.util.ArrayList.forEach(ArrayList.java:1257)
... Removed 24 stack frames]]>
    </failure>
  </testcase> <!-- CheckoutUpdatePayment -->
</testsuite> <!-- Testing Prod Daily -->
