<?xml version="1.0" encoding="UTF-8"?>
<!-- Generated by org.testng.reporters.JUnitXMLReporter -->
<testsuite hostname="LT-MRADFORD01" ignored="0" name="Testing for load balancers " tests="18" failures="2" timestamp="2020-08-17T14:20:40 PDT" time="181.821" errors="0">
  <testcase name="Search" time="20.293" classname="automationFramework.TSSearch"/>
  <testcase name="SearchFilterValues" time="18.007" classname="automationFramework.TSSearch"/>
  <testcase name="SearchSpellCommunity" time="13.678" classname="automationFramework.TSSearch"/>
  <testcase name="SearchSpellCommunity" time="8.367" classname="automationFramework.TSSearch"/>
  <testcase name="SearchSpellCommunity" time="7.499" classname="automationFramework.TSSearch"/>
  <testcase name="SearchSpellCommunity" time="7.767" classname="automationFramework.TSSearch"/>
  <testcase name="SearchSpellCommunity" time="8.395" classname="automationFramework.TSSearch"/>
  <testcase name="SearchSpellCommunity" time="7.689" classname="automationFramework.TSSearch"/>
  <testcase name="SearchSpellCommunity" time="9.076" classname="automationFramework.TSSearch"/>
  <testcase name="SearchSpellCommunity" time="7.578" classname="automationFramework.TSSearch"/>
  <testcase name="SearchSpellCommunity" time="7.715" classname="automationFramework.TSSearch"/>
  <testcase name="SearchSpellCommunity" time="8.263" classname="automationFramework.TSSearch"/>
  <testcase name="SearchSpellCommunity" time="8.259" classname="automationFramework.TSSearch"/>
  <testcase name="SearchSpellCommunity" time="8.046" classname="automationFramework.TSSearch"/>
  <testcase name="SearchSpellCommunity" time="8.698" classname="automationFramework.TSSearch"/>
  <testcase name="SearchSpellCommunity" time="8.111" classname="automationFramework.TSSearch"/>
  <testcase name="SearchSpellCommunity" time="9.032" classname="automationFramework.TSSearch">
    <failure type="org.openqa.selenium.WebDriverException" message="unknown error: Element &amp;lt;span class=&amp;quot;desktop-title&amp;quot;&amp;gt;...&amp;lt;/span&amp;gt; is not clickable at point (848, 179). Other element would receive the click: &amp;lt;div class=&amp;quot;topContent noindex&amp;quot;&amp;gt;...&amp;lt;/div&amp;gt;
  (Session info: chrome=84.0.4147.125)
  (Driver info: chromedriver=2.43.600210 (68dcf5eebde37173d4027fa8635e332711d2874a),platform=Windows NT 10.0.18362 x86_64) (WARNING: The server did not provide any stacktrace information)
Command duration or timeout: 0 milliseconds
Build info: version: &amp;apos;3.141.59&amp;apos;, revision: &amp;apos;e82be7d358&amp;apos;, time: &amp;apos;2018-11-14T08:25:48&amp;apos;
System info: host: &amp;apos;LT-MRADFORD01&amp;apos;, ip: &amp;apos;192.168.0.22&amp;apos;, os.name: &amp;apos;Windows 10&amp;apos;, os.arch: &amp;apos;amd64&amp;apos;, os.version: &amp;apos;10.0&amp;apos;, java.version: &amp;apos;1.8.0_242&amp;apos;
Driver info: org.openqa.selenium.chrome.ChromeDriver
Capabilities {acceptInsecureCerts: false, acceptSslCerts: false, applicationCacheEnabled: false, browserConnectionEnabled: false, browserName: chrome, chrome: {chromedriverVersion: 2.43.600210 (68dcf5eebde371..., userDataDir: C:\Users\mradford\AppData\L...}, cssSelectorsEnabled: true, databaseEnabled: false, goog:chromeOptions: {debuggerAddress: localhost:59596}, handlesAlerts: true, hasTouchScreen: false, javascriptEnabled: true, locationContextEnabled: true, mobileEmulationEnabled: false, nativeEvents: true, networkConnectionEnabled: false, pageLoadStrategy: normal, platform: XP, platformName: XP, rotatable: false, setWindowRect: true, takesHeapSnapshot: true, takesScreenshot: true, unexpectedAlertBehaviour: , unhandledPromptBehavior: , version: 84.0.4147.125, webStorageEnabled: true}
Session ID: ea1e6068763d39eb9578bfcffcd2ee7b">
      <![CDATA[org.openqa.selenium.WebDriverException: unknown error: Element <span class="desktop-title">...</span> is not clickable at point (848, 179). Other element would receive the click: <div class="topContent noindex">...</div>
  (Session info: chrome=84.0.4147.125)
  (Driver info: chromedriver=2.43.600210 (68dcf5eebde37173d4027fa8635e332711d2874a),platform=Windows NT 10.0.18362 x86_64) (WARNING: The server did not provide any stacktrace information)
Command duration or timeout: 0 milliseconds
Build info: version: '3.141.59', revision: 'e82be7d358', time: '2018-11-14T08:25:48'
System info: host: 'LT-MRADFORD01', ip: '192.168.0.22', os.name: 'Windows 10', os.arch: 'amd64', os.version: '10.0', java.version: '1.8.0_242'
Driver info: org.openqa.selenium.chrome.ChromeDriver
Capabilities {acceptInsecureCerts: false, acceptSslCerts: false, applicationCacheEnabled: false, browserConnectionEnabled: false, browserName: chrome, chrome: {chromedriverVersion: 2.43.600210 (68dcf5eebde371..., userDataDir: C:\Users\mradford\AppData\L...}, cssSelectorsEnabled: true, databaseEnabled: false, goog:chromeOptions: {debuggerAddress: localhost:59596}, handlesAlerts: true, hasTouchScreen: false, javascriptEnabled: true, locationContextEnabled: true, mobileEmulationEnabled: false, nativeEvents: true, networkConnectionEnabled: false, pageLoadStrategy: normal, platform: XP, platformName: XP, rotatable: false, setWindowRect: true, takesHeapSnapshot: true, takesScreenshot: true, unexpectedAlertBehaviour: , unhandledPromptBehavior: , version: 84.0.4147.125, webStorageEnabled: true}
Session ID: ea1e6068763d39eb9578bfcffcd2ee7b
at org.openqa.selenium.remote.ErrorHandler.createThrowable(ErrorHandler.java:214)
at org.openqa.selenium.remote.ErrorHandler.throwIfResponseFailed(ErrorHandler.java:166)
at org.openqa.selenium.remote.http.JsonHttpResponseCodec.reconstructValue(JsonHttpResponseCodec.java:40)
at org.openqa.selenium.remote.http.AbstractHttpResponseCodec.decode(AbstractHttpResponseCodec.java:80)
at org.openqa.selenium.remote.http.AbstractHttpResponseCodec.decode(AbstractHttpResponseCodec.java:44)
at org.openqa.selenium.remote.HttpCommandExecutor.execute(HttpCommandExecutor.java:158)
at org.openqa.selenium.remote.service.DriverCommandExecutor.execute(DriverCommandExecutor.java:83)
at org.openqa.selenium.remote.RemoteWebDriver.execute(RemoteWebDriver.java:552)
at org.openqa.selenium.remote.RemoteWebElement.execute(RemoteWebElement.java:285)
at org.openqa.selenium.remote.RemoteWebElement.click(RemoteWebElement.java:84)
at appModule.SearchAction.Search(SearchAction.java:23)
at automationFramework.TSSearch.SearchSpellCommunity(TSSearch.java:94)
at java.util.ArrayList.forEach(ArrayList.java:1257)
... Removed 31 stack frames]]>
    </failure>
  </testcase> <!-- SearchSpellCommunity -->
  <testcase name="SearchSpellCommunity" time="128.631" classname="automationFramework.TSSearch">
    <failure type="java.lang.NullPointerException">
      <![CDATA[java.lang.NullPointerException
at appModule.Listeners.onTestFailure(Listeners.java:51)
at java.util.ArrayList.forEach(ArrayList.java:1257)
... Removed 24 stack frames]]>
    </failure>
  </testcase> <!-- SearchSpellCommunity -->
</testsuite> <!-- Testing for load balancers  -->
