<?xml version="1.0" encoding="UTF-8"?>
<!-- Generated by org.testng.reporters.JUnitReportReporter -->
<testsuite skipped="0" hostname="LT-MRADFORD2" name="automationFramework.TSVerifyPages6" tests="114" failures="0" timestamp="20 Sep 2019 22:56:19 GMT" time="854.477" errors="6">
  <testcase name="checkDonorPages" time="6.534" classname="automationFramework.TSVerifyPages6"/>
  <testcase name="checkDonorPages" time="4.293" classname="automationFramework.TSVerifyPages6"/>
  <testcase name="checkDonorPages" time="5.358" classname="automationFramework.TSVerifyPages6"/>
  <testcase name="checkCategoryPages" time="8.065" classname="automationFramework.TSVerifyPages6"/>
  <testcase name="checkDonorPages" time="8.054" classname="automationFramework.TSVerifyPages6"/>
  <testcase name="checkDonorPages" time="7.485" classname="automationFramework.TSVerifyPages6"/>
  <testcase name="checkDonorPages" time="3.744" classname="automationFramework.TSVerifyPages6"/>
  <testcase name="checkDonorPages" time="5.484" classname="automationFramework.TSVerifyPages6"/>
  <testcase name="checkCategoryPages" time="6.433" classname="automationFramework.TSVerifyPages6"/>
  <testcase name="checkDonorPages" time="6.658" classname="automationFramework.TSVerifyPages6"/>
  <testcase name="checkDonorPages" time="6.905" classname="automationFramework.TSVerifyPages6"/>
  <testcase name="checkBoostPages" time="10.980" classname="automationFramework.TSVerifyPages6">
    <error type="org.openqa.selenium.NoSuchElementException" message="no such element: Unable to locate element: {&quot;method&quot;:&quot;css selector&quot;,&quot;selector&quot;:&quot;#productSummary &gt; div &gt; div.row.imagecontainer &gt; div &gt; span &gt; dl &gt; ul &gt; li:nth-child(3) &gt; span.prod-value &gt; div&quot;}
  (Session info: chrome=77.0.3865.90)
  (Driver info: chromedriver=2.43.600210 (68dcf5eebde37173d4027fa8635e332711d2874a),platform=Windows NT 6.1.7601 SP1 x86_64) (WARNING: The server did not provide any stacktrace information)
Command duration or timeout: 0 milliseconds
For documentation on this error, please visit: https://www.seleniumhq.org/exceptions/no_such_element.html
Build info: version: &#039;3.141.59&#039;, revision: &#039;e82be7d358&#039;, time: &#039;2018-11-14T08:25:48&#039;
System info: host: &#039;LT-MRADFORD2&#039;, ip: &#039;10.200.25.242&#039;, os.name: &#039;Windows 7&#039;, os.arch: &#039;amd64&#039;, os.version: &#039;6.1&#039;, java.version: &#039;1.8.0_211&#039;
Driver info: org.openqa.selenium.chrome.ChromeDriver
Capabilities {acceptInsecureCerts: false, acceptSslCerts: false, applicationCacheEnabled: false, browserConnectionEnabled: false, browserName: chrome, chrome: {chromedriverVersion: 2.43.600210 (68dcf5eebde371..., userDataDir: C:\Users\mradford\AppData\L...}, cssSelectorsEnabled: true, databaseEnabled: false, goog:chromeOptions: {debuggerAddress: localhost:57214}, handlesAlerts: true, hasTouchScreen: false, javascriptEnabled: true, locationContextEnabled: true, mobileEmulationEnabled: false, nativeEvents: true, networkConnectionEnabled: false, pageLoadStrategy: normal, platform: XP, platformName: XP, rotatable: false, setWindowRect: true, takesHeapSnapshot: true, takesScreenshot: true, unexpectedAlertBehaviour: , unhandledPromptBehavior: , version: 77.0.3865.90, webStorageEnabled: true}
Session ID: ec3cf91215f5f747b66ee131805cbad1
*** Element info: {Using=css selector, value=#productSummary &gt; div &gt; div.row.imagecontainer &gt; div &gt; span &gt; dl &gt; ul &gt; li:nth-child(3) &gt; span.prod-value &gt; div}">
      <![CDATA[org.openqa.selenium.NoSuchElementException: no such element: Unable to locate element: {"method":"css selector","selector":"#productSummary > div > div.row.imagecontainer > div > span > dl > ul > li:nth-child(3) > span.prod-value > div"}
  (Session info: chrome=77.0.3865.90)
  (Driver info: chromedriver=2.43.600210 (68dcf5eebde37173d4027fa8635e332711d2874a),platform=Windows NT 6.1.7601 SP1 x86_64) (WARNING: The server did not provide any stacktrace information)
Command duration or timeout: 0 milliseconds
For documentation on this error, please visit: https://www.seleniumhq.org/exceptions/no_such_element.html
Build info: version: '3.141.59', revision: 'e82be7d358', time: '2018-11-14T08:25:48'
System info: host: 'LT-MRADFORD2', ip: '10.200.25.242', os.name: 'Windows 7', os.arch: 'amd64', os.version: '6.1', java.version: '1.8.0_211'
Driver info: org.openqa.selenium.chrome.ChromeDriver
Capabilities {acceptInsecureCerts: false, acceptSslCerts: false, applicationCacheEnabled: false, browserConnectionEnabled: false, browserName: chrome, chrome: {chromedriverVersion: 2.43.600210 (68dcf5eebde371..., userDataDir: C:\Users\mradford\AppData\L...}, cssSelectorsEnabled: true, databaseEnabled: false, goog:chromeOptions: {debuggerAddress: localhost:57214}, handlesAlerts: true, hasTouchScreen: false, javascriptEnabled: true, locationContextEnabled: true, mobileEmulationEnabled: false, nativeEvents: true, networkConnectionEnabled: false, pageLoadStrategy: normal, platform: XP, platformName: XP, rotatable: false, setWindowRect: true, takesHeapSnapshot: true, takesScreenshot: true, unexpectedAlertBehaviour: , unhandledPromptBehavior: , version: 77.0.3865.90, webStorageEnabled: true}
Session ID: ec3cf91215f5f747b66ee131805cbad1
*** Element info: {Using=css selector, value=#productSummary > div > div.row.imagecontainer > div > span > dl > ul > li:nth-child(3) > span.prod-value > div}
at sun.reflect.NativeConstructorAccessorImpl.newInstance0(Native Method)
at sun.reflect.NativeConstructorAccessorImpl.newInstance(Unknown Source)
at sun.reflect.DelegatingConstructorAccessorImpl.newInstance(Unknown Source)
at java.lang.reflect.Constructor.newInstance(Unknown Source)
at org.openqa.selenium.remote.ErrorHandler.createThrowable(ErrorHandler.java:214)
at org.openqa.selenium.remote.ErrorHandler.throwIfResponseFailed(ErrorHandler.java:166)
at org.openqa.selenium.remote.http.JsonHttpResponseCodec.reconstructValue(JsonHttpResponseCodec.java:40)
at org.openqa.selenium.remote.http.AbstractHttpResponseCodec.decode(AbstractHttpResponseCodec.java:80)
at org.openqa.selenium.remote.http.AbstractHttpResponseCodec.decode(AbstractHttpResponseCodec.java:44)
at org.openqa.selenium.remote.HttpCommandExecutor.execute(HttpCommandExecutor.java:158)
at org.openqa.selenium.remote.service.DriverCommandExecutor.execute(DriverCommandExecutor.java:83)
at org.openqa.selenium.remote.RemoteWebDriver.execute(RemoteWebDriver.java:552)
at org.openqa.selenium.remote.RemoteWebDriver.findElement(RemoteWebDriver.java:323)
at org.openqa.selenium.remote.RemoteWebDriver.findElementByCssSelector(RemoteWebDriver.java:420)
at org.openqa.selenium.By$ByCssSelector.findElement(By.java:431)
at org.openqa.selenium.remote.RemoteWebDriver.findElement(RemoteWebDriver.java:315)
at pageObjects.ProductPage.lblBoostTxt(ProductPage.java:54)
at automationFramework.TSVerifyPages6.checkBoostPages(TSVerifyPages6.java:74)
at sun.reflect.NativeMethodAccessorImpl.invoke0(Native Method)
at sun.reflect.NativeMethodAccessorImpl.invoke(Unknown Source)
at sun.reflect.DelegatingMethodAccessorImpl.invoke(Unknown Source)
at java.lang.reflect.Method.invoke(Unknown Source)
at org.testng.internal.MethodInvocationHelper.invokeMethod(MethodInvocationHelper.java:124)
at org.testng.internal.Invoker.invokeMethod(Invoker.java:583)
at org.testng.internal.Invoker.invokeTestMethod(Invoker.java:719)
at org.testng.internal.Invoker.invokeTestMethods(Invoker.java:989)
at org.testng.internal.TestMethodWorker.invokeTestMethods(TestMethodWorker.java:125)
at org.testng.internal.TestMethodWorker.run(TestMethodWorker.java:109)
at java.util.concurrent.ThreadPoolExecutor.runWorker(Unknown Source)
at java.util.concurrent.ThreadPoolExecutor$Worker.run(Unknown Source)
at java.lang.Thread.run(Unknown Source)
]]>
    </error>
  </testcase> <!-- checkBoostPages -->
  <testcase name="checkCategoryPages" time="9.669" classname="automationFramework.TSVerifyPages6"/>
  <testcase name="checkDonorPages" time="5.080" classname="automationFramework.TSVerifyPages6"/>
  <testcase name="checkDonorPages" time="9.119" classname="automationFramework.TSVerifyPages6"/>
  <testcase name="checkCategoryPages" time="8.467" classname="automationFramework.TSVerifyPages6"/>
  <testcase name="checkDonorPages" time="7.930" classname="automationFramework.TSVerifyPages6"/>
  <testcase name="checkDonorPages" time="6.209" classname="automationFramework.TSVerifyPages6"/>
  <testcase name="checkDonorPages" time="7.294" classname="automationFramework.TSVerifyPages6"/>
  <testcase name="checkCategoryPages" time="10.078" classname="automationFramework.TSVerifyPages6"/>
  <testcase name="checkDonorPages" time="8.672" classname="automationFramework.TSVerifyPages6"/>
  <testcase name="checkDonorPages" time="6.345" classname="automationFramework.TSVerifyPages6"/>
  <testcase name="checkDonorPages" time="7.006" classname="automationFramework.TSVerifyPages6"/>
  <testcase name="checkCategoryPages" time="7.235" classname="automationFramework.TSVerifyPages6"/>
  <testcase name="checkDonorPages" time="6.460" classname="automationFramework.TSVerifyPages6"/>
  <testcase name="checkDonorPages" time="6.928" classname="automationFramework.TSVerifyPages6"/>
  <testcase name="checkBoostPages" time="11.633" classname="automationFramework.TSVerifyPages6">
    <error type="org.openqa.selenium.NoSuchElementException" message="no such element: Unable to locate element: {&quot;method&quot;:&quot;css selector&quot;,&quot;selector&quot;:&quot;#productSummary &gt; div &gt; div.row.imagecontainer &gt; div &gt; span &gt; dl &gt; ul &gt; li:nth-child(3) &gt; span.prod-value &gt; div&quot;}
  (Session info: chrome=77.0.3865.90)
  (Driver info: chromedriver=2.43.600210 (68dcf5eebde37173d4027fa8635e332711d2874a),platform=Windows NT 6.1.7601 SP1 x86_64) (WARNING: The server did not provide any stacktrace information)
Command duration or timeout: 0 milliseconds
For documentation on this error, please visit: https://www.seleniumhq.org/exceptions/no_such_element.html
Build info: version: &#039;3.141.59&#039;, revision: &#039;e82be7d358&#039;, time: &#039;2018-11-14T08:25:48&#039;
System info: host: &#039;LT-MRADFORD2&#039;, ip: &#039;10.200.25.242&#039;, os.name: &#039;Windows 7&#039;, os.arch: &#039;amd64&#039;, os.version: &#039;6.1&#039;, java.version: &#039;1.8.0_211&#039;
Driver info: org.openqa.selenium.chrome.ChromeDriver
Capabilities {acceptInsecureCerts: false, acceptSslCerts: false, applicationCacheEnabled: false, browserConnectionEnabled: false, browserName: chrome, chrome: {chromedriverVersion: 2.43.600210 (68dcf5eebde371..., userDataDir: C:\Users\mradford\AppData\L...}, cssSelectorsEnabled: true, databaseEnabled: false, goog:chromeOptions: {debuggerAddress: localhost:57214}, handlesAlerts: true, hasTouchScreen: false, javascriptEnabled: true, locationContextEnabled: true, mobileEmulationEnabled: false, nativeEvents: true, networkConnectionEnabled: false, pageLoadStrategy: normal, platform: XP, platformName: XP, rotatable: false, setWindowRect: true, takesHeapSnapshot: true, takesScreenshot: true, unexpectedAlertBehaviour: , unhandledPromptBehavior: , version: 77.0.3865.90, webStorageEnabled: true}
Session ID: ec3cf91215f5f747b66ee131805cbad1
*** Element info: {Using=css selector, value=#productSummary &gt; div &gt; div.row.imagecontainer &gt; div &gt; span &gt; dl &gt; ul &gt; li:nth-child(3) &gt; span.prod-value &gt; div}">
      <![CDATA[org.openqa.selenium.NoSuchElementException: no such element: Unable to locate element: {"method":"css selector","selector":"#productSummary > div > div.row.imagecontainer > div > span > dl > ul > li:nth-child(3) > span.prod-value > div"}
  (Session info: chrome=77.0.3865.90)
  (Driver info: chromedriver=2.43.600210 (68dcf5eebde37173d4027fa8635e332711d2874a),platform=Windows NT 6.1.7601 SP1 x86_64) (WARNING: The server did not provide any stacktrace information)
Command duration or timeout: 0 milliseconds
For documentation on this error, please visit: https://www.seleniumhq.org/exceptions/no_such_element.html
Build info: version: '3.141.59', revision: 'e82be7d358', time: '2018-11-14T08:25:48'
System info: host: 'LT-MRADFORD2', ip: '10.200.25.242', os.name: 'Windows 7', os.arch: 'amd64', os.version: '6.1', java.version: '1.8.0_211'
Driver info: org.openqa.selenium.chrome.ChromeDriver
Capabilities {acceptInsecureCerts: false, acceptSslCerts: false, applicationCacheEnabled: false, browserConnectionEnabled: false, browserName: chrome, chrome: {chromedriverVersion: 2.43.600210 (68dcf5eebde371..., userDataDir: C:\Users\mradford\AppData\L...}, cssSelectorsEnabled: true, databaseEnabled: false, goog:chromeOptions: {debuggerAddress: localhost:57214}, handlesAlerts: true, hasTouchScreen: false, javascriptEnabled: true, locationContextEnabled: true, mobileEmulationEnabled: false, nativeEvents: true, networkConnectionEnabled: false, pageLoadStrategy: normal, platform: XP, platformName: XP, rotatable: false, setWindowRect: true, takesHeapSnapshot: true, takesScreenshot: true, unexpectedAlertBehaviour: , unhandledPromptBehavior: , version: 77.0.3865.90, webStorageEnabled: true}
Session ID: ec3cf91215f5f747b66ee131805cbad1
*** Element info: {Using=css selector, value=#productSummary > div > div.row.imagecontainer > div > span > dl > ul > li:nth-child(3) > span.prod-value > div}
at sun.reflect.GeneratedConstructorAccessor20.newInstance(Unknown Source)
at sun.reflect.DelegatingConstructorAccessorImpl.newInstance(Unknown Source)
at java.lang.reflect.Constructor.newInstance(Unknown Source)
at org.openqa.selenium.remote.ErrorHandler.createThrowable(ErrorHandler.java:214)
at org.openqa.selenium.remote.ErrorHandler.throwIfResponseFailed(ErrorHandler.java:166)
at org.openqa.selenium.remote.http.JsonHttpResponseCodec.reconstructValue(JsonHttpResponseCodec.java:40)
at org.openqa.selenium.remote.http.AbstractHttpResponseCodec.decode(AbstractHttpResponseCodec.java:80)
at org.openqa.selenium.remote.http.AbstractHttpResponseCodec.decode(AbstractHttpResponseCodec.java:44)
at org.openqa.selenium.remote.HttpCommandExecutor.execute(HttpCommandExecutor.java:158)
at org.openqa.selenium.remote.service.DriverCommandExecutor.execute(DriverCommandExecutor.java:83)
at org.openqa.selenium.remote.RemoteWebDriver.execute(RemoteWebDriver.java:552)
at org.openqa.selenium.remote.RemoteWebDriver.findElement(RemoteWebDriver.java:323)
at org.openqa.selenium.remote.RemoteWebDriver.findElementByCssSelector(RemoteWebDriver.java:420)
at org.openqa.selenium.By$ByCssSelector.findElement(By.java:431)
at org.openqa.selenium.remote.RemoteWebDriver.findElement(RemoteWebDriver.java:315)
at pageObjects.ProductPage.lblBoostTxt(ProductPage.java:54)
at automationFramework.TSVerifyPages6.checkBoostPages(TSVerifyPages6.java:74)
at sun.reflect.NativeMethodAccessorImpl.invoke0(Native Method)
at sun.reflect.NativeMethodAccessorImpl.invoke(Unknown Source)
at sun.reflect.DelegatingMethodAccessorImpl.invoke(Unknown Source)
at java.lang.reflect.Method.invoke(Unknown Source)
at org.testng.internal.MethodInvocationHelper.invokeMethod(MethodInvocationHelper.java:124)
at org.testng.internal.Invoker.invokeMethod(Invoker.java:583)
at org.testng.internal.Invoker.invokeTestMethod(Invoker.java:719)
at org.testng.internal.Invoker.invokeTestMethods(Invoker.java:989)
at org.testng.internal.TestMethodWorker.invokeTestMethods(TestMethodWorker.java:125)
at org.testng.internal.TestMethodWorker.run(TestMethodWorker.java:109)
at java.util.concurrent.ThreadPoolExecutor.runWorker(Unknown Source)
at java.util.concurrent.ThreadPoolExecutor$Worker.run(Unknown Source)
at java.lang.Thread.run(Unknown Source)
]]>
    </error>
  </testcase> <!-- checkBoostPages -->
  <testcase name="checkCategoryPages" time="9.720" classname="automationFramework.TSVerifyPages6"/>
  <testcase name="checkDonorPages" time="6.197" classname="automationFramework.TSVerifyPages6"/>
  <testcase name="checkDonorPages" time="4.213" classname="automationFramework.TSVerifyPages6"/>
  <testcase name="checkDonorPages" time="5.247" classname="automationFramework.TSVerifyPages6"/>
  <testcase name="checkDonorPages" time="6.874" classname="automationFramework.TSVerifyPages6"/>
  <testcase name="checkDonorPages" time="6.013" classname="automationFramework.TSVerifyPages6"/>
  <testcase name="checkDonorPages" time="8.237" classname="automationFramework.TSVerifyPages6"/>
  <testcase name="checkDonorPages" time="3.683" classname="automationFramework.TSVerifyPages6"/>
  <testcase name="checkCategoryPages" time="8.460" classname="automationFramework.TSVerifyPages6"/>
  <testcase name="checkDonorPages" time="6.084" classname="automationFramework.TSVerifyPages6"/>
  <testcase name="checkDonorPages" time="4.548" classname="automationFramework.TSVerifyPages6"/>
  <testcase name="checkDonorPages" time="5.582" classname="automationFramework.TSVerifyPages6"/>
  <testcase name="checkBoostPages" time="11.991" classname="automationFramework.TSVerifyPages6">
    <error type="org.openqa.selenium.NoSuchElementException" message="no such element: Unable to locate element: {&quot;method&quot;:&quot;css selector&quot;,&quot;selector&quot;:&quot;#productSummary &gt; div &gt; div.row.imagecontainer &gt; div &gt; span &gt; dl &gt; ul &gt; li:nth-child(3) &gt; span.prod-value &gt; div&quot;}
  (Session info: chrome=77.0.3865.90)
  (Driver info: chromedriver=2.43.600210 (68dcf5eebde37173d4027fa8635e332711d2874a),platform=Windows NT 6.1.7601 SP1 x86_64) (WARNING: The server did not provide any stacktrace information)
Command duration or timeout: 0 milliseconds
For documentation on this error, please visit: https://www.seleniumhq.org/exceptions/no_such_element.html
Build info: version: &#039;3.141.59&#039;, revision: &#039;e82be7d358&#039;, time: &#039;2018-11-14T08:25:48&#039;
System info: host: &#039;LT-MRADFORD2&#039;, ip: &#039;10.200.25.242&#039;, os.name: &#039;Windows 7&#039;, os.arch: &#039;amd64&#039;, os.version: &#039;6.1&#039;, java.version: &#039;1.8.0_211&#039;
Driver info: org.openqa.selenium.chrome.ChromeDriver
Capabilities {acceptInsecureCerts: false, acceptSslCerts: false, applicationCacheEnabled: false, browserConnectionEnabled: false, browserName: chrome, chrome: {chromedriverVersion: 2.43.600210 (68dcf5eebde371..., userDataDir: C:\Users\mradford\AppData\L...}, cssSelectorsEnabled: true, databaseEnabled: false, goog:chromeOptions: {debuggerAddress: localhost:57214}, handlesAlerts: true, hasTouchScreen: false, javascriptEnabled: true, locationContextEnabled: true, mobileEmulationEnabled: false, nativeEvents: true, networkConnectionEnabled: false, pageLoadStrategy: normal, platform: XP, platformName: XP, rotatable: false, setWindowRect: true, takesHeapSnapshot: true, takesScreenshot: true, unexpectedAlertBehaviour: , unhandledPromptBehavior: , version: 77.0.3865.90, webStorageEnabled: true}
Session ID: ec3cf91215f5f747b66ee131805cbad1
*** Element info: {Using=css selector, value=#productSummary &gt; div &gt; div.row.imagecontainer &gt; div &gt; span &gt; dl &gt; ul &gt; li:nth-child(3) &gt; span.prod-value &gt; div}">
      <![CDATA[org.openqa.selenium.NoSuchElementException: no such element: Unable to locate element: {"method":"css selector","selector":"#productSummary > div > div.row.imagecontainer > div > span > dl > ul > li:nth-child(3) > span.prod-value > div"}
  (Session info: chrome=77.0.3865.90)
  (Driver info: chromedriver=2.43.600210 (68dcf5eebde37173d4027fa8635e332711d2874a),platform=Windows NT 6.1.7601 SP1 x86_64) (WARNING: The server did not provide any stacktrace information)
Command duration or timeout: 0 milliseconds
For documentation on this error, please visit: https://www.seleniumhq.org/exceptions/no_such_element.html
Build info: version: '3.141.59', revision: 'e82be7d358', time: '2018-11-14T08:25:48'
System info: host: 'LT-MRADFORD2', ip: '10.200.25.242', os.name: 'Windows 7', os.arch: 'amd64', os.version: '6.1', java.version: '1.8.0_211'
Driver info: org.openqa.selenium.chrome.ChromeDriver
Capabilities {acceptInsecureCerts: false, acceptSslCerts: false, applicationCacheEnabled: false, browserConnectionEnabled: false, browserName: chrome, chrome: {chromedriverVersion: 2.43.600210 (68dcf5eebde371..., userDataDir: C:\Users\mradford\AppData\L...}, cssSelectorsEnabled: true, databaseEnabled: false, goog:chromeOptions: {debuggerAddress: localhost:57214}, handlesAlerts: true, hasTouchScreen: false, javascriptEnabled: true, locationContextEnabled: true, mobileEmulationEnabled: false, nativeEvents: true, networkConnectionEnabled: false, pageLoadStrategy: normal, platform: XP, platformName: XP, rotatable: false, setWindowRect: true, takesHeapSnapshot: true, takesScreenshot: true, unexpectedAlertBehaviour: , unhandledPromptBehavior: , version: 77.0.3865.90, webStorageEnabled: true}
Session ID: ec3cf91215f5f747b66ee131805cbad1
*** Element info: {Using=css selector, value=#productSummary > div > div.row.imagecontainer > div > span > dl > ul > li:nth-child(3) > span.prod-value > div}
at sun.reflect.NativeConstructorAccessorImpl.newInstance0(Native Method)
at sun.reflect.NativeConstructorAccessorImpl.newInstance(Unknown Source)
at sun.reflect.DelegatingConstructorAccessorImpl.newInstance(Unknown Source)
at java.lang.reflect.Constructor.newInstance(Unknown Source)
at org.openqa.selenium.remote.ErrorHandler.createThrowable(ErrorHandler.java:214)
at org.openqa.selenium.remote.ErrorHandler.throwIfResponseFailed(ErrorHandler.java:166)
at org.openqa.selenium.remote.http.JsonHttpResponseCodec.reconstructValue(JsonHttpResponseCodec.java:40)
at org.openqa.selenium.remote.http.AbstractHttpResponseCodec.decode(AbstractHttpResponseCodec.java:80)
at org.openqa.selenium.remote.http.AbstractHttpResponseCodec.decode(AbstractHttpResponseCodec.java:44)
at org.openqa.selenium.remote.HttpCommandExecutor.execute(HttpCommandExecutor.java:158)
at org.openqa.selenium.remote.service.DriverCommandExecutor.execute(DriverCommandExecutor.java:83)
at org.openqa.selenium.remote.RemoteWebDriver.execute(RemoteWebDriver.java:552)
at org.openqa.selenium.remote.RemoteWebDriver.findElement(RemoteWebDriver.java:323)
at org.openqa.selenium.remote.RemoteWebDriver.findElementByCssSelector(RemoteWebDriver.java:420)
at org.openqa.selenium.By$ByCssSelector.findElement(By.java:431)
at org.openqa.selenium.remote.RemoteWebDriver.findElement(RemoteWebDriver.java:315)
at pageObjects.ProductPage.lblBoostTxt(ProductPage.java:54)
at automationFramework.TSVerifyPages6.checkBoostPages(TSVerifyPages6.java:74)
at sun.reflect.NativeMethodAccessorImpl.invoke0(Native Method)
at sun.reflect.NativeMethodAccessorImpl.invoke(Unknown Source)
at sun.reflect.DelegatingMethodAccessorImpl.invoke(Unknown Source)
at java.lang.reflect.Method.invoke(Unknown Source)
at org.testng.internal.MethodInvocationHelper.invokeMethod(MethodInvocationHelper.java:124)
at org.testng.internal.Invoker.invokeMethod(Invoker.java:583)
at org.testng.internal.Invoker.invokeTestMethod(Invoker.java:719)
at org.testng.internal.Invoker.invokeTestMethods(Invoker.java:989)
at org.testng.internal.TestMethodWorker.invokeTestMethods(TestMethodWorker.java:125)
at org.testng.internal.TestMethodWorker.run(TestMethodWorker.java:109)
at java.util.concurrent.ThreadPoolExecutor.runWorker(Unknown Source)
at java.util.concurrent.ThreadPoolExecutor$Worker.run(Unknown Source)
at java.lang.Thread.run(Unknown Source)
]]>
    </error>
  </testcase> <!-- checkBoostPages -->
  <testcase name="checkDonorPages" time="5.607" classname="automationFramework.TSVerifyPages6"/>
  <testcase name="checkCategoryPages" time="4.674" classname="automationFramework.TSVerifyPages6"/>
  <testcase name="checkDonorPages" time="6.949" classname="automationFramework.TSVerifyPages6"/>
  <testcase name="checkDonorPages" time="8.362" classname="automationFramework.TSVerifyPages6"/>
  <testcase name="checkCategoryPages" time="4.032" classname="automationFramework.TSVerifyPages6"/>
  <testcase name="checkDonorPages" time="5.377" classname="automationFramework.TSVerifyPages6"/>
  <testcase name="checkDonorPages" time="12.956" classname="automationFramework.TSVerifyPages6"/>
  <testcase name="checkDonorPages" time="6.978" classname="automationFramework.TSVerifyPages6"/>
  <testcase name="checkDonorPages" time="4.367" classname="automationFramework.TSVerifyPages6"/>
  <testcase name="checkDonorPages" time="7.695" classname="automationFramework.TSVerifyPages6"/>
  <testcase name="checkDonorPages" time="7.410" classname="automationFramework.TSVerifyPages6"/>
  <testcase name="checkDonorPages" time="6.486" classname="automationFramework.TSVerifyPages6"/>
  <testcase name="checkDonorPages" time="3.702" classname="automationFramework.TSVerifyPages6"/>
  <testcase name="checkDonorPages" time="6.132" classname="automationFramework.TSVerifyPages6"/>
  <testcase name="checkDonorPages" time="7.103" classname="automationFramework.TSVerifyPages6"/>
  <testcase name="checkDonorPages" time="5.629" classname="automationFramework.TSVerifyPages6"/>
  <testcase name="checkCategoryPages" time="6.669" classname="automationFramework.TSVerifyPages6"/>
  <testcase name="checkDonorPages" time="8.469" classname="automationFramework.TSVerifyPages6"/>
  <testcase name="checkDonorPages" time="7.393" classname="automationFramework.TSVerifyPages6"/>
  <testcase name="checkDonorPages" time="7.160" classname="automationFramework.TSVerifyPages6"/>
  <testcase name="checkDonorPages" time="4.583" classname="automationFramework.TSVerifyPages6"/>
  <testcase name="checkCategoryPages" time="9.781" classname="automationFramework.TSVerifyPages6"/>
  <testcase name="checkDonorPages" time="6.451" classname="automationFramework.TSVerifyPages6"/>
  <testcase name="checkDonorPages" time="8.991" classname="automationFramework.TSVerifyPages6"/>
  <testcase name="checkDonorPages" time="6.367" classname="automationFramework.TSVerifyPages6"/>
  <testcase name="checkDonorPages" time="7.788" classname="automationFramework.TSVerifyPages6"/>
  <testcase name="checkDonorPages" time="7.404" classname="automationFramework.TSVerifyPages6"/>
  <testcase name="checkDonorPages" time="5.563" classname="automationFramework.TSVerifyPages6"/>
  <testcase name="checkDonorPages" time="7.414" classname="automationFramework.TSVerifyPages6"/>
  <testcase name="checkDonorPages" time="7.088" classname="automationFramework.TSVerifyPages6"/>
  <testcase name="checkDonorPages" time="7.672" classname="automationFramework.TSVerifyPages6"/>
  <testcase name="checkDonorPages" time="7.924" classname="automationFramework.TSVerifyPages6"/>
  <testcase name="checkDonorPages" time="8.439" classname="automationFramework.TSVerifyPages6"/>
  <testcase name="checkCategoryPages" time="7.353" classname="automationFramework.TSVerifyPages6"/>
  <testcase name="checkDonorPages" time="17.543" classname="automationFramework.TSVerifyPages6"/>
  <testcase name="checkCategoryPages" time="6.080" classname="automationFramework.TSVerifyPages6"/>
  <testcase name="checkCategoryPages" time="5.706" classname="automationFramework.TSVerifyPages6"/>
  <testcase name="checkCategoryPages" time="7.343" classname="automationFramework.TSVerifyPages6"/>
  <testcase name="checkBoostPages" time="12.526" classname="automationFramework.TSVerifyPages6">
    <error type="org.openqa.selenium.NoSuchElementException" message="no such element: Unable to locate element: {&quot;method&quot;:&quot;css selector&quot;,&quot;selector&quot;:&quot;#productSummary &gt; div &gt; div.row.imagecontainer &gt; div &gt; span &gt; dl &gt; ul &gt; li:nth-child(3) &gt; span.prod-value &gt; div&quot;}
  (Session info: chrome=77.0.3865.90)
  (Driver info: chromedriver=2.43.600210 (68dcf5eebde37173d4027fa8635e332711d2874a),platform=Windows NT 6.1.7601 SP1 x86_64) (WARNING: The server did not provide any stacktrace information)
Command duration or timeout: 0 milliseconds
For documentation on this error, please visit: https://www.seleniumhq.org/exceptions/no_such_element.html
Build info: version: &#039;3.141.59&#039;, revision: &#039;e82be7d358&#039;, time: &#039;2018-11-14T08:25:48&#039;
System info: host: &#039;LT-MRADFORD2&#039;, ip: &#039;10.200.25.242&#039;, os.name: &#039;Windows 7&#039;, os.arch: &#039;amd64&#039;, os.version: &#039;6.1&#039;, java.version: &#039;1.8.0_211&#039;
Driver info: org.openqa.selenium.chrome.ChromeDriver
Capabilities {acceptInsecureCerts: false, acceptSslCerts: false, applicationCacheEnabled: false, browserConnectionEnabled: false, browserName: chrome, chrome: {chromedriverVersion: 2.43.600210 (68dcf5eebde371..., userDataDir: C:\Users\mradford\AppData\L...}, cssSelectorsEnabled: true, databaseEnabled: false, goog:chromeOptions: {debuggerAddress: localhost:57214}, handlesAlerts: true, hasTouchScreen: false, javascriptEnabled: true, locationContextEnabled: true, mobileEmulationEnabled: false, nativeEvents: true, networkConnectionEnabled: false, pageLoadStrategy: normal, platform: XP, platformName: XP, rotatable: false, setWindowRect: true, takesHeapSnapshot: true, takesScreenshot: true, unexpectedAlertBehaviour: , unhandledPromptBehavior: , version: 77.0.3865.90, webStorageEnabled: true}
Session ID: ec3cf91215f5f747b66ee131805cbad1
*** Element info: {Using=css selector, value=#productSummary &gt; div &gt; div.row.imagecontainer &gt; div &gt; span &gt; dl &gt; ul &gt; li:nth-child(3) &gt; span.prod-value &gt; div}">
      <![CDATA[org.openqa.selenium.NoSuchElementException: no such element: Unable to locate element: {"method":"css selector","selector":"#productSummary > div > div.row.imagecontainer > div > span > dl > ul > li:nth-child(3) > span.prod-value > div"}
  (Session info: chrome=77.0.3865.90)
  (Driver info: chromedriver=2.43.600210 (68dcf5eebde37173d4027fa8635e332711d2874a),platform=Windows NT 6.1.7601 SP1 x86_64) (WARNING: The server did not provide any stacktrace information)
Command duration or timeout: 0 milliseconds
For documentation on this error, please visit: https://www.seleniumhq.org/exceptions/no_such_element.html
Build info: version: '3.141.59', revision: 'e82be7d358', time: '2018-11-14T08:25:48'
System info: host: 'LT-MRADFORD2', ip: '10.200.25.242', os.name: 'Windows 7', os.arch: 'amd64', os.version: '6.1', java.version: '1.8.0_211'
Driver info: org.openqa.selenium.chrome.ChromeDriver
Capabilities {acceptInsecureCerts: false, acceptSslCerts: false, applicationCacheEnabled: false, browserConnectionEnabled: false, browserName: chrome, chrome: {chromedriverVersion: 2.43.600210 (68dcf5eebde371..., userDataDir: C:\Users\mradford\AppData\L...}, cssSelectorsEnabled: true, databaseEnabled: false, goog:chromeOptions: {debuggerAddress: localhost:57214}, handlesAlerts: true, hasTouchScreen: false, javascriptEnabled: true, locationContextEnabled: true, mobileEmulationEnabled: false, nativeEvents: true, networkConnectionEnabled: false, pageLoadStrategy: normal, platform: XP, platformName: XP, rotatable: false, setWindowRect: true, takesHeapSnapshot: true, takesScreenshot: true, unexpectedAlertBehaviour: , unhandledPromptBehavior: , version: 77.0.3865.90, webStorageEnabled: true}
Session ID: ec3cf91215f5f747b66ee131805cbad1
*** Element info: {Using=css selector, value=#productSummary > div > div.row.imagecontainer > div > span > dl > ul > li:nth-child(3) > span.prod-value > div}
at sun.reflect.NativeConstructorAccessorImpl.newInstance0(Native Method)
at sun.reflect.NativeConstructorAccessorImpl.newInstance(Unknown Source)
at sun.reflect.DelegatingConstructorAccessorImpl.newInstance(Unknown Source)
at java.lang.reflect.Constructor.newInstance(Unknown Source)
at org.openqa.selenium.remote.ErrorHandler.createThrowable(ErrorHandler.java:214)
at org.openqa.selenium.remote.ErrorHandler.throwIfResponseFailed(ErrorHandler.java:166)
at org.openqa.selenium.remote.http.JsonHttpResponseCodec.reconstructValue(JsonHttpResponseCodec.java:40)
at org.openqa.selenium.remote.http.AbstractHttpResponseCodec.decode(AbstractHttpResponseCodec.java:80)
at org.openqa.selenium.remote.http.AbstractHttpResponseCodec.decode(AbstractHttpResponseCodec.java:44)
at org.openqa.selenium.remote.HttpCommandExecutor.execute(HttpCommandExecutor.java:158)
at org.openqa.selenium.remote.service.DriverCommandExecutor.execute(DriverCommandExecutor.java:83)
at org.openqa.selenium.remote.RemoteWebDriver.execute(RemoteWebDriver.java:552)
at org.openqa.selenium.remote.RemoteWebDriver.findElement(RemoteWebDriver.java:323)
at org.openqa.selenium.remote.RemoteWebDriver.findElementByCssSelector(RemoteWebDriver.java:420)
at org.openqa.selenium.By$ByCssSelector.findElement(By.java:431)
at org.openqa.selenium.remote.RemoteWebDriver.findElement(RemoteWebDriver.java:315)
at pageObjects.ProductPage.lblBoostTxt(ProductPage.java:54)
at automationFramework.TSVerifyPages6.checkBoostPages(TSVerifyPages6.java:74)
at sun.reflect.NativeMethodAccessorImpl.invoke0(Native Method)
at sun.reflect.NativeMethodAccessorImpl.invoke(Unknown Source)
at sun.reflect.DelegatingMethodAccessorImpl.invoke(Unknown Source)
at java.lang.reflect.Method.invoke(Unknown Source)
at org.testng.internal.MethodInvocationHelper.invokeMethod(MethodInvocationHelper.java:124)
at org.testng.internal.Invoker.invokeMethod(Invoker.java:583)
at org.testng.internal.Invoker.invokeTestMethod(Invoker.java:719)
at org.testng.internal.Invoker.invokeTestMethods(Invoker.java:989)
at org.testng.internal.TestMethodWorker.invokeTestMethods(TestMethodWorker.java:125)
at org.testng.internal.TestMethodWorker.run(TestMethodWorker.java:109)
at java.util.concurrent.ThreadPoolExecutor.runWorker(Unknown Source)
at java.util.concurrent.ThreadPoolExecutor$Worker.run(Unknown Source)
at java.lang.Thread.run(Unknown Source)
]]>
    </error>
  </testcase> <!-- checkBoostPages -->
  <testcase name="checkCategoryPages" time="7.348" classname="automationFramework.TSVerifyPages6"/>
  <testcase name="checkDonorPages" time="7.040" classname="automationFramework.TSVerifyPages6"/>
  <testcase name="checkDonorPages" time="6.786" classname="automationFramework.TSVerifyPages6"/>
  <testcase name="checkDonorPages" time="7.402" classname="automationFramework.TSVerifyPages6"/>
  <testcase name="checkBoostPages" time="20.500" classname="automationFramework.TSVerifyPages6">
    <error type="org.openqa.selenium.NoSuchElementException" message="no such element: Unable to locate element: {&quot;method&quot;:&quot;css selector&quot;,&quot;selector&quot;:&quot;#productSummary &gt; div &gt; div.row.imagecontainer &gt; div &gt; span &gt; dl &gt; ul &gt; li:nth-child(3) &gt; span.prod-value &gt; div&quot;}
  (Session info: chrome=77.0.3865.90)
  (Driver info: chromedriver=2.43.600210 (68dcf5eebde37173d4027fa8635e332711d2874a),platform=Windows NT 6.1.7601 SP1 x86_64) (WARNING: The server did not provide any stacktrace information)
Command duration or timeout: 0 milliseconds
For documentation on this error, please visit: https://www.seleniumhq.org/exceptions/no_such_element.html
Build info: version: &#039;3.141.59&#039;, revision: &#039;e82be7d358&#039;, time: &#039;2018-11-14T08:25:48&#039;
System info: host: &#039;LT-MRADFORD2&#039;, ip: &#039;10.200.25.242&#039;, os.name: &#039;Windows 7&#039;, os.arch: &#039;amd64&#039;, os.version: &#039;6.1&#039;, java.version: &#039;1.8.0_211&#039;
Driver info: org.openqa.selenium.chrome.ChromeDriver
Capabilities {acceptInsecureCerts: false, acceptSslCerts: false, applicationCacheEnabled: false, browserConnectionEnabled: false, browserName: chrome, chrome: {chromedriverVersion: 2.43.600210 (68dcf5eebde371..., userDataDir: C:\Users\mradford\AppData\L...}, cssSelectorsEnabled: true, databaseEnabled: false, goog:chromeOptions: {debuggerAddress: localhost:57214}, handlesAlerts: true, hasTouchScreen: false, javascriptEnabled: true, locationContextEnabled: true, mobileEmulationEnabled: false, nativeEvents: true, networkConnectionEnabled: false, pageLoadStrategy: normal, platform: XP, platformName: XP, rotatable: false, setWindowRect: true, takesHeapSnapshot: true, takesScreenshot: true, unexpectedAlertBehaviour: , unhandledPromptBehavior: , version: 77.0.3865.90, webStorageEnabled: true}
Session ID: ec3cf91215f5f747b66ee131805cbad1
*** Element info: {Using=css selector, value=#productSummary &gt; div &gt; div.row.imagecontainer &gt; div &gt; span &gt; dl &gt; ul &gt; li:nth-child(3) &gt; span.prod-value &gt; div}">
      <![CDATA[org.openqa.selenium.NoSuchElementException: no such element: Unable to locate element: {"method":"css selector","selector":"#productSummary > div > div.row.imagecontainer > div > span > dl > ul > li:nth-child(3) > span.prod-value > div"}
  (Session info: chrome=77.0.3865.90)
  (Driver info: chromedriver=2.43.600210 (68dcf5eebde37173d4027fa8635e332711d2874a),platform=Windows NT 6.1.7601 SP1 x86_64) (WARNING: The server did not provide any stacktrace information)
Command duration or timeout: 0 milliseconds
For documentation on this error, please visit: https://www.seleniumhq.org/exceptions/no_such_element.html
Build info: version: '3.141.59', revision: 'e82be7d358', time: '2018-11-14T08:25:48'
System info: host: 'LT-MRADFORD2', ip: '10.200.25.242', os.name: 'Windows 7', os.arch: 'amd64', os.version: '6.1', java.version: '1.8.0_211'
Driver info: org.openqa.selenium.chrome.ChromeDriver
Capabilities {acceptInsecureCerts: false, acceptSslCerts: false, applicationCacheEnabled: false, browserConnectionEnabled: false, browserName: chrome, chrome: {chromedriverVersion: 2.43.600210 (68dcf5eebde371..., userDataDir: C:\Users\mradford\AppData\L...}, cssSelectorsEnabled: true, databaseEnabled: false, goog:chromeOptions: {debuggerAddress: localhost:57214}, handlesAlerts: true, hasTouchScreen: false, javascriptEnabled: true, locationContextEnabled: true, mobileEmulationEnabled: false, nativeEvents: true, networkConnectionEnabled: false, pageLoadStrategy: normal, platform: XP, platformName: XP, rotatable: false, setWindowRect: true, takesHeapSnapshot: true, takesScreenshot: true, unexpectedAlertBehaviour: , unhandledPromptBehavior: , version: 77.0.3865.90, webStorageEnabled: true}
Session ID: ec3cf91215f5f747b66ee131805cbad1
*** Element info: {Using=css selector, value=#productSummary > div > div.row.imagecontainer > div > span > dl > ul > li:nth-child(3) > span.prod-value > div}
at sun.reflect.GeneratedConstructorAccessor20.newInstance(Unknown Source)
at sun.reflect.DelegatingConstructorAccessorImpl.newInstance(Unknown Source)
at java.lang.reflect.Constructor.newInstance(Unknown Source)
at org.openqa.selenium.remote.ErrorHandler.createThrowable(ErrorHandler.java:214)
at org.openqa.selenium.remote.ErrorHandler.throwIfResponseFailed(ErrorHandler.java:166)
at org.openqa.selenium.remote.http.JsonHttpResponseCodec.reconstructValue(JsonHttpResponseCodec.java:40)
at org.openqa.selenium.remote.http.AbstractHttpResponseCodec.decode(AbstractHttpResponseCodec.java:80)
at org.openqa.selenium.remote.http.AbstractHttpResponseCodec.decode(AbstractHttpResponseCodec.java:44)
at org.openqa.selenium.remote.HttpCommandExecutor.execute(HttpCommandExecutor.java:158)
at org.openqa.selenium.remote.service.DriverCommandExecutor.execute(DriverCommandExecutor.java:83)
at org.openqa.selenium.remote.RemoteWebDriver.execute(RemoteWebDriver.java:552)
at org.openqa.selenium.remote.RemoteWebDriver.findElement(RemoteWebDriver.java:323)
at org.openqa.selenium.remote.RemoteWebDriver.findElementByCssSelector(RemoteWebDriver.java:420)
at org.openqa.selenium.By$ByCssSelector.findElement(By.java:431)
at org.openqa.selenium.remote.RemoteWebDriver.findElement(RemoteWebDriver.java:315)
at pageObjects.ProductPage.lblBoostTxt(ProductPage.java:54)
at automationFramework.TSVerifyPages6.checkBoostPages(TSVerifyPages6.java:74)
at sun.reflect.NativeMethodAccessorImpl.invoke0(Native Method)
at sun.reflect.NativeMethodAccessorImpl.invoke(Unknown Source)
at sun.reflect.DelegatingMethodAccessorImpl.invoke(Unknown Source)
at java.lang.reflect.Method.invoke(Unknown Source)
at org.testng.internal.MethodInvocationHelper.invokeMethod(MethodInvocationHelper.java:124)
at org.testng.internal.Invoker.invokeMethod(Invoker.java:583)
at org.testng.internal.Invoker.invokeTestMethod(Invoker.java:719)
at org.testng.internal.Invoker.invokeTestMethods(Invoker.java:989)
at org.testng.internal.TestMethodWorker.invokeTestMethods(TestMethodWorker.java:125)
at org.testng.internal.TestMethodWorker.run(TestMethodWorker.java:109)
at java.util.concurrent.ThreadPoolExecutor.runWorker(Unknown Source)
at java.util.concurrent.ThreadPoolExecutor$Worker.run(Unknown Source)
at java.lang.Thread.run(Unknown Source)
]]>
    </error>
  </testcase> <!-- checkBoostPages -->
  <testcase name="checkDonorPages" time="6.151" classname="automationFramework.TSVerifyPages6"/>
  <testcase name="checkDonorPages" time="7.915" classname="automationFramework.TSVerifyPages6"/>
  <testcase name="checkCategoryPages" time="7.273" classname="automationFramework.TSVerifyPages6"/>
  <testcase name="checkDonorPages" time="8.234" classname="automationFramework.TSVerifyPages6"/>
  <testcase name="checkDonorPages" time="16.393" classname="automationFramework.TSVerifyPages6"/>
  <testcase name="checkCategoryPages" time="8.626" classname="automationFramework.TSVerifyPages6"/>
  <testcase name="checkDonorPages" time="6.626" classname="automationFramework.TSVerifyPages6"/>
  <testcase name="checkDonorPages" time="4.386" classname="automationFramework.TSVerifyPages6"/>
  <testcase name="checkCategoryPages" time="6.178" classname="automationFramework.TSVerifyPages6"/>
  <testcase name="checkDonorPages" time="17.515" classname="automationFramework.TSVerifyPages6"/>
  <testcase name="checkDonorPages" time="8.598" classname="automationFramework.TSVerifyPages6"/>
  <testcase name="checkCategoryPages" time="8.355" classname="automationFramework.TSVerifyPages6"/>
  <testcase name="checkDonorPages" time="6.829" classname="automationFramework.TSVerifyPages6"/>
  <testcase name="checkDonorPages" time="5.612" classname="automationFramework.TSVerifyPages6"/>
  <testcase name="checkDonorPages" time="6.639" classname="automationFramework.TSVerifyPages6"/>
  <testcase name="checkDonorPages" time="8.898" classname="automationFramework.TSVerifyPages6"/>
  <testcase name="checkDonorPages" time="5.651" classname="automationFramework.TSVerifyPages6"/>
  <testcase name="checkDonorPages" time="7.587" classname="automationFramework.TSVerifyPages6"/>
  <testcase name="checkDonorPages" time="4.467" classname="automationFramework.TSVerifyPages6"/>
  <testcase name="checkBoostPages" time="14.281" classname="automationFramework.TSVerifyPages6">
    <error type="org.openqa.selenium.NoSuchElementException" message="no such element: Unable to locate element: {&quot;method&quot;:&quot;css selector&quot;,&quot;selector&quot;:&quot;#productSummary &gt; div &gt; div.row.imagecontainer &gt; div &gt; span &gt; dl &gt; ul &gt; li:nth-child(3) &gt; span.prod-value &gt; div&quot;}
  (Session info: chrome=77.0.3865.90)
  (Driver info: chromedriver=2.43.600210 (68dcf5eebde37173d4027fa8635e332711d2874a),platform=Windows NT 6.1.7601 SP1 x86_64) (WARNING: The server did not provide any stacktrace information)
Command duration or timeout: 0 milliseconds
For documentation on this error, please visit: https://www.seleniumhq.org/exceptions/no_such_element.html
Build info: version: &#039;3.141.59&#039;, revision: &#039;e82be7d358&#039;, time: &#039;2018-11-14T08:25:48&#039;
System info: host: &#039;LT-MRADFORD2&#039;, ip: &#039;10.200.25.242&#039;, os.name: &#039;Windows 7&#039;, os.arch: &#039;amd64&#039;, os.version: &#039;6.1&#039;, java.version: &#039;1.8.0_211&#039;
Driver info: org.openqa.selenium.chrome.ChromeDriver
Capabilities {acceptInsecureCerts: false, acceptSslCerts: false, applicationCacheEnabled: false, browserConnectionEnabled: false, browserName: chrome, chrome: {chromedriverVersion: 2.43.600210 (68dcf5eebde371..., userDataDir: C:\Users\mradford\AppData\L...}, cssSelectorsEnabled: true, databaseEnabled: false, goog:chromeOptions: {debuggerAddress: localhost:57214}, handlesAlerts: true, hasTouchScreen: false, javascriptEnabled: true, locationContextEnabled: true, mobileEmulationEnabled: false, nativeEvents: true, networkConnectionEnabled: false, pageLoadStrategy: normal, platform: XP, platformName: XP, rotatable: false, setWindowRect: true, takesHeapSnapshot: true, takesScreenshot: true, unexpectedAlertBehaviour: , unhandledPromptBehavior: , version: 77.0.3865.90, webStorageEnabled: true}
Session ID: ec3cf91215f5f747b66ee131805cbad1
*** Element info: {Using=css selector, value=#productSummary &gt; div &gt; div.row.imagecontainer &gt; div &gt; span &gt; dl &gt; ul &gt; li:nth-child(3) &gt; span.prod-value &gt; div}">
      <![CDATA[org.openqa.selenium.NoSuchElementException: no such element: Unable to locate element: {"method":"css selector","selector":"#productSummary > div > div.row.imagecontainer > div > span > dl > ul > li:nth-child(3) > span.prod-value > div"}
  (Session info: chrome=77.0.3865.90)
  (Driver info: chromedriver=2.43.600210 (68dcf5eebde37173d4027fa8635e332711d2874a),platform=Windows NT 6.1.7601 SP1 x86_64) (WARNING: The server did not provide any stacktrace information)
Command duration or timeout: 0 milliseconds
For documentation on this error, please visit: https://www.seleniumhq.org/exceptions/no_such_element.html
Build info: version: '3.141.59', revision: 'e82be7d358', time: '2018-11-14T08:25:48'
System info: host: 'LT-MRADFORD2', ip: '10.200.25.242', os.name: 'Windows 7', os.arch: 'amd64', os.version: '6.1', java.version: '1.8.0_211'
Driver info: org.openqa.selenium.chrome.ChromeDriver
Capabilities {acceptInsecureCerts: false, acceptSslCerts: false, applicationCacheEnabled: false, browserConnectionEnabled: false, browserName: chrome, chrome: {chromedriverVersion: 2.43.600210 (68dcf5eebde371..., userDataDir: C:\Users\mradford\AppData\L...}, cssSelectorsEnabled: true, databaseEnabled: false, goog:chromeOptions: {debuggerAddress: localhost:57214}, handlesAlerts: true, hasTouchScreen: false, javascriptEnabled: true, locationContextEnabled: true, mobileEmulationEnabled: false, nativeEvents: true, networkConnectionEnabled: false, pageLoadStrategy: normal, platform: XP, platformName: XP, rotatable: false, setWindowRect: true, takesHeapSnapshot: true, takesScreenshot: true, unexpectedAlertBehaviour: , unhandledPromptBehavior: , version: 77.0.3865.90, webStorageEnabled: true}
Session ID: ec3cf91215f5f747b66ee131805cbad1
*** Element info: {Using=css selector, value=#productSummary > div > div.row.imagecontainer > div > span > dl > ul > li:nth-child(3) > span.prod-value > div}
at sun.reflect.NativeConstructorAccessorImpl.newInstance0(Native Method)
at sun.reflect.NativeConstructorAccessorImpl.newInstance(Unknown Source)
at sun.reflect.DelegatingConstructorAccessorImpl.newInstance(Unknown Source)
at java.lang.reflect.Constructor.newInstance(Unknown Source)
at org.openqa.selenium.remote.ErrorHandler.createThrowable(ErrorHandler.java:214)
at org.openqa.selenium.remote.ErrorHandler.throwIfResponseFailed(ErrorHandler.java:166)
at org.openqa.selenium.remote.http.JsonHttpResponseCodec.reconstructValue(JsonHttpResponseCodec.java:40)
at org.openqa.selenium.remote.http.AbstractHttpResponseCodec.decode(AbstractHttpResponseCodec.java:80)
at org.openqa.selenium.remote.http.AbstractHttpResponseCodec.decode(AbstractHttpResponseCodec.java:44)
at org.openqa.selenium.remote.HttpCommandExecutor.execute(HttpCommandExecutor.java:158)
at org.openqa.selenium.remote.service.DriverCommandExecutor.execute(DriverCommandExecutor.java:83)
at org.openqa.selenium.remote.RemoteWebDriver.execute(RemoteWebDriver.java:552)
at org.openqa.selenium.remote.RemoteWebDriver.findElement(RemoteWebDriver.java:323)
at org.openqa.selenium.remote.RemoteWebDriver.findElementByCssSelector(RemoteWebDriver.java:420)
at org.openqa.selenium.By$ByCssSelector.findElement(By.java:431)
at org.openqa.selenium.remote.RemoteWebDriver.findElement(RemoteWebDriver.java:315)
at pageObjects.ProductPage.lblBoostTxt(ProductPage.java:54)
at automationFramework.TSVerifyPages6.checkBoostPages(TSVerifyPages6.java:74)
at sun.reflect.NativeMethodAccessorImpl.invoke0(Native Method)
at sun.reflect.NativeMethodAccessorImpl.invoke(Unknown Source)
at sun.reflect.DelegatingMethodAccessorImpl.invoke(Unknown Source)
at java.lang.reflect.Method.invoke(Unknown Source)
at org.testng.internal.MethodInvocationHelper.invokeMethod(MethodInvocationHelper.java:124)
at org.testng.internal.Invoker.invokeMethod(Invoker.java:583)
at org.testng.internal.Invoker.invokeTestMethod(Invoker.java:719)
at org.testng.internal.Invoker.invokeTestMethods(Invoker.java:989)
at org.testng.internal.TestMethodWorker.invokeTestMethods(TestMethodWorker.java:125)
at org.testng.internal.TestMethodWorker.run(TestMethodWorker.java:109)
at java.util.concurrent.ThreadPoolExecutor.runWorker(Unknown Source)
at java.util.concurrent.ThreadPoolExecutor$Worker.run(Unknown Source)
at java.lang.Thread.run(Unknown Source)
]]>
    </error>
  </testcase> <!-- checkBoostPages -->
  <testcase name="checkDonorPages" time="3.212" classname="automationFramework.TSVerifyPages6"/>
  <testcase name="checkDonorPages" time="8.151" classname="automationFramework.TSVerifyPages6"/>
  <testcase name="checkDonorPages" time="7.708" classname="automationFramework.TSVerifyPages6"/>
  <testcase name="checkDonorPages" time="7.439" classname="automationFramework.TSVerifyPages6"/>
  <testcase name="checkDonorPages" time="5.889" classname="automationFramework.TSVerifyPages6"/>
  <testcase name="checkDonorPages" time="7.836" classname="automationFramework.TSVerifyPages6"/>
  <testcase name="checkCategoryPages" time="5.309" classname="automationFramework.TSVerifyPages6"/>
  <testcase name="checkDonorPages" time="7.184" classname="automationFramework.TSVerifyPages6"/>
  <testcase name="checkDonorPages" time="8.152" classname="automationFramework.TSVerifyPages6"/>
  <testcase name="checkDonorPages" time="8.174" classname="automationFramework.TSVerifyPages6"/>
</testsuite> <!-- automationFramework.TSVerifyPages6 -->
