<?xml version="1.0" encoding="UTF-8"?>
<!-- Generated by org.testng.reporters.JUnitReportReporter -->
<testsuite skipped="16" hostname="LT-MRADFORD01" name="automationFramework.TSCheckout" tests="17" failures="0" timestamp="2023-06-07T15:49:34 PDT" time="25.260" errors="1">
  <testcase name="testACHFailure" time="0.000" classname="automationFramework.TSCheckout">
    <skipped/>
  </testcase> <!-- testACHFailure -->
  <testcase name="beforeTest" time="25.260" classname="automationFramework.TSCheckout">
    <error type="org.openqa.selenium.WebDriverException" message="unknown error: net::ERR_CONNECTION_TIMED_OUT
  (Session info: MicrosoftEdge=114.0.1823.41)
Build info: version: &#039;3.141.59&#039;, revision: &#039;e82be7d358&#039;, time: &#039;2018-11-14T08:25:48&#039;
System info: host: &#039;LT-MRADFORD01&#039;, ip: &#039;192.168.0.32&#039;, os.name: &#039;Windows 10&#039;, os.arch: &#039;amd64&#039;, os.version: &#039;10.0&#039;, java.version: &#039;1.8.0_242&#039;
Driver info: org.openqa.selenium.edge.EdgeDriver
Capabilities {acceptInsecureCerts: false, browserName: msedge, browserVersion: 114.0.1823.41, javascriptEnabled: true, ms:edgeOptions: {debuggerAddress: localhost:59620}, msedge: {msedgedriverVersion: 114.0.1823.18 (8b9609669814..., userDataDir: C:\Users\mradford\AppData\L...}, networkConnectionEnabled: false, pageLoadStrategy: normal, platform: WINDOWS, platformName: WINDOWS, proxy: Proxy(), setWindowRect: true, strictFileInteractability: false, timeouts: {implicit: 0, pageLoad: 300000, script: 30000}, unhandledPromptBehavior: dismiss and notify, webauthn:extension:credBlob: true, webauthn:extension:largeBlob: true, webauthn:extension:minPinLength: true, webauthn:extension:prf: true, webauthn:virtualAuthenticators: true}
Session ID: f74a875f6bd0abc4a270ecffe627f976">
      <![CDATA[org.openqa.selenium.WebDriverException: unknown error: net::ERR_CONNECTION_TIMED_OUT
  (Session info: MicrosoftEdge=114.0.1823.41)
Build info: version: '3.141.59', revision: 'e82be7d358', time: '2018-11-14T08:25:48'
System info: host: 'LT-MRADFORD01', ip: '192.168.0.32', os.name: 'Windows 10', os.arch: 'amd64', os.version: '10.0', java.version: '1.8.0_242'
Driver info: org.openqa.selenium.edge.EdgeDriver
Capabilities {acceptInsecureCerts: false, browserName: msedge, browserVersion: 114.0.1823.41, javascriptEnabled: true, ms:edgeOptions: {debuggerAddress: localhost:59620}, msedge: {msedgedriverVersion: 114.0.1823.18 (8b9609669814..., userDataDir: C:\Users\mradford\AppData\L...}, networkConnectionEnabled: false, pageLoadStrategy: normal, platform: WINDOWS, platformName: WINDOWS, proxy: Proxy(), setWindowRect: true, strictFileInteractability: false, timeouts: {implicit: 0, pageLoad: 300000, script: 30000}, unhandledPromptBehavior: dismiss and notify, webauthn:extension:credBlob: true, webauthn:extension:largeBlob: true, webauthn:extension:minPinLength: true, webauthn:extension:prf: true, webauthn:virtualAuthenticators: true}
Session ID: f74a875f6bd0abc4a270ecffe627f976
at sun.reflect.NativeConstructorAccessorImpl.newInstance0(Native Method)
at sun.reflect.NativeConstructorAccessorImpl.newInstance(NativeConstructorAccessorImpl.java:62)
at sun.reflect.DelegatingConstructorAccessorImpl.newInstance(DelegatingConstructorAccessorImpl.java:45)
at java.lang.reflect.Constructor.newInstance(Constructor.java:423)
at org.openqa.selenium.remote.http.W3CHttpResponseCodec.createException(W3CHttpResponseCodec.java:187)
at org.openqa.selenium.remote.http.W3CHttpResponseCodec.decode(W3CHttpResponseCodec.java:122)
at org.openqa.selenium.remote.http.W3CHttpResponseCodec.decode(W3CHttpResponseCodec.java:49)
at org.openqa.selenium.remote.HttpCommandExecutor.execute(HttpCommandExecutor.java:158)
at org.openqa.selenium.remote.service.DriverCommandExecutor.execute(DriverCommandExecutor.java:83)
at org.openqa.selenium.remote.RemoteWebDriver.execute(RemoteWebDriver.java:552)
at org.openqa.selenium.remote.RemoteWebDriver.get(RemoteWebDriver.java:277)
at automationFramework.TSCheckout.beforeTest(TSCheckout.java:467)
at sun.reflect.NativeMethodAccessorImpl.invoke0(Native Method)
at sun.reflect.NativeMethodAccessorImpl.invoke(NativeMethodAccessorImpl.java:62)
at sun.reflect.DelegatingMethodAccessorImpl.invoke(DelegatingMethodAccessorImpl.java:43)
at java.lang.reflect.Method.invoke(Method.java:498)
at org.testng.internal.MethodInvocationHelper.invokeMethod(MethodInvocationHelper.java:133)
at org.testng.internal.MethodInvocationHelper.invokeMethodConsideringTimeout(MethodInvocationHelper.java:62)
at org.testng.internal.ConfigInvoker.invokeConfigurationMethod(ConfigInvoker.java:340)
at org.testng.internal.ConfigInvoker.invokeConfigurations(ConfigInvoker.java:294)
at org.testng.TestRunner.invokeTestConfigurations(TestRunner.java:623)
at org.testng.TestRunner.beforeRun(TestRunner.java:613)
at org.testng.TestRunner.run(TestRunner.java:584)
at org.testng.SuiteRunner.runTest(SuiteRunner.java:402)
at org.testng.SuiteRunner.runSequentially(SuiteRunner.java:396)
at org.testng.SuiteRunner.privateRun(SuiteRunner.java:355)
at org.testng.SuiteRunner.run(SuiteRunner.java:304)
at org.testng.SuiteRunnerWorker.runSuite(SuiteRunnerWorker.java:53)
at org.testng.SuiteRunnerWorker.run(SuiteRunnerWorker.java:96)
at org.testng.TestNG.runSuitesSequentially(TestNG.java:1180)
at org.testng.TestNG.runSuitesLocally(TestNG.java:1102)
at org.testng.TestNG.runSuites(TestNG.java:1032)
at org.testng.TestNG.run(TestNG.java:1000)
at org.testng.remote.AbstractRemoteTestNG.run(AbstractRemoteTestNG.java:115)
at org.testng.remote.RemoteTestNG.initAndRun(RemoteTestNG.java:251)
at org.testng.remote.RemoteTestNG.main(RemoteTestNG.java:77)
]]>
    </error>
  </testcase> <!-- beforeTest -->
  <testcase name="testACH" time="0.000" classname="automationFramework.TSCheckout">
    <skipped/>
  </testcase> <!-- testACH -->
  <testcase name="testACH" time="0.000" classname="automationFramework.TSCheckout">
    <skipped/>
  </testcase> <!-- testACH -->
  <testcase name="CCCheckout" time="0.000" classname="automationFramework.TSCheckout">
    <skipped/>
  </testcase> <!-- CCCheckout -->
  <testcase name="testACH" time="0.000" classname="automationFramework.TSCheckout">
    <skipped/>
  </testcase> <!-- testACH -->
  <testcase name="testACHFailure" time="0.000" classname="automationFramework.TSCheckout">
    <skipped/>
  </testcase> <!-- testACHFailure -->
  <testcase name="testACH" time="0.000" classname="automationFramework.TSCheckout">
    <skipped/>
  </testcase> <!-- testACH -->
  <testcase name="testACHFailure" time="0.000" classname="automationFramework.TSCheckout">
    <skipped/>
  </testcase> <!-- testACHFailure -->
  <testcase name="testACHFailure" time="0.000" classname="automationFramework.TSCheckout">
    <skipped/>
  </testcase> <!-- testACHFailure -->
  <testcase name="testACHFailure" time="0.000" classname="automationFramework.TSCheckout">
    <skipped/>
  </testcase> <!-- testACHFailure -->
  <testcase name="CheckoutandVerify" time="0.000" classname="automationFramework.TSCheckout">
    <skipped/>
  </testcase> <!-- CheckoutandVerify -->
  <testcase name="BasicCheckout" time="0.000" classname="automationFramework.TSCheckout">
    <skipped/>
  </testcase> <!-- BasicCheckout -->
  <testcase name="testACH" time="0.000" classname="automationFramework.TSCheckout">
    <skipped/>
  </testcase> <!-- testACH -->
  <testcase name="testACHFailure" time="0.000" classname="automationFramework.TSCheckout">
    <skipped/>
  </testcase> <!-- testACHFailure -->
  <testcase name="testACH" time="0.000" classname="automationFramework.TSCheckout">
    <skipped/>
  </testcase> <!-- testACH -->
  <testcase name="testACH" time="0.000" classname="automationFramework.TSCheckout">
    <skipped/>
  </testcase> <!-- testACH -->
</testsuite> <!-- automationFramework.TSCheckout -->
