<?xml version="1.0" encoding="UTF-8"?>
<!-- Generated by org.testng.reporters.JUnitReportReporter -->
<testsuite skipped="7" hostname="LT-MRADFORD01" name="automationFramework.TSCheckoutgroup" tests="9" failures="0" timestamp="2020-05-21T11:07:30 PDT" time="-1590084480.000" errors="2">
  <testcase name="CCCheckout" time="0.000" classname="automationFramework.TSCheckoutgroup">
    <skipped/>
  </testcase> <!-- CCCheckout -->
  <testcase name="CheckoutUpdatePayment" time="0.000" classname="automationFramework.TSCheckoutgroup">
    <skipped/>
  </testcase> <!-- CheckoutUpdatePayment -->
  <testcase name="BasicCheckout" time="0.000" classname="automationFramework.TSCheckoutgroup">
    <skipped/>
  </testcase> <!-- BasicCheckout -->
  <testcase name="VerifyPartialPayment" time="0.000" classname="automationFramework.TSCheckoutgroup">
    <skipped/>
  </testcase> <!-- VerifyPartialPayment -->
  <testcase name="afterTest" time="0.007" classname="automationFramework.TSCheckoutgroup">
    <error type="java.lang.NullPointerException">
      <![CDATA[java.lang.NullPointerException
at appModule.LogOutAction.execute(LogOutAction.java:22)
at automationFramework.TSCheckoutgroup.afterTest(TSCheckoutgroup.java:214)
at sun.reflect.NativeMethodAccessorImpl.invoke0(Native Method)
at sun.reflect.NativeMethodAccessorImpl.invoke(NativeMethodAccessorImpl.java:62)
at sun.reflect.DelegatingMethodAccessorImpl.invoke(DelegatingMethodAccessorImpl.java:43)
at java.lang.reflect.Method.invoke(Method.java:498)
at org.testng.internal.MethodInvocationHelper.invokeMethod(MethodInvocationHelper.java:133)
at org.testng.internal.MethodInvocationHelper.invokeMethodConsideringTimeout(MethodInvocationHelper.java:62)
at org.testng.internal.ConfigInvoker.invokeConfigurationMethod(ConfigInvoker.java:340)
at org.testng.internal.ConfigInvoker.invokeConfigurations(ConfigInvoker.java:294)
at org.testng.TestRunner.invokeTestConfigurations(TestRunner.java:623)
at org.testng.TestRunner.afterRun(TestRunner.java:853)
at org.testng.TestRunner.run(TestRunner.java:594)
at org.testng.SuiteRunner.runTest(SuiteRunner.java:402)
at org.testng.SuiteRunner.runSequentially(SuiteRunner.java:396)
at org.testng.SuiteRunner.privateRun(SuiteRunner.java:355)
at org.testng.SuiteRunner.run(SuiteRunner.java:304)
at org.testng.SuiteRunnerWorker.runSuite(SuiteRunnerWorker.java:53)
at org.testng.SuiteRunnerWorker.run(SuiteRunnerWorker.java:96)
at org.testng.TestNG.runSuitesSequentially(TestNG.java:1180)
at org.testng.TestNG.runSuitesLocally(TestNG.java:1102)
at org.testng.TestNG.runSuites(TestNG.java:1032)
at org.testng.TestNG.run(TestNG.java:1000)
at org.testng.remote.AbstractRemoteTestNG.run(AbstractRemoteTestNG.java:115)
at org.testng.remote.RemoteTestNG.initAndRun(RemoteTestNG.java:251)
at org.testng.remote.RemoteTestNG.main(RemoteTestNG.java:77)
]]>
    </error>
  </testcase> <!-- afterTest -->
  <testcase name="CheckoutVerifyDiscounted" time="0.000" classname="automationFramework.TSCheckoutgroup">
    <skipped/>
  </testcase> <!-- CheckoutVerifyDiscounted -->
  <testcase name="CheckoutVerifyShipping" time="0.000" classname="automationFramework.TSCheckoutgroup">
    <skipped/>
  </testcase> <!-- CheckoutVerifyShipping -->
  <testcase name="CheckoutandVerify" time="0.000" classname="automationFramework.TSCheckoutgroup">
    <skipped/>
  </testcase> <!-- CheckoutandVerify -->
  <testcase name="beforeTest" time="-1590084480.000" classname="automationFramework.TSCheckoutgroup">
    <error type="org.testng.TestNGException" message="
Parameter &#039;Glob.gsEnv&#039; is required by BeforeTest on method beforeTest but has not been marked @Optional or defined
in C:\Users\mradford\AppData\Local\Temp\testng-eclipse--947446632\testng-customsuite.xml">
      <![CDATA[org.testng.TestNGException: 
Parameter 'Glob.gsEnv' is required by BeforeTest on method beforeTest but has not been marked @Optional or defined
in C:\Users\mradford\AppData\Local\Temp\testng-eclipse--947446632\testng-customsuite.xml
at org.testng.internal.Parameters.createParams(Parameters.java:289)
at org.testng.internal.Parameters.createParametersForMethod(Parameters.java:377)
at org.testng.internal.Parameters.createParameters(Parameters.java:721)
at org.testng.internal.Parameters.createConfigurationParameters(Parameters.java:164)
at org.testng.internal.ConfigInvoker.invokeConfigurations(ConfigInvoker.java:275)
at org.testng.TestRunner.invokeTestConfigurations(TestRunner.java:623)
at org.testng.TestRunner.beforeRun(TestRunner.java:613)
at org.testng.TestRunner.run(TestRunner.java:584)
at org.testng.SuiteRunner.runTest(SuiteRunner.java:402)
at org.testng.SuiteRunner.runSequentially(SuiteRunner.java:396)
at org.testng.SuiteRunner.privateRun(SuiteRunner.java:355)
at org.testng.SuiteRunner.run(SuiteRunner.java:304)
at org.testng.SuiteRunnerWorker.runSuite(SuiteRunnerWorker.java:53)
at org.testng.SuiteRunnerWorker.run(SuiteRunnerWorker.java:96)
at org.testng.TestNG.runSuitesSequentially(TestNG.java:1180)
at org.testng.TestNG.runSuitesLocally(TestNG.java:1102)
at org.testng.TestNG.runSuites(TestNG.java:1032)
at org.testng.TestNG.run(TestNG.java:1000)
at org.testng.remote.AbstractRemoteTestNG.run(AbstractRemoteTestNG.java:115)
at org.testng.remote.RemoteTestNG.initAndRun(RemoteTestNG.java:251)
at org.testng.remote.RemoteTestNG.main(RemoteTestNG.java:77)
]]>
    </error>
  </testcase> <!-- beforeTest -->
</testsuite> <!-- automationFramework.TSCheckoutgroup -->
