<?xml version="1.0" encoding="UTF-8"?>
<!-- Generated by org.testng.reporters.JUnitReportReporter -->
<testsuite skipped="0" hostname="LT-MRADFORD2" name="automationFramework.TSVerifyPages9" tests="114" failures="0" timestamp="20 Sep 2019 22:56:19 GMT" time="881.883" errors="6">
  <testcase name="checkCategoryPages" time="10.521" classname="automationFramework.TSVerifyPages9"/>
  <testcase name="checkCategoryPages" time="6.898" classname="automationFramework.TSVerifyPages9"/>
  <testcase name="checkCategoryPages" time="7.076" classname="automationFramework.TSVerifyPages9"/>
  <testcase name="checkDonorPages" time="7.620" classname="automationFramework.TSVerifyPages9"/>
  <testcase name="checkDonorPages" time="5.388" classname="automationFramework.TSVerifyPages9"/>
  <testcase name="checkDonorPages" time="8.226" classname="automationFramework.TSVerifyPages9"/>
  <testcase name="checkDonorPages" time="5.843" classname="automationFramework.TSVerifyPages9"/>
  <testcase name="checkDonorPages" time="4.579" classname="automationFramework.TSVerifyPages9"/>
  <testcase name="checkDonorPages" time="3.786" classname="automationFramework.TSVerifyPages9"/>
  <testcase name="checkDonorPages" time="6.048" classname="automationFramework.TSVerifyPages9"/>
  <testcase name="checkBoostPages" time="13.530" classname="automationFramework.TSVerifyPages9">
    <error type="org.openqa.selenium.NoSuchElementException" message="no such element: Unable to locate element: {&quot;method&quot;:&quot;css selector&quot;,&quot;selector&quot;:&quot;#productSummary &gt; div &gt; div.row.imagecontainer &gt; div &gt; span &gt; dl &gt; ul &gt; li:nth-child(3) &gt; span.prod-value &gt; div&quot;}
  (Session info: chrome=77.0.3865.90)
  (Driver info: chromedriver=2.43.600210 (68dcf5eebde37173d4027fa8635e332711d2874a),platform=Windows NT 6.1.7601 SP1 x86_64) (WARNING: The server did not provide any stacktrace information)
Command duration or timeout: 0 milliseconds
For documentation on this error, please visit: https://www.seleniumhq.org/exceptions/no_such_element.html
Build info: version: &#039;3.141.59&#039;, revision: &#039;e82be7d358&#039;, time: &#039;2018-11-14T08:25:48&#039;
System info: host: &#039;LT-MRADFORD2&#039;, ip: &#039;10.200.25.242&#039;, os.name: &#039;Windows 7&#039;, os.arch: &#039;amd64&#039;, os.version: &#039;6.1&#039;, java.version: &#039;1.8.0_211&#039;
Driver info: org.openqa.selenium.chrome.ChromeDriver
Capabilities {acceptInsecureCerts: false, acceptSslCerts: false, applicationCacheEnabled: false, browserConnectionEnabled: false, browserName: chrome, chrome: {chromedriverVersion: 2.43.600210 (68dcf5eebde371..., userDataDir: C:\Users\mradford\AppData\L...}, cssSelectorsEnabled: true, databaseEnabled: false, goog:chromeOptions: {debuggerAddress: localhost:57405}, handlesAlerts: true, hasTouchScreen: false, javascriptEnabled: true, locationContextEnabled: true, mobileEmulationEnabled: false, nativeEvents: true, networkConnectionEnabled: false, pageLoadStrategy: normal, platform: XP, platformName: XP, rotatable: false, setWindowRect: true, takesHeapSnapshot: true, takesScreenshot: true, unexpectedAlertBehaviour: , unhandledPromptBehavior: , version: 77.0.3865.90, webStorageEnabled: true}
Session ID: f6a745fbcb1e850b6e92f10022ed1be0
*** Element info: {Using=css selector, value=#productSummary &gt; div &gt; div.row.imagecontainer &gt; div &gt; span &gt; dl &gt; ul &gt; li:nth-child(3) &gt; span.prod-value &gt; div}">
      <![CDATA[org.openqa.selenium.NoSuchElementException: no such element: Unable to locate element: {"method":"css selector","selector":"#productSummary > div > div.row.imagecontainer > div > span > dl > ul > li:nth-child(3) > span.prod-value > div"}
  (Session info: chrome=77.0.3865.90)
  (Driver info: chromedriver=2.43.600210 (68dcf5eebde37173d4027fa8635e332711d2874a),platform=Windows NT 6.1.7601 SP1 x86_64) (WARNING: The server did not provide any stacktrace information)
Command duration or timeout: 0 milliseconds
For documentation on this error, please visit: https://www.seleniumhq.org/exceptions/no_such_element.html
Build info: version: '3.141.59', revision: 'e82be7d358', time: '2018-11-14T08:25:48'
System info: host: 'LT-MRADFORD2', ip: '10.200.25.242', os.name: 'Windows 7', os.arch: 'amd64', os.version: '6.1', java.version: '1.8.0_211'
Driver info: org.openqa.selenium.chrome.ChromeDriver
Capabilities {acceptInsecureCerts: false, acceptSslCerts: false, applicationCacheEnabled: false, browserConnectionEnabled: false, browserName: chrome, chrome: {chromedriverVersion: 2.43.600210 (68dcf5eebde371..., userDataDir: C:\Users\mradford\AppData\L...}, cssSelectorsEnabled: true, databaseEnabled: false, goog:chromeOptions: {debuggerAddress: localhost:57405}, handlesAlerts: true, hasTouchScreen: false, javascriptEnabled: true, locationContextEnabled: true, mobileEmulationEnabled: false, nativeEvents: true, networkConnectionEnabled: false, pageLoadStrategy: normal, platform: XP, platformName: XP, rotatable: false, setWindowRect: true, takesHeapSnapshot: true, takesScreenshot: true, unexpectedAlertBehaviour: , unhandledPromptBehavior: , version: 77.0.3865.90, webStorageEnabled: true}
Session ID: f6a745fbcb1e850b6e92f10022ed1be0
*** Element info: {Using=css selector, value=#productSummary > div > div.row.imagecontainer > div > span > dl > ul > li:nth-child(3) > span.prod-value > div}
at sun.reflect.NativeConstructorAccessorImpl.newInstance0(Native Method)
at sun.reflect.NativeConstructorAccessorImpl.newInstance(Unknown Source)
at sun.reflect.DelegatingConstructorAccessorImpl.newInstance(Unknown Source)
at java.lang.reflect.Constructor.newInstance(Unknown Source)
at org.openqa.selenium.remote.ErrorHandler.createThrowable(ErrorHandler.java:214)
at org.openqa.selenium.remote.ErrorHandler.throwIfResponseFailed(ErrorHandler.java:166)
at org.openqa.selenium.remote.http.JsonHttpResponseCodec.reconstructValue(JsonHttpResponseCodec.java:40)
at org.openqa.selenium.remote.http.AbstractHttpResponseCodec.decode(AbstractHttpResponseCodec.java:80)
at org.openqa.selenium.remote.http.AbstractHttpResponseCodec.decode(AbstractHttpResponseCodec.java:44)
at org.openqa.selenium.remote.HttpCommandExecutor.execute(HttpCommandExecutor.java:158)
at org.openqa.selenium.remote.service.DriverCommandExecutor.execute(DriverCommandExecutor.java:83)
at org.openqa.selenium.remote.RemoteWebDriver.execute(RemoteWebDriver.java:552)
at org.openqa.selenium.remote.RemoteWebDriver.findElement(RemoteWebDriver.java:323)
at org.openqa.selenium.remote.RemoteWebDriver.findElementByCssSelector(RemoteWebDriver.java:420)
at org.openqa.selenium.By$ByCssSelector.findElement(By.java:431)
at org.openqa.selenium.remote.RemoteWebDriver.findElement(RemoteWebDriver.java:315)
at pageObjects.ProductPage.lblBoostTxt(ProductPage.java:54)
at automationFramework.TSVerifyPages9.checkBoostPages(TSVerifyPages9.java:74)
at sun.reflect.NativeMethodAccessorImpl.invoke0(Native Method)
at sun.reflect.NativeMethodAccessorImpl.invoke(Unknown Source)
at sun.reflect.DelegatingMethodAccessorImpl.invoke(Unknown Source)
at java.lang.reflect.Method.invoke(Unknown Source)
at org.testng.internal.MethodInvocationHelper.invokeMethod(MethodInvocationHelper.java:124)
at org.testng.internal.Invoker.invokeMethod(Invoker.java:583)
at org.testng.internal.Invoker.invokeTestMethod(Invoker.java:719)
at org.testng.internal.Invoker.invokeTestMethods(Invoker.java:989)
at org.testng.internal.TestMethodWorker.invokeTestMethods(TestMethodWorker.java:125)
at org.testng.internal.TestMethodWorker.run(TestMethodWorker.java:109)
at java.util.concurrent.ThreadPoolExecutor.runWorker(Unknown Source)
at java.util.concurrent.ThreadPoolExecutor$Worker.run(Unknown Source)
at java.lang.Thread.run(Unknown Source)
]]>
    </error>
  </testcase> <!-- checkBoostPages -->
  <testcase name="checkDonorPages" time="7.055" classname="automationFramework.TSVerifyPages9"/>
  <testcase name="checkCategoryPages" time="7.179" classname="automationFramework.TSVerifyPages9"/>
  <testcase name="checkDonorPages" time="8.593" classname="automationFramework.TSVerifyPages9"/>
  <testcase name="checkDonorPages" time="7.514" classname="automationFramework.TSVerifyPages9"/>
  <testcase name="checkDonorPages" time="5.612" classname="automationFramework.TSVerifyPages9"/>
  <testcase name="checkCategoryPages" time="6.372" classname="automationFramework.TSVerifyPages9"/>
  <testcase name="checkDonorPages" time="18.791" classname="automationFramework.TSVerifyPages9"/>
  <testcase name="checkDonorPages" time="7.397" classname="automationFramework.TSVerifyPages9"/>
  <testcase name="checkDonorPages" time="5.807" classname="automationFramework.TSVerifyPages9"/>
  <testcase name="checkBoostPages" time="12.407" classname="automationFramework.TSVerifyPages9">
    <error type="org.openqa.selenium.NoSuchElementException" message="no such element: Unable to locate element: {&quot;method&quot;:&quot;css selector&quot;,&quot;selector&quot;:&quot;#productSummary &gt; div &gt; div.row.imagecontainer &gt; div &gt; span &gt; dl &gt; ul &gt; li:nth-child(3) &gt; span.prod-value &gt; div&quot;}
  (Session info: chrome=77.0.3865.90)
  (Driver info: chromedriver=2.43.600210 (68dcf5eebde37173d4027fa8635e332711d2874a),platform=Windows NT 6.1.7601 SP1 x86_64) (WARNING: The server did not provide any stacktrace information)
Command duration or timeout: 0 milliseconds
For documentation on this error, please visit: https://www.seleniumhq.org/exceptions/no_such_element.html
Build info: version: &#039;3.141.59&#039;, revision: &#039;e82be7d358&#039;, time: &#039;2018-11-14T08:25:48&#039;
System info: host: &#039;LT-MRADFORD2&#039;, ip: &#039;10.200.25.242&#039;, os.name: &#039;Windows 7&#039;, os.arch: &#039;amd64&#039;, os.version: &#039;6.1&#039;, java.version: &#039;1.8.0_211&#039;
Driver info: org.openqa.selenium.chrome.ChromeDriver
Capabilities {acceptInsecureCerts: false, acceptSslCerts: false, applicationCacheEnabled: false, browserConnectionEnabled: false, browserName: chrome, chrome: {chromedriverVersion: 2.43.600210 (68dcf5eebde371..., userDataDir: C:\Users\mradford\AppData\L...}, cssSelectorsEnabled: true, databaseEnabled: false, goog:chromeOptions: {debuggerAddress: localhost:57405}, handlesAlerts: true, hasTouchScreen: false, javascriptEnabled: true, locationContextEnabled: true, mobileEmulationEnabled: false, nativeEvents: true, networkConnectionEnabled: false, pageLoadStrategy: normal, platform: XP, platformName: XP, rotatable: false, setWindowRect: true, takesHeapSnapshot: true, takesScreenshot: true, unexpectedAlertBehaviour: , unhandledPromptBehavior: , version: 77.0.3865.90, webStorageEnabled: true}
Session ID: f6a745fbcb1e850b6e92f10022ed1be0
*** Element info: {Using=css selector, value=#productSummary &gt; div &gt; div.row.imagecontainer &gt; div &gt; span &gt; dl &gt; ul &gt; li:nth-child(3) &gt; span.prod-value &gt; div}">
      <![CDATA[org.openqa.selenium.NoSuchElementException: no such element: Unable to locate element: {"method":"css selector","selector":"#productSummary > div > div.row.imagecontainer > div > span > dl > ul > li:nth-child(3) > span.prod-value > div"}
  (Session info: chrome=77.0.3865.90)
  (Driver info: chromedriver=2.43.600210 (68dcf5eebde37173d4027fa8635e332711d2874a),platform=Windows NT 6.1.7601 SP1 x86_64) (WARNING: The server did not provide any stacktrace information)
Command duration or timeout: 0 milliseconds
For documentation on this error, please visit: https://www.seleniumhq.org/exceptions/no_such_element.html
Build info: version: '3.141.59', revision: 'e82be7d358', time: '2018-11-14T08:25:48'
System info: host: 'LT-MRADFORD2', ip: '10.200.25.242', os.name: 'Windows 7', os.arch: 'amd64', os.version: '6.1', java.version: '1.8.0_211'
Driver info: org.openqa.selenium.chrome.ChromeDriver
Capabilities {acceptInsecureCerts: false, acceptSslCerts: false, applicationCacheEnabled: false, browserConnectionEnabled: false, browserName: chrome, chrome: {chromedriverVersion: 2.43.600210 (68dcf5eebde371..., userDataDir: C:\Users\mradford\AppData\L...}, cssSelectorsEnabled: true, databaseEnabled: false, goog:chromeOptions: {debuggerAddress: localhost:57405}, handlesAlerts: true, hasTouchScreen: false, javascriptEnabled: true, locationContextEnabled: true, mobileEmulationEnabled: false, nativeEvents: true, networkConnectionEnabled: false, pageLoadStrategy: normal, platform: XP, platformName: XP, rotatable: false, setWindowRect: true, takesHeapSnapshot: true, takesScreenshot: true, unexpectedAlertBehaviour: , unhandledPromptBehavior: , version: 77.0.3865.90, webStorageEnabled: true}
Session ID: f6a745fbcb1e850b6e92f10022ed1be0
*** Element info: {Using=css selector, value=#productSummary > div > div.row.imagecontainer > div > span > dl > ul > li:nth-child(3) > span.prod-value > div}
at sun.reflect.GeneratedConstructorAccessor20.newInstance(Unknown Source)
at sun.reflect.DelegatingConstructorAccessorImpl.newInstance(Unknown Source)
at java.lang.reflect.Constructor.newInstance(Unknown Source)
at org.openqa.selenium.remote.ErrorHandler.createThrowable(ErrorHandler.java:214)
at org.openqa.selenium.remote.ErrorHandler.throwIfResponseFailed(ErrorHandler.java:166)
at org.openqa.selenium.remote.http.JsonHttpResponseCodec.reconstructValue(JsonHttpResponseCodec.java:40)
at org.openqa.selenium.remote.http.AbstractHttpResponseCodec.decode(AbstractHttpResponseCodec.java:80)
at org.openqa.selenium.remote.http.AbstractHttpResponseCodec.decode(AbstractHttpResponseCodec.java:44)
at org.openqa.selenium.remote.HttpCommandExecutor.execute(HttpCommandExecutor.java:158)
at org.openqa.selenium.remote.service.DriverCommandExecutor.execute(DriverCommandExecutor.java:83)
at org.openqa.selenium.remote.RemoteWebDriver.execute(RemoteWebDriver.java:552)
at org.openqa.selenium.remote.RemoteWebDriver.findElement(RemoteWebDriver.java:323)
at org.openqa.selenium.remote.RemoteWebDriver.findElementByCssSelector(RemoteWebDriver.java:420)
at org.openqa.selenium.By$ByCssSelector.findElement(By.java:431)
at org.openqa.selenium.remote.RemoteWebDriver.findElement(RemoteWebDriver.java:315)
at pageObjects.ProductPage.lblBoostTxt(ProductPage.java:54)
at automationFramework.TSVerifyPages9.checkBoostPages(TSVerifyPages9.java:74)
at sun.reflect.NativeMethodAccessorImpl.invoke0(Native Method)
at sun.reflect.NativeMethodAccessorImpl.invoke(Unknown Source)
at sun.reflect.DelegatingMethodAccessorImpl.invoke(Unknown Source)
at java.lang.reflect.Method.invoke(Unknown Source)
at org.testng.internal.MethodInvocationHelper.invokeMethod(MethodInvocationHelper.java:124)
at org.testng.internal.Invoker.invokeMethod(Invoker.java:583)
at org.testng.internal.Invoker.invokeTestMethod(Invoker.java:719)
at org.testng.internal.Invoker.invokeTestMethods(Invoker.java:989)
at org.testng.internal.TestMethodWorker.invokeTestMethods(TestMethodWorker.java:125)
at org.testng.internal.TestMethodWorker.run(TestMethodWorker.java:109)
at java.util.concurrent.ThreadPoolExecutor.runWorker(Unknown Source)
at java.util.concurrent.ThreadPoolExecutor$Worker.run(Unknown Source)
at java.lang.Thread.run(Unknown Source)
]]>
    </error>
  </testcase> <!-- checkBoostPages -->
  <testcase name="checkDonorPages" time="8.113" classname="automationFramework.TSVerifyPages9"/>
  <testcase name="checkDonorPages" time="6.253" classname="automationFramework.TSVerifyPages9"/>
  <testcase name="checkCategoryPages" time="7.682" classname="automationFramework.TSVerifyPages9"/>
  <testcase name="checkCategoryPages" time="9.756" classname="automationFramework.TSVerifyPages9"/>
  <testcase name="checkDonorPages" time="6.915" classname="automationFramework.TSVerifyPages9"/>
  <testcase name="checkDonorPages" time="7.751" classname="automationFramework.TSVerifyPages9"/>
  <testcase name="checkDonorPages" time="6.381" classname="automationFramework.TSVerifyPages9"/>
  <testcase name="checkDonorPages" time="7.417" classname="automationFramework.TSVerifyPages9"/>
  <testcase name="checkDonorPages" time="7.661" classname="automationFramework.TSVerifyPages9"/>
  <testcase name="checkCategoryPages" time="4.308" classname="automationFramework.TSVerifyPages9"/>
  <testcase name="checkBoostPages" time="19.873" classname="automationFramework.TSVerifyPages9">
    <error type="org.openqa.selenium.NoSuchElementException" message="no such element: Unable to locate element: {&quot;method&quot;:&quot;css selector&quot;,&quot;selector&quot;:&quot;#productSummary &gt; div &gt; div.row.imagecontainer &gt; div &gt; span &gt; dl &gt; ul &gt; li:nth-child(3) &gt; span.prod-value &gt; div&quot;}
  (Session info: chrome=77.0.3865.90)
  (Driver info: chromedriver=2.43.600210 (68dcf5eebde37173d4027fa8635e332711d2874a),platform=Windows NT 6.1.7601 SP1 x86_64) (WARNING: The server did not provide any stacktrace information)
Command duration or timeout: 0 milliseconds
For documentation on this error, please visit: https://www.seleniumhq.org/exceptions/no_such_element.html
Build info: version: &#039;3.141.59&#039;, revision: &#039;e82be7d358&#039;, time: &#039;2018-11-14T08:25:48&#039;
System info: host: &#039;LT-MRADFORD2&#039;, ip: &#039;10.200.25.242&#039;, os.name: &#039;Windows 7&#039;, os.arch: &#039;amd64&#039;, os.version: &#039;6.1&#039;, java.version: &#039;1.8.0_211&#039;
Driver info: org.openqa.selenium.chrome.ChromeDriver
Capabilities {acceptInsecureCerts: false, acceptSslCerts: false, applicationCacheEnabled: false, browserConnectionEnabled: false, browserName: chrome, chrome: {chromedriverVersion: 2.43.600210 (68dcf5eebde371..., userDataDir: C:\Users\mradford\AppData\L...}, cssSelectorsEnabled: true, databaseEnabled: false, goog:chromeOptions: {debuggerAddress: localhost:57405}, handlesAlerts: true, hasTouchScreen: false, javascriptEnabled: true, locationContextEnabled: true, mobileEmulationEnabled: false, nativeEvents: true, networkConnectionEnabled: false, pageLoadStrategy: normal, platform: XP, platformName: XP, rotatable: false, setWindowRect: true, takesHeapSnapshot: true, takesScreenshot: true, unexpectedAlertBehaviour: , unhandledPromptBehavior: , version: 77.0.3865.90, webStorageEnabled: true}
Session ID: f6a745fbcb1e850b6e92f10022ed1be0
*** Element info: {Using=css selector, value=#productSummary &gt; div &gt; div.row.imagecontainer &gt; div &gt; span &gt; dl &gt; ul &gt; li:nth-child(3) &gt; span.prod-value &gt; div}">
      <![CDATA[org.openqa.selenium.NoSuchElementException: no such element: Unable to locate element: {"method":"css selector","selector":"#productSummary > div > div.row.imagecontainer > div > span > dl > ul > li:nth-child(3) > span.prod-value > div"}
  (Session info: chrome=77.0.3865.90)
  (Driver info: chromedriver=2.43.600210 (68dcf5eebde37173d4027fa8635e332711d2874a),platform=Windows NT 6.1.7601 SP1 x86_64) (WARNING: The server did not provide any stacktrace information)
Command duration or timeout: 0 milliseconds
For documentation on this error, please visit: https://www.seleniumhq.org/exceptions/no_such_element.html
Build info: version: '3.141.59', revision: 'e82be7d358', time: '2018-11-14T08:25:48'
System info: host: 'LT-MRADFORD2', ip: '10.200.25.242', os.name: 'Windows 7', os.arch: 'amd64', os.version: '6.1', java.version: '1.8.0_211'
Driver info: org.openqa.selenium.chrome.ChromeDriver
Capabilities {acceptInsecureCerts: false, acceptSslCerts: false, applicationCacheEnabled: false, browserConnectionEnabled: false, browserName: chrome, chrome: {chromedriverVersion: 2.43.600210 (68dcf5eebde371..., userDataDir: C:\Users\mradford\AppData\L...}, cssSelectorsEnabled: true, databaseEnabled: false, goog:chromeOptions: {debuggerAddress: localhost:57405}, handlesAlerts: true, hasTouchScreen: false, javascriptEnabled: true, locationContextEnabled: true, mobileEmulationEnabled: false, nativeEvents: true, networkConnectionEnabled: false, pageLoadStrategy: normal, platform: XP, platformName: XP, rotatable: false, setWindowRect: true, takesHeapSnapshot: true, takesScreenshot: true, unexpectedAlertBehaviour: , unhandledPromptBehavior: , version: 77.0.3865.90, webStorageEnabled: true}
Session ID: f6a745fbcb1e850b6e92f10022ed1be0
*** Element info: {Using=css selector, value=#productSummary > div > div.row.imagecontainer > div > span > dl > ul > li:nth-child(3) > span.prod-value > div}
at sun.reflect.GeneratedConstructorAccessor20.newInstance(Unknown Source)
at sun.reflect.DelegatingConstructorAccessorImpl.newInstance(Unknown Source)
at java.lang.reflect.Constructor.newInstance(Unknown Source)
at org.openqa.selenium.remote.ErrorHandler.createThrowable(ErrorHandler.java:214)
at org.openqa.selenium.remote.ErrorHandler.throwIfResponseFailed(ErrorHandler.java:166)
at org.openqa.selenium.remote.http.JsonHttpResponseCodec.reconstructValue(JsonHttpResponseCodec.java:40)
at org.openqa.selenium.remote.http.AbstractHttpResponseCodec.decode(AbstractHttpResponseCodec.java:80)
at org.openqa.selenium.remote.http.AbstractHttpResponseCodec.decode(AbstractHttpResponseCodec.java:44)
at org.openqa.selenium.remote.HttpCommandExecutor.execute(HttpCommandExecutor.java:158)
at org.openqa.selenium.remote.service.DriverCommandExecutor.execute(DriverCommandExecutor.java:83)
at org.openqa.selenium.remote.RemoteWebDriver.execute(RemoteWebDriver.java:552)
at org.openqa.selenium.remote.RemoteWebDriver.findElement(RemoteWebDriver.java:323)
at org.openqa.selenium.remote.RemoteWebDriver.findElementByCssSelector(RemoteWebDriver.java:420)
at org.openqa.selenium.By$ByCssSelector.findElement(By.java:431)
at org.openqa.selenium.remote.RemoteWebDriver.findElement(RemoteWebDriver.java:315)
at pageObjects.ProductPage.lblBoostTxt(ProductPage.java:54)
at automationFramework.TSVerifyPages9.checkBoostPages(TSVerifyPages9.java:74)
at sun.reflect.NativeMethodAccessorImpl.invoke0(Native Method)
at sun.reflect.NativeMethodAccessorImpl.invoke(Unknown Source)
at sun.reflect.DelegatingMethodAccessorImpl.invoke(Unknown Source)
at java.lang.reflect.Method.invoke(Unknown Source)
at org.testng.internal.MethodInvocationHelper.invokeMethod(MethodInvocationHelper.java:124)
at org.testng.internal.Invoker.invokeMethod(Invoker.java:583)
at org.testng.internal.Invoker.invokeTestMethod(Invoker.java:719)
at org.testng.internal.Invoker.invokeTestMethods(Invoker.java:989)
at org.testng.internal.TestMethodWorker.invokeTestMethods(TestMethodWorker.java:125)
at org.testng.internal.TestMethodWorker.run(TestMethodWorker.java:109)
at java.util.concurrent.ThreadPoolExecutor.runWorker(Unknown Source)
at java.util.concurrent.ThreadPoolExecutor$Worker.run(Unknown Source)
at java.lang.Thread.run(Unknown Source)
]]>
    </error>
  </testcase> <!-- checkBoostPages -->
  <testcase name="checkBoostPages" time="11.780" classname="automationFramework.TSVerifyPages9">
    <error type="org.openqa.selenium.NoSuchElementException" message="no such element: Unable to locate element: {&quot;method&quot;:&quot;css selector&quot;,&quot;selector&quot;:&quot;#productSummary &gt; div &gt; div.row.imagecontainer &gt; div &gt; span &gt; dl &gt; ul &gt; li:nth-child(3) &gt; span.prod-value &gt; div&quot;}
  (Session info: chrome=77.0.3865.90)
  (Driver info: chromedriver=2.43.600210 (68dcf5eebde37173d4027fa8635e332711d2874a),platform=Windows NT 6.1.7601 SP1 x86_64) (WARNING: The server did not provide any stacktrace information)
Command duration or timeout: 0 milliseconds
For documentation on this error, please visit: https://www.seleniumhq.org/exceptions/no_such_element.html
Build info: version: &#039;3.141.59&#039;, revision: &#039;e82be7d358&#039;, time: &#039;2018-11-14T08:25:48&#039;
System info: host: &#039;LT-MRADFORD2&#039;, ip: &#039;10.200.25.242&#039;, os.name: &#039;Windows 7&#039;, os.arch: &#039;amd64&#039;, os.version: &#039;6.1&#039;, java.version: &#039;1.8.0_211&#039;
Driver info: org.openqa.selenium.chrome.ChromeDriver
Capabilities {acceptInsecureCerts: false, acceptSslCerts: false, applicationCacheEnabled: false, browserConnectionEnabled: false, browserName: chrome, chrome: {chromedriverVersion: 2.43.600210 (68dcf5eebde371..., userDataDir: C:\Users\mradford\AppData\L...}, cssSelectorsEnabled: true, databaseEnabled: false, goog:chromeOptions: {debuggerAddress: localhost:57405}, handlesAlerts: true, hasTouchScreen: false, javascriptEnabled: true, locationContextEnabled: true, mobileEmulationEnabled: false, nativeEvents: true, networkConnectionEnabled: false, pageLoadStrategy: normal, platform: XP, platformName: XP, rotatable: false, setWindowRect: true, takesHeapSnapshot: true, takesScreenshot: true, unexpectedAlertBehaviour: , unhandledPromptBehavior: , version: 77.0.3865.90, webStorageEnabled: true}
Session ID: f6a745fbcb1e850b6e92f10022ed1be0
*** Element info: {Using=css selector, value=#productSummary &gt; div &gt; div.row.imagecontainer &gt; div &gt; span &gt; dl &gt; ul &gt; li:nth-child(3) &gt; span.prod-value &gt; div}">
      <![CDATA[org.openqa.selenium.NoSuchElementException: no such element: Unable to locate element: {"method":"css selector","selector":"#productSummary > div > div.row.imagecontainer > div > span > dl > ul > li:nth-child(3) > span.prod-value > div"}
  (Session info: chrome=77.0.3865.90)
  (Driver info: chromedriver=2.43.600210 (68dcf5eebde37173d4027fa8635e332711d2874a),platform=Windows NT 6.1.7601 SP1 x86_64) (WARNING: The server did not provide any stacktrace information)
Command duration or timeout: 0 milliseconds
For documentation on this error, please visit: https://www.seleniumhq.org/exceptions/no_such_element.html
Build info: version: '3.141.59', revision: 'e82be7d358', time: '2018-11-14T08:25:48'
System info: host: 'LT-MRADFORD2', ip: '10.200.25.242', os.name: 'Windows 7', os.arch: 'amd64', os.version: '6.1', java.version: '1.8.0_211'
Driver info: org.openqa.selenium.chrome.ChromeDriver
Capabilities {acceptInsecureCerts: false, acceptSslCerts: false, applicationCacheEnabled: false, browserConnectionEnabled: false, browserName: chrome, chrome: {chromedriverVersion: 2.43.600210 (68dcf5eebde371..., userDataDir: C:\Users\mradford\AppData\L...}, cssSelectorsEnabled: true, databaseEnabled: false, goog:chromeOptions: {debuggerAddress: localhost:57405}, handlesAlerts: true, hasTouchScreen: false, javascriptEnabled: true, locationContextEnabled: true, mobileEmulationEnabled: false, nativeEvents: true, networkConnectionEnabled: false, pageLoadStrategy: normal, platform: XP, platformName: XP, rotatable: false, setWindowRect: true, takesHeapSnapshot: true, takesScreenshot: true, unexpectedAlertBehaviour: , unhandledPromptBehavior: , version: 77.0.3865.90, webStorageEnabled: true}
Session ID: f6a745fbcb1e850b6e92f10022ed1be0
*** Element info: {Using=css selector, value=#productSummary > div > div.row.imagecontainer > div > span > dl > ul > li:nth-child(3) > span.prod-value > div}
at sun.reflect.NativeConstructorAccessorImpl.newInstance0(Native Method)
at sun.reflect.NativeConstructorAccessorImpl.newInstance(Unknown Source)
at sun.reflect.DelegatingConstructorAccessorImpl.newInstance(Unknown Source)
at java.lang.reflect.Constructor.newInstance(Unknown Source)
at org.openqa.selenium.remote.ErrorHandler.createThrowable(ErrorHandler.java:214)
at org.openqa.selenium.remote.ErrorHandler.throwIfResponseFailed(ErrorHandler.java:166)
at org.openqa.selenium.remote.http.JsonHttpResponseCodec.reconstructValue(JsonHttpResponseCodec.java:40)
at org.openqa.selenium.remote.http.AbstractHttpResponseCodec.decode(AbstractHttpResponseCodec.java:80)
at org.openqa.selenium.remote.http.AbstractHttpResponseCodec.decode(AbstractHttpResponseCodec.java:44)
at org.openqa.selenium.remote.HttpCommandExecutor.execute(HttpCommandExecutor.java:158)
at org.openqa.selenium.remote.service.DriverCommandExecutor.execute(DriverCommandExecutor.java:83)
at org.openqa.selenium.remote.RemoteWebDriver.execute(RemoteWebDriver.java:552)
at org.openqa.selenium.remote.RemoteWebDriver.findElement(RemoteWebDriver.java:323)
at org.openqa.selenium.remote.RemoteWebDriver.findElementByCssSelector(RemoteWebDriver.java:420)
at org.openqa.selenium.By$ByCssSelector.findElement(By.java:431)
at org.openqa.selenium.remote.RemoteWebDriver.findElement(RemoteWebDriver.java:315)
at pageObjects.ProductPage.lblBoostTxt(ProductPage.java:54)
at automationFramework.TSVerifyPages9.checkBoostPages(TSVerifyPages9.java:74)
at sun.reflect.NativeMethodAccessorImpl.invoke0(Native Method)
at sun.reflect.NativeMethodAccessorImpl.invoke(Unknown Source)
at sun.reflect.DelegatingMethodAccessorImpl.invoke(Unknown Source)
at java.lang.reflect.Method.invoke(Unknown Source)
at org.testng.internal.MethodInvocationHelper.invokeMethod(MethodInvocationHelper.java:124)
at org.testng.internal.Invoker.invokeMethod(Invoker.java:583)
at org.testng.internal.Invoker.invokeTestMethod(Invoker.java:719)
at org.testng.internal.Invoker.invokeTestMethods(Invoker.java:989)
at org.testng.internal.TestMethodWorker.invokeTestMethods(TestMethodWorker.java:125)
at org.testng.internal.TestMethodWorker.run(TestMethodWorker.java:109)
at java.util.concurrent.ThreadPoolExecutor.runWorker(Unknown Source)
at java.util.concurrent.ThreadPoolExecutor$Worker.run(Unknown Source)
at java.lang.Thread.run(Unknown Source)
]]>
    </error>
  </testcase> <!-- checkBoostPages -->
  <testcase name="checkDonorPages" time="5.880" classname="automationFramework.TSVerifyPages9"/>
  <testcase name="checkDonorPages" time="7.418" classname="automationFramework.TSVerifyPages9"/>
  <testcase name="checkDonorPages" time="5.384" classname="automationFramework.TSVerifyPages9"/>
  <testcase name="checkDonorPages" time="9.294" classname="automationFramework.TSVerifyPages9"/>
  <testcase name="checkCategoryPages" time="6.541" classname="automationFramework.TSVerifyPages9"/>
  <testcase name="checkDonorPages" time="7.331" classname="automationFramework.TSVerifyPages9"/>
  <testcase name="checkDonorPages" time="7.703" classname="automationFramework.TSVerifyPages9"/>
  <testcase name="checkDonorPages" time="7.023" classname="automationFramework.TSVerifyPages9"/>
  <testcase name="checkDonorPages" time="7.020" classname="automationFramework.TSVerifyPages9"/>
  <testcase name="checkDonorPages" time="7.574" classname="automationFramework.TSVerifyPages9"/>
  <testcase name="checkDonorPages" time="9.047" classname="automationFramework.TSVerifyPages9"/>
  <testcase name="checkDonorPages" time="6.349" classname="automationFramework.TSVerifyPages9"/>
  <testcase name="checkDonorPages" time="7.287" classname="automationFramework.TSVerifyPages9"/>
  <testcase name="checkDonorPages" time="5.990" classname="automationFramework.TSVerifyPages9"/>
  <testcase name="checkCategoryPages" time="6.321" classname="automationFramework.TSVerifyPages9"/>
  <testcase name="checkDonorPages" time="7.323" classname="automationFramework.TSVerifyPages9"/>
  <testcase name="checkDonorPages" time="5.421" classname="automationFramework.TSVerifyPages9"/>
  <testcase name="checkDonorPages" time="6.768" classname="automationFramework.TSVerifyPages9"/>
  <testcase name="checkDonorPages" time="7.950" classname="automationFramework.TSVerifyPages9"/>
  <testcase name="checkDonorPages" time="7.078" classname="automationFramework.TSVerifyPages9"/>
  <testcase name="checkCategoryPages" time="8.245" classname="automationFramework.TSVerifyPages9"/>
  <testcase name="checkCategoryPages" time="7.026" classname="automationFramework.TSVerifyPages9"/>
  <testcase name="checkBoostPages" time="12.101" classname="automationFramework.TSVerifyPages9">
    <error type="org.openqa.selenium.NoSuchElementException" message="no such element: Unable to locate element: {&quot;method&quot;:&quot;css selector&quot;,&quot;selector&quot;:&quot;#productSummary &gt; div &gt; div.row.imagecontainer &gt; div &gt; span &gt; dl &gt; ul &gt; li:nth-child(3) &gt; span.prod-value &gt; div&quot;}
  (Session info: chrome=77.0.3865.90)
  (Driver info: chromedriver=2.43.600210 (68dcf5eebde37173d4027fa8635e332711d2874a),platform=Windows NT 6.1.7601 SP1 x86_64) (WARNING: The server did not provide any stacktrace information)
Command duration or timeout: 0 milliseconds
For documentation on this error, please visit: https://www.seleniumhq.org/exceptions/no_such_element.html
Build info: version: &#039;3.141.59&#039;, revision: &#039;e82be7d358&#039;, time: &#039;2018-11-14T08:25:48&#039;
System info: host: &#039;LT-MRADFORD2&#039;, ip: &#039;10.200.25.242&#039;, os.name: &#039;Windows 7&#039;, os.arch: &#039;amd64&#039;, os.version: &#039;6.1&#039;, java.version: &#039;1.8.0_211&#039;
Driver info: org.openqa.selenium.chrome.ChromeDriver
Capabilities {acceptInsecureCerts: false, acceptSslCerts: false, applicationCacheEnabled: false, browserConnectionEnabled: false, browserName: chrome, chrome: {chromedriverVersion: 2.43.600210 (68dcf5eebde371..., userDataDir: C:\Users\mradford\AppData\L...}, cssSelectorsEnabled: true, databaseEnabled: false, goog:chromeOptions: {debuggerAddress: localhost:57405}, handlesAlerts: true, hasTouchScreen: false, javascriptEnabled: true, locationContextEnabled: true, mobileEmulationEnabled: false, nativeEvents: true, networkConnectionEnabled: false, pageLoadStrategy: normal, platform: XP, platformName: XP, rotatable: false, setWindowRect: true, takesHeapSnapshot: true, takesScreenshot: true, unexpectedAlertBehaviour: , unhandledPromptBehavior: , version: 77.0.3865.90, webStorageEnabled: true}
Session ID: f6a745fbcb1e850b6e92f10022ed1be0
*** Element info: {Using=css selector, value=#productSummary &gt; div &gt; div.row.imagecontainer &gt; div &gt; span &gt; dl &gt; ul &gt; li:nth-child(3) &gt; span.prod-value &gt; div}">
      <![CDATA[org.openqa.selenium.NoSuchElementException: no such element: Unable to locate element: {"method":"css selector","selector":"#productSummary > div > div.row.imagecontainer > div > span > dl > ul > li:nth-child(3) > span.prod-value > div"}
  (Session info: chrome=77.0.3865.90)
  (Driver info: chromedriver=2.43.600210 (68dcf5eebde37173d4027fa8635e332711d2874a),platform=Windows NT 6.1.7601 SP1 x86_64) (WARNING: The server did not provide any stacktrace information)
Command duration or timeout: 0 milliseconds
For documentation on this error, please visit: https://www.seleniumhq.org/exceptions/no_such_element.html
Build info: version: '3.141.59', revision: 'e82be7d358', time: '2018-11-14T08:25:48'
System info: host: 'LT-MRADFORD2', ip: '10.200.25.242', os.name: 'Windows 7', os.arch: 'amd64', os.version: '6.1', java.version: '1.8.0_211'
Driver info: org.openqa.selenium.chrome.ChromeDriver
Capabilities {acceptInsecureCerts: false, acceptSslCerts: false, applicationCacheEnabled: false, browserConnectionEnabled: false, browserName: chrome, chrome: {chromedriverVersion: 2.43.600210 (68dcf5eebde371..., userDataDir: C:\Users\mradford\AppData\L...}, cssSelectorsEnabled: true, databaseEnabled: false, goog:chromeOptions: {debuggerAddress: localhost:57405}, handlesAlerts: true, hasTouchScreen: false, javascriptEnabled: true, locationContextEnabled: true, mobileEmulationEnabled: false, nativeEvents: true, networkConnectionEnabled: false, pageLoadStrategy: normal, platform: XP, platformName: XP, rotatable: false, setWindowRect: true, takesHeapSnapshot: true, takesScreenshot: true, unexpectedAlertBehaviour: , unhandledPromptBehavior: , version: 77.0.3865.90, webStorageEnabled: true}
Session ID: f6a745fbcb1e850b6e92f10022ed1be0
*** Element info: {Using=css selector, value=#productSummary > div > div.row.imagecontainer > div > span > dl > ul > li:nth-child(3) > span.prod-value > div}
at sun.reflect.GeneratedConstructorAccessor20.newInstance(Unknown Source)
at sun.reflect.DelegatingConstructorAccessorImpl.newInstance(Unknown Source)
at java.lang.reflect.Constructor.newInstance(Unknown Source)
at org.openqa.selenium.remote.ErrorHandler.createThrowable(ErrorHandler.java:214)
at org.openqa.selenium.remote.ErrorHandler.throwIfResponseFailed(ErrorHandler.java:166)
at org.openqa.selenium.remote.http.JsonHttpResponseCodec.reconstructValue(JsonHttpResponseCodec.java:40)
at org.openqa.selenium.remote.http.AbstractHttpResponseCodec.decode(AbstractHttpResponseCodec.java:80)
at org.openqa.selenium.remote.http.AbstractHttpResponseCodec.decode(AbstractHttpResponseCodec.java:44)
at org.openqa.selenium.remote.HttpCommandExecutor.execute(HttpCommandExecutor.java:158)
at org.openqa.selenium.remote.service.DriverCommandExecutor.execute(DriverCommandExecutor.java:83)
at org.openqa.selenium.remote.RemoteWebDriver.execute(RemoteWebDriver.java:552)
at org.openqa.selenium.remote.RemoteWebDriver.findElement(RemoteWebDriver.java:323)
at org.openqa.selenium.remote.RemoteWebDriver.findElementByCssSelector(RemoteWebDriver.java:420)
at org.openqa.selenium.By$ByCssSelector.findElement(By.java:431)
at org.openqa.selenium.remote.RemoteWebDriver.findElement(RemoteWebDriver.java:315)
at pageObjects.ProductPage.lblBoostTxt(ProductPage.java:54)
at automationFramework.TSVerifyPages9.checkBoostPages(TSVerifyPages9.java:74)
at sun.reflect.NativeMethodAccessorImpl.invoke0(Native Method)
at sun.reflect.NativeMethodAccessorImpl.invoke(Unknown Source)
at sun.reflect.DelegatingMethodAccessorImpl.invoke(Unknown Source)
at java.lang.reflect.Method.invoke(Unknown Source)
at org.testng.internal.MethodInvocationHelper.invokeMethod(MethodInvocationHelper.java:124)
at org.testng.internal.Invoker.invokeMethod(Invoker.java:583)
at org.testng.internal.Invoker.invokeTestMethod(Invoker.java:719)
at org.testng.internal.Invoker.invokeTestMethods(Invoker.java:989)
at org.testng.internal.TestMethodWorker.invokeTestMethods(TestMethodWorker.java:125)
at org.testng.internal.TestMethodWorker.run(TestMethodWorker.java:109)
at java.util.concurrent.ThreadPoolExecutor.runWorker(Unknown Source)
at java.util.concurrent.ThreadPoolExecutor$Worker.run(Unknown Source)
at java.lang.Thread.run(Unknown Source)
]]>
    </error>
  </testcase> <!-- checkBoostPages -->
  <testcase name="checkDonorPages" time="7.741" classname="automationFramework.TSVerifyPages9"/>
  <testcase name="checkDonorPages" time="4.402" classname="automationFramework.TSVerifyPages9"/>
  <testcase name="checkDonorPages" time="7.998" classname="automationFramework.TSVerifyPages9"/>
  <testcase name="checkDonorPages" time="8.190" classname="automationFramework.TSVerifyPages9"/>
  <testcase name="checkDonorPages" time="8.506" classname="automationFramework.TSVerifyPages9"/>
  <testcase name="checkDonorPages" time="6.054" classname="automationFramework.TSVerifyPages9"/>
  <testcase name="checkCategoryPages" time="8.872" classname="automationFramework.TSVerifyPages9"/>
  <testcase name="checkDonorPages" time="8.443" classname="automationFramework.TSVerifyPages9"/>
  <testcase name="checkDonorPages" time="5.799" classname="automationFramework.TSVerifyPages9"/>
  <testcase name="checkDonorPages" time="8.991" classname="automationFramework.TSVerifyPages9"/>
  <testcase name="checkDonorPages" time="7.515" classname="automationFramework.TSVerifyPages9"/>
  <testcase name="checkDonorPages" time="7.964" classname="automationFramework.TSVerifyPages9"/>
  <testcase name="checkDonorPages" time="7.108" classname="automationFramework.TSVerifyPages9"/>
  <testcase name="checkDonorPages" time="3.167" classname="automationFramework.TSVerifyPages9"/>
  <testcase name="checkDonorPages" time="6.738" classname="automationFramework.TSVerifyPages9"/>
  <testcase name="checkBoostPages" time="11.881" classname="automationFramework.TSVerifyPages9">
    <error type="org.openqa.selenium.NoSuchElementException" message="no such element: Unable to locate element: {&quot;method&quot;:&quot;css selector&quot;,&quot;selector&quot;:&quot;#productSummary &gt; div &gt; div.row.imagecontainer &gt; div &gt; span &gt; dl &gt; ul &gt; li:nth-child(3) &gt; span.prod-value &gt; div&quot;}
  (Session info: chrome=77.0.3865.90)
  (Driver info: chromedriver=2.43.600210 (68dcf5eebde37173d4027fa8635e332711d2874a),platform=Windows NT 6.1.7601 SP1 x86_64) (WARNING: The server did not provide any stacktrace information)
Command duration or timeout: 0 milliseconds
For documentation on this error, please visit: https://www.seleniumhq.org/exceptions/no_such_element.html
Build info: version: &#039;3.141.59&#039;, revision: &#039;e82be7d358&#039;, time: &#039;2018-11-14T08:25:48&#039;
System info: host: &#039;LT-MRADFORD2&#039;, ip: &#039;10.200.25.242&#039;, os.name: &#039;Windows 7&#039;, os.arch: &#039;amd64&#039;, os.version: &#039;6.1&#039;, java.version: &#039;1.8.0_211&#039;
Driver info: org.openqa.selenium.chrome.ChromeDriver
Capabilities {acceptInsecureCerts: false, acceptSslCerts: false, applicationCacheEnabled: false, browserConnectionEnabled: false, browserName: chrome, chrome: {chromedriverVersion: 2.43.600210 (68dcf5eebde371..., userDataDir: C:\Users\mradford\AppData\L...}, cssSelectorsEnabled: true, databaseEnabled: false, goog:chromeOptions: {debuggerAddress: localhost:57405}, handlesAlerts: true, hasTouchScreen: false, javascriptEnabled: true, locationContextEnabled: true, mobileEmulationEnabled: false, nativeEvents: true, networkConnectionEnabled: false, pageLoadStrategy: normal, platform: XP, platformName: XP, rotatable: false, setWindowRect: true, takesHeapSnapshot: true, takesScreenshot: true, unexpectedAlertBehaviour: , unhandledPromptBehavior: , version: 77.0.3865.90, webStorageEnabled: true}
Session ID: f6a745fbcb1e850b6e92f10022ed1be0
*** Element info: {Using=css selector, value=#productSummary &gt; div &gt; div.row.imagecontainer &gt; div &gt; span &gt; dl &gt; ul &gt; li:nth-child(3) &gt; span.prod-value &gt; div}">
      <![CDATA[org.openqa.selenium.NoSuchElementException: no such element: Unable to locate element: {"method":"css selector","selector":"#productSummary > div > div.row.imagecontainer > div > span > dl > ul > li:nth-child(3) > span.prod-value > div"}
  (Session info: chrome=77.0.3865.90)
  (Driver info: chromedriver=2.43.600210 (68dcf5eebde37173d4027fa8635e332711d2874a),platform=Windows NT 6.1.7601 SP1 x86_64) (WARNING: The server did not provide any stacktrace information)
Command duration or timeout: 0 milliseconds
For documentation on this error, please visit: https://www.seleniumhq.org/exceptions/no_such_element.html
Build info: version: '3.141.59', revision: 'e82be7d358', time: '2018-11-14T08:25:48'
System info: host: 'LT-MRADFORD2', ip: '10.200.25.242', os.name: 'Windows 7', os.arch: 'amd64', os.version: '6.1', java.version: '1.8.0_211'
Driver info: org.openqa.selenium.chrome.ChromeDriver
Capabilities {acceptInsecureCerts: false, acceptSslCerts: false, applicationCacheEnabled: false, browserConnectionEnabled: false, browserName: chrome, chrome: {chromedriverVersion: 2.43.600210 (68dcf5eebde371..., userDataDir: C:\Users\mradford\AppData\L...}, cssSelectorsEnabled: true, databaseEnabled: false, goog:chromeOptions: {debuggerAddress: localhost:57405}, handlesAlerts: true, hasTouchScreen: false, javascriptEnabled: true, locationContextEnabled: true, mobileEmulationEnabled: false, nativeEvents: true, networkConnectionEnabled: false, pageLoadStrategy: normal, platform: XP, platformName: XP, rotatable: false, setWindowRect: true, takesHeapSnapshot: true, takesScreenshot: true, unexpectedAlertBehaviour: , unhandledPromptBehavior: , version: 77.0.3865.90, webStorageEnabled: true}
Session ID: f6a745fbcb1e850b6e92f10022ed1be0
*** Element info: {Using=css selector, value=#productSummary > div > div.row.imagecontainer > div > span > dl > ul > li:nth-child(3) > span.prod-value > div}
at sun.reflect.NativeConstructorAccessorImpl.newInstance0(Native Method)
at sun.reflect.NativeConstructorAccessorImpl.newInstance(Unknown Source)
at sun.reflect.DelegatingConstructorAccessorImpl.newInstance(Unknown Source)
at java.lang.reflect.Constructor.newInstance(Unknown Source)
at org.openqa.selenium.remote.ErrorHandler.createThrowable(ErrorHandler.java:214)
at org.openqa.selenium.remote.ErrorHandler.throwIfResponseFailed(ErrorHandler.java:166)
at org.openqa.selenium.remote.http.JsonHttpResponseCodec.reconstructValue(JsonHttpResponseCodec.java:40)
at org.openqa.selenium.remote.http.AbstractHttpResponseCodec.decode(AbstractHttpResponseCodec.java:80)
at org.openqa.selenium.remote.http.AbstractHttpResponseCodec.decode(AbstractHttpResponseCodec.java:44)
at org.openqa.selenium.remote.HttpCommandExecutor.execute(HttpCommandExecutor.java:158)
at org.openqa.selenium.remote.service.DriverCommandExecutor.execute(DriverCommandExecutor.java:83)
at org.openqa.selenium.remote.RemoteWebDriver.execute(RemoteWebDriver.java:552)
at org.openqa.selenium.remote.RemoteWebDriver.findElement(RemoteWebDriver.java:323)
at org.openqa.selenium.remote.RemoteWebDriver.findElementByCssSelector(RemoteWebDriver.java:420)
at org.openqa.selenium.By$ByCssSelector.findElement(By.java:431)
at org.openqa.selenium.remote.RemoteWebDriver.findElement(RemoteWebDriver.java:315)
at pageObjects.ProductPage.lblBoostTxt(ProductPage.java:54)
at automationFramework.TSVerifyPages9.checkBoostPages(TSVerifyPages9.java:74)
at sun.reflect.NativeMethodAccessorImpl.invoke0(Native Method)
at sun.reflect.NativeMethodAccessorImpl.invoke(Unknown Source)
at sun.reflect.DelegatingMethodAccessorImpl.invoke(Unknown Source)
at java.lang.reflect.Method.invoke(Unknown Source)
at org.testng.internal.MethodInvocationHelper.invokeMethod(MethodInvocationHelper.java:124)
at org.testng.internal.Invoker.invokeMethod(Invoker.java:583)
at org.testng.internal.Invoker.invokeTestMethod(Invoker.java:719)
at org.testng.internal.Invoker.invokeTestMethods(Invoker.java:989)
at org.testng.internal.TestMethodWorker.invokeTestMethods(TestMethodWorker.java:125)
at org.testng.internal.TestMethodWorker.run(TestMethodWorker.java:109)
at java.util.concurrent.ThreadPoolExecutor.runWorker(Unknown Source)
at java.util.concurrent.ThreadPoolExecutor$Worker.run(Unknown Source)
at java.lang.Thread.run(Unknown Source)
]]>
    </error>
  </testcase> <!-- checkBoostPages -->
  <testcase name="checkDonorPages" time="5.544" classname="automationFramework.TSVerifyPages9"/>
  <testcase name="checkDonorPages" time="8.023" classname="automationFramework.TSVerifyPages9"/>
  <testcase name="checkDonorPages" time="6.202" classname="automationFramework.TSVerifyPages9"/>
  <testcase name="checkDonorPages" time="13.186" classname="automationFramework.TSVerifyPages9"/>
  <testcase name="checkDonorPages" time="7.904" classname="automationFramework.TSVerifyPages9"/>
  <testcase name="checkCategoryPages" time="8.560" classname="automationFramework.TSVerifyPages9"/>
  <testcase name="checkDonorPages" time="7.362" classname="automationFramework.TSVerifyPages9"/>
  <testcase name="checkCategoryPages" time="6.750" classname="automationFramework.TSVerifyPages9"/>
  <testcase name="checkDonorPages" time="6.882" classname="automationFramework.TSVerifyPages9"/>
  <testcase name="checkCategoryPages" time="10.173" classname="automationFramework.TSVerifyPages9"/>
  <testcase name="checkDonorPages" time="6.697" classname="automationFramework.TSVerifyPages9"/>
  <testcase name="checkDonorPages" time="7.302" classname="automationFramework.TSVerifyPages9"/>
  <testcase name="checkDonorPages" time="8.615" classname="automationFramework.TSVerifyPages9"/>
  <testcase name="checkCategoryPages" time="9.112" classname="automationFramework.TSVerifyPages9"/>
  <testcase name="checkDonorPages" time="7.381" classname="automationFramework.TSVerifyPages9"/>
  <testcase name="checkDonorPages" time="8.089" classname="automationFramework.TSVerifyPages9"/>
  <testcase name="checkDonorPages" time="8.312" classname="automationFramework.TSVerifyPages9"/>
  <testcase name="checkDonorPages" time="7.846" classname="automationFramework.TSVerifyPages9"/>
  <testcase name="checkDonorPages" time="4.586" classname="automationFramework.TSVerifyPages9"/>
  <testcase name="checkCategoryPages" time="7.848" classname="automationFramework.TSVerifyPages9"/>
  <testcase name="checkDonorPages" time="7.212" classname="automationFramework.TSVerifyPages9"/>
  <testcase name="checkCategoryPages" time="8.919" classname="automationFramework.TSVerifyPages9"/>
  <testcase name="checkDonorPages" time="7.106" classname="automationFramework.TSVerifyPages9"/>
  <testcase name="checkDonorPages" time="3.933" classname="automationFramework.TSVerifyPages9"/>
  <testcase name="checkDonorPages" time="6.711" classname="automationFramework.TSVerifyPages9"/>
  <testcase name="checkDonorPages" time="4.803" classname="automationFramework.TSVerifyPages9"/>
  <testcase name="checkCategoryPages" time="5.152" classname="automationFramework.TSVerifyPages9"/>
  <testcase name="checkDonorPages" time="6.901" classname="automationFramework.TSVerifyPages9"/>
  <testcase name="checkDonorPages" time="8.144" classname="automationFramework.TSVerifyPages9"/>
  <testcase name="checkDonorPages" time="5.053" classname="automationFramework.TSVerifyPages9"/>
  <testcase name="checkDonorPages" time="7.707" classname="automationFramework.TSVerifyPages9"/>
  <testcase name="checkDonorPages" time="7.653" classname="automationFramework.TSVerifyPages9"/>
  <testcase name="checkDonorPages" time="7.570" classname="automationFramework.TSVerifyPages9"/>
  <testcase name="checkDonorPages" time="4.866" classname="automationFramework.TSVerifyPages9"/>
  <testcase name="checkDonorPages" time="8.717" classname="automationFramework.TSVerifyPages9"/>
  <testcase name="checkDonorPages" time="8.371" classname="automationFramework.TSVerifyPages9"/>
  <testcase name="checkCategoryPages" time="10.211" classname="automationFramework.TSVerifyPages9"/>
  <testcase name="checkDonorPages" time="7.152" classname="automationFramework.TSVerifyPages9"/>
  <testcase name="checkCategoryPages" time="7.266" classname="automationFramework.TSVerifyPages9"/>
  <testcase name="checkDonorPages" time="8.620" classname="automationFramework.TSVerifyPages9"/>
  <testcase name="checkDonorPages" time="19.638" classname="automationFramework.TSVerifyPages9"/>
  <testcase name="checkDonorPages" time="6.229" classname="automationFramework.TSVerifyPages9"/>
</testsuite> <!-- automationFramework.TSVerifyPages9 -->
