<?xml version="1.0" encoding="UTF-8"?>
<!-- Generated by org.testng.reporters.JUnitReportReporter -->
<testsuite skipped="0" hostname="LT-MRADFORD2" name="automationFramework.TSVerifyPages7" tests="114" failures="0" timestamp="20 Sep 2019 22:56:19 GMT" time="926.660" errors="6">
  <testcase name="checkDonorPages" time="6.474" classname="automationFramework.TSVerifyPages7"/>
  <testcase name="checkDonorPages" time="7.682" classname="automationFramework.TSVerifyPages7"/>
  <testcase name="checkCategoryPages" time="9.582" classname="automationFramework.TSVerifyPages7"/>
  <testcase name="checkDonorPages" time="5.019" classname="automationFramework.TSVerifyPages7"/>
  <testcase name="checkCategoryPages" time="7.688" classname="automationFramework.TSVerifyPages7"/>
  <testcase name="checkDonorPages" time="7.179" classname="automationFramework.TSVerifyPages7"/>
  <testcase name="checkDonorPages" time="8.430" classname="automationFramework.TSVerifyPages7"/>
  <testcase name="checkCategoryPages" time="8.921" classname="automationFramework.TSVerifyPages7"/>
  <testcase name="checkDonorPages" time="9.129" classname="automationFramework.TSVerifyPages7"/>
  <testcase name="checkDonorPages" time="8.224" classname="automationFramework.TSVerifyPages7"/>
  <testcase name="checkDonorPages" time="4.042" classname="automationFramework.TSVerifyPages7"/>
  <testcase name="checkDonorPages" time="12.561" classname="automationFramework.TSVerifyPages7"/>
  <testcase name="checkDonorPages" time="7.678" classname="automationFramework.TSVerifyPages7"/>
  <testcase name="checkDonorPages" time="8.638" classname="automationFramework.TSVerifyPages7"/>
  <testcase name="checkCategoryPages" time="8.646" classname="automationFramework.TSVerifyPages7"/>
  <testcase name="checkDonorPages" time="8.348" classname="automationFramework.TSVerifyPages7"/>
  <testcase name="checkCategoryPages" time="7.546" classname="automationFramework.TSVerifyPages7"/>
  <testcase name="checkDonorPages" time="7.495" classname="automationFramework.TSVerifyPages7"/>
  <testcase name="checkDonorPages" time="5.918" classname="automationFramework.TSVerifyPages7"/>
  <testcase name="checkDonorPages" time="8.666" classname="automationFramework.TSVerifyPages7"/>
  <testcase name="checkDonorPages" time="4.583" classname="automationFramework.TSVerifyPages7"/>
  <testcase name="checkDonorPages" time="8.790" classname="automationFramework.TSVerifyPages7"/>
  <testcase name="checkCategoryPages" time="10.402" classname="automationFramework.TSVerifyPages7"/>
  <testcase name="checkDonorPages" time="6.931" classname="automationFramework.TSVerifyPages7"/>
  <testcase name="checkDonorPages" time="4.407" classname="automationFramework.TSVerifyPages7"/>
  <testcase name="checkDonorPages" time="8.069" classname="automationFramework.TSVerifyPages7"/>
  <testcase name="checkBoostPages" time="12.057" classname="automationFramework.TSVerifyPages7">
    <error type="org.openqa.selenium.NoSuchElementException" message="no such element: Unable to locate element: {&quot;method&quot;:&quot;css selector&quot;,&quot;selector&quot;:&quot;#productSummary &gt; div &gt; div.row.imagecontainer &gt; div &gt; span &gt; dl &gt; ul &gt; li:nth-child(3) &gt; span.prod-value &gt; div&quot;}
  (Session info: chrome=77.0.3865.90)
  (Driver info: chromedriver=2.43.600210 (68dcf5eebde37173d4027fa8635e332711d2874a),platform=Windows NT 6.1.7601 SP1 x86_64) (WARNING: The server did not provide any stacktrace information)
Command duration or timeout: 0 milliseconds
For documentation on this error, please visit: https://www.seleniumhq.org/exceptions/no_such_element.html
Build info: version: &#039;3.141.59&#039;, revision: &#039;e82be7d358&#039;, time: &#039;2018-11-14T08:25:48&#039;
System info: host: &#039;LT-MRADFORD2&#039;, ip: &#039;10.200.25.242&#039;, os.name: &#039;Windows 7&#039;, os.arch: &#039;amd64&#039;, os.version: &#039;6.1&#039;, java.version: &#039;1.8.0_211&#039;
Driver info: org.openqa.selenium.chrome.ChromeDriver
Capabilities {acceptInsecureCerts: false, acceptSslCerts: false, applicationCacheEnabled: false, browserConnectionEnabled: false, browserName: chrome, chrome: {chromedriverVersion: 2.43.600210 (68dcf5eebde371..., userDataDir: C:\Users\mradford\AppData\L...}, cssSelectorsEnabled: true, databaseEnabled: false, goog:chromeOptions: {debuggerAddress: localhost:57273}, handlesAlerts: true, hasTouchScreen: false, javascriptEnabled: true, locationContextEnabled: true, mobileEmulationEnabled: false, nativeEvents: true, networkConnectionEnabled: false, pageLoadStrategy: normal, platform: XP, platformName: XP, rotatable: false, setWindowRect: true, takesHeapSnapshot: true, takesScreenshot: true, unexpectedAlertBehaviour: , unhandledPromptBehavior: , version: 77.0.3865.90, webStorageEnabled: true}
Session ID: d6c2e39f44da9260a8542ba8d00017e1
*** Element info: {Using=css selector, value=#productSummary &gt; div &gt; div.row.imagecontainer &gt; div &gt; span &gt; dl &gt; ul &gt; li:nth-child(3) &gt; span.prod-value &gt; div}">
      <![CDATA[org.openqa.selenium.NoSuchElementException: no such element: Unable to locate element: {"method":"css selector","selector":"#productSummary > div > div.row.imagecontainer > div > span > dl > ul > li:nth-child(3) > span.prod-value > div"}
  (Session info: chrome=77.0.3865.90)
  (Driver info: chromedriver=2.43.600210 (68dcf5eebde37173d4027fa8635e332711d2874a),platform=Windows NT 6.1.7601 SP1 x86_64) (WARNING: The server did not provide any stacktrace information)
Command duration or timeout: 0 milliseconds
For documentation on this error, please visit: https://www.seleniumhq.org/exceptions/no_such_element.html
Build info: version: '3.141.59', revision: 'e82be7d358', time: '2018-11-14T08:25:48'
System info: host: 'LT-MRADFORD2', ip: '10.200.25.242', os.name: 'Windows 7', os.arch: 'amd64', os.version: '6.1', java.version: '1.8.0_211'
Driver info: org.openqa.selenium.chrome.ChromeDriver
Capabilities {acceptInsecureCerts: false, acceptSslCerts: false, applicationCacheEnabled: false, browserConnectionEnabled: false, browserName: chrome, chrome: {chromedriverVersion: 2.43.600210 (68dcf5eebde371..., userDataDir: C:\Users\mradford\AppData\L...}, cssSelectorsEnabled: true, databaseEnabled: false, goog:chromeOptions: {debuggerAddress: localhost:57273}, handlesAlerts: true, hasTouchScreen: false, javascriptEnabled: true, locationContextEnabled: true, mobileEmulationEnabled: false, nativeEvents: true, networkConnectionEnabled: false, pageLoadStrategy: normal, platform: XP, platformName: XP, rotatable: false, setWindowRect: true, takesHeapSnapshot: true, takesScreenshot: true, unexpectedAlertBehaviour: , unhandledPromptBehavior: , version: 77.0.3865.90, webStorageEnabled: true}
Session ID: d6c2e39f44da9260a8542ba8d00017e1
*** Element info: {Using=css selector, value=#productSummary > div > div.row.imagecontainer > div > span > dl > ul > li:nth-child(3) > span.prod-value > div}
at sun.reflect.GeneratedConstructorAccessor20.newInstance(Unknown Source)
at sun.reflect.DelegatingConstructorAccessorImpl.newInstance(Unknown Source)
at java.lang.reflect.Constructor.newInstance(Unknown Source)
at org.openqa.selenium.remote.ErrorHandler.createThrowable(ErrorHandler.java:214)
at org.openqa.selenium.remote.ErrorHandler.throwIfResponseFailed(ErrorHandler.java:166)
at org.openqa.selenium.remote.http.JsonHttpResponseCodec.reconstructValue(JsonHttpResponseCodec.java:40)
at org.openqa.selenium.remote.http.AbstractHttpResponseCodec.decode(AbstractHttpResponseCodec.java:80)
at org.openqa.selenium.remote.http.AbstractHttpResponseCodec.decode(AbstractHttpResponseCodec.java:44)
at org.openqa.selenium.remote.HttpCommandExecutor.execute(HttpCommandExecutor.java:158)
at org.openqa.selenium.remote.service.DriverCommandExecutor.execute(DriverCommandExecutor.java:83)
at org.openqa.selenium.remote.RemoteWebDriver.execute(RemoteWebDriver.java:552)
at org.openqa.selenium.remote.RemoteWebDriver.findElement(RemoteWebDriver.java:323)
at org.openqa.selenium.remote.RemoteWebDriver.findElementByCssSelector(RemoteWebDriver.java:420)
at org.openqa.selenium.By$ByCssSelector.findElement(By.java:431)
at org.openqa.selenium.remote.RemoteWebDriver.findElement(RemoteWebDriver.java:315)
at pageObjects.ProductPage.lblBoostTxt(ProductPage.java:54)
at automationFramework.TSVerifyPages7.checkBoostPages(TSVerifyPages7.java:74)
at sun.reflect.NativeMethodAccessorImpl.invoke0(Native Method)
at sun.reflect.NativeMethodAccessorImpl.invoke(Unknown Source)
at sun.reflect.DelegatingMethodAccessorImpl.invoke(Unknown Source)
at java.lang.reflect.Method.invoke(Unknown Source)
at org.testng.internal.MethodInvocationHelper.invokeMethod(MethodInvocationHelper.java:124)
at org.testng.internal.Invoker.invokeMethod(Invoker.java:583)
at org.testng.internal.Invoker.invokeTestMethod(Invoker.java:719)
at org.testng.internal.Invoker.invokeTestMethods(Invoker.java:989)
at org.testng.internal.TestMethodWorker.invokeTestMethods(TestMethodWorker.java:125)
at org.testng.internal.TestMethodWorker.run(TestMethodWorker.java:109)
at java.util.concurrent.ThreadPoolExecutor.runWorker(Unknown Source)
at java.util.concurrent.ThreadPoolExecutor$Worker.run(Unknown Source)
at java.lang.Thread.run(Unknown Source)
]]>
    </error>
  </testcase> <!-- checkBoostPages -->
  <testcase name="checkDonorPages" time="7.294" classname="automationFramework.TSVerifyPages7"/>
  <testcase name="checkCategoryPages" time="9.280" classname="automationFramework.TSVerifyPages7"/>
  <testcase name="checkDonorPages" time="7.323" classname="automationFramework.TSVerifyPages7"/>
  <testcase name="checkDonorPages" time="8.858" classname="automationFramework.TSVerifyPages7"/>
  <testcase name="checkDonorPages" time="7.363" classname="automationFramework.TSVerifyPages7"/>
  <testcase name="checkCategoryPages" time="7.620" classname="automationFramework.TSVerifyPages7"/>
  <testcase name="checkDonorPages" time="9.320" classname="automationFramework.TSVerifyPages7"/>
  <testcase name="checkDonorPages" time="7.396" classname="automationFramework.TSVerifyPages7"/>
  <testcase name="checkDonorPages" time="19.685" classname="automationFramework.TSVerifyPages7"/>
  <testcase name="checkDonorPages" time="6.213" classname="automationFramework.TSVerifyPages7"/>
  <testcase name="checkDonorPages" time="4.963" classname="automationFramework.TSVerifyPages7"/>
  <testcase name="checkDonorPages" time="7.962" classname="automationFramework.TSVerifyPages7"/>
  <testcase name="checkDonorPages" time="7.922" classname="automationFramework.TSVerifyPages7"/>
  <testcase name="checkDonorPages" time="6.903" classname="automationFramework.TSVerifyPages7"/>
  <testcase name="checkDonorPages" time="2.656" classname="automationFramework.TSVerifyPages7"/>
  <testcase name="checkDonorPages" time="7.679" classname="automationFramework.TSVerifyPages7"/>
  <testcase name="checkDonorPages" time="6.806" classname="automationFramework.TSVerifyPages7"/>
  <testcase name="checkDonorPages" time="7.050" classname="automationFramework.TSVerifyPages7"/>
  <testcase name="checkDonorPages" time="7.433" classname="automationFramework.TSVerifyPages7"/>
  <testcase name="checkDonorPages" time="8.146" classname="automationFramework.TSVerifyPages7"/>
  <testcase name="checkDonorPages" time="8.836" classname="automationFramework.TSVerifyPages7"/>
  <testcase name="checkDonorPages" time="6.865" classname="automationFramework.TSVerifyPages7"/>
  <testcase name="checkDonorPages" time="3.486" classname="automationFramework.TSVerifyPages7"/>
  <testcase name="checkDonorPages" time="7.407" classname="automationFramework.TSVerifyPages7"/>
  <testcase name="checkCategoryPages" time="6.827" classname="automationFramework.TSVerifyPages7"/>
  <testcase name="checkDonorPages" time="12.563" classname="automationFramework.TSVerifyPages7"/>
  <testcase name="checkDonorPages" time="7.682" classname="automationFramework.TSVerifyPages7"/>
  <testcase name="checkDonorPages" time="2.923" classname="automationFramework.TSVerifyPages7"/>
  <testcase name="checkDonorPages" time="8.174" classname="automationFramework.TSVerifyPages7"/>
  <testcase name="checkDonorPages" time="7.566" classname="automationFramework.TSVerifyPages7"/>
  <testcase name="checkDonorPages" time="7.892" classname="automationFramework.TSVerifyPages7"/>
  <testcase name="checkBoostPages" time="19.047" classname="automationFramework.TSVerifyPages7">
    <error type="org.openqa.selenium.NoSuchElementException" message="no such element: Unable to locate element: {&quot;method&quot;:&quot;css selector&quot;,&quot;selector&quot;:&quot;#productSummary &gt; div &gt; div.row.imagecontainer &gt; div &gt; span &gt; dl &gt; ul &gt; li:nth-child(3) &gt; span.prod-value &gt; div&quot;}
  (Session info: chrome=77.0.3865.90)
  (Driver info: chromedriver=2.43.600210 (68dcf5eebde37173d4027fa8635e332711d2874a),platform=Windows NT 6.1.7601 SP1 x86_64) (WARNING: The server did not provide any stacktrace information)
Command duration or timeout: 0 milliseconds
For documentation on this error, please visit: https://www.seleniumhq.org/exceptions/no_such_element.html
Build info: version: &#039;3.141.59&#039;, revision: &#039;e82be7d358&#039;, time: &#039;2018-11-14T08:25:48&#039;
System info: host: &#039;LT-MRADFORD2&#039;, ip: &#039;10.200.25.242&#039;, os.name: &#039;Windows 7&#039;, os.arch: &#039;amd64&#039;, os.version: &#039;6.1&#039;, java.version: &#039;1.8.0_211&#039;
Driver info: org.openqa.selenium.chrome.ChromeDriver
Capabilities {acceptInsecureCerts: false, acceptSslCerts: false, applicationCacheEnabled: false, browserConnectionEnabled: false, browserName: chrome, chrome: {chromedriverVersion: 2.43.600210 (68dcf5eebde371..., userDataDir: C:\Users\mradford\AppData\L...}, cssSelectorsEnabled: true, databaseEnabled: false, goog:chromeOptions: {debuggerAddress: localhost:57273}, handlesAlerts: true, hasTouchScreen: false, javascriptEnabled: true, locationContextEnabled: true, mobileEmulationEnabled: false, nativeEvents: true, networkConnectionEnabled: false, pageLoadStrategy: normal, platform: XP, platformName: XP, rotatable: false, setWindowRect: true, takesHeapSnapshot: true, takesScreenshot: true, unexpectedAlertBehaviour: , unhandledPromptBehavior: , version: 77.0.3865.90, webStorageEnabled: true}
Session ID: d6c2e39f44da9260a8542ba8d00017e1
*** Element info: {Using=css selector, value=#productSummary &gt; div &gt; div.row.imagecontainer &gt; div &gt; span &gt; dl &gt; ul &gt; li:nth-child(3) &gt; span.prod-value &gt; div}">
      <![CDATA[org.openqa.selenium.NoSuchElementException: no such element: Unable to locate element: {"method":"css selector","selector":"#productSummary > div > div.row.imagecontainer > div > span > dl > ul > li:nth-child(3) > span.prod-value > div"}
  (Session info: chrome=77.0.3865.90)
  (Driver info: chromedriver=2.43.600210 (68dcf5eebde37173d4027fa8635e332711d2874a),platform=Windows NT 6.1.7601 SP1 x86_64) (WARNING: The server did not provide any stacktrace information)
Command duration or timeout: 0 milliseconds
For documentation on this error, please visit: https://www.seleniumhq.org/exceptions/no_such_element.html
Build info: version: '3.141.59', revision: 'e82be7d358', time: '2018-11-14T08:25:48'
System info: host: 'LT-MRADFORD2', ip: '10.200.25.242', os.name: 'Windows 7', os.arch: 'amd64', os.version: '6.1', java.version: '1.8.0_211'
Driver info: org.openqa.selenium.chrome.ChromeDriver
Capabilities {acceptInsecureCerts: false, acceptSslCerts: false, applicationCacheEnabled: false, browserConnectionEnabled: false, browserName: chrome, chrome: {chromedriverVersion: 2.43.600210 (68dcf5eebde371..., userDataDir: C:\Users\mradford\AppData\L...}, cssSelectorsEnabled: true, databaseEnabled: false, goog:chromeOptions: {debuggerAddress: localhost:57273}, handlesAlerts: true, hasTouchScreen: false, javascriptEnabled: true, locationContextEnabled: true, mobileEmulationEnabled: false, nativeEvents: true, networkConnectionEnabled: false, pageLoadStrategy: normal, platform: XP, platformName: XP, rotatable: false, setWindowRect: true, takesHeapSnapshot: true, takesScreenshot: true, unexpectedAlertBehaviour: , unhandledPromptBehavior: , version: 77.0.3865.90, webStorageEnabled: true}
Session ID: d6c2e39f44da9260a8542ba8d00017e1
*** Element info: {Using=css selector, value=#productSummary > div > div.row.imagecontainer > div > span > dl > ul > li:nth-child(3) > span.prod-value > div}
at sun.reflect.GeneratedConstructorAccessor20.newInstance(Unknown Source)
at sun.reflect.DelegatingConstructorAccessorImpl.newInstance(Unknown Source)
at java.lang.reflect.Constructor.newInstance(Unknown Source)
at org.openqa.selenium.remote.ErrorHandler.createThrowable(ErrorHandler.java:214)
at org.openqa.selenium.remote.ErrorHandler.throwIfResponseFailed(ErrorHandler.java:166)
at org.openqa.selenium.remote.http.JsonHttpResponseCodec.reconstructValue(JsonHttpResponseCodec.java:40)
at org.openqa.selenium.remote.http.AbstractHttpResponseCodec.decode(AbstractHttpResponseCodec.java:80)
at org.openqa.selenium.remote.http.AbstractHttpResponseCodec.decode(AbstractHttpResponseCodec.java:44)
at org.openqa.selenium.remote.HttpCommandExecutor.execute(HttpCommandExecutor.java:158)
at org.openqa.selenium.remote.service.DriverCommandExecutor.execute(DriverCommandExecutor.java:83)
at org.openqa.selenium.remote.RemoteWebDriver.execute(RemoteWebDriver.java:552)
at org.openqa.selenium.remote.RemoteWebDriver.findElement(RemoteWebDriver.java:323)
at org.openqa.selenium.remote.RemoteWebDriver.findElementByCssSelector(RemoteWebDriver.java:420)
at org.openqa.selenium.By$ByCssSelector.findElement(By.java:431)
at org.openqa.selenium.remote.RemoteWebDriver.findElement(RemoteWebDriver.java:315)
at pageObjects.ProductPage.lblBoostTxt(ProductPage.java:54)
at automationFramework.TSVerifyPages7.checkBoostPages(TSVerifyPages7.java:74)
at sun.reflect.NativeMethodAccessorImpl.invoke0(Native Method)
at sun.reflect.NativeMethodAccessorImpl.invoke(Unknown Source)
at sun.reflect.DelegatingMethodAccessorImpl.invoke(Unknown Source)
at java.lang.reflect.Method.invoke(Unknown Source)
at org.testng.internal.MethodInvocationHelper.invokeMethod(MethodInvocationHelper.java:124)
at org.testng.internal.Invoker.invokeMethod(Invoker.java:583)
at org.testng.internal.Invoker.invokeTestMethod(Invoker.java:719)
at org.testng.internal.Invoker.invokeTestMethods(Invoker.java:989)
at org.testng.internal.TestMethodWorker.invokeTestMethods(TestMethodWorker.java:125)
at org.testng.internal.TestMethodWorker.run(TestMethodWorker.java:109)
at java.util.concurrent.ThreadPoolExecutor.runWorker(Unknown Source)
at java.util.concurrent.ThreadPoolExecutor$Worker.run(Unknown Source)
at java.lang.Thread.run(Unknown Source)
]]>
    </error>
  </testcase> <!-- checkBoostPages -->
  <testcase name="checkDonorPages" time="15.399" classname="automationFramework.TSVerifyPages7"/>
  <testcase name="checkDonorPages" time="2.532" classname="automationFramework.TSVerifyPages7"/>
  <testcase name="checkDonorPages" time="7.833" classname="automationFramework.TSVerifyPages7"/>
  <testcase name="checkCategoryPages" time="7.756" classname="automationFramework.TSVerifyPages7"/>
  <testcase name="checkDonorPages" time="8.104" classname="automationFramework.TSVerifyPages7"/>
  <testcase name="checkDonorPages" time="7.340" classname="automationFramework.TSVerifyPages7"/>
  <testcase name="checkBoostPages" time="12.650" classname="automationFramework.TSVerifyPages7">
    <error type="org.openqa.selenium.NoSuchElementException" message="no such element: Unable to locate element: {&quot;method&quot;:&quot;css selector&quot;,&quot;selector&quot;:&quot;#productSummary &gt; div &gt; div.row.imagecontainer &gt; div &gt; span &gt; dl &gt; ul &gt; li:nth-child(3) &gt; span.prod-value &gt; div&quot;}
  (Session info: chrome=77.0.3865.90)
  (Driver info: chromedriver=2.43.600210 (68dcf5eebde37173d4027fa8635e332711d2874a),platform=Windows NT 6.1.7601 SP1 x86_64) (WARNING: The server did not provide any stacktrace information)
Command duration or timeout: 0 milliseconds
For documentation on this error, please visit: https://www.seleniumhq.org/exceptions/no_such_element.html
Build info: version: &#039;3.141.59&#039;, revision: &#039;e82be7d358&#039;, time: &#039;2018-11-14T08:25:48&#039;
System info: host: &#039;LT-MRADFORD2&#039;, ip: &#039;10.200.25.242&#039;, os.name: &#039;Windows 7&#039;, os.arch: &#039;amd64&#039;, os.version: &#039;6.1&#039;, java.version: &#039;1.8.0_211&#039;
Driver info: org.openqa.selenium.chrome.ChromeDriver
Capabilities {acceptInsecureCerts: false, acceptSslCerts: false, applicationCacheEnabled: false, browserConnectionEnabled: false, browserName: chrome, chrome: {chromedriverVersion: 2.43.600210 (68dcf5eebde371..., userDataDir: C:\Users\mradford\AppData\L...}, cssSelectorsEnabled: true, databaseEnabled: false, goog:chromeOptions: {debuggerAddress: localhost:57273}, handlesAlerts: true, hasTouchScreen: false, javascriptEnabled: true, locationContextEnabled: true, mobileEmulationEnabled: false, nativeEvents: true, networkConnectionEnabled: false, pageLoadStrategy: normal, platform: XP, platformName: XP, rotatable: false, setWindowRect: true, takesHeapSnapshot: true, takesScreenshot: true, unexpectedAlertBehaviour: , unhandledPromptBehavior: , version: 77.0.3865.90, webStorageEnabled: true}
Session ID: d6c2e39f44da9260a8542ba8d00017e1
*** Element info: {Using=css selector, value=#productSummary &gt; div &gt; div.row.imagecontainer &gt; div &gt; span &gt; dl &gt; ul &gt; li:nth-child(3) &gt; span.prod-value &gt; div}">
      <![CDATA[org.openqa.selenium.NoSuchElementException: no such element: Unable to locate element: {"method":"css selector","selector":"#productSummary > div > div.row.imagecontainer > div > span > dl > ul > li:nth-child(3) > span.prod-value > div"}
  (Session info: chrome=77.0.3865.90)
  (Driver info: chromedriver=2.43.600210 (68dcf5eebde37173d4027fa8635e332711d2874a),platform=Windows NT 6.1.7601 SP1 x86_64) (WARNING: The server did not provide any stacktrace information)
Command duration or timeout: 0 milliseconds
For documentation on this error, please visit: https://www.seleniumhq.org/exceptions/no_such_element.html
Build info: version: '3.141.59', revision: 'e82be7d358', time: '2018-11-14T08:25:48'
System info: host: 'LT-MRADFORD2', ip: '10.200.25.242', os.name: 'Windows 7', os.arch: 'amd64', os.version: '6.1', java.version: '1.8.0_211'
Driver info: org.openqa.selenium.chrome.ChromeDriver
Capabilities {acceptInsecureCerts: false, acceptSslCerts: false, applicationCacheEnabled: false, browserConnectionEnabled: false, browserName: chrome, chrome: {chromedriverVersion: 2.43.600210 (68dcf5eebde371..., userDataDir: C:\Users\mradford\AppData\L...}, cssSelectorsEnabled: true, databaseEnabled: false, goog:chromeOptions: {debuggerAddress: localhost:57273}, handlesAlerts: true, hasTouchScreen: false, javascriptEnabled: true, locationContextEnabled: true, mobileEmulationEnabled: false, nativeEvents: true, networkConnectionEnabled: false, pageLoadStrategy: normal, platform: XP, platformName: XP, rotatable: false, setWindowRect: true, takesHeapSnapshot: true, takesScreenshot: true, unexpectedAlertBehaviour: , unhandledPromptBehavior: , version: 77.0.3865.90, webStorageEnabled: true}
Session ID: d6c2e39f44da9260a8542ba8d00017e1
*** Element info: {Using=css selector, value=#productSummary > div > div.row.imagecontainer > div > span > dl > ul > li:nth-child(3) > span.prod-value > div}
at sun.reflect.NativeConstructorAccessorImpl.newInstance0(Native Method)
at sun.reflect.NativeConstructorAccessorImpl.newInstance(Unknown Source)
at sun.reflect.DelegatingConstructorAccessorImpl.newInstance(Unknown Source)
at java.lang.reflect.Constructor.newInstance(Unknown Source)
at org.openqa.selenium.remote.ErrorHandler.createThrowable(ErrorHandler.java:214)
at org.openqa.selenium.remote.ErrorHandler.throwIfResponseFailed(ErrorHandler.java:166)
at org.openqa.selenium.remote.http.JsonHttpResponseCodec.reconstructValue(JsonHttpResponseCodec.java:40)
at org.openqa.selenium.remote.http.AbstractHttpResponseCodec.decode(AbstractHttpResponseCodec.java:80)
at org.openqa.selenium.remote.http.AbstractHttpResponseCodec.decode(AbstractHttpResponseCodec.java:44)
at org.openqa.selenium.remote.HttpCommandExecutor.execute(HttpCommandExecutor.java:158)
at org.openqa.selenium.remote.service.DriverCommandExecutor.execute(DriverCommandExecutor.java:83)
at org.openqa.selenium.remote.RemoteWebDriver.execute(RemoteWebDriver.java:552)
at org.openqa.selenium.remote.RemoteWebDriver.findElement(RemoteWebDriver.java:323)
at org.openqa.selenium.remote.RemoteWebDriver.findElementByCssSelector(RemoteWebDriver.java:420)
at org.openqa.selenium.By$ByCssSelector.findElement(By.java:431)
at org.openqa.selenium.remote.RemoteWebDriver.findElement(RemoteWebDriver.java:315)
at pageObjects.ProductPage.lblBoostTxt(ProductPage.java:54)
at automationFramework.TSVerifyPages7.checkBoostPages(TSVerifyPages7.java:74)
at sun.reflect.NativeMethodAccessorImpl.invoke0(Native Method)
at sun.reflect.NativeMethodAccessorImpl.invoke(Unknown Source)
at sun.reflect.DelegatingMethodAccessorImpl.invoke(Unknown Source)
at java.lang.reflect.Method.invoke(Unknown Source)
at org.testng.internal.MethodInvocationHelper.invokeMethod(MethodInvocationHelper.java:124)
at org.testng.internal.Invoker.invokeMethod(Invoker.java:583)
at org.testng.internal.Invoker.invokeTestMethod(Invoker.java:719)
at org.testng.internal.Invoker.invokeTestMethods(Invoker.java:989)
at org.testng.internal.TestMethodWorker.invokeTestMethods(TestMethodWorker.java:125)
at org.testng.internal.TestMethodWorker.run(TestMethodWorker.java:109)
at java.util.concurrent.ThreadPoolExecutor.runWorker(Unknown Source)
at java.util.concurrent.ThreadPoolExecutor$Worker.run(Unknown Source)
at java.lang.Thread.run(Unknown Source)
]]>
    </error>
  </testcase> <!-- checkBoostPages -->
  <testcase name="checkDonorPages" time="4.588" classname="automationFramework.TSVerifyPages7"/>
  <testcase name="checkDonorPages" time="7.838" classname="automationFramework.TSVerifyPages7"/>
  <testcase name="checkDonorPages" time="8.787" classname="automationFramework.TSVerifyPages7"/>
  <testcase name="checkDonorPages" time="9.242" classname="automationFramework.TSVerifyPages7"/>
  <testcase name="checkDonorPages" time="7.729" classname="automationFramework.TSVerifyPages7"/>
  <testcase name="checkCategoryPages" time="7.330" classname="automationFramework.TSVerifyPages7"/>
  <testcase name="checkDonorPages" time="5.836" classname="automationFramework.TSVerifyPages7"/>
  <testcase name="checkDonorPages" time="5.630" classname="automationFramework.TSVerifyPages7"/>
  <testcase name="checkBoostPages" time="12.303" classname="automationFramework.TSVerifyPages7">
    <error type="org.openqa.selenium.NoSuchElementException" message="no such element: Unable to locate element: {&quot;method&quot;:&quot;css selector&quot;,&quot;selector&quot;:&quot;#productSummary &gt; div &gt; div.row.imagecontainer &gt; div &gt; span &gt; dl &gt; ul &gt; li:nth-child(3) &gt; span.prod-value &gt; div&quot;}
  (Session info: chrome=77.0.3865.90)
  (Driver info: chromedriver=2.43.600210 (68dcf5eebde37173d4027fa8635e332711d2874a),platform=Windows NT 6.1.7601 SP1 x86_64) (WARNING: The server did not provide any stacktrace information)
Command duration or timeout: 0 milliseconds
For documentation on this error, please visit: https://www.seleniumhq.org/exceptions/no_such_element.html
Build info: version: &#039;3.141.59&#039;, revision: &#039;e82be7d358&#039;, time: &#039;2018-11-14T08:25:48&#039;
System info: host: &#039;LT-MRADFORD2&#039;, ip: &#039;10.200.25.242&#039;, os.name: &#039;Windows 7&#039;, os.arch: &#039;amd64&#039;, os.version: &#039;6.1&#039;, java.version: &#039;1.8.0_211&#039;
Driver info: org.openqa.selenium.chrome.ChromeDriver
Capabilities {acceptInsecureCerts: false, acceptSslCerts: false, applicationCacheEnabled: false, browserConnectionEnabled: false, browserName: chrome, chrome: {chromedriverVersion: 2.43.600210 (68dcf5eebde371..., userDataDir: C:\Users\mradford\AppData\L...}, cssSelectorsEnabled: true, databaseEnabled: false, goog:chromeOptions: {debuggerAddress: localhost:57273}, handlesAlerts: true, hasTouchScreen: false, javascriptEnabled: true, locationContextEnabled: true, mobileEmulationEnabled: false, nativeEvents: true, networkConnectionEnabled: false, pageLoadStrategy: normal, platform: XP, platformName: XP, rotatable: false, setWindowRect: true, takesHeapSnapshot: true, takesScreenshot: true, unexpectedAlertBehaviour: , unhandledPromptBehavior: , version: 77.0.3865.90, webStorageEnabled: true}
Session ID: d6c2e39f44da9260a8542ba8d00017e1
*** Element info: {Using=css selector, value=#productSummary &gt; div &gt; div.row.imagecontainer &gt; div &gt; span &gt; dl &gt; ul &gt; li:nth-child(3) &gt; span.prod-value &gt; div}">
      <![CDATA[org.openqa.selenium.NoSuchElementException: no such element: Unable to locate element: {"method":"css selector","selector":"#productSummary > div > div.row.imagecontainer > div > span > dl > ul > li:nth-child(3) > span.prod-value > div"}
  (Session info: chrome=77.0.3865.90)
  (Driver info: chromedriver=2.43.600210 (68dcf5eebde37173d4027fa8635e332711d2874a),platform=Windows NT 6.1.7601 SP1 x86_64) (WARNING: The server did not provide any stacktrace information)
Command duration or timeout: 0 milliseconds
For documentation on this error, please visit: https://www.seleniumhq.org/exceptions/no_such_element.html
Build info: version: '3.141.59', revision: 'e82be7d358', time: '2018-11-14T08:25:48'
System info: host: 'LT-MRADFORD2', ip: '10.200.25.242', os.name: 'Windows 7', os.arch: 'amd64', os.version: '6.1', java.version: '1.8.0_211'
Driver info: org.openqa.selenium.chrome.ChromeDriver
Capabilities {acceptInsecureCerts: false, acceptSslCerts: false, applicationCacheEnabled: false, browserConnectionEnabled: false, browserName: chrome, chrome: {chromedriverVersion: 2.43.600210 (68dcf5eebde371..., userDataDir: C:\Users\mradford\AppData\L...}, cssSelectorsEnabled: true, databaseEnabled: false, goog:chromeOptions: {debuggerAddress: localhost:57273}, handlesAlerts: true, hasTouchScreen: false, javascriptEnabled: true, locationContextEnabled: true, mobileEmulationEnabled: false, nativeEvents: true, networkConnectionEnabled: false, pageLoadStrategy: normal, platform: XP, platformName: XP, rotatable: false, setWindowRect: true, takesHeapSnapshot: true, takesScreenshot: true, unexpectedAlertBehaviour: , unhandledPromptBehavior: , version: 77.0.3865.90, webStorageEnabled: true}
Session ID: d6c2e39f44da9260a8542ba8d00017e1
*** Element info: {Using=css selector, value=#productSummary > div > div.row.imagecontainer > div > span > dl > ul > li:nth-child(3) > span.prod-value > div}
at sun.reflect.NativeConstructorAccessorImpl.newInstance0(Native Method)
at sun.reflect.NativeConstructorAccessorImpl.newInstance(Unknown Source)
at sun.reflect.DelegatingConstructorAccessorImpl.newInstance(Unknown Source)
at java.lang.reflect.Constructor.newInstance(Unknown Source)
at org.openqa.selenium.remote.ErrorHandler.createThrowable(ErrorHandler.java:214)
at org.openqa.selenium.remote.ErrorHandler.throwIfResponseFailed(ErrorHandler.java:166)
at org.openqa.selenium.remote.http.JsonHttpResponseCodec.reconstructValue(JsonHttpResponseCodec.java:40)
at org.openqa.selenium.remote.http.AbstractHttpResponseCodec.decode(AbstractHttpResponseCodec.java:80)
at org.openqa.selenium.remote.http.AbstractHttpResponseCodec.decode(AbstractHttpResponseCodec.java:44)
at org.openqa.selenium.remote.HttpCommandExecutor.execute(HttpCommandExecutor.java:158)
at org.openqa.selenium.remote.service.DriverCommandExecutor.execute(DriverCommandExecutor.java:83)
at org.openqa.selenium.remote.RemoteWebDriver.execute(RemoteWebDriver.java:552)
at org.openqa.selenium.remote.RemoteWebDriver.findElement(RemoteWebDriver.java:323)
at org.openqa.selenium.remote.RemoteWebDriver.findElementByCssSelector(RemoteWebDriver.java:420)
at org.openqa.selenium.By$ByCssSelector.findElement(By.java:431)
at org.openqa.selenium.remote.RemoteWebDriver.findElement(RemoteWebDriver.java:315)
at pageObjects.ProductPage.lblBoostTxt(ProductPage.java:54)
at automationFramework.TSVerifyPages7.checkBoostPages(TSVerifyPages7.java:74)
at sun.reflect.NativeMethodAccessorImpl.invoke0(Native Method)
at sun.reflect.NativeMethodAccessorImpl.invoke(Unknown Source)
at sun.reflect.DelegatingMethodAccessorImpl.invoke(Unknown Source)
at java.lang.reflect.Method.invoke(Unknown Source)
at org.testng.internal.MethodInvocationHelper.invokeMethod(MethodInvocationHelper.java:124)
at org.testng.internal.Invoker.invokeMethod(Invoker.java:583)
at org.testng.internal.Invoker.invokeTestMethod(Invoker.java:719)
at org.testng.internal.Invoker.invokeTestMethods(Invoker.java:989)
at org.testng.internal.TestMethodWorker.invokeTestMethods(TestMethodWorker.java:125)
at org.testng.internal.TestMethodWorker.run(TestMethodWorker.java:109)
at java.util.concurrent.ThreadPoolExecutor.runWorker(Unknown Source)
at java.util.concurrent.ThreadPoolExecutor$Worker.run(Unknown Source)
at java.lang.Thread.run(Unknown Source)
]]>
    </error>
  </testcase> <!-- checkBoostPages -->
  <testcase name="checkDonorPages" time="5.934" classname="automationFramework.TSVerifyPages7"/>
  <testcase name="checkDonorPages" time="7.953" classname="automationFramework.TSVerifyPages7"/>
  <testcase name="checkDonorPages" time="7.658" classname="automationFramework.TSVerifyPages7"/>
  <testcase name="checkDonorPages" time="14.676" classname="automationFramework.TSVerifyPages7"/>
  <testcase name="checkBoostPages" time="11.997" classname="automationFramework.TSVerifyPages7">
    <error type="org.openqa.selenium.NoSuchElementException" message="no such element: Unable to locate element: {&quot;method&quot;:&quot;css selector&quot;,&quot;selector&quot;:&quot;#productSummary &gt; div &gt; div.row.imagecontainer &gt; div &gt; span &gt; dl &gt; ul &gt; li:nth-child(3) &gt; span.prod-value &gt; div&quot;}
  (Session info: chrome=77.0.3865.90)
  (Driver info: chromedriver=2.43.600210 (68dcf5eebde37173d4027fa8635e332711d2874a),platform=Windows NT 6.1.7601 SP1 x86_64) (WARNING: The server did not provide any stacktrace information)
Command duration or timeout: 0 milliseconds
For documentation on this error, please visit: https://www.seleniumhq.org/exceptions/no_such_element.html
Build info: version: &#039;3.141.59&#039;, revision: &#039;e82be7d358&#039;, time: &#039;2018-11-14T08:25:48&#039;
System info: host: &#039;LT-MRADFORD2&#039;, ip: &#039;10.200.25.242&#039;, os.name: &#039;Windows 7&#039;, os.arch: &#039;amd64&#039;, os.version: &#039;6.1&#039;, java.version: &#039;1.8.0_211&#039;
Driver info: org.openqa.selenium.chrome.ChromeDriver
Capabilities {acceptInsecureCerts: false, acceptSslCerts: false, applicationCacheEnabled: false, browserConnectionEnabled: false, browserName: chrome, chrome: {chromedriverVersion: 2.43.600210 (68dcf5eebde371..., userDataDir: C:\Users\mradford\AppData\L...}, cssSelectorsEnabled: true, databaseEnabled: false, goog:chromeOptions: {debuggerAddress: localhost:57273}, handlesAlerts: true, hasTouchScreen: false, javascriptEnabled: true, locationContextEnabled: true, mobileEmulationEnabled: false, nativeEvents: true, networkConnectionEnabled: false, pageLoadStrategy: normal, platform: XP, platformName: XP, rotatable: false, setWindowRect: true, takesHeapSnapshot: true, takesScreenshot: true, unexpectedAlertBehaviour: , unhandledPromptBehavior: , version: 77.0.3865.90, webStorageEnabled: true}
Session ID: d6c2e39f44da9260a8542ba8d00017e1
*** Element info: {Using=css selector, value=#productSummary &gt; div &gt; div.row.imagecontainer &gt; div &gt; span &gt; dl &gt; ul &gt; li:nth-child(3) &gt; span.prod-value &gt; div}">
      <![CDATA[org.openqa.selenium.NoSuchElementException: no such element: Unable to locate element: {"method":"css selector","selector":"#productSummary > div > div.row.imagecontainer > div > span > dl > ul > li:nth-child(3) > span.prod-value > div"}
  (Session info: chrome=77.0.3865.90)
  (Driver info: chromedriver=2.43.600210 (68dcf5eebde37173d4027fa8635e332711d2874a),platform=Windows NT 6.1.7601 SP1 x86_64) (WARNING: The server did not provide any stacktrace information)
Command duration or timeout: 0 milliseconds
For documentation on this error, please visit: https://www.seleniumhq.org/exceptions/no_such_element.html
Build info: version: '3.141.59', revision: 'e82be7d358', time: '2018-11-14T08:25:48'
System info: host: 'LT-MRADFORD2', ip: '10.200.25.242', os.name: 'Windows 7', os.arch: 'amd64', os.version: '6.1', java.version: '1.8.0_211'
Driver info: org.openqa.selenium.chrome.ChromeDriver
Capabilities {acceptInsecureCerts: false, acceptSslCerts: false, applicationCacheEnabled: false, browserConnectionEnabled: false, browserName: chrome, chrome: {chromedriverVersion: 2.43.600210 (68dcf5eebde371..., userDataDir: C:\Users\mradford\AppData\L...}, cssSelectorsEnabled: true, databaseEnabled: false, goog:chromeOptions: {debuggerAddress: localhost:57273}, handlesAlerts: true, hasTouchScreen: false, javascriptEnabled: true, locationContextEnabled: true, mobileEmulationEnabled: false, nativeEvents: true, networkConnectionEnabled: false, pageLoadStrategy: normal, platform: XP, platformName: XP, rotatable: false, setWindowRect: true, takesHeapSnapshot: true, takesScreenshot: true, unexpectedAlertBehaviour: , unhandledPromptBehavior: , version: 77.0.3865.90, webStorageEnabled: true}
Session ID: d6c2e39f44da9260a8542ba8d00017e1
*** Element info: {Using=css selector, value=#productSummary > div > div.row.imagecontainer > div > span > dl > ul > li:nth-child(3) > span.prod-value > div}
at sun.reflect.GeneratedConstructorAccessor20.newInstance(Unknown Source)
at sun.reflect.DelegatingConstructorAccessorImpl.newInstance(Unknown Source)
at java.lang.reflect.Constructor.newInstance(Unknown Source)
at org.openqa.selenium.remote.ErrorHandler.createThrowable(ErrorHandler.java:214)
at org.openqa.selenium.remote.ErrorHandler.throwIfResponseFailed(ErrorHandler.java:166)
at org.openqa.selenium.remote.http.JsonHttpResponseCodec.reconstructValue(JsonHttpResponseCodec.java:40)
at org.openqa.selenium.remote.http.AbstractHttpResponseCodec.decode(AbstractHttpResponseCodec.java:80)
at org.openqa.selenium.remote.http.AbstractHttpResponseCodec.decode(AbstractHttpResponseCodec.java:44)
at org.openqa.selenium.remote.HttpCommandExecutor.execute(HttpCommandExecutor.java:158)
at org.openqa.selenium.remote.service.DriverCommandExecutor.execute(DriverCommandExecutor.java:83)
at org.openqa.selenium.remote.RemoteWebDriver.execute(RemoteWebDriver.java:552)
at org.openqa.selenium.remote.RemoteWebDriver.findElement(RemoteWebDriver.java:323)
at org.openqa.selenium.remote.RemoteWebDriver.findElementByCssSelector(RemoteWebDriver.java:420)
at org.openqa.selenium.By$ByCssSelector.findElement(By.java:431)
at org.openqa.selenium.remote.RemoteWebDriver.findElement(RemoteWebDriver.java:315)
at pageObjects.ProductPage.lblBoostTxt(ProductPage.java:54)
at automationFramework.TSVerifyPages7.checkBoostPages(TSVerifyPages7.java:74)
at sun.reflect.NativeMethodAccessorImpl.invoke0(Native Method)
at sun.reflect.NativeMethodAccessorImpl.invoke(Unknown Source)
at sun.reflect.DelegatingMethodAccessorImpl.invoke(Unknown Source)
at java.lang.reflect.Method.invoke(Unknown Source)
at org.testng.internal.MethodInvocationHelper.invokeMethod(MethodInvocationHelper.java:124)
at org.testng.internal.Invoker.invokeMethod(Invoker.java:583)
at org.testng.internal.Invoker.invokeTestMethod(Invoker.java:719)
at org.testng.internal.Invoker.invokeTestMethods(Invoker.java:989)
at org.testng.internal.TestMethodWorker.invokeTestMethods(TestMethodWorker.java:125)
at org.testng.internal.TestMethodWorker.run(TestMethodWorker.java:109)
at java.util.concurrent.ThreadPoolExecutor.runWorker(Unknown Source)
at java.util.concurrent.ThreadPoolExecutor$Worker.run(Unknown Source)
at java.lang.Thread.run(Unknown Source)
]]>
    </error>
  </testcase> <!-- checkBoostPages -->
  <testcase name="checkDonorPages" time="11.313" classname="automationFramework.TSVerifyPages7"/>
  <testcase name="checkDonorPages" time="7.470" classname="automationFramework.TSVerifyPages7"/>
  <testcase name="checkDonorPages" time="5.902" classname="automationFramework.TSVerifyPages7"/>
  <testcase name="checkDonorPages" time="6.624" classname="automationFramework.TSVerifyPages7"/>
  <testcase name="checkDonorPages" time="4.151" classname="automationFramework.TSVerifyPages7"/>
  <testcase name="checkDonorPages" time="2.783" classname="automationFramework.TSVerifyPages7"/>
  <testcase name="checkDonorPages" time="7.613" classname="automationFramework.TSVerifyPages7"/>
  <testcase name="checkDonorPages" time="6.988" classname="automationFramework.TSVerifyPages7"/>
  <testcase name="checkBoostPages" time="13.646" classname="automationFramework.TSVerifyPages7">
    <error type="org.openqa.selenium.NoSuchElementException" message="no such element: Unable to locate element: {&quot;method&quot;:&quot;css selector&quot;,&quot;selector&quot;:&quot;#productSummary &gt; div &gt; div.row.imagecontainer &gt; div &gt; span &gt; dl &gt; ul &gt; li:nth-child(3) &gt; span.prod-value &gt; div&quot;}
  (Session info: chrome=77.0.3865.90)
  (Driver info: chromedriver=2.43.600210 (68dcf5eebde37173d4027fa8635e332711d2874a),platform=Windows NT 6.1.7601 SP1 x86_64) (WARNING: The server did not provide any stacktrace information)
Command duration or timeout: 0 milliseconds
For documentation on this error, please visit: https://www.seleniumhq.org/exceptions/no_such_element.html
Build info: version: &#039;3.141.59&#039;, revision: &#039;e82be7d358&#039;, time: &#039;2018-11-14T08:25:48&#039;
System info: host: &#039;LT-MRADFORD2&#039;, ip: &#039;10.200.25.242&#039;, os.name: &#039;Windows 7&#039;, os.arch: &#039;amd64&#039;, os.version: &#039;6.1&#039;, java.version: &#039;1.8.0_211&#039;
Driver info: org.openqa.selenium.chrome.ChromeDriver
Capabilities {acceptInsecureCerts: false, acceptSslCerts: false, applicationCacheEnabled: false, browserConnectionEnabled: false, browserName: chrome, chrome: {chromedriverVersion: 2.43.600210 (68dcf5eebde371..., userDataDir: C:\Users\mradford\AppData\L...}, cssSelectorsEnabled: true, databaseEnabled: false, goog:chromeOptions: {debuggerAddress: localhost:57273}, handlesAlerts: true, hasTouchScreen: false, javascriptEnabled: true, locationContextEnabled: true, mobileEmulationEnabled: false, nativeEvents: true, networkConnectionEnabled: false, pageLoadStrategy: normal, platform: XP, platformName: XP, rotatable: false, setWindowRect: true, takesHeapSnapshot: true, takesScreenshot: true, unexpectedAlertBehaviour: , unhandledPromptBehavior: , version: 77.0.3865.90, webStorageEnabled: true}
Session ID: d6c2e39f44da9260a8542ba8d00017e1
*** Element info: {Using=css selector, value=#productSummary &gt; div &gt; div.row.imagecontainer &gt; div &gt; span &gt; dl &gt; ul &gt; li:nth-child(3) &gt; span.prod-value &gt; div}">
      <![CDATA[org.openqa.selenium.NoSuchElementException: no such element: Unable to locate element: {"method":"css selector","selector":"#productSummary > div > div.row.imagecontainer > div > span > dl > ul > li:nth-child(3) > span.prod-value > div"}
  (Session info: chrome=77.0.3865.90)
  (Driver info: chromedriver=2.43.600210 (68dcf5eebde37173d4027fa8635e332711d2874a),platform=Windows NT 6.1.7601 SP1 x86_64) (WARNING: The server did not provide any stacktrace information)
Command duration or timeout: 0 milliseconds
For documentation on this error, please visit: https://www.seleniumhq.org/exceptions/no_such_element.html
Build info: version: '3.141.59', revision: 'e82be7d358', time: '2018-11-14T08:25:48'
System info: host: 'LT-MRADFORD2', ip: '10.200.25.242', os.name: 'Windows 7', os.arch: 'amd64', os.version: '6.1', java.version: '1.8.0_211'
Driver info: org.openqa.selenium.chrome.ChromeDriver
Capabilities {acceptInsecureCerts: false, acceptSslCerts: false, applicationCacheEnabled: false, browserConnectionEnabled: false, browserName: chrome, chrome: {chromedriverVersion: 2.43.600210 (68dcf5eebde371..., userDataDir: C:\Users\mradford\AppData\L...}, cssSelectorsEnabled: true, databaseEnabled: false, goog:chromeOptions: {debuggerAddress: localhost:57273}, handlesAlerts: true, hasTouchScreen: false, javascriptEnabled: true, locationContextEnabled: true, mobileEmulationEnabled: false, nativeEvents: true, networkConnectionEnabled: false, pageLoadStrategy: normal, platform: XP, platformName: XP, rotatable: false, setWindowRect: true, takesHeapSnapshot: true, takesScreenshot: true, unexpectedAlertBehaviour: , unhandledPromptBehavior: , version: 77.0.3865.90, webStorageEnabled: true}
Session ID: d6c2e39f44da9260a8542ba8d00017e1
*** Element info: {Using=css selector, value=#productSummary > div > div.row.imagecontainer > div > span > dl > ul > li:nth-child(3) > span.prod-value > div}
at sun.reflect.NativeConstructorAccessorImpl.newInstance0(Native Method)
at sun.reflect.NativeConstructorAccessorImpl.newInstance(Unknown Source)
at sun.reflect.DelegatingConstructorAccessorImpl.newInstance(Unknown Source)
at java.lang.reflect.Constructor.newInstance(Unknown Source)
at org.openqa.selenium.remote.ErrorHandler.createThrowable(ErrorHandler.java:214)
at org.openqa.selenium.remote.ErrorHandler.throwIfResponseFailed(ErrorHandler.java:166)
at org.openqa.selenium.remote.http.JsonHttpResponseCodec.reconstructValue(JsonHttpResponseCodec.java:40)
at org.openqa.selenium.remote.http.AbstractHttpResponseCodec.decode(AbstractHttpResponseCodec.java:80)
at org.openqa.selenium.remote.http.AbstractHttpResponseCodec.decode(AbstractHttpResponseCodec.java:44)
at org.openqa.selenium.remote.HttpCommandExecutor.execute(HttpCommandExecutor.java:158)
at org.openqa.selenium.remote.service.DriverCommandExecutor.execute(DriverCommandExecutor.java:83)
at org.openqa.selenium.remote.RemoteWebDriver.execute(RemoteWebDriver.java:552)
at org.openqa.selenium.remote.RemoteWebDriver.findElement(RemoteWebDriver.java:323)
at org.openqa.selenium.remote.RemoteWebDriver.findElementByCssSelector(RemoteWebDriver.java:420)
at org.openqa.selenium.By$ByCssSelector.findElement(By.java:431)
at org.openqa.selenium.remote.RemoteWebDriver.findElement(RemoteWebDriver.java:315)
at pageObjects.ProductPage.lblBoostTxt(ProductPage.java:54)
at automationFramework.TSVerifyPages7.checkBoostPages(TSVerifyPages7.java:74)
at sun.reflect.NativeMethodAccessorImpl.invoke0(Native Method)
at sun.reflect.NativeMethodAccessorImpl.invoke(Unknown Source)
at sun.reflect.DelegatingMethodAccessorImpl.invoke(Unknown Source)
at java.lang.reflect.Method.invoke(Unknown Source)
at org.testng.internal.MethodInvocationHelper.invokeMethod(MethodInvocationHelper.java:124)
at org.testng.internal.Invoker.invokeMethod(Invoker.java:583)
at org.testng.internal.Invoker.invokeTestMethod(Invoker.java:719)
at org.testng.internal.Invoker.invokeTestMethods(Invoker.java:989)
at org.testng.internal.TestMethodWorker.invokeTestMethods(TestMethodWorker.java:125)
at org.testng.internal.TestMethodWorker.run(TestMethodWorker.java:109)
at java.util.concurrent.ThreadPoolExecutor.runWorker(Unknown Source)
at java.util.concurrent.ThreadPoolExecutor$Worker.run(Unknown Source)
at java.lang.Thread.run(Unknown Source)
]]>
    </error>
  </testcase> <!-- checkBoostPages -->
  <testcase name="checkDonorPages" time="7.847" classname="automationFramework.TSVerifyPages7"/>
  <testcase name="checkCategoryPages" time="7.998" classname="automationFramework.TSVerifyPages7"/>
  <testcase name="checkDonorPages" time="7.226" classname="automationFramework.TSVerifyPages7"/>
  <testcase name="checkDonorPages" time="17.621" classname="automationFramework.TSVerifyPages7"/>
  <testcase name="checkDonorPages" time="8.271" classname="automationFramework.TSVerifyPages7"/>
  <testcase name="checkDonorPages" time="8.032" classname="automationFramework.TSVerifyPages7"/>
  <testcase name="checkDonorPages" time="7.423" classname="automationFramework.TSVerifyPages7"/>
  <testcase name="checkDonorPages" time="8.074" classname="automationFramework.TSVerifyPages7"/>
  <testcase name="checkCategoryPages" time="8.167" classname="automationFramework.TSVerifyPages7"/>
  <testcase name="checkCategoryPages" time="8.157" classname="automationFramework.TSVerifyPages7"/>
  <testcase name="checkCategoryPages" time="8.700" classname="automationFramework.TSVerifyPages7"/>
  <testcase name="checkDonorPages" time="6.931" classname="automationFramework.TSVerifyPages7"/>
  <testcase name="checkCategoryPages" time="11.492" classname="automationFramework.TSVerifyPages7"/>
  <testcase name="checkCategoryPages" time="10.757" classname="automationFramework.TSVerifyPages7"/>
  <testcase name="checkDonorPages" time="7.683" classname="automationFramework.TSVerifyPages7"/>
  <testcase name="checkDonorPages" time="8.491" classname="automationFramework.TSVerifyPages7"/>
  <testcase name="checkCategoryPages" time="7.595" classname="automationFramework.TSVerifyPages7"/>
  <testcase name="checkCategoryPages" time="7.936" classname="automationFramework.TSVerifyPages7"/>
  <testcase name="checkDonorPages" time="7.423" classname="automationFramework.TSVerifyPages7"/>
  <testcase name="checkDonorPages" time="7.430" classname="automationFramework.TSVerifyPages7"/>
  <testcase name="checkCategoryPages" time="8.108" classname="automationFramework.TSVerifyPages7"/>
  <testcase name="checkCategoryPages" time="9.648" classname="automationFramework.TSVerifyPages7"/>
  <testcase name="checkCategoryPages" time="5.916" classname="automationFramework.TSVerifyPages7"/>
  <testcase name="checkDonorPages" time="7.055" classname="automationFramework.TSVerifyPages7"/>
  <testcase name="checkDonorPages" time="6.829" classname="automationFramework.TSVerifyPages7"/>
</testsuite> <!-- automationFramework.TSVerifyPages7 -->
