<?xml version="1.0" encoding="UTF-8"?>
<!-- Generated by org.testng.reporters.JUnitReportReporter -->
<testsuite skipped="0" hostname="LT-MRADFORD2" name="automationFramework.TSVerifyPages8" tests="114" failures="0" timestamp="20 Sep 2019 22:56:19 GMT" time="899.367" errors="6">
  <testcase name="checkCategoryPages" time="9.575" classname="automationFramework.TSVerifyPages8"/>
  <testcase name="checkDonorPages" time="7.732" classname="automationFramework.TSVerifyPages8"/>
  <testcase name="checkDonorPages" time="7.070" classname="automationFramework.TSVerifyPages8"/>
  <testcase name="checkCategoryPages" time="8.306" classname="automationFramework.TSVerifyPages8"/>
  <testcase name="checkDonorPages" time="7.213" classname="automationFramework.TSVerifyPages8"/>
  <testcase name="checkBoostPages" time="12.960" classname="automationFramework.TSVerifyPages8">
    <error type="org.openqa.selenium.NoSuchElementException" message="no such element: Unable to locate element: {&quot;method&quot;:&quot;css selector&quot;,&quot;selector&quot;:&quot;#productSummary &gt; div &gt; div.row.imagecontainer &gt; div &gt; span &gt; dl &gt; ul &gt; li:nth-child(3) &gt; span.prod-value &gt; div&quot;}
  (Session info: chrome=77.0.3865.90)
  (Driver info: chromedriver=2.43.600210 (68dcf5eebde37173d4027fa8635e332711d2874a),platform=Windows NT 6.1.7601 SP1 x86_64) (WARNING: The server did not provide any stacktrace information)
Command duration or timeout: 0 milliseconds
For documentation on this error, please visit: https://www.seleniumhq.org/exceptions/no_such_element.html
Build info: version: &#039;3.141.59&#039;, revision: &#039;e82be7d358&#039;, time: &#039;2018-11-14T08:25:48&#039;
System info: host: &#039;LT-MRADFORD2&#039;, ip: &#039;10.200.25.242&#039;, os.name: &#039;Windows 7&#039;, os.arch: &#039;amd64&#039;, os.version: &#039;6.1&#039;, java.version: &#039;1.8.0_211&#039;
Driver info: org.openqa.selenium.chrome.ChromeDriver
Capabilities {acceptInsecureCerts: false, acceptSslCerts: false, applicationCacheEnabled: false, browserConnectionEnabled: false, browserName: chrome, chrome: {chromedriverVersion: 2.43.600210 (68dcf5eebde371..., userDataDir: C:\Users\mradford\AppData\L...}, cssSelectorsEnabled: true, databaseEnabled: false, goog:chromeOptions: {debuggerAddress: localhost:57339}, handlesAlerts: true, hasTouchScreen: false, javascriptEnabled: true, locationContextEnabled: true, mobileEmulationEnabled: false, nativeEvents: true, networkConnectionEnabled: false, pageLoadStrategy: normal, platform: XP, platformName: XP, rotatable: false, setWindowRect: true, takesHeapSnapshot: true, takesScreenshot: true, unexpectedAlertBehaviour: , unhandledPromptBehavior: , version: 77.0.3865.90, webStorageEnabled: true}
Session ID: 1df49b09dc9f07829965db589384eec6
*** Element info: {Using=css selector, value=#productSummary &gt; div &gt; div.row.imagecontainer &gt; div &gt; span &gt; dl &gt; ul &gt; li:nth-child(3) &gt; span.prod-value &gt; div}">
      <![CDATA[org.openqa.selenium.NoSuchElementException: no such element: Unable to locate element: {"method":"css selector","selector":"#productSummary > div > div.row.imagecontainer > div > span > dl > ul > li:nth-child(3) > span.prod-value > div"}
  (Session info: chrome=77.0.3865.90)
  (Driver info: chromedriver=2.43.600210 (68dcf5eebde37173d4027fa8635e332711d2874a),platform=Windows NT 6.1.7601 SP1 x86_64) (WARNING: The server did not provide any stacktrace information)
Command duration or timeout: 0 milliseconds
For documentation on this error, please visit: https://www.seleniumhq.org/exceptions/no_such_element.html
Build info: version: '3.141.59', revision: 'e82be7d358', time: '2018-11-14T08:25:48'
System info: host: 'LT-MRADFORD2', ip: '10.200.25.242', os.name: 'Windows 7', os.arch: 'amd64', os.version: '6.1', java.version: '1.8.0_211'
Driver info: org.openqa.selenium.chrome.ChromeDriver
Capabilities {acceptInsecureCerts: false, acceptSslCerts: false, applicationCacheEnabled: false, browserConnectionEnabled: false, browserName: chrome, chrome: {chromedriverVersion: 2.43.600210 (68dcf5eebde371..., userDataDir: C:\Users\mradford\AppData\L...}, cssSelectorsEnabled: true, databaseEnabled: false, goog:chromeOptions: {debuggerAddress: localhost:57339}, handlesAlerts: true, hasTouchScreen: false, javascriptEnabled: true, locationContextEnabled: true, mobileEmulationEnabled: false, nativeEvents: true, networkConnectionEnabled: false, pageLoadStrategy: normal, platform: XP, platformName: XP, rotatable: false, setWindowRect: true, takesHeapSnapshot: true, takesScreenshot: true, unexpectedAlertBehaviour: , unhandledPromptBehavior: , version: 77.0.3865.90, webStorageEnabled: true}
Session ID: 1df49b09dc9f07829965db589384eec6
*** Element info: {Using=css selector, value=#productSummary > div > div.row.imagecontainer > div > span > dl > ul > li:nth-child(3) > span.prod-value > div}
at sun.reflect.NativeConstructorAccessorImpl.newInstance0(Native Method)
at sun.reflect.NativeConstructorAccessorImpl.newInstance(Unknown Source)
at sun.reflect.DelegatingConstructorAccessorImpl.newInstance(Unknown Source)
at java.lang.reflect.Constructor.newInstance(Unknown Source)
at org.openqa.selenium.remote.ErrorHandler.createThrowable(ErrorHandler.java:214)
at org.openqa.selenium.remote.ErrorHandler.throwIfResponseFailed(ErrorHandler.java:166)
at org.openqa.selenium.remote.http.JsonHttpResponseCodec.reconstructValue(JsonHttpResponseCodec.java:40)
at org.openqa.selenium.remote.http.AbstractHttpResponseCodec.decode(AbstractHttpResponseCodec.java:80)
at org.openqa.selenium.remote.http.AbstractHttpResponseCodec.decode(AbstractHttpResponseCodec.java:44)
at org.openqa.selenium.remote.HttpCommandExecutor.execute(HttpCommandExecutor.java:158)
at org.openqa.selenium.remote.service.DriverCommandExecutor.execute(DriverCommandExecutor.java:83)
at org.openqa.selenium.remote.RemoteWebDriver.execute(RemoteWebDriver.java:552)
at org.openqa.selenium.remote.RemoteWebDriver.findElement(RemoteWebDriver.java:323)
at org.openqa.selenium.remote.RemoteWebDriver.findElementByCssSelector(RemoteWebDriver.java:420)
at org.openqa.selenium.By$ByCssSelector.findElement(By.java:431)
at org.openqa.selenium.remote.RemoteWebDriver.findElement(RemoteWebDriver.java:315)
at pageObjects.ProductPage.lblBoostTxt(ProductPage.java:54)
at automationFramework.TSVerifyPages8.checkBoostPages(TSVerifyPages8.java:74)
at sun.reflect.NativeMethodAccessorImpl.invoke0(Native Method)
at sun.reflect.NativeMethodAccessorImpl.invoke(Unknown Source)
at sun.reflect.DelegatingMethodAccessorImpl.invoke(Unknown Source)
at java.lang.reflect.Method.invoke(Unknown Source)
at org.testng.internal.MethodInvocationHelper.invokeMethod(MethodInvocationHelper.java:124)
at org.testng.internal.Invoker.invokeMethod(Invoker.java:583)
at org.testng.internal.Invoker.invokeTestMethod(Invoker.java:719)
at org.testng.internal.Invoker.invokeTestMethods(Invoker.java:989)
at org.testng.internal.TestMethodWorker.invokeTestMethods(TestMethodWorker.java:125)
at org.testng.internal.TestMethodWorker.run(TestMethodWorker.java:109)
at java.util.concurrent.ThreadPoolExecutor.runWorker(Unknown Source)
at java.util.concurrent.ThreadPoolExecutor$Worker.run(Unknown Source)
at java.lang.Thread.run(Unknown Source)
]]>
    </error>
  </testcase> <!-- checkBoostPages -->
  <testcase name="checkCategoryPages" time="9.039" classname="automationFramework.TSVerifyPages8"/>
  <testcase name="checkDonorPages" time="5.815" classname="automationFramework.TSVerifyPages8"/>
  <testcase name="checkDonorPages" time="8.258" classname="automationFramework.TSVerifyPages8"/>
  <testcase name="checkCategoryPages" time="8.834" classname="automationFramework.TSVerifyPages8"/>
  <testcase name="checkDonorPages" time="7.374" classname="automationFramework.TSVerifyPages8"/>
  <testcase name="checkDonorPages" time="6.441" classname="automationFramework.TSVerifyPages8"/>
  <testcase name="checkDonorPages" time="7.926" classname="automationFramework.TSVerifyPages8"/>
  <testcase name="checkDonorPages" time="7.735" classname="automationFramework.TSVerifyPages8"/>
  <testcase name="checkDonorPages" time="7.841" classname="automationFramework.TSVerifyPages8"/>
  <testcase name="checkBoostPages" time="11.961" classname="automationFramework.TSVerifyPages8">
    <error type="org.openqa.selenium.NoSuchElementException" message="no such element: Unable to locate element: {&quot;method&quot;:&quot;css selector&quot;,&quot;selector&quot;:&quot;#productSummary &gt; div &gt; div.row.imagecontainer &gt; div &gt; span &gt; dl &gt; ul &gt; li:nth-child(3) &gt; span.prod-value &gt; div&quot;}
  (Session info: chrome=77.0.3865.90)
  (Driver info: chromedriver=2.43.600210 (68dcf5eebde37173d4027fa8635e332711d2874a),platform=Windows NT 6.1.7601 SP1 x86_64) (WARNING: The server did not provide any stacktrace information)
Command duration or timeout: 0 milliseconds
For documentation on this error, please visit: https://www.seleniumhq.org/exceptions/no_such_element.html
Build info: version: &#039;3.141.59&#039;, revision: &#039;e82be7d358&#039;, time: &#039;2018-11-14T08:25:48&#039;
System info: host: &#039;LT-MRADFORD2&#039;, ip: &#039;10.200.25.242&#039;, os.name: &#039;Windows 7&#039;, os.arch: &#039;amd64&#039;, os.version: &#039;6.1&#039;, java.version: &#039;1.8.0_211&#039;
Driver info: org.openqa.selenium.chrome.ChromeDriver
Capabilities {acceptInsecureCerts: false, acceptSslCerts: false, applicationCacheEnabled: false, browserConnectionEnabled: false, browserName: chrome, chrome: {chromedriverVersion: 2.43.600210 (68dcf5eebde371..., userDataDir: C:\Users\mradford\AppData\L...}, cssSelectorsEnabled: true, databaseEnabled: false, goog:chromeOptions: {debuggerAddress: localhost:57339}, handlesAlerts: true, hasTouchScreen: false, javascriptEnabled: true, locationContextEnabled: true, mobileEmulationEnabled: false, nativeEvents: true, networkConnectionEnabled: false, pageLoadStrategy: normal, platform: XP, platformName: XP, rotatable: false, setWindowRect: true, takesHeapSnapshot: true, takesScreenshot: true, unexpectedAlertBehaviour: , unhandledPromptBehavior: , version: 77.0.3865.90, webStorageEnabled: true}
Session ID: 1df49b09dc9f07829965db589384eec6
*** Element info: {Using=css selector, value=#productSummary &gt; div &gt; div.row.imagecontainer &gt; div &gt; span &gt; dl &gt; ul &gt; li:nth-child(3) &gt; span.prod-value &gt; div}">
      <![CDATA[org.openqa.selenium.NoSuchElementException: no such element: Unable to locate element: {"method":"css selector","selector":"#productSummary > div > div.row.imagecontainer > div > span > dl > ul > li:nth-child(3) > span.prod-value > div"}
  (Session info: chrome=77.0.3865.90)
  (Driver info: chromedriver=2.43.600210 (68dcf5eebde37173d4027fa8635e332711d2874a),platform=Windows NT 6.1.7601 SP1 x86_64) (WARNING: The server did not provide any stacktrace information)
Command duration or timeout: 0 milliseconds
For documentation on this error, please visit: https://www.seleniumhq.org/exceptions/no_such_element.html
Build info: version: '3.141.59', revision: 'e82be7d358', time: '2018-11-14T08:25:48'
System info: host: 'LT-MRADFORD2', ip: '10.200.25.242', os.name: 'Windows 7', os.arch: 'amd64', os.version: '6.1', java.version: '1.8.0_211'
Driver info: org.openqa.selenium.chrome.ChromeDriver
Capabilities {acceptInsecureCerts: false, acceptSslCerts: false, applicationCacheEnabled: false, browserConnectionEnabled: false, browserName: chrome, chrome: {chromedriverVersion: 2.43.600210 (68dcf5eebde371..., userDataDir: C:\Users\mradford\AppData\L...}, cssSelectorsEnabled: true, databaseEnabled: false, goog:chromeOptions: {debuggerAddress: localhost:57339}, handlesAlerts: true, hasTouchScreen: false, javascriptEnabled: true, locationContextEnabled: true, mobileEmulationEnabled: false, nativeEvents: true, networkConnectionEnabled: false, pageLoadStrategy: normal, platform: XP, platformName: XP, rotatable: false, setWindowRect: true, takesHeapSnapshot: true, takesScreenshot: true, unexpectedAlertBehaviour: , unhandledPromptBehavior: , version: 77.0.3865.90, webStorageEnabled: true}
Session ID: 1df49b09dc9f07829965db589384eec6
*** Element info: {Using=css selector, value=#productSummary > div > div.row.imagecontainer > div > span > dl > ul > li:nth-child(3) > span.prod-value > div}
at sun.reflect.NativeConstructorAccessorImpl.newInstance0(Native Method)
at sun.reflect.NativeConstructorAccessorImpl.newInstance(Unknown Source)
at sun.reflect.DelegatingConstructorAccessorImpl.newInstance(Unknown Source)
at java.lang.reflect.Constructor.newInstance(Unknown Source)
at org.openqa.selenium.remote.ErrorHandler.createThrowable(ErrorHandler.java:214)
at org.openqa.selenium.remote.ErrorHandler.throwIfResponseFailed(ErrorHandler.java:166)
at org.openqa.selenium.remote.http.JsonHttpResponseCodec.reconstructValue(JsonHttpResponseCodec.java:40)
at org.openqa.selenium.remote.http.AbstractHttpResponseCodec.decode(AbstractHttpResponseCodec.java:80)
at org.openqa.selenium.remote.http.AbstractHttpResponseCodec.decode(AbstractHttpResponseCodec.java:44)
at org.openqa.selenium.remote.HttpCommandExecutor.execute(HttpCommandExecutor.java:158)
at org.openqa.selenium.remote.service.DriverCommandExecutor.execute(DriverCommandExecutor.java:83)
at org.openqa.selenium.remote.RemoteWebDriver.execute(RemoteWebDriver.java:552)
at org.openqa.selenium.remote.RemoteWebDriver.findElement(RemoteWebDriver.java:323)
at org.openqa.selenium.remote.RemoteWebDriver.findElementByCssSelector(RemoteWebDriver.java:420)
at org.openqa.selenium.By$ByCssSelector.findElement(By.java:431)
at org.openqa.selenium.remote.RemoteWebDriver.findElement(RemoteWebDriver.java:315)
at pageObjects.ProductPage.lblBoostTxt(ProductPage.java:54)
at automationFramework.TSVerifyPages8.checkBoostPages(TSVerifyPages8.java:74)
at sun.reflect.NativeMethodAccessorImpl.invoke0(Native Method)
at sun.reflect.NativeMethodAccessorImpl.invoke(Unknown Source)
at sun.reflect.DelegatingMethodAccessorImpl.invoke(Unknown Source)
at java.lang.reflect.Method.invoke(Unknown Source)
at org.testng.internal.MethodInvocationHelper.invokeMethod(MethodInvocationHelper.java:124)
at org.testng.internal.Invoker.invokeMethod(Invoker.java:583)
at org.testng.internal.Invoker.invokeTestMethod(Invoker.java:719)
at org.testng.internal.Invoker.invokeTestMethods(Invoker.java:989)
at org.testng.internal.TestMethodWorker.invokeTestMethods(TestMethodWorker.java:125)
at org.testng.internal.TestMethodWorker.run(TestMethodWorker.java:109)
at java.util.concurrent.ThreadPoolExecutor.runWorker(Unknown Source)
at java.util.concurrent.ThreadPoolExecutor$Worker.run(Unknown Source)
at java.lang.Thread.run(Unknown Source)
]]>
    </error>
  </testcase> <!-- checkBoostPages -->
  <testcase name="checkDonorPages" time="7.094" classname="automationFramework.TSVerifyPages8"/>
  <testcase name="checkDonorPages" time="8.417" classname="automationFramework.TSVerifyPages8"/>
  <testcase name="checkCategoryPages" time="8.346" classname="automationFramework.TSVerifyPages8"/>
  <testcase name="checkDonorPages" time="7.352" classname="automationFramework.TSVerifyPages8"/>
  <testcase name="checkCategoryPages" time="7.535" classname="automationFramework.TSVerifyPages8"/>
  <testcase name="checkDonorPages" time="7.836" classname="automationFramework.TSVerifyPages8"/>
  <testcase name="checkCategoryPages" time="6.601" classname="automationFramework.TSVerifyPages8"/>
  <testcase name="checkDonorPages" time="4.212" classname="automationFramework.TSVerifyPages8"/>
  <testcase name="checkDonorPages" time="16.325" classname="automationFramework.TSVerifyPages8"/>
  <testcase name="checkDonorPages" time="5.753" classname="automationFramework.TSVerifyPages8"/>
  <testcase name="checkDonorPages" time="7.301" classname="automationFramework.TSVerifyPages8"/>
  <testcase name="checkDonorPages" time="5.011" classname="automationFramework.TSVerifyPages8"/>
  <testcase name="checkDonorPages" time="6.002" classname="automationFramework.TSVerifyPages8"/>
  <testcase name="checkCategoryPages" time="5.604" classname="automationFramework.TSVerifyPages8"/>
  <testcase name="checkDonorPages" time="12.888" classname="automationFramework.TSVerifyPages8"/>
  <testcase name="checkDonorPages" time="6.060" classname="automationFramework.TSVerifyPages8"/>
  <testcase name="checkDonorPages" time="7.601" classname="automationFramework.TSVerifyPages8"/>
  <testcase name="checkDonorPages" time="6.936" classname="automationFramework.TSVerifyPages8"/>
  <testcase name="checkDonorPages" time="9.322" classname="automationFramework.TSVerifyPages8"/>
  <testcase name="checkDonorPages" time="5.172" classname="automationFramework.TSVerifyPages8"/>
  <testcase name="checkCategoryPages" time="7.591" classname="automationFramework.TSVerifyPages8"/>
  <testcase name="checkDonorPages" time="6.870" classname="automationFramework.TSVerifyPages8"/>
  <testcase name="checkDonorPages" time="6.749" classname="automationFramework.TSVerifyPages8"/>
  <testcase name="checkDonorPages" time="7.321" classname="automationFramework.TSVerifyPages8"/>
  <testcase name="checkDonorPages" time="7.527" classname="automationFramework.TSVerifyPages8"/>
  <testcase name="checkDonorPages" time="5.587" classname="automationFramework.TSVerifyPages8"/>
  <testcase name="checkDonorPages" time="7.569" classname="automationFramework.TSVerifyPages8"/>
  <testcase name="checkDonorPages" time="5.329" classname="automationFramework.TSVerifyPages8"/>
  <testcase name="checkDonorPages" time="3.857" classname="automationFramework.TSVerifyPages8"/>
  <testcase name="checkDonorPages" time="4.942" classname="automationFramework.TSVerifyPages8"/>
  <testcase name="checkDonorPages" time="8.851" classname="automationFramework.TSVerifyPages8"/>
  <testcase name="checkCategoryPages" time="7.753" classname="automationFramework.TSVerifyPages8"/>
  <testcase name="checkDonorPages" time="16.901" classname="automationFramework.TSVerifyPages8"/>
  <testcase name="checkDonorPages" time="8.018" classname="automationFramework.TSVerifyPages8"/>
  <testcase name="checkDonorPages" time="2.754" classname="automationFramework.TSVerifyPages8"/>
  <testcase name="checkDonorPages" time="6.025" classname="automationFramework.TSVerifyPages8"/>
  <testcase name="checkDonorPages" time="8.022" classname="automationFramework.TSVerifyPages8"/>
  <testcase name="checkDonorPages" time="5.811" classname="automationFramework.TSVerifyPages8"/>
  <testcase name="checkCategoryPages" time="7.769" classname="automationFramework.TSVerifyPages8"/>
  <testcase name="checkDonorPages" time="6.556" classname="automationFramework.TSVerifyPages8"/>
  <testcase name="checkBoostPages" time="19.204" classname="automationFramework.TSVerifyPages8">
    <error type="org.openqa.selenium.NoSuchElementException" message="no such element: Unable to locate element: {&quot;method&quot;:&quot;css selector&quot;,&quot;selector&quot;:&quot;#productSummary &gt; div &gt; div.row.imagecontainer &gt; div &gt; span &gt; dl &gt; ul &gt; li:nth-child(3) &gt; span.prod-value &gt; div&quot;}
  (Session info: chrome=77.0.3865.90)
  (Driver info: chromedriver=2.43.600210 (68dcf5eebde37173d4027fa8635e332711d2874a),platform=Windows NT 6.1.7601 SP1 x86_64) (WARNING: The server did not provide any stacktrace information)
Command duration or timeout: 0 milliseconds
For documentation on this error, please visit: https://www.seleniumhq.org/exceptions/no_such_element.html
Build info: version: &#039;3.141.59&#039;, revision: &#039;e82be7d358&#039;, time: &#039;2018-11-14T08:25:48&#039;
System info: host: &#039;LT-MRADFORD2&#039;, ip: &#039;10.200.25.242&#039;, os.name: &#039;Windows 7&#039;, os.arch: &#039;amd64&#039;, os.version: &#039;6.1&#039;, java.version: &#039;1.8.0_211&#039;
Driver info: org.openqa.selenium.chrome.ChromeDriver
Capabilities {acceptInsecureCerts: false, acceptSslCerts: false, applicationCacheEnabled: false, browserConnectionEnabled: false, browserName: chrome, chrome: {chromedriverVersion: 2.43.600210 (68dcf5eebde371..., userDataDir: C:\Users\mradford\AppData\L...}, cssSelectorsEnabled: true, databaseEnabled: false, goog:chromeOptions: {debuggerAddress: localhost:57339}, handlesAlerts: true, hasTouchScreen: false, javascriptEnabled: true, locationContextEnabled: true, mobileEmulationEnabled: false, nativeEvents: true, networkConnectionEnabled: false, pageLoadStrategy: normal, platform: XP, platformName: XP, rotatable: false, setWindowRect: true, takesHeapSnapshot: true, takesScreenshot: true, unexpectedAlertBehaviour: , unhandledPromptBehavior: , version: 77.0.3865.90, webStorageEnabled: true}
Session ID: 1df49b09dc9f07829965db589384eec6
*** Element info: {Using=css selector, value=#productSummary &gt; div &gt; div.row.imagecontainer &gt; div &gt; span &gt; dl &gt; ul &gt; li:nth-child(3) &gt; span.prod-value &gt; div}">
      <![CDATA[org.openqa.selenium.NoSuchElementException: no such element: Unable to locate element: {"method":"css selector","selector":"#productSummary > div > div.row.imagecontainer > div > span > dl > ul > li:nth-child(3) > span.prod-value > div"}
  (Session info: chrome=77.0.3865.90)
  (Driver info: chromedriver=2.43.600210 (68dcf5eebde37173d4027fa8635e332711d2874a),platform=Windows NT 6.1.7601 SP1 x86_64) (WARNING: The server did not provide any stacktrace information)
Command duration or timeout: 0 milliseconds
For documentation on this error, please visit: https://www.seleniumhq.org/exceptions/no_such_element.html
Build info: version: '3.141.59', revision: 'e82be7d358', time: '2018-11-14T08:25:48'
System info: host: 'LT-MRADFORD2', ip: '10.200.25.242', os.name: 'Windows 7', os.arch: 'amd64', os.version: '6.1', java.version: '1.8.0_211'
Driver info: org.openqa.selenium.chrome.ChromeDriver
Capabilities {acceptInsecureCerts: false, acceptSslCerts: false, applicationCacheEnabled: false, browserConnectionEnabled: false, browserName: chrome, chrome: {chromedriverVersion: 2.43.600210 (68dcf5eebde371..., userDataDir: C:\Users\mradford\AppData\L...}, cssSelectorsEnabled: true, databaseEnabled: false, goog:chromeOptions: {debuggerAddress: localhost:57339}, handlesAlerts: true, hasTouchScreen: false, javascriptEnabled: true, locationContextEnabled: true, mobileEmulationEnabled: false, nativeEvents: true, networkConnectionEnabled: false, pageLoadStrategy: normal, platform: XP, platformName: XP, rotatable: false, setWindowRect: true, takesHeapSnapshot: true, takesScreenshot: true, unexpectedAlertBehaviour: , unhandledPromptBehavior: , version: 77.0.3865.90, webStorageEnabled: true}
Session ID: 1df49b09dc9f07829965db589384eec6
*** Element info: {Using=css selector, value=#productSummary > div > div.row.imagecontainer > div > span > dl > ul > li:nth-child(3) > span.prod-value > div}
at sun.reflect.GeneratedConstructorAccessor20.newInstance(Unknown Source)
at sun.reflect.DelegatingConstructorAccessorImpl.newInstance(Unknown Source)
at java.lang.reflect.Constructor.newInstance(Unknown Source)
at org.openqa.selenium.remote.ErrorHandler.createThrowable(ErrorHandler.java:214)
at org.openqa.selenium.remote.ErrorHandler.throwIfResponseFailed(ErrorHandler.java:166)
at org.openqa.selenium.remote.http.JsonHttpResponseCodec.reconstructValue(JsonHttpResponseCodec.java:40)
at org.openqa.selenium.remote.http.AbstractHttpResponseCodec.decode(AbstractHttpResponseCodec.java:80)
at org.openqa.selenium.remote.http.AbstractHttpResponseCodec.decode(AbstractHttpResponseCodec.java:44)
at org.openqa.selenium.remote.HttpCommandExecutor.execute(HttpCommandExecutor.java:158)
at org.openqa.selenium.remote.service.DriverCommandExecutor.execute(DriverCommandExecutor.java:83)
at org.openqa.selenium.remote.RemoteWebDriver.execute(RemoteWebDriver.java:552)
at org.openqa.selenium.remote.RemoteWebDriver.findElement(RemoteWebDriver.java:323)
at org.openqa.selenium.remote.RemoteWebDriver.findElementByCssSelector(RemoteWebDriver.java:420)
at org.openqa.selenium.By$ByCssSelector.findElement(By.java:431)
at org.openqa.selenium.remote.RemoteWebDriver.findElement(RemoteWebDriver.java:315)
at pageObjects.ProductPage.lblBoostTxt(ProductPage.java:54)
at automationFramework.TSVerifyPages8.checkBoostPages(TSVerifyPages8.java:74)
at sun.reflect.NativeMethodAccessorImpl.invoke0(Native Method)
at sun.reflect.NativeMethodAccessorImpl.invoke(Unknown Source)
at sun.reflect.DelegatingMethodAccessorImpl.invoke(Unknown Source)
at java.lang.reflect.Method.invoke(Unknown Source)
at org.testng.internal.MethodInvocationHelper.invokeMethod(MethodInvocationHelper.java:124)
at org.testng.internal.Invoker.invokeMethod(Invoker.java:583)
at org.testng.internal.Invoker.invokeTestMethod(Invoker.java:719)
at org.testng.internal.Invoker.invokeTestMethods(Invoker.java:989)
at org.testng.internal.TestMethodWorker.invokeTestMethods(TestMethodWorker.java:125)
at org.testng.internal.TestMethodWorker.run(TestMethodWorker.java:109)
at java.util.concurrent.ThreadPoolExecutor.runWorker(Unknown Source)
at java.util.concurrent.ThreadPoolExecutor$Worker.run(Unknown Source)
at java.lang.Thread.run(Unknown Source)
]]>
    </error>
  </testcase> <!-- checkBoostPages -->
  <testcase name="checkDonorPages" time="7.207" classname="automationFramework.TSVerifyPages8"/>
  <testcase name="checkDonorPages" time="9.119" classname="automationFramework.TSVerifyPages8"/>
  <testcase name="checkDonorPages" time="7.463" classname="automationFramework.TSVerifyPages8"/>
  <testcase name="checkDonorPages" time="7.820" classname="automationFramework.TSVerifyPages8"/>
  <testcase name="checkDonorPages" time="8.067" classname="automationFramework.TSVerifyPages8"/>
  <testcase name="checkCategoryPages" time="8.641" classname="automationFramework.TSVerifyPages8"/>
  <testcase name="checkDonorPages" time="7.227" classname="automationFramework.TSVerifyPages8"/>
  <testcase name="checkDonorPages" time="4.604" classname="automationFramework.TSVerifyPages8"/>
  <testcase name="checkDonorPages" time="8.583" classname="automationFramework.TSVerifyPages8"/>
  <testcase name="checkDonorPages" time="7.033" classname="automationFramework.TSVerifyPages8"/>
  <testcase name="checkDonorPages" time="7.414" classname="automationFramework.TSVerifyPages8"/>
  <testcase name="checkCategoryPages" time="7.321" classname="automationFramework.TSVerifyPages8"/>
  <testcase name="checkDonorPages" time="7.498" classname="automationFramework.TSVerifyPages8"/>
  <testcase name="checkDonorPages" time="7.692" classname="automationFramework.TSVerifyPages8"/>
  <testcase name="checkDonorPages" time="6.031" classname="automationFramework.TSVerifyPages8"/>
  <testcase name="checkDonorPages" time="7.459" classname="automationFramework.TSVerifyPages8"/>
  <testcase name="checkDonorPages" time="7.042" classname="automationFramework.TSVerifyPages8"/>
  <testcase name="checkDonorPages" time="6.472" classname="automationFramework.TSVerifyPages8"/>
  <testcase name="checkDonorPages" time="6.021" classname="automationFramework.TSVerifyPages8"/>
  <testcase name="checkDonorPages" time="7.840" classname="automationFramework.TSVerifyPages8"/>
  <testcase name="checkDonorPages" time="6.525" classname="automationFramework.TSVerifyPages8"/>
  <testcase name="checkDonorPages" time="5.787" classname="automationFramework.TSVerifyPages8"/>
  <testcase name="checkBoostPages" time="12.517" classname="automationFramework.TSVerifyPages8">
    <error type="org.openqa.selenium.NoSuchElementException" message="no such element: Unable to locate element: {&quot;method&quot;:&quot;css selector&quot;,&quot;selector&quot;:&quot;#productSummary &gt; div &gt; div.row.imagecontainer &gt; div &gt; span &gt; dl &gt; ul &gt; li:nth-child(3) &gt; span.prod-value &gt; div&quot;}
  (Session info: chrome=77.0.3865.90)
  (Driver info: chromedriver=2.43.600210 (68dcf5eebde37173d4027fa8635e332711d2874a),platform=Windows NT 6.1.7601 SP1 x86_64) (WARNING: The server did not provide any stacktrace information)
Command duration or timeout: 0 milliseconds
For documentation on this error, please visit: https://www.seleniumhq.org/exceptions/no_such_element.html
Build info: version: &#039;3.141.59&#039;, revision: &#039;e82be7d358&#039;, time: &#039;2018-11-14T08:25:48&#039;
System info: host: &#039;LT-MRADFORD2&#039;, ip: &#039;10.200.25.242&#039;, os.name: &#039;Windows 7&#039;, os.arch: &#039;amd64&#039;, os.version: &#039;6.1&#039;, java.version: &#039;1.8.0_211&#039;
Driver info: org.openqa.selenium.chrome.ChromeDriver
Capabilities {acceptInsecureCerts: false, acceptSslCerts: false, applicationCacheEnabled: false, browserConnectionEnabled: false, browserName: chrome, chrome: {chromedriverVersion: 2.43.600210 (68dcf5eebde371..., userDataDir: C:\Users\mradford\AppData\L...}, cssSelectorsEnabled: true, databaseEnabled: false, goog:chromeOptions: {debuggerAddress: localhost:57339}, handlesAlerts: true, hasTouchScreen: false, javascriptEnabled: true, locationContextEnabled: true, mobileEmulationEnabled: false, nativeEvents: true, networkConnectionEnabled: false, pageLoadStrategy: normal, platform: XP, platformName: XP, rotatable: false, setWindowRect: true, takesHeapSnapshot: true, takesScreenshot: true, unexpectedAlertBehaviour: , unhandledPromptBehavior: , version: 77.0.3865.90, webStorageEnabled: true}
Session ID: 1df49b09dc9f07829965db589384eec6
*** Element info: {Using=css selector, value=#productSummary &gt; div &gt; div.row.imagecontainer &gt; div &gt; span &gt; dl &gt; ul &gt; li:nth-child(3) &gt; span.prod-value &gt; div}">
      <![CDATA[org.openqa.selenium.NoSuchElementException: no such element: Unable to locate element: {"method":"css selector","selector":"#productSummary > div > div.row.imagecontainer > div > span > dl > ul > li:nth-child(3) > span.prod-value > div"}
  (Session info: chrome=77.0.3865.90)
  (Driver info: chromedriver=2.43.600210 (68dcf5eebde37173d4027fa8635e332711d2874a),platform=Windows NT 6.1.7601 SP1 x86_64) (WARNING: The server did not provide any stacktrace information)
Command duration or timeout: 0 milliseconds
For documentation on this error, please visit: https://www.seleniumhq.org/exceptions/no_such_element.html
Build info: version: '3.141.59', revision: 'e82be7d358', time: '2018-11-14T08:25:48'
System info: host: 'LT-MRADFORD2', ip: '10.200.25.242', os.name: 'Windows 7', os.arch: 'amd64', os.version: '6.1', java.version: '1.8.0_211'
Driver info: org.openqa.selenium.chrome.ChromeDriver
Capabilities {acceptInsecureCerts: false, acceptSslCerts: false, applicationCacheEnabled: false, browserConnectionEnabled: false, browserName: chrome, chrome: {chromedriverVersion: 2.43.600210 (68dcf5eebde371..., userDataDir: C:\Users\mradford\AppData\L...}, cssSelectorsEnabled: true, databaseEnabled: false, goog:chromeOptions: {debuggerAddress: localhost:57339}, handlesAlerts: true, hasTouchScreen: false, javascriptEnabled: true, locationContextEnabled: true, mobileEmulationEnabled: false, nativeEvents: true, networkConnectionEnabled: false, pageLoadStrategy: normal, platform: XP, platformName: XP, rotatable: false, setWindowRect: true, takesHeapSnapshot: true, takesScreenshot: true, unexpectedAlertBehaviour: , unhandledPromptBehavior: , version: 77.0.3865.90, webStorageEnabled: true}
Session ID: 1df49b09dc9f07829965db589384eec6
*** Element info: {Using=css selector, value=#productSummary > div > div.row.imagecontainer > div > span > dl > ul > li:nth-child(3) > span.prod-value > div}
at sun.reflect.GeneratedConstructorAccessor20.newInstance(Unknown Source)
at sun.reflect.DelegatingConstructorAccessorImpl.newInstance(Unknown Source)
at java.lang.reflect.Constructor.newInstance(Unknown Source)
at org.openqa.selenium.remote.ErrorHandler.createThrowable(ErrorHandler.java:214)
at org.openqa.selenium.remote.ErrorHandler.throwIfResponseFailed(ErrorHandler.java:166)
at org.openqa.selenium.remote.http.JsonHttpResponseCodec.reconstructValue(JsonHttpResponseCodec.java:40)
at org.openqa.selenium.remote.http.AbstractHttpResponseCodec.decode(AbstractHttpResponseCodec.java:80)
at org.openqa.selenium.remote.http.AbstractHttpResponseCodec.decode(AbstractHttpResponseCodec.java:44)
at org.openqa.selenium.remote.HttpCommandExecutor.execute(HttpCommandExecutor.java:158)
at org.openqa.selenium.remote.service.DriverCommandExecutor.execute(DriverCommandExecutor.java:83)
at org.openqa.selenium.remote.RemoteWebDriver.execute(RemoteWebDriver.java:552)
at org.openqa.selenium.remote.RemoteWebDriver.findElement(RemoteWebDriver.java:323)
at org.openqa.selenium.remote.RemoteWebDriver.findElementByCssSelector(RemoteWebDriver.java:420)
at org.openqa.selenium.By$ByCssSelector.findElement(By.java:431)
at org.openqa.selenium.remote.RemoteWebDriver.findElement(RemoteWebDriver.java:315)
at pageObjects.ProductPage.lblBoostTxt(ProductPage.java:54)
at automationFramework.TSVerifyPages8.checkBoostPages(TSVerifyPages8.java:74)
at sun.reflect.NativeMethodAccessorImpl.invoke0(Native Method)
at sun.reflect.NativeMethodAccessorImpl.invoke(Unknown Source)
at sun.reflect.DelegatingMethodAccessorImpl.invoke(Unknown Source)
at java.lang.reflect.Method.invoke(Unknown Source)
at org.testng.internal.MethodInvocationHelper.invokeMethod(MethodInvocationHelper.java:124)
at org.testng.internal.Invoker.invokeMethod(Invoker.java:583)
at org.testng.internal.Invoker.invokeTestMethod(Invoker.java:719)
at org.testng.internal.Invoker.invokeTestMethods(Invoker.java:989)
at org.testng.internal.TestMethodWorker.invokeTestMethods(TestMethodWorker.java:125)
at org.testng.internal.TestMethodWorker.run(TestMethodWorker.java:109)
at java.util.concurrent.ThreadPoolExecutor.runWorker(Unknown Source)
at java.util.concurrent.ThreadPoolExecutor$Worker.run(Unknown Source)
at java.lang.Thread.run(Unknown Source)
]]>
    </error>
  </testcase> <!-- checkBoostPages -->
  <testcase name="checkDonorPages" time="18.297" classname="automationFramework.TSVerifyPages8"/>
  <testcase name="checkCategoryPages" time="7.915" classname="automationFramework.TSVerifyPages8"/>
  <testcase name="checkDonorPages" time="7.739" classname="automationFramework.TSVerifyPages8"/>
  <testcase name="checkDonorPages" time="4.479" classname="automationFramework.TSVerifyPages8"/>
  <testcase name="checkDonorPages" time="17.504" classname="automationFramework.TSVerifyPages8"/>
  <testcase name="checkDonorPages" time="8.055" classname="automationFramework.TSVerifyPages8"/>
  <testcase name="checkDonorPages" time="6.918" classname="automationFramework.TSVerifyPages8"/>
  <testcase name="checkDonorPages" time="7.826" classname="automationFramework.TSVerifyPages8"/>
  <testcase name="checkBoostPages" time="13.758" classname="automationFramework.TSVerifyPages8">
    <error type="org.openqa.selenium.NoSuchElementException" message="no such element: Unable to locate element: {&quot;method&quot;:&quot;css selector&quot;,&quot;selector&quot;:&quot;#productSummary &gt; div &gt; div.row.imagecontainer &gt; div &gt; span &gt; dl &gt; ul &gt; li:nth-child(3) &gt; span.prod-value &gt; div&quot;}
  (Session info: chrome=77.0.3865.90)
  (Driver info: chromedriver=2.43.600210 (68dcf5eebde37173d4027fa8635e332711d2874a),platform=Windows NT 6.1.7601 SP1 x86_64) (WARNING: The server did not provide any stacktrace information)
Command duration or timeout: 0 milliseconds
For documentation on this error, please visit: https://www.seleniumhq.org/exceptions/no_such_element.html
Build info: version: &#039;3.141.59&#039;, revision: &#039;e82be7d358&#039;, time: &#039;2018-11-14T08:25:48&#039;
System info: host: &#039;LT-MRADFORD2&#039;, ip: &#039;10.200.25.242&#039;, os.name: &#039;Windows 7&#039;, os.arch: &#039;amd64&#039;, os.version: &#039;6.1&#039;, java.version: &#039;1.8.0_211&#039;
Driver info: org.openqa.selenium.chrome.ChromeDriver
Capabilities {acceptInsecureCerts: false, acceptSslCerts: false, applicationCacheEnabled: false, browserConnectionEnabled: false, browserName: chrome, chrome: {chromedriverVersion: 2.43.600210 (68dcf5eebde371..., userDataDir: C:\Users\mradford\AppData\L...}, cssSelectorsEnabled: true, databaseEnabled: false, goog:chromeOptions: {debuggerAddress: localhost:57339}, handlesAlerts: true, hasTouchScreen: false, javascriptEnabled: true, locationContextEnabled: true, mobileEmulationEnabled: false, nativeEvents: true, networkConnectionEnabled: false, pageLoadStrategy: normal, platform: XP, platformName: XP, rotatable: false, setWindowRect: true, takesHeapSnapshot: true, takesScreenshot: true, unexpectedAlertBehaviour: , unhandledPromptBehavior: , version: 77.0.3865.90, webStorageEnabled: true}
Session ID: 1df49b09dc9f07829965db589384eec6
*** Element info: {Using=css selector, value=#productSummary &gt; div &gt; div.row.imagecontainer &gt; div &gt; span &gt; dl &gt; ul &gt; li:nth-child(3) &gt; span.prod-value &gt; div}">
      <![CDATA[org.openqa.selenium.NoSuchElementException: no such element: Unable to locate element: {"method":"css selector","selector":"#productSummary > div > div.row.imagecontainer > div > span > dl > ul > li:nth-child(3) > span.prod-value > div"}
  (Session info: chrome=77.0.3865.90)
  (Driver info: chromedriver=2.43.600210 (68dcf5eebde37173d4027fa8635e332711d2874a),platform=Windows NT 6.1.7601 SP1 x86_64) (WARNING: The server did not provide any stacktrace information)
Command duration or timeout: 0 milliseconds
For documentation on this error, please visit: https://www.seleniumhq.org/exceptions/no_such_element.html
Build info: version: '3.141.59', revision: 'e82be7d358', time: '2018-11-14T08:25:48'
System info: host: 'LT-MRADFORD2', ip: '10.200.25.242', os.name: 'Windows 7', os.arch: 'amd64', os.version: '6.1', java.version: '1.8.0_211'
Driver info: org.openqa.selenium.chrome.ChromeDriver
Capabilities {acceptInsecureCerts: false, acceptSslCerts: false, applicationCacheEnabled: false, browserConnectionEnabled: false, browserName: chrome, chrome: {chromedriverVersion: 2.43.600210 (68dcf5eebde371..., userDataDir: C:\Users\mradford\AppData\L...}, cssSelectorsEnabled: true, databaseEnabled: false, goog:chromeOptions: {debuggerAddress: localhost:57339}, handlesAlerts: true, hasTouchScreen: false, javascriptEnabled: true, locationContextEnabled: true, mobileEmulationEnabled: false, nativeEvents: true, networkConnectionEnabled: false, pageLoadStrategy: normal, platform: XP, platformName: XP, rotatable: false, setWindowRect: true, takesHeapSnapshot: true, takesScreenshot: true, unexpectedAlertBehaviour: , unhandledPromptBehavior: , version: 77.0.3865.90, webStorageEnabled: true}
Session ID: 1df49b09dc9f07829965db589384eec6
*** Element info: {Using=css selector, value=#productSummary > div > div.row.imagecontainer > div > span > dl > ul > li:nth-child(3) > span.prod-value > div}
at sun.reflect.NativeConstructorAccessorImpl.newInstance0(Native Method)
at sun.reflect.NativeConstructorAccessorImpl.newInstance(Unknown Source)
at sun.reflect.DelegatingConstructorAccessorImpl.newInstance(Unknown Source)
at java.lang.reflect.Constructor.newInstance(Unknown Source)
at org.openqa.selenium.remote.ErrorHandler.createThrowable(ErrorHandler.java:214)
at org.openqa.selenium.remote.ErrorHandler.throwIfResponseFailed(ErrorHandler.java:166)
at org.openqa.selenium.remote.http.JsonHttpResponseCodec.reconstructValue(JsonHttpResponseCodec.java:40)
at org.openqa.selenium.remote.http.AbstractHttpResponseCodec.decode(AbstractHttpResponseCodec.java:80)
at org.openqa.selenium.remote.http.AbstractHttpResponseCodec.decode(AbstractHttpResponseCodec.java:44)
at org.openqa.selenium.remote.HttpCommandExecutor.execute(HttpCommandExecutor.java:158)
at org.openqa.selenium.remote.service.DriverCommandExecutor.execute(DriverCommandExecutor.java:83)
at org.openqa.selenium.remote.RemoteWebDriver.execute(RemoteWebDriver.java:552)
at org.openqa.selenium.remote.RemoteWebDriver.findElement(RemoteWebDriver.java:323)
at org.openqa.selenium.remote.RemoteWebDriver.findElementByCssSelector(RemoteWebDriver.java:420)
at org.openqa.selenium.By$ByCssSelector.findElement(By.java:431)
at org.openqa.selenium.remote.RemoteWebDriver.findElement(RemoteWebDriver.java:315)
at pageObjects.ProductPage.lblBoostTxt(ProductPage.java:54)
at automationFramework.TSVerifyPages8.checkBoostPages(TSVerifyPages8.java:74)
at sun.reflect.NativeMethodAccessorImpl.invoke0(Native Method)
at sun.reflect.NativeMethodAccessorImpl.invoke(Unknown Source)
at sun.reflect.DelegatingMethodAccessorImpl.invoke(Unknown Source)
at java.lang.reflect.Method.invoke(Unknown Source)
at org.testng.internal.MethodInvocationHelper.invokeMethod(MethodInvocationHelper.java:124)
at org.testng.internal.Invoker.invokeMethod(Invoker.java:583)
at org.testng.internal.Invoker.invokeTestMethod(Invoker.java:719)
at org.testng.internal.Invoker.invokeTestMethods(Invoker.java:989)
at org.testng.internal.TestMethodWorker.invokeTestMethods(TestMethodWorker.java:125)
at org.testng.internal.TestMethodWorker.run(TestMethodWorker.java:109)
at java.util.concurrent.ThreadPoolExecutor.runWorker(Unknown Source)
at java.util.concurrent.ThreadPoolExecutor$Worker.run(Unknown Source)
at java.lang.Thread.run(Unknown Source)
]]>
    </error>
  </testcase> <!-- checkBoostPages -->
  <testcase name="checkDonorPages" time="7.838" classname="automationFramework.TSVerifyPages8"/>
  <testcase name="checkDonorPages" time="5.130" classname="automationFramework.TSVerifyPages8"/>
  <testcase name="checkCategoryPages" time="7.201" classname="automationFramework.TSVerifyPages8"/>
  <testcase name="checkDonorPages" time="7.754" classname="automationFramework.TSVerifyPages8"/>
  <testcase name="checkCategoryPages" time="8.234" classname="automationFramework.TSVerifyPages8"/>
  <testcase name="checkCategoryPages" time="10.264" classname="automationFramework.TSVerifyPages8"/>
  <testcase name="checkDonorPages" time="7.298" classname="automationFramework.TSVerifyPages8"/>
  <testcase name="checkCategoryPages" time="7.824" classname="automationFramework.TSVerifyPages8"/>
  <testcase name="checkBoostPages" time="12.126" classname="automationFramework.TSVerifyPages8">
    <error type="org.openqa.selenium.NoSuchElementException" message="no such element: Unable to locate element: {&quot;method&quot;:&quot;css selector&quot;,&quot;selector&quot;:&quot;#productSummary &gt; div &gt; div.row.imagecontainer &gt; div &gt; span &gt; dl &gt; ul &gt; li:nth-child(3) &gt; span.prod-value &gt; div&quot;}
  (Session info: chrome=77.0.3865.90)
  (Driver info: chromedriver=2.43.600210 (68dcf5eebde37173d4027fa8635e332711d2874a),platform=Windows NT 6.1.7601 SP1 x86_64) (WARNING: The server did not provide any stacktrace information)
Command duration or timeout: 0 milliseconds
For documentation on this error, please visit: https://www.seleniumhq.org/exceptions/no_such_element.html
Build info: version: &#039;3.141.59&#039;, revision: &#039;e82be7d358&#039;, time: &#039;2018-11-14T08:25:48&#039;
System info: host: &#039;LT-MRADFORD2&#039;, ip: &#039;10.200.25.242&#039;, os.name: &#039;Windows 7&#039;, os.arch: &#039;amd64&#039;, os.version: &#039;6.1&#039;, java.version: &#039;1.8.0_211&#039;
Driver info: org.openqa.selenium.chrome.ChromeDriver
Capabilities {acceptInsecureCerts: false, acceptSslCerts: false, applicationCacheEnabled: false, browserConnectionEnabled: false, browserName: chrome, chrome: {chromedriverVersion: 2.43.600210 (68dcf5eebde371..., userDataDir: C:\Users\mradford\AppData\L...}, cssSelectorsEnabled: true, databaseEnabled: false, goog:chromeOptions: {debuggerAddress: localhost:57339}, handlesAlerts: true, hasTouchScreen: false, javascriptEnabled: true, locationContextEnabled: true, mobileEmulationEnabled: false, nativeEvents: true, networkConnectionEnabled: false, pageLoadStrategy: normal, platform: XP, platformName: XP, rotatable: false, setWindowRect: true, takesHeapSnapshot: true, takesScreenshot: true, unexpectedAlertBehaviour: , unhandledPromptBehavior: , version: 77.0.3865.90, webStorageEnabled: true}
Session ID: 1df49b09dc9f07829965db589384eec6
*** Element info: {Using=css selector, value=#productSummary &gt; div &gt; div.row.imagecontainer &gt; div &gt; span &gt; dl &gt; ul &gt; li:nth-child(3) &gt; span.prod-value &gt; div}">
      <![CDATA[org.openqa.selenium.NoSuchElementException: no such element: Unable to locate element: {"method":"css selector","selector":"#productSummary > div > div.row.imagecontainer > div > span > dl > ul > li:nth-child(3) > span.prod-value > div"}
  (Session info: chrome=77.0.3865.90)
  (Driver info: chromedriver=2.43.600210 (68dcf5eebde37173d4027fa8635e332711d2874a),platform=Windows NT 6.1.7601 SP1 x86_64) (WARNING: The server did not provide any stacktrace information)
Command duration or timeout: 0 milliseconds
For documentation on this error, please visit: https://www.seleniumhq.org/exceptions/no_such_element.html
Build info: version: '3.141.59', revision: 'e82be7d358', time: '2018-11-14T08:25:48'
System info: host: 'LT-MRADFORD2', ip: '10.200.25.242', os.name: 'Windows 7', os.arch: 'amd64', os.version: '6.1', java.version: '1.8.0_211'
Driver info: org.openqa.selenium.chrome.ChromeDriver
Capabilities {acceptInsecureCerts: false, acceptSslCerts: false, applicationCacheEnabled: false, browserConnectionEnabled: false, browserName: chrome, chrome: {chromedriverVersion: 2.43.600210 (68dcf5eebde371..., userDataDir: C:\Users\mradford\AppData\L...}, cssSelectorsEnabled: true, databaseEnabled: false, goog:chromeOptions: {debuggerAddress: localhost:57339}, handlesAlerts: true, hasTouchScreen: false, javascriptEnabled: true, locationContextEnabled: true, mobileEmulationEnabled: false, nativeEvents: true, networkConnectionEnabled: false, pageLoadStrategy: normal, platform: XP, platformName: XP, rotatable: false, setWindowRect: true, takesHeapSnapshot: true, takesScreenshot: true, unexpectedAlertBehaviour: , unhandledPromptBehavior: , version: 77.0.3865.90, webStorageEnabled: true}
Session ID: 1df49b09dc9f07829965db589384eec6
*** Element info: {Using=css selector, value=#productSummary > div > div.row.imagecontainer > div > span > dl > ul > li:nth-child(3) > span.prod-value > div}
at sun.reflect.GeneratedConstructorAccessor20.newInstance(Unknown Source)
at sun.reflect.DelegatingConstructorAccessorImpl.newInstance(Unknown Source)
at java.lang.reflect.Constructor.newInstance(Unknown Source)
at org.openqa.selenium.remote.ErrorHandler.createThrowable(ErrorHandler.java:214)
at org.openqa.selenium.remote.ErrorHandler.throwIfResponseFailed(ErrorHandler.java:166)
at org.openqa.selenium.remote.http.JsonHttpResponseCodec.reconstructValue(JsonHttpResponseCodec.java:40)
at org.openqa.selenium.remote.http.AbstractHttpResponseCodec.decode(AbstractHttpResponseCodec.java:80)
at org.openqa.selenium.remote.http.AbstractHttpResponseCodec.decode(AbstractHttpResponseCodec.java:44)
at org.openqa.selenium.remote.HttpCommandExecutor.execute(HttpCommandExecutor.java:158)
at org.openqa.selenium.remote.service.DriverCommandExecutor.execute(DriverCommandExecutor.java:83)
at org.openqa.selenium.remote.RemoteWebDriver.execute(RemoteWebDriver.java:552)
at org.openqa.selenium.remote.RemoteWebDriver.findElement(RemoteWebDriver.java:323)
at org.openqa.selenium.remote.RemoteWebDriver.findElementByCssSelector(RemoteWebDriver.java:420)
at org.openqa.selenium.By$ByCssSelector.findElement(By.java:431)
at org.openqa.selenium.remote.RemoteWebDriver.findElement(RemoteWebDriver.java:315)
at pageObjects.ProductPage.lblBoostTxt(ProductPage.java:54)
at automationFramework.TSVerifyPages8.checkBoostPages(TSVerifyPages8.java:74)
at sun.reflect.NativeMethodAccessorImpl.invoke0(Native Method)
at sun.reflect.NativeMethodAccessorImpl.invoke(Unknown Source)
at sun.reflect.DelegatingMethodAccessorImpl.invoke(Unknown Source)
at java.lang.reflect.Method.invoke(Unknown Source)
at org.testng.internal.MethodInvocationHelper.invokeMethod(MethodInvocationHelper.java:124)
at org.testng.internal.Invoker.invokeMethod(Invoker.java:583)
at org.testng.internal.Invoker.invokeTestMethod(Invoker.java:719)
at org.testng.internal.Invoker.invokeTestMethods(Invoker.java:989)
at org.testng.internal.TestMethodWorker.invokeTestMethods(TestMethodWorker.java:125)
at org.testng.internal.TestMethodWorker.run(TestMethodWorker.java:109)
at java.util.concurrent.ThreadPoolExecutor.runWorker(Unknown Source)
at java.util.concurrent.ThreadPoolExecutor$Worker.run(Unknown Source)
at java.lang.Thread.run(Unknown Source)
]]>
    </error>
  </testcase> <!-- checkBoostPages -->
  <testcase name="checkDonorPages" time="7.434" classname="automationFramework.TSVerifyPages8"/>
  <testcase name="checkDonorPages" time="8.470" classname="automationFramework.TSVerifyPages8"/>
  <testcase name="checkDonorPages" time="5.021" classname="automationFramework.TSVerifyPages8"/>
  <testcase name="checkDonorPages" time="8.930" classname="automationFramework.TSVerifyPages8"/>
  <testcase name="checkDonorPages" time="6.421" classname="automationFramework.TSVerifyPages8"/>
  <testcase name="checkCategoryPages" time="7.736" classname="automationFramework.TSVerifyPages8"/>
  <testcase name="checkCategoryPages" time="5.391" classname="automationFramework.TSVerifyPages8"/>
  <testcase name="checkDonorPages" time="5.414" classname="automationFramework.TSVerifyPages8"/>
  <testcase name="checkDonorPages" time="6.567" classname="automationFramework.TSVerifyPages8"/>
  <testcase name="checkDonorPages" time="7.515" classname="automationFramework.TSVerifyPages8"/>
  <testcase name="checkCategoryPages" time="11.317" classname="automationFramework.TSVerifyPages8"/>
  <testcase name="checkCategoryPages" time="9.050" classname="automationFramework.TSVerifyPages8"/>
  <testcase name="checkDonorPages" time="8.210" classname="automationFramework.TSVerifyPages8"/>
  <testcase name="checkDonorPages" time="3.960" classname="automationFramework.TSVerifyPages8"/>
  <testcase name="checkDonorPages" time="6.730" classname="automationFramework.TSVerifyPages8"/>
  <testcase name="checkDonorPages" time="7.204" classname="automationFramework.TSVerifyPages8"/>
</testsuite> <!-- automationFramework.TSVerifyPages8 -->
