<?xml version="1.0" encoding="UTF-8"?>
<!-- Generated by org.testng.reporters.JUnitReportReporter -->
<testsuite skipped="21" hostname="LT-MRADFORD01" name="automationFramework.TSSearch" tests="23" failures="0" timestamp="2023-08-01T09:26:41 PDT" time="5.343" errors="2">
  <testcase name="SearchAndSort" time="0.000" classname="automationFramework.TSSearch">
    <skipped/>
  </testcase> <!-- SearchAndSort -->
  <testcase name="SearchSpellSP" time="0.000" classname="automationFramework.TSSearch">
    <skipped/>
  </testcase> <!-- SearchSpellSP -->
  <testcase name="SearchSpellSP" time="0.000" classname="automationFramework.TSSearch">
    <skipped/>
  </testcase> <!-- SearchSpellSP -->
  <testcase name="afterTest" time="0.003" classname="automationFramework.TSSearch">
    <error type="java.lang.NullPointerException">
      <![CDATA[java.lang.NullPointerException
at automationFramework.TSSearch.afterTest(TSSearch.java:593)
at sun.reflect.NativeMethodAccessorImpl.invoke0(Native Method)
at sun.reflect.NativeMethodAccessorImpl.invoke(NativeMethodAccessorImpl.java:62)
at sun.reflect.DelegatingMethodAccessorImpl.invoke(DelegatingMethodAccessorImpl.java:43)
at java.lang.reflect.Method.invoke(Method.java:498)
at org.testng.internal.MethodInvocationHelper.invokeMethod(MethodInvocationHelper.java:133)
at org.testng.internal.MethodInvocationHelper.invokeMethodConsideringTimeout(MethodInvocationHelper.java:62)
at org.testng.internal.ConfigInvoker.invokeConfigurationMethod(ConfigInvoker.java:340)
at org.testng.internal.ConfigInvoker.invokeConfigurations(ConfigInvoker.java:294)
at org.testng.TestRunner.invokeTestConfigurations(TestRunner.java:623)
at org.testng.TestRunner.afterRun(TestRunner.java:853)
at org.testng.TestRunner.run(TestRunner.java:594)
at org.testng.SuiteRunner.runTest(SuiteRunner.java:402)
at org.testng.SuiteRunner.runSequentially(SuiteRunner.java:396)
at org.testng.SuiteRunner.privateRun(SuiteRunner.java:355)
at org.testng.SuiteRunner.run(SuiteRunner.java:304)
at org.testng.SuiteRunnerWorker.runSuite(SuiteRunnerWorker.java:53)
at org.testng.SuiteRunnerWorker.run(SuiteRunnerWorker.java:96)
at org.testng.TestNG.runSuitesSequentially(TestNG.java:1180)
at org.testng.TestNG.runSuitesLocally(TestNG.java:1102)
at org.testng.TestNG.runSuites(TestNG.java:1032)
at org.testng.TestNG.run(TestNG.java:1000)
at org.testng.remote.AbstractRemoteTestNG.run(AbstractRemoteTestNG.java:115)
at org.testng.remote.RemoteTestNG.initAndRun(RemoteTestNG.java:251)
at org.testng.remote.RemoteTestNG.main(RemoteTestNG.java:77)
]]>
    </error>
  </testcase> <!-- afterTest -->
  <testcase name="SearchSpellSP" time="0.000" classname="automationFramework.TSSearch">
    <skipped/>
  </testcase> <!-- SearchSpellSP -->
  <testcase name="SearchSpellSP" time="0.000" classname="automationFramework.TSSearch">
    <skipped/>
  </testcase> <!-- SearchSpellSP -->
  <testcase name="SearchSpellSP" time="0.000" classname="automationFramework.TSSearch">
    <skipped/>
  </testcase> <!-- SearchSpellSP -->
  <testcase name="SearchSpellSP" time="0.000" classname="automationFramework.TSSearch">
    <skipped/>
  </testcase> <!-- SearchSpellSP -->
  <testcase name="SearchSpellSP" time="0.000" classname="automationFramework.TSSearch">
    <skipped/>
  </testcase> <!-- SearchSpellSP -->
  <testcase name="SearchSpellSP" time="0.000" classname="automationFramework.TSSearch">
    <skipped/>
  </testcase> <!-- SearchSpellSP -->
  <testcase name="SearchSpellSP" time="0.000" classname="automationFramework.TSSearch">
    <skipped/>
  </testcase> <!-- SearchSpellSP -->
  <testcase name="SearchSpellSP" time="0.000" classname="automationFramework.TSSearch">
    <skipped/>
  </testcase> <!-- SearchSpellSP -->
  <testcase name="SearchSpellSP" time="0.000" classname="automationFramework.TSSearch">
    <skipped/>
  </testcase> <!-- SearchSpellSP -->
  <testcase name="SearchSpellSP" time="0.000" classname="automationFramework.TSSearch">
    <skipped/>
  </testcase> <!-- SearchSpellSP -->
  <testcase name="SearchFilterValues" time="0.000" classname="automationFramework.TSSearch">
    <skipped/>
  </testcase> <!-- SearchFilterValues -->
  <testcase name="beforeTest" time="5.340" classname="automationFramework.TSSearch">
    <error type="org.openqa.selenium.WebDriverException" message="unknown error: Chrome failed to start: exited normally.
  (unknown error: DevToolsActivePort file doesn&#039;t exist)
  (The process started from chrome location C:\Program Files\Google\Chrome\Application\chrome.exe is no longer running, so ChromeDriver is assuming that Chrome has crashed.)
Build info: version: &#039;3.141.59&#039;, revision: &#039;e82be7d358&#039;, time: &#039;2018-11-14T08:25:48&#039;
System info: host: &#039;LT-MRADFORD01&#039;, ip: &#039;192.168.1.9&#039;, os.name: &#039;Windows 10&#039;, os.arch: &#039;amd64&#039;, os.version: &#039;10.0&#039;, java.version: &#039;1.8.0_242&#039;
Driver info: driver.version: ChromeDriver
remote stacktrace: Backtrace:
	GetHandleVerifier [0x0046A813+48355]
	(No symbol) [0x003FC4B1]
	(No symbol) [0x00305358]
	(No symbol) [0x00323621]
	(No symbol) [0x00320579]
	(No symbol) [0x00350C55]
	(No symbol) [0x0035093C]
	(No symbol) [0x0034A536]
	(No symbol) [0x003282DC]
	(No symbol) [0x003293DD]
	GetHandleVerifier [0x006CAABD+2539405]
	GetHandleVerifier [0x0070A78F+2800735]
	GetHandleVerifier [0x0070456C+2775612]
	GetHandleVerifier [0x004F51E0+616112]
	(No symbol) [0x00405F8C]
	(No symbol) [0x00402328]
	(No symbol) [0x0040240B]
	(No symbol) [0x003F4FF7]
	BaseThreadInitThunk [0x76AB7D59+25]
	DummyExport [0x7BACCA11+42177]
	RtlInitializeExceptionChain [0x776AB79B+107]
	RtlClearBits [0x776AB71F+191]
">
      <![CDATA[org.openqa.selenium.WebDriverException: unknown error: Chrome failed to start: exited normally.
  (unknown error: DevToolsActivePort file doesn't exist)
  (The process started from chrome location C:\Program Files\Google\Chrome\Application\chrome.exe is no longer running, so ChromeDriver is assuming that Chrome has crashed.)
Build info: version: '3.141.59', revision: 'e82be7d358', time: '2018-11-14T08:25:48'
System info: host: 'LT-MRADFORD01', ip: '192.168.1.9', os.name: 'Windows 10', os.arch: 'amd64', os.version: '10.0', java.version: '1.8.0_242'
Driver info: driver.version: ChromeDriver
remote stacktrace: Backtrace:
GetHandleVerifier [0x0046A813+48355]
(No symbol) [0x003FC4B1]
(No symbol) [0x00305358]
(No symbol) [0x00323621]
(No symbol) [0x00320579]
(No symbol) [0x00350C55]
(No symbol) [0x0035093C]
(No symbol) [0x0034A536]
(No symbol) [0x003282DC]
(No symbol) [0x003293DD]
GetHandleVerifier [0x006CAABD+2539405]
GetHandleVerifier [0x0070A78F+2800735]
GetHandleVerifier [0x0070456C+2775612]
GetHandleVerifier [0x004F51E0+616112]
(No symbol) [0x00405F8C]
(No symbol) [0x00402328]
(No symbol) [0x0040240B]
(No symbol) [0x003F4FF7]
BaseThreadInitThunk [0x76AB7D59+25]
DummyExport [0x7BACCA11+42177]
RtlInitializeExceptionChain [0x776AB79B+107]
RtlClearBits [0x776AB71F+191]

at sun.reflect.NativeConstructorAccessorImpl.newInstance0(Native Method)
at sun.reflect.NativeConstructorAccessorImpl.newInstance(NativeConstructorAccessorImpl.java:62)
at sun.reflect.DelegatingConstructorAccessorImpl.newInstance(DelegatingConstructorAccessorImpl.java:45)
at java.lang.reflect.Constructor.newInstance(Constructor.java:423)
at org.openqa.selenium.remote.W3CHandshakeResponse.lambda$errorHandler$0(W3CHandshakeResponse.java:62)
at org.openqa.selenium.remote.HandshakeResponse.lambda$getResponseFunction$0(HandshakeResponse.java:30)
at org.openqa.selenium.remote.ProtocolHandshake.lambda$createSession$0(ProtocolHandshake.java:126)
at java.util.stream.ReferencePipeline$3$1.accept(ReferencePipeline.java:193)
at java.util.Spliterators$ArraySpliterator.tryAdvance(Spliterators.java:958)
at java.util.stream.ReferencePipeline.forEachWithCancel(ReferencePipeline.java:126)
at java.util.stream.AbstractPipeline.copyIntoWithCancel(AbstractPipeline.java:499)
at java.util.stream.AbstractPipeline.copyInto(AbstractPipeline.java:486)
at java.util.stream.AbstractPipeline.wrapAndCopyInto(AbstractPipeline.java:472)
at java.util.stream.FindOps$FindOp.evaluateSequential(FindOps.java:152)
at java.util.stream.AbstractPipeline.evaluate(AbstractPipeline.java:234)
at java.util.stream.ReferencePipeline.findFirst(ReferencePipeline.java:531)
at org.openqa.selenium.remote.ProtocolHandshake.createSession(ProtocolHandshake.java:128)
at org.openqa.selenium.remote.ProtocolHandshake.createSession(ProtocolHandshake.java:74)
at org.openqa.selenium.remote.HttpCommandExecutor.execute(HttpCommandExecutor.java:136)
at org.openqa.selenium.remote.service.DriverCommandExecutor.execute(DriverCommandExecutor.java:83)
at org.openqa.selenium.remote.RemoteWebDriver.execute(RemoteWebDriver.java:552)
at org.openqa.selenium.remote.RemoteWebDriver.startSession(RemoteWebDriver.java:213)
at org.openqa.selenium.remote.RemoteWebDriver.<init>(RemoteWebDriver.java:131)
at org.openqa.selenium.chrome.ChromeDriver.<init>(ChromeDriver.java:181)
at org.openqa.selenium.chrome.ChromeDriver.<init>(ChromeDriver.java:168)
at org.openqa.selenium.chrome.ChromeDriver.<init>(ChromeDriver.java:157)
at appModule.Glob.setBrowser(Glob.java:197)
at automationFramework.TSSearch.beforeTest(TSSearch.java:568)
at sun.reflect.NativeMethodAccessorImpl.invoke0(Native Method)
at sun.reflect.NativeMethodAccessorImpl.invoke(NativeMethodAccessorImpl.java:62)
at sun.reflect.DelegatingMethodAccessorImpl.invoke(DelegatingMethodAccessorImpl.java:43)
at java.lang.reflect.Method.invoke(Method.java:498)
at org.testng.internal.MethodInvocationHelper.invokeMethod(MethodInvocationHelper.java:133)
at org.testng.internal.MethodInvocationHelper.invokeMethodConsideringTimeout(MethodInvocationHelper.java:62)
at org.testng.internal.ConfigInvoker.invokeConfigurationMethod(ConfigInvoker.java:340)
at org.testng.internal.ConfigInvoker.invokeConfigurations(ConfigInvoker.java:294)
at org.testng.TestRunner.invokeTestConfigurations(TestRunner.java:623)
at org.testng.TestRunner.beforeRun(TestRunner.java:613)
at org.testng.TestRunner.run(TestRunner.java:584)
at org.testng.SuiteRunner.runTest(SuiteRunner.java:402)
at org.testng.SuiteRunner.runSequentially(SuiteRunner.java:396)
at org.testng.SuiteRunner.privateRun(SuiteRunner.java:355)
at org.testng.SuiteRunner.run(SuiteRunner.java:304)
at org.testng.SuiteRunnerWorker.runSuite(SuiteRunnerWorker.java:53)
at org.testng.SuiteRunnerWorker.run(SuiteRunnerWorker.java:96)
at org.testng.TestNG.runSuitesSequentially(TestNG.java:1180)
at org.testng.TestNG.runSuitesLocally(TestNG.java:1102)
at org.testng.TestNG.runSuites(TestNG.java:1032)
at org.testng.TestNG.run(TestNG.java:1000)
at org.testng.remote.AbstractRemoteTestNG.run(AbstractRemoteTestNG.java:115)
at org.testng.remote.RemoteTestNG.initAndRun(RemoteTestNG.java:251)
at org.testng.remote.RemoteTestNG.main(RemoteTestNG.java:77)
]]>
    </error>
  </testcase> <!-- beforeTest -->
  <testcase name="SearchBlog" time="0.000" classname="automationFramework.TSSearch">
    <skipped/>
  </testcase> <!-- SearchBlog -->
  <testcase name="SearchSpellSP" time="0.000" classname="automationFramework.TSSearch">
    <skipped/>
  </testcase> <!-- SearchSpellSP -->
  <testcase name="SearchSpellSP" time="0.000" classname="automationFramework.TSSearch">
    <skipped/>
  </testcase> <!-- SearchSpellSP -->
  <testcase name="SearchSpellSP" time="0.000" classname="automationFramework.TSSearch">
    <skipped/>
  </testcase> <!-- SearchSpellSP -->
  <testcase name="SearchSpellSP" time="0.000" classname="automationFramework.TSSearch">
    <skipped/>
  </testcase> <!-- SearchSpellSP -->
  <testcase name="SearchSpellSP" time="0.000" classname="automationFramework.TSSearch">
    <skipped/>
  </testcase> <!-- SearchSpellSP -->
  <testcase name="SearchSpellSP" time="0.000" classname="automationFramework.TSSearch">
    <skipped/>
  </testcase> <!-- SearchSpellSP -->
</testsuite> <!-- automationFramework.TSSearch -->
