<?xml version="1.0" encoding="UTF-8"?>
<!-- Generated by org.testng.reporters.JUnitReportReporter -->
<testsuite skipped="0" hostname="LT-MRADFORD2" name="automationFramework.TSVerifyPages5" tests="114" failures="0" timestamp="20 Sep 2019 22:56:19 GMT" time="921.363" errors="6">
  <testcase name="checkDonorPages" time="7.791" classname="automationFramework.TSVerifyPages5"/>
  <testcase name="checkDonorPages" time="7.790" classname="automationFramework.TSVerifyPages5"/>
  <testcase name="checkDonorPages" time="7.878" classname="automationFramework.TSVerifyPages5"/>
  <testcase name="checkDonorPages" time="7.076" classname="automationFramework.TSVerifyPages5"/>
  <testcase name="checkDonorPages" time="8.905" classname="automationFramework.TSVerifyPages5"/>
  <testcase name="checkDonorPages" time="5.995" classname="automationFramework.TSVerifyPages5"/>
  <testcase name="checkCategoryPages" time="7.565" classname="automationFramework.TSVerifyPages5"/>
  <testcase name="checkDonorPages" time="7.463" classname="automationFramework.TSVerifyPages5"/>
  <testcase name="checkDonorPages" time="7.445" classname="automationFramework.TSVerifyPages5"/>
  <testcase name="checkDonorPages" time="4.790" classname="automationFramework.TSVerifyPages5"/>
  <testcase name="checkDonorPages" time="7.383" classname="automationFramework.TSVerifyPages5"/>
  <testcase name="checkDonorPages" time="7.057" classname="automationFramework.TSVerifyPages5"/>
  <testcase name="checkDonorPages" time="7.186" classname="automationFramework.TSVerifyPages5"/>
  <testcase name="checkDonorPages" time="7.706" classname="automationFramework.TSVerifyPages5"/>
  <testcase name="checkDonorPages" time="9.216" classname="automationFramework.TSVerifyPages5"/>
  <testcase name="checkDonorPages" time="7.611" classname="automationFramework.TSVerifyPages5"/>
  <testcase name="checkCategoryPages" time="8.952" classname="automationFramework.TSVerifyPages5"/>
  <testcase name="checkDonorPages" time="7.088" classname="automationFramework.TSVerifyPages5"/>
  <testcase name="checkDonorPages" time="7.408" classname="automationFramework.TSVerifyPages5"/>
  <testcase name="checkDonorPages" time="7.334" classname="automationFramework.TSVerifyPages5"/>
  <testcase name="checkDonorPages" time="7.263" classname="automationFramework.TSVerifyPages5"/>
  <testcase name="checkDonorPages" time="6.029" classname="automationFramework.TSVerifyPages5"/>
  <testcase name="checkDonorPages" time="7.770" classname="automationFramework.TSVerifyPages5"/>
  <testcase name="checkCategoryPages" time="8.425" classname="automationFramework.TSVerifyPages5"/>
  <testcase name="checkBoostPages" time="11.336" classname="automationFramework.TSVerifyPages5">
    <error type="org.openqa.selenium.NoSuchElementException" message="no such element: Unable to locate element: {&quot;method&quot;:&quot;css selector&quot;,&quot;selector&quot;:&quot;#productSummary &gt; div &gt; div.row.imagecontainer &gt; div &gt; span &gt; dl &gt; ul &gt; li:nth-child(3) &gt; span.prod-value &gt; div&quot;}
  (Session info: chrome=77.0.3865.90)
  (Driver info: chromedriver=2.43.600210 (68dcf5eebde37173d4027fa8635e332711d2874a),platform=Windows NT 6.1.7601 SP1 x86_64) (WARNING: The server did not provide any stacktrace information)
Command duration or timeout: 0 milliseconds
For documentation on this error, please visit: https://www.seleniumhq.org/exceptions/no_such_element.html
Build info: version: &#039;3.141.59&#039;, revision: &#039;e82be7d358&#039;, time: &#039;2018-11-14T08:25:48&#039;
System info: host: &#039;LT-MRADFORD2&#039;, ip: &#039;10.200.25.242&#039;, os.name: &#039;Windows 7&#039;, os.arch: &#039;amd64&#039;, os.version: &#039;6.1&#039;, java.version: &#039;1.8.0_211&#039;
Driver info: org.openqa.selenium.chrome.ChromeDriver
Capabilities {acceptInsecureCerts: false, acceptSslCerts: false, applicationCacheEnabled: false, browserConnectionEnabled: false, browserName: chrome, chrome: {chromedriverVersion: 2.43.600210 (68dcf5eebde371..., userDataDir: C:\Users\mradford\AppData\L...}, cssSelectorsEnabled: true, databaseEnabled: false, goog:chromeOptions: {debuggerAddress: localhost:57156}, handlesAlerts: true, hasTouchScreen: false, javascriptEnabled: true, locationContextEnabled: true, mobileEmulationEnabled: false, nativeEvents: true, networkConnectionEnabled: false, pageLoadStrategy: normal, platform: XP, platformName: XP, rotatable: false, setWindowRect: true, takesHeapSnapshot: true, takesScreenshot: true, unexpectedAlertBehaviour: , unhandledPromptBehavior: , version: 77.0.3865.90, webStorageEnabled: true}
Session ID: e0d9e5490481375654c9c94b0d9cb4cc
*** Element info: {Using=css selector, value=#productSummary &gt; div &gt; div.row.imagecontainer &gt; div &gt; span &gt; dl &gt; ul &gt; li:nth-child(3) &gt; span.prod-value &gt; div}">
      <![CDATA[org.openqa.selenium.NoSuchElementException: no such element: Unable to locate element: {"method":"css selector","selector":"#productSummary > div > div.row.imagecontainer > div > span > dl > ul > li:nth-child(3) > span.prod-value > div"}
  (Session info: chrome=77.0.3865.90)
  (Driver info: chromedriver=2.43.600210 (68dcf5eebde37173d4027fa8635e332711d2874a),platform=Windows NT 6.1.7601 SP1 x86_64) (WARNING: The server did not provide any stacktrace information)
Command duration or timeout: 0 milliseconds
For documentation on this error, please visit: https://www.seleniumhq.org/exceptions/no_such_element.html
Build info: version: '3.141.59', revision: 'e82be7d358', time: '2018-11-14T08:25:48'
System info: host: 'LT-MRADFORD2', ip: '10.200.25.242', os.name: 'Windows 7', os.arch: 'amd64', os.version: '6.1', java.version: '1.8.0_211'
Driver info: org.openqa.selenium.chrome.ChromeDriver
Capabilities {acceptInsecureCerts: false, acceptSslCerts: false, applicationCacheEnabled: false, browserConnectionEnabled: false, browserName: chrome, chrome: {chromedriverVersion: 2.43.600210 (68dcf5eebde371..., userDataDir: C:\Users\mradford\AppData\L...}, cssSelectorsEnabled: true, databaseEnabled: false, goog:chromeOptions: {debuggerAddress: localhost:57156}, handlesAlerts: true, hasTouchScreen: false, javascriptEnabled: true, locationContextEnabled: true, mobileEmulationEnabled: false, nativeEvents: true, networkConnectionEnabled: false, pageLoadStrategy: normal, platform: XP, platformName: XP, rotatable: false, setWindowRect: true, takesHeapSnapshot: true, takesScreenshot: true, unexpectedAlertBehaviour: , unhandledPromptBehavior: , version: 77.0.3865.90, webStorageEnabled: true}
Session ID: e0d9e5490481375654c9c94b0d9cb4cc
*** Element info: {Using=css selector, value=#productSummary > div > div.row.imagecontainer > div > span > dl > ul > li:nth-child(3) > span.prod-value > div}
at sun.reflect.NativeConstructorAccessorImpl.newInstance0(Native Method)
at sun.reflect.NativeConstructorAccessorImpl.newInstance(Unknown Source)
at sun.reflect.DelegatingConstructorAccessorImpl.newInstance(Unknown Source)
at java.lang.reflect.Constructor.newInstance(Unknown Source)
at org.openqa.selenium.remote.ErrorHandler.createThrowable(ErrorHandler.java:214)
at org.openqa.selenium.remote.ErrorHandler.throwIfResponseFailed(ErrorHandler.java:166)
at org.openqa.selenium.remote.http.JsonHttpResponseCodec.reconstructValue(JsonHttpResponseCodec.java:40)
at org.openqa.selenium.remote.http.AbstractHttpResponseCodec.decode(AbstractHttpResponseCodec.java:80)
at org.openqa.selenium.remote.http.AbstractHttpResponseCodec.decode(AbstractHttpResponseCodec.java:44)
at org.openqa.selenium.remote.HttpCommandExecutor.execute(HttpCommandExecutor.java:158)
at org.openqa.selenium.remote.service.DriverCommandExecutor.execute(DriverCommandExecutor.java:83)
at org.openqa.selenium.remote.RemoteWebDriver.execute(RemoteWebDriver.java:552)
at org.openqa.selenium.remote.RemoteWebDriver.findElement(RemoteWebDriver.java:323)
at org.openqa.selenium.remote.RemoteWebDriver.findElementByCssSelector(RemoteWebDriver.java:420)
at org.openqa.selenium.By$ByCssSelector.findElement(By.java:431)
at org.openqa.selenium.remote.RemoteWebDriver.findElement(RemoteWebDriver.java:315)
at pageObjects.ProductPage.lblBoostTxt(ProductPage.java:54)
at automationFramework.TSVerifyPages5.checkBoostPages(TSVerifyPages5.java:74)
at sun.reflect.NativeMethodAccessorImpl.invoke0(Native Method)
at sun.reflect.NativeMethodAccessorImpl.invoke(Unknown Source)
at sun.reflect.DelegatingMethodAccessorImpl.invoke(Unknown Source)
at java.lang.reflect.Method.invoke(Unknown Source)
at org.testng.internal.MethodInvocationHelper.invokeMethod(MethodInvocationHelper.java:124)
at org.testng.internal.Invoker.invokeMethod(Invoker.java:583)
at org.testng.internal.Invoker.invokeTestMethod(Invoker.java:719)
at org.testng.internal.Invoker.invokeTestMethods(Invoker.java:989)
at org.testng.internal.TestMethodWorker.invokeTestMethods(TestMethodWorker.java:125)
at org.testng.internal.TestMethodWorker.run(TestMethodWorker.java:109)
at java.util.concurrent.ThreadPoolExecutor.runWorker(Unknown Source)
at java.util.concurrent.ThreadPoolExecutor$Worker.run(Unknown Source)
at java.lang.Thread.run(Unknown Source)
]]>
    </error>
  </testcase> <!-- checkBoostPages -->
  <testcase name="checkBoostPages" time="12.091" classname="automationFramework.TSVerifyPages5">
    <error type="org.openqa.selenium.NoSuchElementException" message="no such element: Unable to locate element: {&quot;method&quot;:&quot;css selector&quot;,&quot;selector&quot;:&quot;#productSummary &gt; div &gt; div.row.imagecontainer &gt; div &gt; span &gt; dl &gt; ul &gt; li:nth-child(3) &gt; span.prod-value &gt; div&quot;}
  (Session info: chrome=77.0.3865.90)
  (Driver info: chromedriver=2.43.600210 (68dcf5eebde37173d4027fa8635e332711d2874a),platform=Windows NT 6.1.7601 SP1 x86_64) (WARNING: The server did not provide any stacktrace information)
Command duration or timeout: 0 milliseconds
For documentation on this error, please visit: https://www.seleniumhq.org/exceptions/no_such_element.html
Build info: version: &#039;3.141.59&#039;, revision: &#039;e82be7d358&#039;, time: &#039;2018-11-14T08:25:48&#039;
System info: host: &#039;LT-MRADFORD2&#039;, ip: &#039;10.200.25.242&#039;, os.name: &#039;Windows 7&#039;, os.arch: &#039;amd64&#039;, os.version: &#039;6.1&#039;, java.version: &#039;1.8.0_211&#039;
Driver info: org.openqa.selenium.chrome.ChromeDriver
Capabilities {acceptInsecureCerts: false, acceptSslCerts: false, applicationCacheEnabled: false, browserConnectionEnabled: false, browserName: chrome, chrome: {chromedriverVersion: 2.43.600210 (68dcf5eebde371..., userDataDir: C:\Users\mradford\AppData\L...}, cssSelectorsEnabled: true, databaseEnabled: false, goog:chromeOptions: {debuggerAddress: localhost:57156}, handlesAlerts: true, hasTouchScreen: false, javascriptEnabled: true, locationContextEnabled: true, mobileEmulationEnabled: false, nativeEvents: true, networkConnectionEnabled: false, pageLoadStrategy: normal, platform: XP, platformName: XP, rotatable: false, setWindowRect: true, takesHeapSnapshot: true, takesScreenshot: true, unexpectedAlertBehaviour: , unhandledPromptBehavior: , version: 77.0.3865.90, webStorageEnabled: true}
Session ID: e0d9e5490481375654c9c94b0d9cb4cc
*** Element info: {Using=css selector, value=#productSummary &gt; div &gt; div.row.imagecontainer &gt; div &gt; span &gt; dl &gt; ul &gt; li:nth-child(3) &gt; span.prod-value &gt; div}">
      <![CDATA[org.openqa.selenium.NoSuchElementException: no such element: Unable to locate element: {"method":"css selector","selector":"#productSummary > div > div.row.imagecontainer > div > span > dl > ul > li:nth-child(3) > span.prod-value > div"}
  (Session info: chrome=77.0.3865.90)
  (Driver info: chromedriver=2.43.600210 (68dcf5eebde37173d4027fa8635e332711d2874a),platform=Windows NT 6.1.7601 SP1 x86_64) (WARNING: The server did not provide any stacktrace information)
Command duration or timeout: 0 milliseconds
For documentation on this error, please visit: https://www.seleniumhq.org/exceptions/no_such_element.html
Build info: version: '3.141.59', revision: 'e82be7d358', time: '2018-11-14T08:25:48'
System info: host: 'LT-MRADFORD2', ip: '10.200.25.242', os.name: 'Windows 7', os.arch: 'amd64', os.version: '6.1', java.version: '1.8.0_211'
Driver info: org.openqa.selenium.chrome.ChromeDriver
Capabilities {acceptInsecureCerts: false, acceptSslCerts: false, applicationCacheEnabled: false, browserConnectionEnabled: false, browserName: chrome, chrome: {chromedriverVersion: 2.43.600210 (68dcf5eebde371..., userDataDir: C:\Users\mradford\AppData\L...}, cssSelectorsEnabled: true, databaseEnabled: false, goog:chromeOptions: {debuggerAddress: localhost:57156}, handlesAlerts: true, hasTouchScreen: false, javascriptEnabled: true, locationContextEnabled: true, mobileEmulationEnabled: false, nativeEvents: true, networkConnectionEnabled: false, pageLoadStrategy: normal, platform: XP, platformName: XP, rotatable: false, setWindowRect: true, takesHeapSnapshot: true, takesScreenshot: true, unexpectedAlertBehaviour: , unhandledPromptBehavior: , version: 77.0.3865.90, webStorageEnabled: true}
Session ID: e0d9e5490481375654c9c94b0d9cb4cc
*** Element info: {Using=css selector, value=#productSummary > div > div.row.imagecontainer > div > span > dl > ul > li:nth-child(3) > span.prod-value > div}
at sun.reflect.NativeConstructorAccessorImpl.newInstance0(Native Method)
at sun.reflect.NativeConstructorAccessorImpl.newInstance(Unknown Source)
at sun.reflect.DelegatingConstructorAccessorImpl.newInstance(Unknown Source)
at java.lang.reflect.Constructor.newInstance(Unknown Source)
at org.openqa.selenium.remote.ErrorHandler.createThrowable(ErrorHandler.java:214)
at org.openqa.selenium.remote.ErrorHandler.throwIfResponseFailed(ErrorHandler.java:166)
at org.openqa.selenium.remote.http.JsonHttpResponseCodec.reconstructValue(JsonHttpResponseCodec.java:40)
at org.openqa.selenium.remote.http.AbstractHttpResponseCodec.decode(AbstractHttpResponseCodec.java:80)
at org.openqa.selenium.remote.http.AbstractHttpResponseCodec.decode(AbstractHttpResponseCodec.java:44)
at org.openqa.selenium.remote.HttpCommandExecutor.execute(HttpCommandExecutor.java:158)
at org.openqa.selenium.remote.service.DriverCommandExecutor.execute(DriverCommandExecutor.java:83)
at org.openqa.selenium.remote.RemoteWebDriver.execute(RemoteWebDriver.java:552)
at org.openqa.selenium.remote.RemoteWebDriver.findElement(RemoteWebDriver.java:323)
at org.openqa.selenium.remote.RemoteWebDriver.findElementByCssSelector(RemoteWebDriver.java:420)
at org.openqa.selenium.By$ByCssSelector.findElement(By.java:431)
at org.openqa.selenium.remote.RemoteWebDriver.findElement(RemoteWebDriver.java:315)
at pageObjects.ProductPage.lblBoostTxt(ProductPage.java:54)
at automationFramework.TSVerifyPages5.checkBoostPages(TSVerifyPages5.java:74)
at sun.reflect.NativeMethodAccessorImpl.invoke0(Native Method)
at sun.reflect.NativeMethodAccessorImpl.invoke(Unknown Source)
at sun.reflect.DelegatingMethodAccessorImpl.invoke(Unknown Source)
at java.lang.reflect.Method.invoke(Unknown Source)
at org.testng.internal.MethodInvocationHelper.invokeMethod(MethodInvocationHelper.java:124)
at org.testng.internal.Invoker.invokeMethod(Invoker.java:583)
at org.testng.internal.Invoker.invokeTestMethod(Invoker.java:719)
at org.testng.internal.Invoker.invokeTestMethods(Invoker.java:989)
at org.testng.internal.TestMethodWorker.invokeTestMethods(TestMethodWorker.java:125)
at org.testng.internal.TestMethodWorker.run(TestMethodWorker.java:109)
at java.util.concurrent.ThreadPoolExecutor.runWorker(Unknown Source)
at java.util.concurrent.ThreadPoolExecutor$Worker.run(Unknown Source)
at java.lang.Thread.run(Unknown Source)
]]>
    </error>
  </testcase> <!-- checkBoostPages -->
  <testcase name="checkCategoryPages" time="9.935" classname="automationFramework.TSVerifyPages5"/>
  <testcase name="checkDonorPages" time="8.448" classname="automationFramework.TSVerifyPages5"/>
  <testcase name="checkCategoryPages" time="7.816" classname="automationFramework.TSVerifyPages5"/>
  <testcase name="checkDonorPages" time="6.853" classname="automationFramework.TSVerifyPages5"/>
  <testcase name="checkDonorPages" time="5.513" classname="automationFramework.TSVerifyPages5"/>
  <testcase name="checkDonorPages" time="5.131" classname="automationFramework.TSVerifyPages5"/>
  <testcase name="checkDonorPages" time="8.338" classname="automationFramework.TSVerifyPages5"/>
  <testcase name="checkDonorPages" time="17.476" classname="automationFramework.TSVerifyPages5"/>
  <testcase name="checkCategoryPages" time="9.116" classname="automationFramework.TSVerifyPages5"/>
  <testcase name="checkDonorPages" time="3.619" classname="automationFramework.TSVerifyPages5"/>
  <testcase name="checkDonorPages" time="5.953" classname="automationFramework.TSVerifyPages5"/>
  <testcase name="checkDonorPages" time="3.797" classname="automationFramework.TSVerifyPages5"/>
  <testcase name="checkDonorPages" time="6.726" classname="automationFramework.TSVerifyPages5"/>
  <testcase name="checkDonorPages" time="5.391" classname="automationFramework.TSVerifyPages5"/>
  <testcase name="checkDonorPages" time="8.256" classname="automationFramework.TSVerifyPages5"/>
  <testcase name="checkCategoryPages" time="8.396" classname="automationFramework.TSVerifyPages5"/>
  <testcase name="checkCategoryPages" time="6.698" classname="automationFramework.TSVerifyPages5"/>
  <testcase name="checkDonorPages" time="8.832" classname="automationFramework.TSVerifyPages5"/>
  <testcase name="checkDonorPages" time="9.687" classname="automationFramework.TSVerifyPages5"/>
  <testcase name="checkDonorPages" time="17.982" classname="automationFramework.TSVerifyPages5"/>
  <testcase name="checkDonorPages" time="18.755" classname="automationFramework.TSVerifyPages5"/>
  <testcase name="checkDonorPages" time="7.759" classname="automationFramework.TSVerifyPages5"/>
  <testcase name="checkDonorPages" time="5.732" classname="automationFramework.TSVerifyPages5"/>
  <testcase name="checkDonorPages" time="8.384" classname="automationFramework.TSVerifyPages5"/>
  <testcase name="checkDonorPages" time="15.578" classname="automationFramework.TSVerifyPages5"/>
  <testcase name="checkDonorPages" time="7.033" classname="automationFramework.TSVerifyPages5"/>
  <testcase name="checkCategoryPages" time="9.394" classname="automationFramework.TSVerifyPages5"/>
  <testcase name="checkDonorPages" time="7.927" classname="automationFramework.TSVerifyPages5"/>
  <testcase name="checkDonorPages" time="7.274" classname="automationFramework.TSVerifyPages5"/>
  <testcase name="checkCategoryPages" time="8.053" classname="automationFramework.TSVerifyPages5"/>
  <testcase name="checkDonorPages" time="7.544" classname="automationFramework.TSVerifyPages5"/>
  <testcase name="checkDonorPages" time="7.649" classname="automationFramework.TSVerifyPages5"/>
  <testcase name="checkDonorPages" time="3.637" classname="automationFramework.TSVerifyPages5"/>
  <testcase name="checkDonorPages" time="8.099" classname="automationFramework.TSVerifyPages5"/>
  <testcase name="checkBoostPages" time="12.092" classname="automationFramework.TSVerifyPages5">
    <error type="org.openqa.selenium.NoSuchElementException" message="no such element: Unable to locate element: {&quot;method&quot;:&quot;css selector&quot;,&quot;selector&quot;:&quot;#productSummary &gt; div &gt; div.row.imagecontainer &gt; div &gt; span &gt; dl &gt; ul &gt; li:nth-child(3) &gt; span.prod-value &gt; div&quot;}
  (Session info: chrome=77.0.3865.90)
  (Driver info: chromedriver=2.43.600210 (68dcf5eebde37173d4027fa8635e332711d2874a),platform=Windows NT 6.1.7601 SP1 x86_64) (WARNING: The server did not provide any stacktrace information)
Command duration or timeout: 0 milliseconds
For documentation on this error, please visit: https://www.seleniumhq.org/exceptions/no_such_element.html
Build info: version: &#039;3.141.59&#039;, revision: &#039;e82be7d358&#039;, time: &#039;2018-11-14T08:25:48&#039;
System info: host: &#039;LT-MRADFORD2&#039;, ip: &#039;10.200.25.242&#039;, os.name: &#039;Windows 7&#039;, os.arch: &#039;amd64&#039;, os.version: &#039;6.1&#039;, java.version: &#039;1.8.0_211&#039;
Driver info: org.openqa.selenium.chrome.ChromeDriver
Capabilities {acceptInsecureCerts: false, acceptSslCerts: false, applicationCacheEnabled: false, browserConnectionEnabled: false, browserName: chrome, chrome: {chromedriverVersion: 2.43.600210 (68dcf5eebde371..., userDataDir: C:\Users\mradford\AppData\L...}, cssSelectorsEnabled: true, databaseEnabled: false, goog:chromeOptions: {debuggerAddress: localhost:57156}, handlesAlerts: true, hasTouchScreen: false, javascriptEnabled: true, locationContextEnabled: true, mobileEmulationEnabled: false, nativeEvents: true, networkConnectionEnabled: false, pageLoadStrategy: normal, platform: XP, platformName: XP, rotatable: false, setWindowRect: true, takesHeapSnapshot: true, takesScreenshot: true, unexpectedAlertBehaviour: , unhandledPromptBehavior: , version: 77.0.3865.90, webStorageEnabled: true}
Session ID: e0d9e5490481375654c9c94b0d9cb4cc
*** Element info: {Using=css selector, value=#productSummary &gt; div &gt; div.row.imagecontainer &gt; div &gt; span &gt; dl &gt; ul &gt; li:nth-child(3) &gt; span.prod-value &gt; div}">
      <![CDATA[org.openqa.selenium.NoSuchElementException: no such element: Unable to locate element: {"method":"css selector","selector":"#productSummary > div > div.row.imagecontainer > div > span > dl > ul > li:nth-child(3) > span.prod-value > div"}
  (Session info: chrome=77.0.3865.90)
  (Driver info: chromedriver=2.43.600210 (68dcf5eebde37173d4027fa8635e332711d2874a),platform=Windows NT 6.1.7601 SP1 x86_64) (WARNING: The server did not provide any stacktrace information)
Command duration or timeout: 0 milliseconds
For documentation on this error, please visit: https://www.seleniumhq.org/exceptions/no_such_element.html
Build info: version: '3.141.59', revision: 'e82be7d358', time: '2018-11-14T08:25:48'
System info: host: 'LT-MRADFORD2', ip: '10.200.25.242', os.name: 'Windows 7', os.arch: 'amd64', os.version: '6.1', java.version: '1.8.0_211'
Driver info: org.openqa.selenium.chrome.ChromeDriver
Capabilities {acceptInsecureCerts: false, acceptSslCerts: false, applicationCacheEnabled: false, browserConnectionEnabled: false, browserName: chrome, chrome: {chromedriverVersion: 2.43.600210 (68dcf5eebde371..., userDataDir: C:\Users\mradford\AppData\L...}, cssSelectorsEnabled: true, databaseEnabled: false, goog:chromeOptions: {debuggerAddress: localhost:57156}, handlesAlerts: true, hasTouchScreen: false, javascriptEnabled: true, locationContextEnabled: true, mobileEmulationEnabled: false, nativeEvents: true, networkConnectionEnabled: false, pageLoadStrategy: normal, platform: XP, platformName: XP, rotatable: false, setWindowRect: true, takesHeapSnapshot: true, takesScreenshot: true, unexpectedAlertBehaviour: , unhandledPromptBehavior: , version: 77.0.3865.90, webStorageEnabled: true}
Session ID: e0d9e5490481375654c9c94b0d9cb4cc
*** Element info: {Using=css selector, value=#productSummary > div > div.row.imagecontainer > div > span > dl > ul > li:nth-child(3) > span.prod-value > div}
at sun.reflect.GeneratedConstructorAccessor20.newInstance(Unknown Source)
at sun.reflect.DelegatingConstructorAccessorImpl.newInstance(Unknown Source)
at java.lang.reflect.Constructor.newInstance(Unknown Source)
at org.openqa.selenium.remote.ErrorHandler.createThrowable(ErrorHandler.java:214)
at org.openqa.selenium.remote.ErrorHandler.throwIfResponseFailed(ErrorHandler.java:166)
at org.openqa.selenium.remote.http.JsonHttpResponseCodec.reconstructValue(JsonHttpResponseCodec.java:40)
at org.openqa.selenium.remote.http.AbstractHttpResponseCodec.decode(AbstractHttpResponseCodec.java:80)
at org.openqa.selenium.remote.http.AbstractHttpResponseCodec.decode(AbstractHttpResponseCodec.java:44)
at org.openqa.selenium.remote.HttpCommandExecutor.execute(HttpCommandExecutor.java:158)
at org.openqa.selenium.remote.service.DriverCommandExecutor.execute(DriverCommandExecutor.java:83)
at org.openqa.selenium.remote.RemoteWebDriver.execute(RemoteWebDriver.java:552)
at org.openqa.selenium.remote.RemoteWebDriver.findElement(RemoteWebDriver.java:323)
at org.openqa.selenium.remote.RemoteWebDriver.findElementByCssSelector(RemoteWebDriver.java:420)
at org.openqa.selenium.By$ByCssSelector.findElement(By.java:431)
at org.openqa.selenium.remote.RemoteWebDriver.findElement(RemoteWebDriver.java:315)
at pageObjects.ProductPage.lblBoostTxt(ProductPage.java:54)
at automationFramework.TSVerifyPages5.checkBoostPages(TSVerifyPages5.java:74)
at sun.reflect.NativeMethodAccessorImpl.invoke0(Native Method)
at sun.reflect.NativeMethodAccessorImpl.invoke(Unknown Source)
at sun.reflect.DelegatingMethodAccessorImpl.invoke(Unknown Source)
at java.lang.reflect.Method.invoke(Unknown Source)
at org.testng.internal.MethodInvocationHelper.invokeMethod(MethodInvocationHelper.java:124)
at org.testng.internal.Invoker.invokeMethod(Invoker.java:583)
at org.testng.internal.Invoker.invokeTestMethod(Invoker.java:719)
at org.testng.internal.Invoker.invokeTestMethods(Invoker.java:989)
at org.testng.internal.TestMethodWorker.invokeTestMethods(TestMethodWorker.java:125)
at org.testng.internal.TestMethodWorker.run(TestMethodWorker.java:109)
at java.util.concurrent.ThreadPoolExecutor.runWorker(Unknown Source)
at java.util.concurrent.ThreadPoolExecutor$Worker.run(Unknown Source)
at java.lang.Thread.run(Unknown Source)
]]>
    </error>
  </testcase> <!-- checkBoostPages -->
  <testcase name="checkDonorPages" time="4.988" classname="automationFramework.TSVerifyPages5"/>
  <testcase name="checkCategoryPages" time="8.037" classname="automationFramework.TSVerifyPages5"/>
  <testcase name="checkDonorPages" time="5.175" classname="automationFramework.TSVerifyPages5"/>
  <testcase name="checkDonorPages" time="4.307" classname="automationFramework.TSVerifyPages5"/>
  <testcase name="checkDonorPages" time="8.365" classname="automationFramework.TSVerifyPages5"/>
  <testcase name="checkDonorPages" time="7.453" classname="automationFramework.TSVerifyPages5"/>
  <testcase name="checkDonorPages" time="7.702" classname="automationFramework.TSVerifyPages5"/>
  <testcase name="checkCategoryPages" time="7.800" classname="automationFramework.TSVerifyPages5"/>
  <testcase name="checkCategoryPages" time="7.792" classname="automationFramework.TSVerifyPages5"/>
  <testcase name="checkDonorPages" time="5.617" classname="automationFramework.TSVerifyPages5"/>
  <testcase name="checkDonorPages" time="7.908" classname="automationFramework.TSVerifyPages5"/>
  <testcase name="checkDonorPages" time="7.735" classname="automationFramework.TSVerifyPages5"/>
  <testcase name="checkDonorPages" time="8.194" classname="automationFramework.TSVerifyPages5"/>
  <testcase name="checkDonorPages" time="8.006" classname="automationFramework.TSVerifyPages5"/>
  <testcase name="checkDonorPages" time="8.917" classname="automationFramework.TSVerifyPages5"/>
  <testcase name="checkDonorPages" time="7.557" classname="automationFramework.TSVerifyPages5"/>
  <testcase name="checkDonorPages" time="7.895" classname="automationFramework.TSVerifyPages5"/>
  <testcase name="checkCategoryPages" time="6.568" classname="automationFramework.TSVerifyPages5"/>
  <testcase name="checkDonorPages" time="8.535" classname="automationFramework.TSVerifyPages5"/>
  <testcase name="checkDonorPages" time="8.010" classname="automationFramework.TSVerifyPages5"/>
  <testcase name="checkDonorPages" time="7.472" classname="automationFramework.TSVerifyPages5"/>
  <testcase name="checkDonorPages" time="7.979" classname="automationFramework.TSVerifyPages5"/>
  <testcase name="checkBoostPages" time="15.091" classname="automationFramework.TSVerifyPages5">
    <error type="org.openqa.selenium.NoSuchElementException" message="no such element: Unable to locate element: {&quot;method&quot;:&quot;css selector&quot;,&quot;selector&quot;:&quot;#productSummary &gt; div &gt; div.row.imagecontainer &gt; div &gt; span &gt; dl &gt; ul &gt; li:nth-child(3) &gt; span.prod-value &gt; div&quot;}
  (Session info: chrome=77.0.3865.90)
  (Driver info: chromedriver=2.43.600210 (68dcf5eebde37173d4027fa8635e332711d2874a),platform=Windows NT 6.1.7601 SP1 x86_64) (WARNING: The server did not provide any stacktrace information)
Command duration or timeout: 0 milliseconds
For documentation on this error, please visit: https://www.seleniumhq.org/exceptions/no_such_element.html
Build info: version: &#039;3.141.59&#039;, revision: &#039;e82be7d358&#039;, time: &#039;2018-11-14T08:25:48&#039;
System info: host: &#039;LT-MRADFORD2&#039;, ip: &#039;10.200.25.242&#039;, os.name: &#039;Windows 7&#039;, os.arch: &#039;amd64&#039;, os.version: &#039;6.1&#039;, java.version: &#039;1.8.0_211&#039;
Driver info: org.openqa.selenium.chrome.ChromeDriver
Capabilities {acceptInsecureCerts: false, acceptSslCerts: false, applicationCacheEnabled: false, browserConnectionEnabled: false, browserName: chrome, chrome: {chromedriverVersion: 2.43.600210 (68dcf5eebde371..., userDataDir: C:\Users\mradford\AppData\L...}, cssSelectorsEnabled: true, databaseEnabled: false, goog:chromeOptions: {debuggerAddress: localhost:57156}, handlesAlerts: true, hasTouchScreen: false, javascriptEnabled: true, locationContextEnabled: true, mobileEmulationEnabled: false, nativeEvents: true, networkConnectionEnabled: false, pageLoadStrategy: normal, platform: XP, platformName: XP, rotatable: false, setWindowRect: true, takesHeapSnapshot: true, takesScreenshot: true, unexpectedAlertBehaviour: , unhandledPromptBehavior: , version: 77.0.3865.90, webStorageEnabled: true}
Session ID: e0d9e5490481375654c9c94b0d9cb4cc
*** Element info: {Using=css selector, value=#productSummary &gt; div &gt; div.row.imagecontainer &gt; div &gt; span &gt; dl &gt; ul &gt; li:nth-child(3) &gt; span.prod-value &gt; div}">
      <![CDATA[org.openqa.selenium.NoSuchElementException: no such element: Unable to locate element: {"method":"css selector","selector":"#productSummary > div > div.row.imagecontainer > div > span > dl > ul > li:nth-child(3) > span.prod-value > div"}
  (Session info: chrome=77.0.3865.90)
  (Driver info: chromedriver=2.43.600210 (68dcf5eebde37173d4027fa8635e332711d2874a),platform=Windows NT 6.1.7601 SP1 x86_64) (WARNING: The server did not provide any stacktrace information)
Command duration or timeout: 0 milliseconds
For documentation on this error, please visit: https://www.seleniumhq.org/exceptions/no_such_element.html
Build info: version: '3.141.59', revision: 'e82be7d358', time: '2018-11-14T08:25:48'
System info: host: 'LT-MRADFORD2', ip: '10.200.25.242', os.name: 'Windows 7', os.arch: 'amd64', os.version: '6.1', java.version: '1.8.0_211'
Driver info: org.openqa.selenium.chrome.ChromeDriver
Capabilities {acceptInsecureCerts: false, acceptSslCerts: false, applicationCacheEnabled: false, browserConnectionEnabled: false, browserName: chrome, chrome: {chromedriverVersion: 2.43.600210 (68dcf5eebde371..., userDataDir: C:\Users\mradford\AppData\L...}, cssSelectorsEnabled: true, databaseEnabled: false, goog:chromeOptions: {debuggerAddress: localhost:57156}, handlesAlerts: true, hasTouchScreen: false, javascriptEnabled: true, locationContextEnabled: true, mobileEmulationEnabled: false, nativeEvents: true, networkConnectionEnabled: false, pageLoadStrategy: normal, platform: XP, platformName: XP, rotatable: false, setWindowRect: true, takesHeapSnapshot: true, takesScreenshot: true, unexpectedAlertBehaviour: , unhandledPromptBehavior: , version: 77.0.3865.90, webStorageEnabled: true}
Session ID: e0d9e5490481375654c9c94b0d9cb4cc
*** Element info: {Using=css selector, value=#productSummary > div > div.row.imagecontainer > div > span > dl > ul > li:nth-child(3) > span.prod-value > div}
at sun.reflect.NativeConstructorAccessorImpl.newInstance0(Native Method)
at sun.reflect.NativeConstructorAccessorImpl.newInstance(Unknown Source)
at sun.reflect.DelegatingConstructorAccessorImpl.newInstance(Unknown Source)
at java.lang.reflect.Constructor.newInstance(Unknown Source)
at org.openqa.selenium.remote.ErrorHandler.createThrowable(ErrorHandler.java:214)
at org.openqa.selenium.remote.ErrorHandler.throwIfResponseFailed(ErrorHandler.java:166)
at org.openqa.selenium.remote.http.JsonHttpResponseCodec.reconstructValue(JsonHttpResponseCodec.java:40)
at org.openqa.selenium.remote.http.AbstractHttpResponseCodec.decode(AbstractHttpResponseCodec.java:80)
at org.openqa.selenium.remote.http.AbstractHttpResponseCodec.decode(AbstractHttpResponseCodec.java:44)
at org.openqa.selenium.remote.HttpCommandExecutor.execute(HttpCommandExecutor.java:158)
at org.openqa.selenium.remote.service.DriverCommandExecutor.execute(DriverCommandExecutor.java:83)
at org.openqa.selenium.remote.RemoteWebDriver.execute(RemoteWebDriver.java:552)
at org.openqa.selenium.remote.RemoteWebDriver.findElement(RemoteWebDriver.java:323)
at org.openqa.selenium.remote.RemoteWebDriver.findElementByCssSelector(RemoteWebDriver.java:420)
at org.openqa.selenium.By$ByCssSelector.findElement(By.java:431)
at org.openqa.selenium.remote.RemoteWebDriver.findElement(RemoteWebDriver.java:315)
at pageObjects.ProductPage.lblBoostTxt(ProductPage.java:54)
at automationFramework.TSVerifyPages5.checkBoostPages(TSVerifyPages5.java:74)
at sun.reflect.NativeMethodAccessorImpl.invoke0(Native Method)
at sun.reflect.NativeMethodAccessorImpl.invoke(Unknown Source)
at sun.reflect.DelegatingMethodAccessorImpl.invoke(Unknown Source)
at java.lang.reflect.Method.invoke(Unknown Source)
at org.testng.internal.MethodInvocationHelper.invokeMethod(MethodInvocationHelper.java:124)
at org.testng.internal.Invoker.invokeMethod(Invoker.java:583)
at org.testng.internal.Invoker.invokeTestMethod(Invoker.java:719)
at org.testng.internal.Invoker.invokeTestMethods(Invoker.java:989)
at org.testng.internal.TestMethodWorker.invokeTestMethods(TestMethodWorker.java:125)
at org.testng.internal.TestMethodWorker.run(TestMethodWorker.java:109)
at java.util.concurrent.ThreadPoolExecutor.runWorker(Unknown Source)
at java.util.concurrent.ThreadPoolExecutor$Worker.run(Unknown Source)
at java.lang.Thread.run(Unknown Source)
]]>
    </error>
  </testcase> <!-- checkBoostPages -->
  <testcase name="checkDonorPages" time="4.045" classname="automationFramework.TSVerifyPages5"/>
  <testcase name="checkDonorPages" time="5.874" classname="automationFramework.TSVerifyPages5"/>
  <testcase name="checkCategoryPages" time="9.986" classname="automationFramework.TSVerifyPages5"/>
  <testcase name="checkDonorPages" time="6.027" classname="automationFramework.TSVerifyPages5"/>
  <testcase name="checkCategoryPages" time="9.558" classname="automationFramework.TSVerifyPages5"/>
  <testcase name="checkCategoryPages" time="8.539" classname="automationFramework.TSVerifyPages5"/>
  <testcase name="checkDonorPages" time="7.071" classname="automationFramework.TSVerifyPages5"/>
  <testcase name="checkDonorPages" time="7.899" classname="automationFramework.TSVerifyPages5"/>
  <testcase name="checkCategoryPages" time="10.285" classname="automationFramework.TSVerifyPages5"/>
  <testcase name="checkBoostPages" time="12.415" classname="automationFramework.TSVerifyPages5">
    <error type="org.openqa.selenium.NoSuchElementException" message="no such element: Unable to locate element: {&quot;method&quot;:&quot;css selector&quot;,&quot;selector&quot;:&quot;#productSummary &gt; div &gt; div.row.imagecontainer &gt; div &gt; span &gt; dl &gt; ul &gt; li:nth-child(3) &gt; span.prod-value &gt; div&quot;}
  (Session info: chrome=77.0.3865.90)
  (Driver info: chromedriver=2.43.600210 (68dcf5eebde37173d4027fa8635e332711d2874a),platform=Windows NT 6.1.7601 SP1 x86_64) (WARNING: The server did not provide any stacktrace information)
Command duration or timeout: 0 milliseconds
For documentation on this error, please visit: https://www.seleniumhq.org/exceptions/no_such_element.html
Build info: version: &#039;3.141.59&#039;, revision: &#039;e82be7d358&#039;, time: &#039;2018-11-14T08:25:48&#039;
System info: host: &#039;LT-MRADFORD2&#039;, ip: &#039;10.200.25.242&#039;, os.name: &#039;Windows 7&#039;, os.arch: &#039;amd64&#039;, os.version: &#039;6.1&#039;, java.version: &#039;1.8.0_211&#039;
Driver info: org.openqa.selenium.chrome.ChromeDriver
Capabilities {acceptInsecureCerts: false, acceptSslCerts: false, applicationCacheEnabled: false, browserConnectionEnabled: false, browserName: chrome, chrome: {chromedriverVersion: 2.43.600210 (68dcf5eebde371..., userDataDir: C:\Users\mradford\AppData\L...}, cssSelectorsEnabled: true, databaseEnabled: false, goog:chromeOptions: {debuggerAddress: localhost:57156}, handlesAlerts: true, hasTouchScreen: false, javascriptEnabled: true, locationContextEnabled: true, mobileEmulationEnabled: false, nativeEvents: true, networkConnectionEnabled: false, pageLoadStrategy: normal, platform: XP, platformName: XP, rotatable: false, setWindowRect: true, takesHeapSnapshot: true, takesScreenshot: true, unexpectedAlertBehaviour: , unhandledPromptBehavior: , version: 77.0.3865.90, webStorageEnabled: true}
Session ID: e0d9e5490481375654c9c94b0d9cb4cc
*** Element info: {Using=css selector, value=#productSummary &gt; div &gt; div.row.imagecontainer &gt; div &gt; span &gt; dl &gt; ul &gt; li:nth-child(3) &gt; span.prod-value &gt; div}">
      <![CDATA[org.openqa.selenium.NoSuchElementException: no such element: Unable to locate element: {"method":"css selector","selector":"#productSummary > div > div.row.imagecontainer > div > span > dl > ul > li:nth-child(3) > span.prod-value > div"}
  (Session info: chrome=77.0.3865.90)
  (Driver info: chromedriver=2.43.600210 (68dcf5eebde37173d4027fa8635e332711d2874a),platform=Windows NT 6.1.7601 SP1 x86_64) (WARNING: The server did not provide any stacktrace information)
Command duration or timeout: 0 milliseconds
For documentation on this error, please visit: https://www.seleniumhq.org/exceptions/no_such_element.html
Build info: version: '3.141.59', revision: 'e82be7d358', time: '2018-11-14T08:25:48'
System info: host: 'LT-MRADFORD2', ip: '10.200.25.242', os.name: 'Windows 7', os.arch: 'amd64', os.version: '6.1', java.version: '1.8.0_211'
Driver info: org.openqa.selenium.chrome.ChromeDriver
Capabilities {acceptInsecureCerts: false, acceptSslCerts: false, applicationCacheEnabled: false, browserConnectionEnabled: false, browserName: chrome, chrome: {chromedriverVersion: 2.43.600210 (68dcf5eebde371..., userDataDir: C:\Users\mradford\AppData\L...}, cssSelectorsEnabled: true, databaseEnabled: false, goog:chromeOptions: {debuggerAddress: localhost:57156}, handlesAlerts: true, hasTouchScreen: false, javascriptEnabled: true, locationContextEnabled: true, mobileEmulationEnabled: false, nativeEvents: true, networkConnectionEnabled: false, pageLoadStrategy: normal, platform: XP, platformName: XP, rotatable: false, setWindowRect: true, takesHeapSnapshot: true, takesScreenshot: true, unexpectedAlertBehaviour: , unhandledPromptBehavior: , version: 77.0.3865.90, webStorageEnabled: true}
Session ID: e0d9e5490481375654c9c94b0d9cb4cc
*** Element info: {Using=css selector, value=#productSummary > div > div.row.imagecontainer > div > span > dl > ul > li:nth-child(3) > span.prod-value > div}
at sun.reflect.GeneratedConstructorAccessor20.newInstance(Unknown Source)
at sun.reflect.DelegatingConstructorAccessorImpl.newInstance(Unknown Source)
at java.lang.reflect.Constructor.newInstance(Unknown Source)
at org.openqa.selenium.remote.ErrorHandler.createThrowable(ErrorHandler.java:214)
at org.openqa.selenium.remote.ErrorHandler.throwIfResponseFailed(ErrorHandler.java:166)
at org.openqa.selenium.remote.http.JsonHttpResponseCodec.reconstructValue(JsonHttpResponseCodec.java:40)
at org.openqa.selenium.remote.http.AbstractHttpResponseCodec.decode(AbstractHttpResponseCodec.java:80)
at org.openqa.selenium.remote.http.AbstractHttpResponseCodec.decode(AbstractHttpResponseCodec.java:44)
at org.openqa.selenium.remote.HttpCommandExecutor.execute(HttpCommandExecutor.java:158)
at org.openqa.selenium.remote.service.DriverCommandExecutor.execute(DriverCommandExecutor.java:83)
at org.openqa.selenium.remote.RemoteWebDriver.execute(RemoteWebDriver.java:552)
at org.openqa.selenium.remote.RemoteWebDriver.findElement(RemoteWebDriver.java:323)
at org.openqa.selenium.remote.RemoteWebDriver.findElementByCssSelector(RemoteWebDriver.java:420)
at org.openqa.selenium.By$ByCssSelector.findElement(By.java:431)
at org.openqa.selenium.remote.RemoteWebDriver.findElement(RemoteWebDriver.java:315)
at pageObjects.ProductPage.lblBoostTxt(ProductPage.java:54)
at automationFramework.TSVerifyPages5.checkBoostPages(TSVerifyPages5.java:74)
at sun.reflect.NativeMethodAccessorImpl.invoke0(Native Method)
at sun.reflect.NativeMethodAccessorImpl.invoke(Unknown Source)
at sun.reflect.DelegatingMethodAccessorImpl.invoke(Unknown Source)
at java.lang.reflect.Method.invoke(Unknown Source)
at org.testng.internal.MethodInvocationHelper.invokeMethod(MethodInvocationHelper.java:124)
at org.testng.internal.Invoker.invokeMethod(Invoker.java:583)
at org.testng.internal.Invoker.invokeTestMethod(Invoker.java:719)
at org.testng.internal.Invoker.invokeTestMethods(Invoker.java:989)
at org.testng.internal.TestMethodWorker.invokeTestMethods(TestMethodWorker.java:125)
at org.testng.internal.TestMethodWorker.run(TestMethodWorker.java:109)
at java.util.concurrent.ThreadPoolExecutor.runWorker(Unknown Source)
at java.util.concurrent.ThreadPoolExecutor$Worker.run(Unknown Source)
at java.lang.Thread.run(Unknown Source)
]]>
    </error>
  </testcase> <!-- checkBoostPages -->
  <testcase name="checkDonorPages" time="13.376" classname="automationFramework.TSVerifyPages5"/>
  <testcase name="checkDonorPages" time="4.281" classname="automationFramework.TSVerifyPages5"/>
  <testcase name="checkDonorPages" time="8.216" classname="automationFramework.TSVerifyPages5"/>
  <testcase name="checkDonorPages" time="7.603" classname="automationFramework.TSVerifyPages5"/>
  <testcase name="checkDonorPages" time="6.541" classname="automationFramework.TSVerifyPages5"/>
  <testcase name="checkDonorPages" time="3.405" classname="automationFramework.TSVerifyPages5"/>
  <testcase name="checkBoostPages" time="20.225" classname="automationFramework.TSVerifyPages5">
    <error type="org.openqa.selenium.NoSuchElementException" message="no such element: Unable to locate element: {&quot;method&quot;:&quot;css selector&quot;,&quot;selector&quot;:&quot;#productSummary &gt; div &gt; div.row.imagecontainer &gt; div &gt; span &gt; dl &gt; ul &gt; li:nth-child(3) &gt; span.prod-value &gt; div&quot;}
  (Session info: chrome=77.0.3865.90)
  (Driver info: chromedriver=2.43.600210 (68dcf5eebde37173d4027fa8635e332711d2874a),platform=Windows NT 6.1.7601 SP1 x86_64) (WARNING: The server did not provide any stacktrace information)
Command duration or timeout: 0 milliseconds
For documentation on this error, please visit: https://www.seleniumhq.org/exceptions/no_such_element.html
Build info: version: &#039;3.141.59&#039;, revision: &#039;e82be7d358&#039;, time: &#039;2018-11-14T08:25:48&#039;
System info: host: &#039;LT-MRADFORD2&#039;, ip: &#039;10.200.25.242&#039;, os.name: &#039;Windows 7&#039;, os.arch: &#039;amd64&#039;, os.version: &#039;6.1&#039;, java.version: &#039;1.8.0_211&#039;
Driver info: org.openqa.selenium.chrome.ChromeDriver
Capabilities {acceptInsecureCerts: false, acceptSslCerts: false, applicationCacheEnabled: false, browserConnectionEnabled: false, browserName: chrome, chrome: {chromedriverVersion: 2.43.600210 (68dcf5eebde371..., userDataDir: C:\Users\mradford\AppData\L...}, cssSelectorsEnabled: true, databaseEnabled: false, goog:chromeOptions: {debuggerAddress: localhost:57156}, handlesAlerts: true, hasTouchScreen: false, javascriptEnabled: true, locationContextEnabled: true, mobileEmulationEnabled: false, nativeEvents: true, networkConnectionEnabled: false, pageLoadStrategy: normal, platform: XP, platformName: XP, rotatable: false, setWindowRect: true, takesHeapSnapshot: true, takesScreenshot: true, unexpectedAlertBehaviour: , unhandledPromptBehavior: , version: 77.0.3865.90, webStorageEnabled: true}
Session ID: e0d9e5490481375654c9c94b0d9cb4cc
*** Element info: {Using=css selector, value=#productSummary &gt; div &gt; div.row.imagecontainer &gt; div &gt; span &gt; dl &gt; ul &gt; li:nth-child(3) &gt; span.prod-value &gt; div}">
      <![CDATA[org.openqa.selenium.NoSuchElementException: no such element: Unable to locate element: {"method":"css selector","selector":"#productSummary > div > div.row.imagecontainer > div > span > dl > ul > li:nth-child(3) > span.prod-value > div"}
  (Session info: chrome=77.0.3865.90)
  (Driver info: chromedriver=2.43.600210 (68dcf5eebde37173d4027fa8635e332711d2874a),platform=Windows NT 6.1.7601 SP1 x86_64) (WARNING: The server did not provide any stacktrace information)
Command duration or timeout: 0 milliseconds
For documentation on this error, please visit: https://www.seleniumhq.org/exceptions/no_such_element.html
Build info: version: '3.141.59', revision: 'e82be7d358', time: '2018-11-14T08:25:48'
System info: host: 'LT-MRADFORD2', ip: '10.200.25.242', os.name: 'Windows 7', os.arch: 'amd64', os.version: '6.1', java.version: '1.8.0_211'
Driver info: org.openqa.selenium.chrome.ChromeDriver
Capabilities {acceptInsecureCerts: false, acceptSslCerts: false, applicationCacheEnabled: false, browserConnectionEnabled: false, browserName: chrome, chrome: {chromedriverVersion: 2.43.600210 (68dcf5eebde371..., userDataDir: C:\Users\mradford\AppData\L...}, cssSelectorsEnabled: true, databaseEnabled: false, goog:chromeOptions: {debuggerAddress: localhost:57156}, handlesAlerts: true, hasTouchScreen: false, javascriptEnabled: true, locationContextEnabled: true, mobileEmulationEnabled: false, nativeEvents: true, networkConnectionEnabled: false, pageLoadStrategy: normal, platform: XP, platformName: XP, rotatable: false, setWindowRect: true, takesHeapSnapshot: true, takesScreenshot: true, unexpectedAlertBehaviour: , unhandledPromptBehavior: , version: 77.0.3865.90, webStorageEnabled: true}
Session ID: e0d9e5490481375654c9c94b0d9cb4cc
*** Element info: {Using=css selector, value=#productSummary > div > div.row.imagecontainer > div > span > dl > ul > li:nth-child(3) > span.prod-value > div}
at sun.reflect.GeneratedConstructorAccessor20.newInstance(Unknown Source)
at sun.reflect.DelegatingConstructorAccessorImpl.newInstance(Unknown Source)
at java.lang.reflect.Constructor.newInstance(Unknown Source)
at org.openqa.selenium.remote.ErrorHandler.createThrowable(ErrorHandler.java:214)
at org.openqa.selenium.remote.ErrorHandler.throwIfResponseFailed(ErrorHandler.java:166)
at org.openqa.selenium.remote.http.JsonHttpResponseCodec.reconstructValue(JsonHttpResponseCodec.java:40)
at org.openqa.selenium.remote.http.AbstractHttpResponseCodec.decode(AbstractHttpResponseCodec.java:80)
at org.openqa.selenium.remote.http.AbstractHttpResponseCodec.decode(AbstractHttpResponseCodec.java:44)
at org.openqa.selenium.remote.HttpCommandExecutor.execute(HttpCommandExecutor.java:158)
at org.openqa.selenium.remote.service.DriverCommandExecutor.execute(DriverCommandExecutor.java:83)
at org.openqa.selenium.remote.RemoteWebDriver.execute(RemoteWebDriver.java:552)
at org.openqa.selenium.remote.RemoteWebDriver.findElement(RemoteWebDriver.java:323)
at org.openqa.selenium.remote.RemoteWebDriver.findElementByCssSelector(RemoteWebDriver.java:420)
at org.openqa.selenium.By$ByCssSelector.findElement(By.java:431)
at org.openqa.selenium.remote.RemoteWebDriver.findElement(RemoteWebDriver.java:315)
at pageObjects.ProductPage.lblBoostTxt(ProductPage.java:54)
at automationFramework.TSVerifyPages5.checkBoostPages(TSVerifyPages5.java:74)
at sun.reflect.NativeMethodAccessorImpl.invoke0(Native Method)
at sun.reflect.NativeMethodAccessorImpl.invoke(Unknown Source)
at sun.reflect.DelegatingMethodAccessorImpl.invoke(Unknown Source)
at java.lang.reflect.Method.invoke(Unknown Source)
at org.testng.internal.MethodInvocationHelper.invokeMethod(MethodInvocationHelper.java:124)
at org.testng.internal.Invoker.invokeMethod(Invoker.java:583)
at org.testng.internal.Invoker.invokeTestMethod(Invoker.java:719)
at org.testng.internal.Invoker.invokeTestMethods(Invoker.java:989)
at org.testng.internal.TestMethodWorker.invokeTestMethods(TestMethodWorker.java:125)
at org.testng.internal.TestMethodWorker.run(TestMethodWorker.java:109)
at java.util.concurrent.ThreadPoolExecutor.runWorker(Unknown Source)
at java.util.concurrent.ThreadPoolExecutor$Worker.run(Unknown Source)
at java.lang.Thread.run(Unknown Source)
]]>
    </error>
  </testcase> <!-- checkBoostPages -->
  <testcase name="checkDonorPages" time="6.647" classname="automationFramework.TSVerifyPages5"/>
  <testcase name="checkCategoryPages" time="7.393" classname="automationFramework.TSVerifyPages5"/>
  <testcase name="checkDonorPages" time="8.805" classname="automationFramework.TSVerifyPages5"/>
  <testcase name="checkDonorPages" time="6.247" classname="automationFramework.TSVerifyPages5"/>
  <testcase name="checkCategoryPages" time="8.710" classname="automationFramework.TSVerifyPages5"/>
  <testcase name="checkDonorPages" time="7.200" classname="automationFramework.TSVerifyPages5"/>
  <testcase name="checkDonorPages" time="6.718" classname="automationFramework.TSVerifyPages5"/>
  <testcase name="checkDonorPages" time="6.761" classname="automationFramework.TSVerifyPages5"/>
  <testcase name="checkCategoryPages" time="8.010" classname="automationFramework.TSVerifyPages5"/>
  <testcase name="checkCategoryPages" time="9.374" classname="automationFramework.TSVerifyPages5"/>
  <testcase name="checkDonorPages" time="10.941" classname="automationFramework.TSVerifyPages5"/>
  <testcase name="checkDonorPages" time="7.032" classname="automationFramework.TSVerifyPages5"/>
  <testcase name="checkDonorPages" time="3.650" classname="automationFramework.TSVerifyPages5"/>
</testsuite> <!-- automationFramework.TSVerifyPages5 -->
